[0.525s] DEBUG:colcon:Command line arguments: ['/usr/bin/colcon', 'list', '-p', '--base-paths', '/home/kol/Documents/Robots/learning/joystick']
[0.525s] DEBUG:colcon:Parsed command line arguments: Namespace(log_base=None, log_level=None, verb_name='list', build_base='build', ignore_user_meta=False, metas=['./colcon.meta'], base_paths=['/home/kol/Documents/Robots/learning/joystick'], packages_ignore=None, packages_ignore_regex=None, paths=None, packages_up_to=None, packages_up_to_regex=None, packages_above=None, packages_above_and_dependencies=None, packages_above_depth=None, packages_select_by_dep=None, packages_skip_by_dep=None, packages_skip_up_to=None, packages_select_build_failed=False, packages_skip_build_finished=False, packages_select_test_failures=False, packages_skip_test_passed=False, packages_select=None, packages_skip=None, packages_select_regex=None, packages_skip_regex=None, packages_start=None, packages_end=None, allow_overriding=[], topological_order=False, names_only=False, paths_only=True, topological_graph=False, topological_graph_dot=False, topological_graph_density=False, topological_graph_legend=False, topological_graph_dot_cluster=False, topological_graph_dot_include_skipped=False, mixin_files=None, mixin=None, verb_parser=<colcon_mixin.mixin.mixin_argument.MixinArgumentDecorator object at 0x7bbbabeec910>, verb_extension=<colcon_package_information.verb.list.ListVerb object at 0x7bbbac051480>, main=<bound method ListVerb.main of <colcon_package_information.verb.list.ListVerb object at 0x7bbbac051480>>, mixin_verb=('list',))
[1.017s] Level 1:colcon.colcon_core.package_discovery:discover_packages(colcon_meta) check parameters
[1.017s] Level 1:colcon.colcon_core.package_discovery:discover_packages(recursive) check parameters
[1.017s] Level 1:colcon.colcon_core.package_discovery:discover_packages(ignore) check parameters
[1.017s] Level 1:colcon.colcon_core.package_discovery:discover_packages(path) check parameters
[1.017s] Level 1:colcon.colcon_core.package_discovery:discover_packages(recursive) discover
[1.017s] INFO:colcon.colcon_core.package_discovery:Crawling recursively for packages in '/home/kol/Documents/Robots/learning/joystick'
[1.017s] Level 1:colcon.colcon_core.package_identification:_identify(/home/kol/Documents/Robots/learning/joystick) by extensions ['ignore', 'ignore_ament_install']
[1.018s] Level 1:colcon.colcon_core.package_identification:_identify(/home/kol/Documents/Robots/learning/joystick) by extension 'ignore'
[1.018s] Level 1:colcon.colcon_core.package_identification:_identify(/home/kol/Documents/Robots/learning/joystick) by extension 'ignore_ament_install'
[1.018s] Level 1:colcon.colcon_core.package_identification:_identify(/home/kol/Documents/Robots/learning/joystick) by extensions ['colcon_pkg']
[1.018s] Level 1:colcon.colcon_core.package_identification:_identify(/home/kol/Documents/Robots/learning/joystick) by extension 'colcon_pkg'
[1.018s] Level 1:colcon.colcon_core.package_identification:_identify(/home/kol/Documents/Robots/learning/joystick) by extensions ['colcon_meta']
[1.018s] Level 1:colcon.colcon_core.package_identification:_identify(/home/kol/Documents/Robots/learning/joystick) by extension 'colcon_meta'
[1.018s] Level 1:colcon.colcon_core.package_identification:_identify(/home/kol/Documents/Robots/learning/joystick) by extensions ['ros']
[1.019s] Level 1:colcon.colcon_core.package_identification:_identify(/home/kol/Documents/Robots/learning/joystick) by extension 'ros'
[1.047s] Level 1:colcon.colcon_core.package_identification:_identify(/home/kol/Documents/Robots/learning/joystick) by extensions ['cmake', 'python']
[1.047s] Level 1:colcon.colcon_core.package_identification:_identify(/home/kol/Documents/Robots/learning/joystick) by extension 'cmake'
[1.047s] Level 1:colcon.colcon_core.package_identification:_identify(/home/kol/Documents/Robots/learning/joystick) by extension 'python'
[1.047s] Level 1:colcon.colcon_core.package_identification:_identify(/home/kol/Documents/Robots/learning/joystick) by extensions ['python_setup_py']
[1.047s] Level 1:colcon.colcon_core.package_identification:_identify(/home/kol/Documents/Robots/learning/joystick) by extension 'python_setup_py'
[1.048s] Level 1:colcon.colcon_core.package_identification:_identify(/home/kol/Documents/Robots/learning/joystick/build) by extensions ['ignore', 'ignore_ament_install']
[1.048s] Level 1:colcon.colcon_core.package_identification:_identify(/home/kol/Documents/Robots/learning/joystick/build) by extension 'ignore'
[1.048s] Level 1:colcon.colcon_core.package_identification:_identify(/home/kol/Documents/Robots/learning/joystick/build) ignored
[1.049s] Level 1:colcon.colcon_core.package_identification:_identify(/home/kol/Documents/Robots/learning/joystick/install) by extensions ['ignore', 'ignore_ament_install']
[1.049s] Level 1:colcon.colcon_core.package_identification:_identify(/home/kol/Documents/Robots/learning/joystick/install) by extension 'ignore'
[1.049s] Level 1:colcon.colcon_core.package_identification:_identify(/home/kol/Documents/Robots/learning/joystick/install) ignored
[1.049s] Level 1:colcon.colcon_core.package_identification:_identify(/home/kol/Documents/Robots/learning/joystick/log) by extensions ['ignore', 'ignore_ament_install']
[1.050s] Level 1:colcon.colcon_core.package_identification:_identify(/home/kol/Documents/Robots/learning/joystick/log) by extension 'ignore'
[1.050s] Level 1:colcon.colcon_core.package_identification:_identify(/home/kol/Documents/Robots/learning/joystick/log) ignored
[1.050s] Level 1:colcon.colcon_core.package_identification:_identify(/home/kol/Documents/Robots/learning/joystick/src) by extensions ['ignore', 'ignore_ament_install']
[1.050s] Level 1:colcon.colcon_core.package_identification:_identify(/home/kol/Documents/Robots/learning/joystick/src) by extension 'ignore'
[1.050s] Level 1:colcon.colcon_core.package_identification:_identify(/home/kol/Documents/Robots/learning/joystick/src) by extension 'ignore_ament_install'
[1.050s] Level 1:colcon.colcon_core.package_identification:_identify(/home/kol/Documents/Robots/learning/joystick/src) by extensions ['colcon_pkg']
[1.050s] Level 1:colcon.colcon_core.package_identification:_identify(/home/kol/Documents/Robots/learning/joystick/src) by extension 'colcon_pkg'
[1.051s] Level 1:colcon.colcon_core.package_identification:_identify(/home/kol/Documents/Robots/learning/joystick/src) by extensions ['colcon_meta']
[1.051s] Level 1:colcon.colcon_core.package_identification:_identify(/home/kol/Documents/Robots/learning/joystick/src) by extension 'colcon_meta'
[1.051s] Level 1:colcon.colcon_core.package_identification:_identify(/home/kol/Documents/Robots/learning/joystick/src) by extensions ['ros']
[1.051s] Level 1:colcon.colcon_core.package_identification:_identify(/home/kol/Documents/Robots/learning/joystick/src) by extension 'ros'
[1.051s] Level 1:colcon.colcon_core.package_identification:_identify(/home/kol/Documents/Robots/learning/joystick/src) by extensions ['cmake', 'python']
[1.051s] Level 1:colcon.colcon_core.package_identification:_identify(/home/kol/Documents/Robots/learning/joystick/src) by extension 'cmake'
[1.051s] Level 1:colcon.colcon_core.package_identification:_identify(/home/kol/Documents/Robots/learning/joystick/src) by extension 'python'
[1.051s] Level 1:colcon.colcon_core.package_identification:_identify(/home/kol/Documents/Robots/learning/joystick/src) by extensions ['python_setup_py']
[1.051s] Level 1:colcon.colcon_core.package_identification:_identify(/home/kol/Documents/Robots/learning/joystick/src) by extension 'python_setup_py'
[1.052s] Level 1:colcon.colcon_core.package_identification:_identify(/home/kol/Documents/Robots/learning/joystick/src/turtle_bringup) by extensions ['ignore', 'ignore_ament_install']
[1.052s] Level 1:colcon.colcon_core.package_identification:_identify(/home/kol/Documents/Robots/learning/joystick/src/turtle_bringup) by extension 'ignore'
[1.052s] Level 1:colcon.colcon_core.package_identification:_identify(/home/kol/Documents/Robots/learning/joystick/src/turtle_bringup) by extension 'ignore_ament_install'
[1.052s] Level 1:colcon.colcon_core.package_identification:_identify(/home/kol/Documents/Robots/learning/joystick/src/turtle_bringup) by extensions ['colcon_pkg']
[1.052s] Level 1:colcon.colcon_core.package_identification:_identify(/home/kol/Documents/Robots/learning/joystick/src/turtle_bringup) by extension 'colcon_pkg'
[1.052s] Level 1:colcon.colcon_core.package_identification:_identify(/home/kol/Documents/Robots/learning/joystick/src/turtle_bringup) by extensions ['colcon_meta']
[1.052s] Level 1:colcon.colcon_core.package_identification:_identify(/home/kol/Documents/Robots/learning/joystick/src/turtle_bringup) by extension 'colcon_meta'
[1.052s] Level 1:colcon.colcon_core.package_identification:_identify(/home/kol/Documents/Robots/learning/joystick/src/turtle_bringup) by extensions ['ros']
[1.053s] Level 1:colcon.colcon_core.package_identification:_identify(/home/kol/Documents/Robots/learning/joystick/src/turtle_bringup) by extension 'ros'
[1.057s] DEBUG:colcon.colcon_core.package_identification:Package '/home/kol/Documents/Robots/learning/joystick/src/turtle_bringup' with type 'ros.ament_cmake' and name 'turtle_bringup'
[1.058s] Level 1:colcon.colcon_core.package_identification:_identify(/home/kol/Documents/Robots/learning/joystick/src/turtle_joystic) by extensions ['ignore', 'ignore_ament_install']
[1.058s] Level 1:colcon.colcon_core.package_identification:_identify(/home/kol/Documents/Robots/learning/joystick/src/turtle_joystic) by extension 'ignore'
[1.058s] Level 1:colcon.colcon_core.package_identification:_identify(/home/kol/Documents/Robots/learning/joystick/src/turtle_joystic) by extension 'ignore_ament_install'
[1.058s] Level 1:colcon.colcon_core.package_identification:_identify(/home/kol/Documents/Robots/learning/joystick/src/turtle_joystic) by extensions ['colcon_pkg']
[1.058s] Level 1:colcon.colcon_core.package_identification:_identify(/home/kol/Documents/Robots/learning/joystick/src/turtle_joystic) by extension 'colcon_pkg'
[1.058s] Level 1:colcon.colcon_core.package_identification:_identify(/home/kol/Documents/Robots/learning/joystick/src/turtle_joystic) by extensions ['colcon_meta']
[1.058s] Level 1:colcon.colcon_core.package_identification:_identify(/home/kol/Documents/Robots/learning/joystick/src/turtle_joystic) by extension 'colcon_meta'
[1.059s] Level 1:colcon.colcon_core.package_identification:_identify(/home/kol/Documents/Robots/learning/joystick/src/turtle_joystic) by extensions ['ros']
[1.059s] Level 1:colcon.colcon_core.package_identification:_identify(/home/kol/Documents/Robots/learning/joystick/src/turtle_joystic) by extension 'ros'
[1.060s] DEBUG:colcon.colcon_core.package_identification:Package '/home/kol/Documents/Robots/learning/joystick/src/turtle_joystic' with type 'ros.ament_python' and name 'turtle_joystic'
[1.060s] Level 1:colcon.colcon_core.package_discovery:discover_packages(recursive) using defaults
