[1.427s] DEBUG:colcon:Command line arguments: ['/usr/bin/colcon', 'list', '-p', '--base-paths', '/home/kol/Documents/Robots/ros_ws/FiveDoFRobot']
[1.428s] DEBUG:colcon:Parsed command line arguments: Namespace(log_base=None, log_level=None, verb_name='list', build_base='build', ignore_user_meta=False, metas=['./colcon.meta'], base_paths=['/home/kol/Documents/Robots/ros_ws/FiveDoFRobot'], packages_ignore=None, packages_ignore_regex=None, paths=None, packages_up_to=None, packages_up_to_regex=None, packages_above=None, packages_above_and_dependencies=None, packages_above_depth=None, packages_select_by_dep=None, packages_skip_by_dep=None, packages_skip_up_to=None, packages_select_build_failed=False, packages_skip_build_finished=False, packages_select_test_failures=False, packages_skip_test_passed=False, packages_select=None, packages_skip=None, packages_select_regex=None, packages_skip_regex=None, packages_start=None, packages_end=None, allow_overriding=[], topological_order=False, names_only=False, paths_only=True, topological_graph=False, topological_graph_dot=False, topological_graph_density=False, topological_graph_legend=False, topological_graph_dot_cluster=False, topological_graph_dot_include_skipped=False, mixin_files=None, mixin=None, verb_parser=<colcon_mixin.mixin.mixin_argument.MixinArgumentDecorator object at 0x7e2d9dd70460>, verb_extension=<colcon_package_information.verb.list.ListVerb object at 0x7e2d9dee9090>, main=<bound method ListVerb.main of <colcon_package_information.verb.list.ListVerb object at 0x7e2d9dee9090>>, mixin_verb=('list',))
[6.352s] Level 1:colcon.colcon_core.package_discovery:discover_packages(colcon_meta) check parameters
[6.370s] Level 1:colcon.colcon_core.package_discovery:discover_packages(recursive) check parameters
[6.371s] Level 1:colcon.colcon_core.package_discovery:discover_packages(ignore) check parameters
[6.371s] Level 1:colcon.colcon_core.package_discovery:discover_packages(path) check parameters
[6.371s] Level 1:colcon.colcon_core.package_discovery:discover_packages(recursive) discover
[6.371s] INFO:colcon.colcon_core.package_discovery:Crawling recursively for packages in '/home/kol/Documents/Robots/ros_ws/FiveDoFRobot'
[6.372s] Level 1:colcon.colcon_core.package_identification:_identify(/home/kol/Documents/Robots/ros_ws/FiveDoFRobot) by extensions ['ignore', 'ignore_ament_install']
[6.373s] Level 1:colcon.colcon_core.package_identification:_identify(/home/kol/Documents/Robots/ros_ws/FiveDoFRobot) by extension 'ignore'
[6.373s] Level 1:colcon.colcon_core.package_identification:_identify(/home/kol/Documents/Robots/ros_ws/FiveDoFRobot) by extension 'ignore_ament_install'
[6.373s] Level 1:colcon.colcon_core.package_identification:_identify(/home/kol/Documents/Robots/ros_ws/FiveDoFRobot) by extensions ['colcon_pkg']
[6.374s] Level 1:colcon.colcon_core.package_identification:_identify(/home/kol/Documents/Robots/ros_ws/FiveDoFRobot) by extension 'colcon_pkg'
[6.374s] Level 1:colcon.colcon_core.package_identification:_identify(/home/kol/Documents/Robots/ros_ws/FiveDoFRobot) by extensions ['colcon_meta']
[6.374s] Level 1:colcon.colcon_core.package_identification:_identify(/home/kol/Documents/Robots/ros_ws/FiveDoFRobot) by extension 'colcon_meta'
[6.374s] Level 1:colcon.colcon_core.package_identification:_identify(/home/kol/Documents/Robots/ros_ws/FiveDoFRobot) by extensions ['ros']
[6.375s] Level 1:colcon.colcon_core.package_identification:_identify(/home/kol/Documents/Robots/ros_ws/FiveDoFRobot) by extension 'ros'
[6.528s] Level 1:colcon.colcon_core.package_identification:_identify(/home/kol/Documents/Robots/ros_ws/FiveDoFRobot) by extensions ['cmake', 'python']
[6.528s] Level 1:colcon.colcon_core.package_identification:_identify(/home/kol/Documents/Robots/ros_ws/FiveDoFRobot) by extension 'cmake'
[6.529s] Level 1:colcon.colcon_core.package_identification:_identify(/home/kol/Documents/Robots/ros_ws/FiveDoFRobot) by extension 'python'
[6.529s] Level 1:colcon.colcon_core.package_identification:_identify(/home/kol/Documents/Robots/ros_ws/FiveDoFRobot) by extensions ['python_setup_py']
[6.529s] Level 1:colcon.colcon_core.package_identification:_identify(/home/kol/Documents/Robots/ros_ws/FiveDoFRobot) by extension 'python_setup_py'
[6.530s] Level 1:colcon.colcon_core.package_identification:_identify(/home/kol/Documents/Robots/ros_ws/FiveDoFRobot/build) by extensions ['ignore', 'ignore_ament_install']
[6.530s] Level 1:colcon.colcon_core.package_identification:_identify(/home/kol/Documents/Robots/ros_ws/FiveDoFRobot/build) by extension 'ignore'
[6.531s] Level 1:colcon.colcon_core.package_identification:_identify(/home/kol/Documents/Robots/ros_ws/FiveDoFRobot/build) ignored
[6.531s] Level 1:colcon.colcon_core.package_identification:_identify(/home/kol/Documents/Robots/ros_ws/FiveDoFRobot/install) by extensions ['ignore', 'ignore_ament_install']
[6.532s] Level 1:colcon.colcon_core.package_identification:_identify(/home/kol/Documents/Robots/ros_ws/FiveDoFRobot/install) by extension 'ignore'
[6.532s] Level 1:colcon.colcon_core.package_identification:_identify(/home/kol/Documents/Robots/ros_ws/FiveDoFRobot/install) ignored
[6.533s] Level 1:colcon.colcon_core.package_identification:_identify(/home/kol/Documents/Robots/ros_ws/FiveDoFRobot/log) by extensions ['ignore', 'ignore_ament_install']
[6.534s] Level 1:colcon.colcon_core.package_identification:_identify(/home/kol/Documents/Robots/ros_ws/FiveDoFRobot/log) by extension 'ignore'
[6.534s] Level 1:colcon.colcon_core.package_identification:_identify(/home/kol/Documents/Robots/ros_ws/FiveDoFRobot/log) ignored
[6.541s] Level 1:colcon.colcon_core.package_identification:_identify(/home/kol/Documents/Robots/ros_ws/FiveDoFRobot/src) by extensions ['ignore', 'ignore_ament_install']
[6.541s] Level 1:colcon.colcon_core.package_identification:_identify(/home/kol/Documents/Robots/ros_ws/FiveDoFRobot/src) by extension 'ignore'
[6.542s] Level 1:colcon.colcon_core.package_identification:_identify(/home/kol/Documents/Robots/ros_ws/FiveDoFRobot/src) by extension 'ignore_ament_install'
[6.542s] Level 1:colcon.colcon_core.package_identification:_identify(/home/kol/Documents/Robots/ros_ws/FiveDoFRobot/src) by extensions ['colcon_pkg']
[6.542s] Level 1:colcon.colcon_core.package_identification:_identify(/home/kol/Documents/Robots/ros_ws/FiveDoFRobot/src) by extension 'colcon_pkg'
[6.542s] Level 1:colcon.colcon_core.package_identification:_identify(/home/kol/Documents/Robots/ros_ws/FiveDoFRobot/src) by extensions ['colcon_meta']
[6.543s] Level 1:colcon.colcon_core.package_identification:_identify(/home/kol/Documents/Robots/ros_ws/FiveDoFRobot/src) by extension 'colcon_meta'
[6.543s] Level 1:colcon.colcon_core.package_identification:_identify(/home/kol/Documents/Robots/ros_ws/FiveDoFRobot/src) by extensions ['ros']
[6.543s] Level 1:colcon.colcon_core.package_identification:_identify(/home/kol/Documents/Robots/ros_ws/FiveDoFRobot/src) by extension 'ros'
[6.544s] Level 1:colcon.colcon_core.package_identification:_identify(/home/kol/Documents/Robots/ros_ws/FiveDoFRobot/src) by extensions ['cmake', 'python']
[6.544s] Level 1:colcon.colcon_core.package_identification:_identify(/home/kol/Documents/Robots/ros_ws/FiveDoFRobot/src) by extension 'cmake'
[6.544s] Level 1:colcon.colcon_core.package_identification:_identify(/home/kol/Documents/Robots/ros_ws/FiveDoFRobot/src) by extension 'python'
[6.545s] Level 1:colcon.colcon_core.package_identification:_identify(/home/kol/Documents/Robots/ros_ws/FiveDoFRobot/src) by extensions ['python_setup_py']
[6.545s] Level 1:colcon.colcon_core.package_identification:_identify(/home/kol/Documents/Robots/ros_ws/FiveDoFRobot/src) by extension 'python_setup_py'
[6.546s] Level 1:colcon.colcon_core.package_identification:_identify(/home/kol/Documents/Robots/ros_ws/FiveDoFRobot/src/FiveDoFBot_description) by extensions ['ignore', 'ignore_ament_install']
[6.546s] Level 1:colcon.colcon_core.package_identification:_identify(/home/kol/Documents/Robots/ros_ws/FiveDoFRobot/src/FiveDoFBot_description) by extension 'ignore'
[6.546s] Level 1:colcon.colcon_core.package_identification:_identify(/home/kol/Documents/Robots/ros_ws/FiveDoFRobot/src/FiveDoFBot_description) by extension 'ignore_ament_install'
[6.547s] Level 1:colcon.colcon_core.package_identification:_identify(/home/kol/Documents/Robots/ros_ws/FiveDoFRobot/src/FiveDoFBot_description) by extensions ['colcon_pkg']
[6.547s] Level 1:colcon.colcon_core.package_identification:_identify(/home/kol/Documents/Robots/ros_ws/FiveDoFRobot/src/FiveDoFBot_description) by extension 'colcon_pkg'
[6.547s] Level 1:colcon.colcon_core.package_identification:_identify(/home/kol/Documents/Robots/ros_ws/FiveDoFRobot/src/FiveDoFBot_description) by extensions ['colcon_meta']
[6.548s] Level 1:colcon.colcon_core.package_identification:_identify(/home/kol/Documents/Robots/ros_ws/FiveDoFRobot/src/FiveDoFBot_description) by extension 'colcon_meta'
[6.548s] Level 1:colcon.colcon_core.package_identification:_identify(/home/kol/Documents/Robots/ros_ws/FiveDoFRobot/src/FiveDoFBot_description) by extensions ['ros']
[6.548s] Level 1:colcon.colcon_core.package_identification:_identify(/home/kol/Documents/Robots/ros_ws/FiveDoFRobot/src/FiveDoFBot_description) by extension 'ros'
[6.564s] DEBUG:colcon.colcon_core.package_identification:Package '/home/kol/Documents/Robots/ros_ws/FiveDoFRobot/src/FiveDoFBot_description' with type 'ros.ament_python' and name 'FiveDoFBot_description'
[6.565s] Level 1:colcon.colcon_core.package_identification:_identify(/home/kol/Documents/Robots/ros_ws/FiveDoFRobot/src/FiveDoF_Moveit_config) by extensions ['ignore', 'ignore_ament_install']
[6.565s] Level 1:colcon.colcon_core.package_identification:_identify(/home/kol/Documents/Robots/ros_ws/FiveDoFRobot/src/FiveDoF_Moveit_config) by extension 'ignore'
[6.569s] Level 1:colcon.colcon_core.package_identification:_identify(/home/kol/Documents/Robots/ros_ws/FiveDoFRobot/src/FiveDoF_Moveit_config) by extension 'ignore_ament_install'
[6.570s] Level 1:colcon.colcon_core.package_identification:_identify(/home/kol/Documents/Robots/ros_ws/FiveDoFRobot/src/FiveDoF_Moveit_config) by extensions ['colcon_pkg']
[6.570s] Level 1:colcon.colcon_core.package_identification:_identify(/home/kol/Documents/Robots/ros_ws/FiveDoFRobot/src/FiveDoF_Moveit_config) by extension 'colcon_pkg'
[6.570s] Level 1:colcon.colcon_core.package_identification:_identify(/home/kol/Documents/Robots/ros_ws/FiveDoFRobot/src/FiveDoF_Moveit_config) by extensions ['colcon_meta']
[6.571s] Level 1:colcon.colcon_core.package_identification:_identify(/home/kol/Documents/Robots/ros_ws/FiveDoFRobot/src/FiveDoF_Moveit_config) by extension 'colcon_meta'
[6.571s] Level 1:colcon.colcon_core.package_identification:_identify(/home/kol/Documents/Robots/ros_ws/FiveDoFRobot/src/FiveDoF_Moveit_config) by extensions ['ros']
[6.571s] Level 1:colcon.colcon_core.package_identification:_identify(/home/kol/Documents/Robots/ros_ws/FiveDoFRobot/src/FiveDoF_Moveit_config) by extension 'ros'
[6.577s] DEBUG:colcon.colcon_core.package_identification:Package '/home/kol/Documents/Robots/ros_ws/FiveDoFRobot/src/FiveDoF_Moveit_config' with type 'ros.ament_cmake' and name 'FiveDoF_Moveit_config'
[6.578s] Level 1:colcon.colcon_core.package_identification:_identify(/home/kol/Documents/Robots/ros_ws/FiveDoFRobot/src/robotController) by extensions ['ignore', 'ignore_ament_install']
[6.579s] Level 1:colcon.colcon_core.package_identification:_identify(/home/kol/Documents/Robots/ros_ws/FiveDoFRobot/src/robotController) by extension 'ignore'
[6.579s] Level 1:colcon.colcon_core.package_identification:_identify(/home/kol/Documents/Robots/ros_ws/FiveDoFRobot/src/robotController) by extension 'ignore_ament_install'
[6.579s] Level 1:colcon.colcon_core.package_identification:_identify(/home/kol/Documents/Robots/ros_ws/FiveDoFRobot/src/robotController) by extensions ['colcon_pkg']
[6.580s] Level 1:colcon.colcon_core.package_identification:_identify(/home/kol/Documents/Robots/ros_ws/FiveDoFRobot/src/robotController) by extension 'colcon_pkg'
[6.580s] Level 1:colcon.colcon_core.package_identification:_identify(/home/kol/Documents/Robots/ros_ws/FiveDoFRobot/src/robotController) by extensions ['colcon_meta']
[6.580s] Level 1:colcon.colcon_core.package_identification:_identify(/home/kol/Documents/Robots/ros_ws/FiveDoFRobot/src/robotController) by extension 'colcon_meta'
[6.581s] Level 1:colcon.colcon_core.package_identification:_identify(/home/kol/Documents/Robots/ros_ws/FiveDoFRobot/src/robotController) by extensions ['ros']
[6.581s] Level 1:colcon.colcon_core.package_identification:_identify(/home/kol/Documents/Robots/ros_ws/FiveDoFRobot/src/robotController) by extension 'ros'
[6.585s] DEBUG:colcon.colcon_core.package_identification:Package '/home/kol/Documents/Robots/ros_ws/FiveDoFRobot/src/robotController' with type 'ros.ament_python' and name 'robotController'
[6.586s] Level 1:colcon.colcon_core.package_discovery:discover_packages(recursive) using defaults
