[0.130s] DEBUG:colcon:Command line arguments: ['/usr/bin/colcon', 'build', '--packages-select', 'pub_sub']
[0.130s] DEBUG:colcon:Parsed command line arguments: Namespace(log_base=None, log_level=None, verb_name='build', build_base='build', install_base='install', merge_install=False, symlink_install=False, test_result_base=None, continue_on_error=False, executor='parallel', parallel_workers=4, event_handlers=None, ignore_user_meta=False, metas=['./colcon.meta'], base_paths=['.'], packages_ignore=None, packages_ignore_regex=None, paths=None, packages_up_to=None, packages_up_to_regex=None, packages_above=None, packages_above_and_dependencies=None, packages_above_depth=None, packages_select_by_dep=None, packages_skip_by_dep=None, packages_skip_up_to=None, packages_select_build_failed=False, packages_skip_build_finished=False, packages_select_test_failures=False, packages_skip_test_passed=False, packages_select=['pub_sub'], packages_skip=None, packages_select_regex=None, packages_skip_regex=None, packages_start=None, packages_end=None, allow_overriding=[], cmake_args=None, cmake_target=None, cmake_target_skip_unavailable=False, cmake_clean_cache=False, cmake_clean_first=False, cmake_force_configure=False, ament_cmake_args=None, catkin_cmake_args=None, catkin_skip_building_tests=False, mixin_files=None, mixin=None, verb_parser=<colcon_mixin.mixin.mixin_argument.MixinArgumentDecorator object at 0x71240afdf790>, verb_extension=<colcon_core.verb.build.BuildVerb object at 0x71240b14bc10>, main=<bound method BuildVerb.main of <colcon_core.verb.build.BuildVerb object at 0x71240b14bc10>>, mixin_verb=('build',))
[0.351s] Level 1:colcon.colcon_core.package_discovery:discover_packages(colcon_meta) check parameters
[0.351s] Level 1:colcon.colcon_core.package_discovery:discover_packages(recursive) check parameters
[0.351s] Level 1:colcon.colcon_core.package_discovery:discover_packages(ignore) check parameters
[0.351s] Level 1:colcon.colcon_core.package_discovery:discover_packages(path) check parameters
[0.351s] Level 1:colcon.colcon_core.package_discovery:discover_packages(colcon_meta) discover
[0.351s] Level 1:colcon.colcon_core.package_discovery:discover_packages(recursive) discover
[0.351s] INFO:colcon.colcon_core.package_discovery:Crawling recursively for packages in '/home/kol/Documents/Robots/learning/pub_sub_cpp'
[0.351s] Level 1:colcon.colcon_core.package_identification:_identify(.) by extensions ['ignore', 'ignore_ament_install']
[0.351s] Level 1:colcon.colcon_core.package_identification:_identify(.) by extension 'ignore'
[0.351s] Level 1:colcon.colcon_core.package_identification:_identify(.) by extension 'ignore_ament_install'
[0.351s] Level 1:colcon.colcon_core.package_identification:_identify(.) by extensions ['colcon_pkg']
[0.351s] Level 1:colcon.colcon_core.package_identification:_identify(.) by extension 'colcon_pkg'
[0.351s] Level 1:colcon.colcon_core.package_identification:_identify(.) by extensions ['colcon_meta']
[0.351s] Level 1:colcon.colcon_core.package_identification:_identify(.) by extension 'colcon_meta'
[0.352s] Level 1:colcon.colcon_core.package_identification:_identify(.) by extensions ['ros']
[0.352s] Level 1:colcon.colcon_core.package_identification:_identify(.) by extension 'ros'
[0.374s] Level 1:colcon.colcon_core.package_identification:_identify(.) by extensions ['cmake', 'python']
[0.374s] Level 1:colcon.colcon_core.package_identification:_identify(.) by extension 'cmake'
[0.374s] Level 1:colcon.colcon_core.package_identification:_identify(.) by extension 'python'
[0.374s] Level 1:colcon.colcon_core.package_identification:_identify(.) by extensions ['python_setup_py']
[0.374s] Level 1:colcon.colcon_core.package_identification:_identify(.) by extension 'python_setup_py'
[0.374s] Level 1:colcon.colcon_core.package_identification:_identify(build) by extensions ['ignore', 'ignore_ament_install']
[0.374s] Level 1:colcon.colcon_core.package_identification:_identify(build) by extension 'ignore'
[0.374s] Level 1:colcon.colcon_core.package_identification:_identify(build) ignored
[0.375s] Level 1:colcon.colcon_core.package_identification:_identify(install) by extensions ['ignore', 'ignore_ament_install']
[0.375s] Level 1:colcon.colcon_core.package_identification:_identify(install) by extension 'ignore'
[0.375s] Level 1:colcon.colcon_core.package_identification:_identify(install) ignored
[0.375s] Level 1:colcon.colcon_core.package_identification:_identify(log) by extensions ['ignore', 'ignore_ament_install']
[0.375s] Level 1:colcon.colcon_core.package_identification:_identify(log) by extension 'ignore'
[0.375s] Level 1:colcon.colcon_core.package_identification:_identify(log) ignored
[0.375s] Level 1:colcon.colcon_core.package_identification:_identify(src) by extensions ['ignore', 'ignore_ament_install']
[0.375s] Level 1:colcon.colcon_core.package_identification:_identify(src) by extension 'ignore'
[0.375s] Level 1:colcon.colcon_core.package_identification:_identify(src) by extension 'ignore_ament_install'
[0.375s] Level 1:colcon.colcon_core.package_identification:_identify(src) by extensions ['colcon_pkg']
[0.375s] Level 1:colcon.colcon_core.package_identification:_identify(src) by extension 'colcon_pkg'
[0.375s] Level 1:colcon.colcon_core.package_identification:_identify(src) by extensions ['colcon_meta']
[0.375s] Level 1:colcon.colcon_core.package_identification:_identify(src) by extension 'colcon_meta'
[0.375s] Level 1:colcon.colcon_core.package_identification:_identify(src) by extensions ['ros']
[0.375s] Level 1:colcon.colcon_core.package_identification:_identify(src) by extension 'ros'
[0.375s] Level 1:colcon.colcon_core.package_identification:_identify(src) by extensions ['cmake', 'python']
[0.376s] Level 1:colcon.colcon_core.package_identification:_identify(src) by extension 'cmake'
[0.376s] Level 1:colcon.colcon_core.package_identification:_identify(src) by extension 'python'
[0.376s] Level 1:colcon.colcon_core.package_identification:_identify(src) by extensions ['python_setup_py']
[0.376s] Level 1:colcon.colcon_core.package_identification:_identify(src) by extension 'python_setup_py'
[0.376s] Level 1:colcon.colcon_core.package_identification:_identify(src/pub_sub) by extensions ['ignore', 'ignore_ament_install']
[0.376s] Level 1:colcon.colcon_core.package_identification:_identify(src/pub_sub) by extension 'ignore'
[0.376s] Level 1:colcon.colcon_core.package_identification:_identify(src/pub_sub) by extension 'ignore_ament_install'
[0.376s] Level 1:colcon.colcon_core.package_identification:_identify(src/pub_sub) by extensions ['colcon_pkg']
[0.376s] Level 1:colcon.colcon_core.package_identification:_identify(src/pub_sub) by extension 'colcon_pkg'
[0.376s] Level 1:colcon.colcon_core.package_identification:_identify(src/pub_sub) by extensions ['colcon_meta']
[0.376s] Level 1:colcon.colcon_core.package_identification:_identify(src/pub_sub) by extension 'colcon_meta'
[0.376s] Level 1:colcon.colcon_core.package_identification:_identify(src/pub_sub) by extensions ['ros']
[0.376s] Level 1:colcon.colcon_core.package_identification:_identify(src/pub_sub) by extension 'ros'
[0.379s] DEBUG:colcon.colcon_core.package_identification:Package 'src/pub_sub' with type 'ros.ament_cmake' and name 'pub_sub'
[0.379s] Level 1:colcon.colcon_core.package_discovery:discover_packages(recursive) using defaults
[0.379s] Level 1:colcon.colcon_core.package_discovery:discover_packages(ignore) discover
[0.379s] Level 1:colcon.colcon_core.package_discovery:discover_packages(ignore) using defaults
[0.379s] Level 1:colcon.colcon_core.package_discovery:discover_packages(path) discover
[0.379s] Level 1:colcon.colcon_core.package_discovery:discover_packages(path) using defaults
[0.399s] Level 1:colcon.colcon_core.package_discovery:discover_packages(prefix_path) check parameters
[0.399s] Level 1:colcon.colcon_core.package_discovery:discover_packages(prefix_path) discover
[0.401s] DEBUG:colcon.colcon_installed_package_information.package_discovery:Found 1 installed packages in /home/kol/Documents/Robots/learning/pub_sub_py/install
[0.403s] DEBUG:colcon.colcon_installed_package_information.package_discovery:Found 398 installed packages in /opt/ros/humble
[0.406s] Level 1:colcon.colcon_core.package_discovery:discover_packages(prefix_path) using defaults
[0.459s] Level 5:colcon.colcon_core.verb:set package 'pub_sub' build argument 'cmake_args' from command line to 'None'
[0.459s] Level 5:colcon.colcon_core.verb:set package 'pub_sub' build argument 'cmake_target' from command line to 'None'
[0.459s] Level 5:colcon.colcon_core.verb:set package 'pub_sub' build argument 'cmake_target_skip_unavailable' from command line to 'False'
[0.459s] Level 5:colcon.colcon_core.verb:set package 'pub_sub' build argument 'cmake_clean_cache' from command line to 'False'
[0.459s] Level 5:colcon.colcon_core.verb:set package 'pub_sub' build argument 'cmake_clean_first' from command line to 'False'
[0.459s] Level 5:colcon.colcon_core.verb:set package 'pub_sub' build argument 'cmake_force_configure' from command line to 'False'
[0.459s] Level 5:colcon.colcon_core.verb:set package 'pub_sub' build argument 'ament_cmake_args' from command line to 'None'
[0.459s] Level 5:colcon.colcon_core.verb:set package 'pub_sub' build argument 'catkin_cmake_args' from command line to 'None'
[0.459s] Level 5:colcon.colcon_core.verb:set package 'pub_sub' build argument 'catkin_skip_building_tests' from command line to 'False'
[0.459s] DEBUG:colcon.colcon_core.verb:Building package 'pub_sub' with the following arguments: {'ament_cmake_args': None, 'build_base': '/home/kol/Documents/Robots/learning/pub_sub_cpp/build/pub_sub', 'catkin_cmake_args': None, 'catkin_skip_building_tests': False, 'cmake_args': None, 'cmake_clean_cache': False, 'cmake_clean_first': False, 'cmake_force_configure': False, 'cmake_target': None, 'cmake_target_skip_unavailable': False, 'install_base': '/home/kol/Documents/Robots/learning/pub_sub_cpp/install/pub_sub', 'merge_install': False, 'path': '/home/kol/Documents/Robots/learning/pub_sub_cpp/src/pub_sub', 'symlink_install': False, 'test_result_base': None}
[0.460s] INFO:colcon.colcon_core.executor:Executing jobs using 'parallel' executor
[0.461s] DEBUG:colcon.colcon_parallel_executor.executor.parallel:run_until_complete
[0.461s] INFO:colcon.colcon_ros.task.ament_cmake.build:Building ROS package in '/home/kol/Documents/Robots/learning/pub_sub_cpp/src/pub_sub' with build type 'ament_cmake'
[0.461s] INFO:colcon.colcon_cmake.task.cmake.build:Building CMake package in '/home/kol/Documents/Robots/learning/pub_sub_cpp/src/pub_sub'
[0.464s] INFO:colcon.colcon_core.plugin_system:Skipping extension 'colcon_core.shell.bat': Not used on non-Windows systems
[0.464s] INFO:colcon.colcon_core.shell:Skip shell extension 'powershell' for command environment: Not usable outside of PowerShell
[0.464s] DEBUG:colcon.colcon_core.shell:Skip shell extension 'dsv' for command environment
[0.476s] DEBUG:colcon.colcon_core.event_handler.log_command:Invoking command in '/home/kol/Documents/Robots/learning/pub_sub_cpp/build/pub_sub': CMAKE_PREFIX_PATH=/home/kol/Documents/Robots/learning/pub_sub_py/install/pub_sub:/opt/ros/humble /usr/bin/cmake --build /home/kol/Documents/Robots/learning/pub_sub_cpp/build/pub_sub -- -j4 -l4
[5.200s] DEBUG:colcon.colcon_core.event_handler.log_command:Invoked command in '/home/kol/Documents/Robots/learning/pub_sub_cpp/build/pub_sub' returned '0': CMAKE_PREFIX_PATH=/home/kol/Documents/Robots/learning/pub_sub_py/install/pub_sub:/opt/ros/humble /usr/bin/cmake --build /home/kol/Documents/Robots/learning/pub_sub_cpp/build/pub_sub -- -j4 -l4
[5.233s] DEBUG:colcon.colcon_core.event_handler.log_command:Invoking command in '/home/kol/Documents/Robots/learning/pub_sub_cpp/build/pub_sub': CMAKE_PREFIX_PATH=/home/kol/Documents/Robots/learning/pub_sub_py/install/pub_sub:/opt/ros/humble /usr/bin/cmake --install /home/kol/Documents/Robots/learning/pub_sub_cpp/build/pub_sub
[5.244s] Level 1:colcon.colcon_core.environment:create_environment_scripts_only(pub_sub)
[5.245s] DEBUG:colcon.colcon_core.event_handler.log_command:Invoked command in '/home/kol/Documents/Robots/learning/pub_sub_cpp/build/pub_sub' returned '0': CMAKE_PREFIX_PATH=/home/kol/Documents/Robots/learning/pub_sub_py/install/pub_sub:/opt/ros/humble /usr/bin/cmake --install /home/kol/Documents/Robots/learning/pub_sub_cpp/build/pub_sub
[5.247s] Level 1:colcon.colcon_core.environment:checking '/home/kol/Documents/Robots/learning/pub_sub_cpp/install/pub_sub' for CMake module files
[5.248s] Level 1:colcon.colcon_core.environment:checking '/home/kol/Documents/Robots/learning/pub_sub_cpp/install/pub_sub' for CMake config files
[5.248s] Level 1:colcon.colcon_core.shell:create_environment_hook('pub_sub', 'cmake_prefix_path')
[5.249s] INFO:colcon.colcon_core.shell:Creating environment hook '/home/kol/Documents/Robots/learning/pub_sub_cpp/install/pub_sub/share/pub_sub/hook/cmake_prefix_path.ps1'
[5.249s] INFO:colcon.colcon_core.shell:Creating environment descriptor '/home/kol/Documents/Robots/learning/pub_sub_cpp/install/pub_sub/share/pub_sub/hook/cmake_prefix_path.dsv'
[5.250s] INFO:colcon.colcon_core.shell:Creating environment hook '/home/kol/Documents/Robots/learning/pub_sub_cpp/install/pub_sub/share/pub_sub/hook/cmake_prefix_path.sh'
[5.251s] Level 1:colcon.colcon_core.environment:checking '/home/kol/Documents/Robots/learning/pub_sub_cpp/install/pub_sub/lib'
[5.251s] Level 1:colcon.colcon_core.environment:checking '/home/kol/Documents/Robots/learning/pub_sub_cpp/install/pub_sub/bin'
[5.251s] Level 1:colcon.colcon_core.environment:checking '/home/kol/Documents/Robots/learning/pub_sub_cpp/install/pub_sub/lib/pkgconfig/pub_sub.pc'
[5.252s] Level 1:colcon.colcon_core.environment:checking '/home/kol/Documents/Robots/learning/pub_sub_cpp/install/pub_sub/lib/python3.10/site-packages'
[5.252s] Level 1:colcon.colcon_core.environment:checking '/home/kol/Documents/Robots/learning/pub_sub_cpp/install/pub_sub/bin'
[5.252s] INFO:colcon.colcon_core.shell:Creating package script '/home/kol/Documents/Robots/learning/pub_sub_cpp/install/pub_sub/share/pub_sub/package.ps1'
[5.253s] INFO:colcon.colcon_core.shell:Creating package descriptor '/home/kol/Documents/Robots/learning/pub_sub_cpp/install/pub_sub/share/pub_sub/package.dsv'
[5.253s] INFO:colcon.colcon_core.shell:Creating package script '/home/kol/Documents/Robots/learning/pub_sub_cpp/install/pub_sub/share/pub_sub/package.sh'
[5.254s] INFO:colcon.colcon_core.shell:Creating package script '/home/kol/Documents/Robots/learning/pub_sub_cpp/install/pub_sub/share/pub_sub/package.bash'
[5.255s] INFO:colcon.colcon_core.shell:Creating package script '/home/kol/Documents/Robots/learning/pub_sub_cpp/install/pub_sub/share/pub_sub/package.zsh'
[5.255s] Level 1:colcon.colcon_core.environment:create_file_with_runtime_dependencies(/home/kol/Documents/Robots/learning/pub_sub_cpp/install/pub_sub/share/colcon-core/packages/pub_sub)
[5.278s] Level 1:colcon.colcon_core.environment:create_environment_scripts_only(pub_sub)
[5.278s] Level 1:colcon.colcon_core.environment:checking '/home/kol/Documents/Robots/learning/pub_sub_cpp/install/pub_sub' for CMake module files
[5.279s] Level 1:colcon.colcon_core.environment:checking '/home/kol/Documents/Robots/learning/pub_sub_cpp/install/pub_sub' for CMake config files
[5.279s] Level 1:colcon.colcon_core.shell:create_environment_hook('pub_sub', 'cmake_prefix_path')
[5.279s] INFO:colcon.colcon_core.shell:Creating environment hook '/home/kol/Documents/Robots/learning/pub_sub_cpp/install/pub_sub/share/pub_sub/hook/cmake_prefix_path.ps1'
[5.280s] INFO:colcon.colcon_core.shell:Creating environment descriptor '/home/kol/Documents/Robots/learning/pub_sub_cpp/install/pub_sub/share/pub_sub/hook/cmake_prefix_path.dsv'
[5.280s] INFO:colcon.colcon_core.shell:Creating environment hook '/home/kol/Documents/Robots/learning/pub_sub_cpp/install/pub_sub/share/pub_sub/hook/cmake_prefix_path.sh'
[5.281s] Level 1:colcon.colcon_core.environment:checking '/home/kol/Documents/Robots/learning/pub_sub_cpp/install/pub_sub/lib'
[5.281s] Level 1:colcon.colcon_core.environment:checking '/home/kol/Documents/Robots/learning/pub_sub_cpp/install/pub_sub/bin'
[5.281s] Level 1:colcon.colcon_core.environment:checking '/home/kol/Documents/Robots/learning/pub_sub_cpp/install/pub_sub/lib/pkgconfig/pub_sub.pc'
[5.281s] Level 1:colcon.colcon_core.environment:checking '/home/kol/Documents/Robots/learning/pub_sub_cpp/install/pub_sub/lib/python3.10/site-packages'
[5.282s] Level 1:colcon.colcon_core.environment:checking '/home/kol/Documents/Robots/learning/pub_sub_cpp/install/pub_sub/bin'
[5.282s] INFO:colcon.colcon_core.shell:Creating package script '/home/kol/Documents/Robots/learning/pub_sub_cpp/install/pub_sub/share/pub_sub/package.ps1'
[5.282s] INFO:colcon.colcon_core.shell:Creating package descriptor '/home/kol/Documents/Robots/learning/pub_sub_cpp/install/pub_sub/share/pub_sub/package.dsv'
[5.283s] INFO:colcon.colcon_core.shell:Creating package script '/home/kol/Documents/Robots/learning/pub_sub_cpp/install/pub_sub/share/pub_sub/package.sh'
[5.284s] INFO:colcon.colcon_core.shell:Creating package script '/home/kol/Documents/Robots/learning/pub_sub_cpp/install/pub_sub/share/pub_sub/package.bash'
[5.284s] INFO:colcon.colcon_core.shell:Creating package script '/home/kol/Documents/Robots/learning/pub_sub_cpp/install/pub_sub/share/pub_sub/package.zsh'
[5.285s] Level 1:colcon.colcon_core.environment:create_file_with_runtime_dependencies(/home/kol/Documents/Robots/learning/pub_sub_cpp/install/pub_sub/share/colcon-core/packages/pub_sub)
[5.285s] DEBUG:colcon.colcon_parallel_executor.executor.parallel:closing loop
[5.285s] DEBUG:colcon.colcon_parallel_executor.executor.parallel:loop closed
[5.285s] DEBUG:colcon.colcon_parallel_executor.executor.parallel:run_until_complete finished with '0'
[5.285s] DEBUG:colcon.colcon_core.event_reactor:joining thread
[5.291s] INFO:colcon.colcon_core.plugin_system:Skipping extension 'colcon_notification.desktop_notification.terminal_notifier': Not used on non-Darwin systems
[5.291s] INFO:colcon.colcon_core.plugin_system:Skipping extension 'colcon_notification.desktop_notification.win32': Not used on non-Windows systems
[5.291s] INFO:colcon.colcon_notification.desktop_notification:Sending desktop notification using 'notify2'
[5.302s] DEBUG:colcon.colcon_core.event_reactor:joined thread
[5.303s] INFO:colcon.colcon_core.shell:Creating prefix script '/home/kol/Documents/Robots/learning/pub_sub_cpp/install/local_setup.ps1'
[5.304s] INFO:colcon.colcon_core.shell:Creating prefix util module '/home/kol/Documents/Robots/learning/pub_sub_cpp/install/_local_setup_util_ps1.py'
[5.305s] INFO:colcon.colcon_core.shell:Creating prefix chain script '/home/kol/Documents/Robots/learning/pub_sub_cpp/install/setup.ps1'
[5.307s] INFO:colcon.colcon_core.shell:Creating prefix script '/home/kol/Documents/Robots/learning/pub_sub_cpp/install/local_setup.sh'
[5.308s] INFO:colcon.colcon_core.shell:Creating prefix util module '/home/kol/Documents/Robots/learning/pub_sub_cpp/install/_local_setup_util_sh.py'
[5.308s] INFO:colcon.colcon_core.shell:Creating prefix chain script '/home/kol/Documents/Robots/learning/pub_sub_cpp/install/setup.sh'
[5.310s] INFO:colcon.colcon_core.shell:Creating prefix script '/home/kol/Documents/Robots/learning/pub_sub_cpp/install/local_setup.bash'
[5.311s] INFO:colcon.colcon_core.shell:Creating prefix chain script '/home/kol/Documents/Robots/learning/pub_sub_cpp/install/setup.bash'
[5.312s] INFO:colcon.colcon_core.shell:Creating prefix script '/home/kol/Documents/Robots/learning/pub_sub_cpp/install/local_setup.zsh'
[5.313s] INFO:colcon.colcon_core.shell:Creating prefix chain script '/home/kol/Documents/Robots/learning/pub_sub_cpp/install/setup.zsh'
