[4.994s] Invoking command in '/home/kol/Documents/Robotics/ros_ws/four_wheel_cad_bot/build/bot_control': PYTHONPATH=/home/kol/Documents/Robotics/ros_ws/four_wheel_cad_bot/build/bot_control/prefix_override:/usr/lib/python3/dist-packages/colcon_core/task/python/colcon_distutils_commands:/home/kol/Documents/Robotics/ros_ws/four_wheel_cad_bot/install/bot_control/lib/python3.10/site-packages:${PYTHONPATH} /usr/bin/python3 -W ignore:setup.py install is deprecated setup.py develop --editable --build-directory /home/kol/Documents/Robotics/ros_ws/four_wheel_cad_bot/build/bot_control/build --no-deps symlink_data
[6.528s] running develop
[7.515s] running egg_info
[7.515s] creating bot_control.egg-info
[7.516s] writing bot_control.egg-info/PKG-INFO
[7.522s] writing dependency_links to bot_control.egg-info/dependency_links.txt
[7.522s] writing entry points to bot_control.egg-info/entry_points.txt
[7.523s] writing requirements to bot_control.egg-info/requires.txt
[7.524s] writing top-level names to bot_control.egg-info/top_level.txt
[7.524s] writing manifest file 'bot_control.egg-info/SOURCES.txt'
[7.535s] reading manifest file 'bot_control.egg-info/SOURCES.txt'
[7.536s] writing manifest file 'bot_control.egg-info/SOURCES.txt'
[7.541s] running build_ext
[7.544s] Creating /home/kol/Documents/Robotics/ros_ws/four_wheel_cad_bot/install/bot_control/lib/python3.10/site-packages/bot-control.egg-link (link to .)
[7.550s] Installing botPub script to /home/kol/Documents/Robotics/ros_ws/four_wheel_cad_bot/install/bot_control/lib/bot_control
[7.551s] 
[7.552s] Installed /home/kol/Documents/Robotics/ros_ws/four_wheel_cad_bot/build/bot_control
[7.553s] running symlink_data
[7.554s] creating /home/kol/Documents/Robotics/ros_ws/four_wheel_cad_bot/install/bot_control/share/ament_index
[7.555s] creating /home/kol/Documents/Robotics/ros_ws/four_wheel_cad_bot/install/bot_control/share/ament_index/resource_index
[7.555s] creating /home/kol/Documents/Robotics/ros_ws/four_wheel_cad_bot/install/bot_control/share/ament_index/resource_index/packages
[7.556s] symbolically linking /home/kol/Documents/Robotics/ros_ws/four_wheel_cad_bot/build/bot_control/resource/bot_control -> /home/kol/Documents/Robotics/ros_ws/four_wheel_cad_bot/install/bot_control/share/ament_index/resource_index/packages
[7.557s] symbolically linking /home/kol/Documents/Robotics/ros_ws/four_wheel_cad_bot/build/bot_control/package.xml -> /home/kol/Documents/Robotics/ros_ws/four_wheel_cad_bot/install/bot_control/share/bot_control
[7.693s] Invoked command in '/home/kol/Documents/Robotics/ros_ws/four_wheel_cad_bot/build/bot_control' returned '0': PYTHONPATH=/home/kol/Documents/Robotics/ros_ws/four_wheel_cad_bot/build/bot_control/prefix_override:/usr/lib/python3/dist-packages/colcon_core/task/python/colcon_distutils_commands:/home/kol/Documents/Robotics/ros_ws/four_wheel_cad_bot/install/bot_control/lib/python3.10/site-packages:${PYTHONPATH} /usr/bin/python3 -W ignore:setup.py install is deprecated setup.py develop --editable --build-directory /home/kol/Documents/Robotics/ros_ws/four_wheel_cad_bot/build/bot_control/build --no-deps symlink_data
