[ 50%] [32mBuilding CXX object CMakeFiles/custom_publisher.dir/src/publisher.cpp.o[0m
[01m[K/home/kol/Documents/Robots/learning/pub_sub_cpp/src/pub_sub/src/publisher.cpp:[m[K In function ‘[01m[Kint main(int, char**)[m[K’:
[01m[K/home/kol/Documents/Robots/learning/pub_sub_cpp/src/pub_sub/src/publisher.cpp:51:13:[m[K [01;35m[Kwarning: [m[Kstatement is a reference, not call, to function ‘[01m[Krclcpp::shutdown[m[K’ [[01;35m[K]8;;https://gcc.gnu.org/onlinedocs/gcc/Warning-Options.html#index-Waddress-Waddress]8;;[m[K]
   51 |     [01;35m[Krclcpp::shutdown[m[K;
      |     [01;35m[K~~~~~~~~^~~~~~~~[m[K
[01m[K/home/kol/Documents/Robots/learning/pub_sub_cpp/src/pub_sub/src/publisher.cpp:51:13:[m[K [01;35m[Kwarning: [m[Kstatement has no effect [[01;35m[K]8;;https://gcc.gnu.org/onlinedocs/gcc/Warning-Options.html#index-Wunused-value-Wunused-value]8;;[m[K]
[100%] [32m[1mLinking CXX executable custom_publisher[0m
[100%] Built target custom_publisher
-- Install configuration: ""
-- Installing: /home/kol/Documents/Robots/learning/pub_sub_cpp/install/pub_sub/lib/pub_sub/custom_publisher
-- Set runtime path of "/home/kol/Documents/Robots/learning/pub_sub_cpp/install/pub_sub/lib/pub_sub/custom_publisher" to ""
-- Installing: /home/kol/Documents/Robots/learning/pub_sub_cpp/install/pub_sub/share/ament_index/resource_index/package_run_dependencies/pub_sub
-- Installing: /home/kol/Documents/Robots/learning/pub_sub_cpp/install/pub_sub/share/ament_index/resource_index/parent_prefix_path/pub_sub
-- Installing: /home/kol/Documents/Robots/learning/pub_sub_cpp/install/pub_sub/share/pub_sub/environment/ament_prefix_path.sh
-- Installing: /home/kol/Documents/Robots/learning/pub_sub_cpp/install/pub_sub/share/pub_sub/environment/ament_prefix_path.dsv
-- Installing: /home/kol/Documents/Robots/learning/pub_sub_cpp/install/pub_sub/share/pub_sub/environment/path.sh
-- Installing: /home/kol/Documents/Robots/learning/pub_sub_cpp/install/pub_sub/share/pub_sub/environment/path.dsv
-- Installing: /home/kol/Documents/Robots/learning/pub_sub_cpp/install/pub_sub/share/pub_sub/local_setup.bash
-- Installing: /home/kol/Documents/Robots/learning/pub_sub_cpp/install/pub_sub/share/pub_sub/local_setup.sh
-- Installing: /home/kol/Documents/Robots/learning/pub_sub_cpp/install/pub_sub/share/pub_sub/local_setup.zsh
-- Installing: /home/kol/Documents/Robots/learning/pub_sub_cpp/install/pub_sub/share/pub_sub/local_setup.dsv
-- Up-to-date: /home/kol/Documents/Robots/learning/pub_sub_cpp/install/pub_sub/share/pub_sub/package.dsv
-- Installing: /home/kol/Documents/Robots/learning/pub_sub_cpp/install/pub_sub/share/ament_index/resource_index/packages/pub_sub
-- Installing: /home/kol/Documents/Robots/learning/pub_sub_cpp/install/pub_sub/share/pub_sub/cmake/pub_subConfig.cmake
-- Installing: /home/kol/Documents/Robots/learning/pub_sub_cpp/install/pub_sub/share/pub_sub/cmake/pub_subConfig-version.cmake
-- Installing: /home/kol/Documents/Robots/learning/pub_sub_cpp/install/pub_sub/share/pub_sub/package.xml
