[1.476s] DEBUG:colcon:Command line arguments: ['/usr/bin/colcon', 'list', '-p', '--base-paths', '/home/kol/Documents/Robotics/ros_ws/five_dof_robot_ws']
[1.477s] DEBUG:colcon:Parsed command line arguments: Namespace(log_base=None, log_level=None, verb_name='list', build_base='build', ignore_user_meta=False, metas=['./colcon.meta'], base_paths=['/home/kol/Documents/Robotics/ros_ws/five_dof_robot_ws'], packages_ignore=None, packages_ignore_regex=None, paths=None, packages_up_to=None, packages_up_to_regex=None, packages_above=None, packages_above_and_dependencies=None, packages_above_depth=None, packages_select_by_dep=None, packages_skip_by_dep=None, packages_skip_up_to=None, packages_select_build_failed=False, packages_skip_build_finished=False, packages_select_test_failures=False, packages_skip_test_passed=False, packages_select=None, packages_skip=None, packages_select_regex=None, packages_skip_regex=None, packages_start=None, packages_end=None, allow_overriding=[], topological_order=False, names_only=False, paths_only=True, topological_graph=False, topological_graph_dot=False, topological_graph_density=False, topological_graph_legend=False, topological_graph_dot_cluster=False, topological_graph_dot_include_skipped=False, mixin_files=None, mixin=None, verb_parser=<colcon_mixin.mixin.mixin_argument.MixinArgumentDecorator object at 0x7a9899ce8100>, verb_extension=<colcon_package_information.verb.list.ListVerb object at 0x7a9899e50dc0>, main=<bound method ListVerb.main of <colcon_package_information.verb.list.ListVerb object at 0x7a9899e50dc0>>, mixin_verb=('list',))
[4.238s] Level 1:colcon.colcon_core.package_discovery:discover_packages(colcon_meta) check parameters
[4.239s] Level 1:colcon.colcon_core.package_discovery:discover_packages(recursive) check parameters
[4.248s] Level 1:colcon.colcon_core.package_discovery:discover_packages(ignore) check parameters
[4.249s] Level 1:colcon.colcon_core.package_discovery:discover_packages(path) check parameters
[4.251s] Level 1:colcon.colcon_core.package_discovery:discover_packages(recursive) discover
[4.252s] INFO:colcon.colcon_core.package_discovery:Crawling recursively for packages in '/home/kol/Documents/Robotics/ros_ws/five_dof_robot_ws'
[4.254s] Level 1:colcon.colcon_core.package_identification:_identify(/home/kol/Documents/Robotics/ros_ws/five_dof_robot_ws) by extensions ['ignore', 'ignore_ament_install']
[4.256s] Level 1:colcon.colcon_core.package_identification:_identify(/home/kol/Documents/Robotics/ros_ws/five_dof_robot_ws) by extension 'ignore'
[4.257s] Level 1:colcon.colcon_core.package_identification:_identify(/home/kol/Documents/Robotics/ros_ws/five_dof_robot_ws) by extension 'ignore_ament_install'
[4.258s] Level 1:colcon.colcon_core.package_identification:_identify(/home/kol/Documents/Robotics/ros_ws/five_dof_robot_ws) by extensions ['colcon_pkg']
[4.259s] Level 1:colcon.colcon_core.package_identification:_identify(/home/kol/Documents/Robotics/ros_ws/five_dof_robot_ws) by extension 'colcon_pkg'
[4.261s] Level 1:colcon.colcon_core.package_identification:_identify(/home/kol/Documents/Robotics/ros_ws/five_dof_robot_ws) by extensions ['colcon_meta']
[4.262s] Level 1:colcon.colcon_core.package_identification:_identify(/home/kol/Documents/Robotics/ros_ws/five_dof_robot_ws) by extension 'colcon_meta'
[4.263s] Level 1:colcon.colcon_core.package_identification:_identify(/home/kol/Documents/Robotics/ros_ws/five_dof_robot_ws) by extensions ['ros']
[4.264s] Level 1:colcon.colcon_core.package_identification:_identify(/home/kol/Documents/Robotics/ros_ws/five_dof_robot_ws) by extension 'ros'
[4.421s] Level 1:colcon.colcon_core.package_identification:_identify(/home/kol/Documents/Robotics/ros_ws/five_dof_robot_ws) by extensions ['cmake', 'python']
[4.428s] Level 1:colcon.colcon_core.package_identification:_identify(/home/kol/Documents/Robotics/ros_ws/five_dof_robot_ws) by extension 'cmake'
[4.429s] Level 1:colcon.colcon_core.package_identification:_identify(/home/kol/Documents/Robotics/ros_ws/five_dof_robot_ws) by extension 'python'
[4.430s] Level 1:colcon.colcon_core.package_identification:_identify(/home/kol/Documents/Robotics/ros_ws/five_dof_robot_ws) by extensions ['python_setup_py']
[4.431s] Level 1:colcon.colcon_core.package_identification:_identify(/home/kol/Documents/Robotics/ros_ws/five_dof_robot_ws) by extension 'python_setup_py'
[4.432s] Level 1:colcon.colcon_core.package_identification:_identify(/home/kol/Documents/Robotics/ros_ws/five_dof_robot_ws/build) by extensions ['ignore', 'ignore_ament_install']
[4.436s] Level 1:colcon.colcon_core.package_identification:_identify(/home/kol/Documents/Robotics/ros_ws/five_dof_robot_ws/build) by extension 'ignore'
[4.437s] Level 1:colcon.colcon_core.package_identification:_identify(/home/kol/Documents/Robotics/ros_ws/five_dof_robot_ws/build) ignored
[4.439s] Level 1:colcon.colcon_core.package_identification:_identify(/home/kol/Documents/Robotics/ros_ws/five_dof_robot_ws/install) by extensions ['ignore', 'ignore_ament_install']
[4.448s] Level 1:colcon.colcon_core.package_identification:_identify(/home/kol/Documents/Robotics/ros_ws/five_dof_robot_ws/install) by extension 'ignore'
[4.449s] Level 1:colcon.colcon_core.package_identification:_identify(/home/kol/Documents/Robotics/ros_ws/five_dof_robot_ws/install) ignored
[4.451s] Level 1:colcon.colcon_core.package_identification:_identify(/home/kol/Documents/Robotics/ros_ws/five_dof_robot_ws/log) by extensions ['ignore', 'ignore_ament_install']
[4.452s] Level 1:colcon.colcon_core.package_identification:_identify(/home/kol/Documents/Robotics/ros_ws/five_dof_robot_ws/log) by extension 'ignore'
[4.453s] Level 1:colcon.colcon_core.package_identification:_identify(/home/kol/Documents/Robotics/ros_ws/five_dof_robot_ws/log) ignored
[4.455s] Level 1:colcon.colcon_core.package_identification:_identify(/home/kol/Documents/Robotics/ros_ws/five_dof_robot_ws/src) by extensions ['ignore', 'ignore_ament_install']
[4.456s] Level 1:colcon.colcon_core.package_identification:_identify(/home/kol/Documents/Robotics/ros_ws/five_dof_robot_ws/src) by extension 'ignore'
[4.457s] Level 1:colcon.colcon_core.package_identification:_identify(/home/kol/Documents/Robotics/ros_ws/five_dof_robot_ws/src) by extension 'ignore_ament_install'
[4.458s] Level 1:colcon.colcon_core.package_identification:_identify(/home/kol/Documents/Robotics/ros_ws/five_dof_robot_ws/src) by extensions ['colcon_pkg']
[4.459s] Level 1:colcon.colcon_core.package_identification:_identify(/home/kol/Documents/Robotics/ros_ws/five_dof_robot_ws/src) by extension 'colcon_pkg'
[4.460s] Level 1:colcon.colcon_core.package_identification:_identify(/home/kol/Documents/Robotics/ros_ws/five_dof_robot_ws/src) by extensions ['colcon_meta']
[4.461s] Level 1:colcon.colcon_core.package_identification:_identify(/home/kol/Documents/Robotics/ros_ws/five_dof_robot_ws/src) by extension 'colcon_meta'
[4.463s] Level 1:colcon.colcon_core.package_identification:_identify(/home/kol/Documents/Robotics/ros_ws/five_dof_robot_ws/src) by extensions ['ros']
[4.464s] Level 1:colcon.colcon_core.package_identification:_identify(/home/kol/Documents/Robotics/ros_ws/five_dof_robot_ws/src) by extension 'ros'
[4.468s] Level 1:colcon.colcon_core.package_identification:_identify(/home/kol/Documents/Robotics/ros_ws/five_dof_robot_ws/src) by extensions ['cmake', 'python']
[4.469s] Level 1:colcon.colcon_core.package_identification:_identify(/home/kol/Documents/Robotics/ros_ws/five_dof_robot_ws/src) by extension 'cmake'
[4.470s] Level 1:colcon.colcon_core.package_identification:_identify(/home/kol/Documents/Robotics/ros_ws/five_dof_robot_ws/src) by extension 'python'
[4.471s] Level 1:colcon.colcon_core.package_identification:_identify(/home/kol/Documents/Robotics/ros_ws/five_dof_robot_ws/src) by extensions ['python_setup_py']
[4.472s] Level 1:colcon.colcon_core.package_identification:_identify(/home/kol/Documents/Robotics/ros_ws/five_dof_robot_ws/src) by extension 'python_setup_py'
[4.474s] Level 1:colcon.colcon_core.package_identification:_identify(/home/kol/Documents/Robotics/ros_ws/five_dof_robot_ws/src/python_controller) by extensions ['ignore', 'ignore_ament_install']
[4.484s] Level 1:colcon.colcon_core.package_identification:_identify(/home/kol/Documents/Robotics/ros_ws/five_dof_robot_ws/src/python_controller) by extension 'ignore'
[4.485s] Level 1:colcon.colcon_core.package_identification:_identify(/home/kol/Documents/Robotics/ros_ws/five_dof_robot_ws/src/python_controller) by extension 'ignore_ament_install'
[4.486s] Level 1:colcon.colcon_core.package_identification:_identify(/home/kol/Documents/Robotics/ros_ws/five_dof_robot_ws/src/python_controller) by extensions ['colcon_pkg']
[4.487s] Level 1:colcon.colcon_core.package_identification:_identify(/home/kol/Documents/Robotics/ros_ws/five_dof_robot_ws/src/python_controller) by extension 'colcon_pkg'
[4.488s] Level 1:colcon.colcon_core.package_identification:_identify(/home/kol/Documents/Robotics/ros_ws/five_dof_robot_ws/src/python_controller) by extensions ['colcon_meta']
[4.489s] Level 1:colcon.colcon_core.package_identification:_identify(/home/kol/Documents/Robotics/ros_ws/five_dof_robot_ws/src/python_controller) by extension 'colcon_meta'
[4.491s] Level 1:colcon.colcon_core.package_identification:_identify(/home/kol/Documents/Robotics/ros_ws/five_dof_robot_ws/src/python_controller) by extensions ['ros']
[4.491s] Level 1:colcon.colcon_core.package_identification:_identify(/home/kol/Documents/Robotics/ros_ws/five_dof_robot_ws/src/python_controller) by extension 'ros'
[4.539s] DEBUG:colcon.colcon_core.package_identification:Package '/home/kol/Documents/Robotics/ros_ws/five_dof_robot_ws/src/python_controller' with type 'ros.ament_python' and name 'python_controller'
[4.540s] Level 1:colcon.colcon_core.package_identification:_identify(/home/kol/Documents/Robotics/ros_ws/five_dof_robot_ws/src/welder_description) by extensions ['ignore', 'ignore_ament_install']
[4.540s] Level 1:colcon.colcon_core.package_identification:_identify(/home/kol/Documents/Robotics/ros_ws/five_dof_robot_ws/src/welder_description) by extension 'ignore'
[4.541s] Level 1:colcon.colcon_core.package_identification:_identify(/home/kol/Documents/Robotics/ros_ws/five_dof_robot_ws/src/welder_description) by extension 'ignore_ament_install'
[4.541s] Level 1:colcon.colcon_core.package_identification:_identify(/home/kol/Documents/Robotics/ros_ws/five_dof_robot_ws/src/welder_description) by extensions ['colcon_pkg']
[4.541s] Level 1:colcon.colcon_core.package_identification:_identify(/home/kol/Documents/Robotics/ros_ws/five_dof_robot_ws/src/welder_description) by extension 'colcon_pkg'
[4.542s] Level 1:colcon.colcon_core.package_identification:_identify(/home/kol/Documents/Robotics/ros_ws/five_dof_robot_ws/src/welder_description) by extensions ['colcon_meta']
[4.542s] Level 1:colcon.colcon_core.package_identification:_identify(/home/kol/Documents/Robotics/ros_ws/five_dof_robot_ws/src/welder_description) by extension 'colcon_meta'
[4.542s] Level 1:colcon.colcon_core.package_identification:_identify(/home/kol/Documents/Robotics/ros_ws/five_dof_robot_ws/src/welder_description) by extensions ['ros']
[4.542s] Level 1:colcon.colcon_core.package_identification:_identify(/home/kol/Documents/Robotics/ros_ws/five_dof_robot_ws/src/welder_description) by extension 'ros'
[4.565s] DEBUG:colcon.colcon_core.package_identification:Package '/home/kol/Documents/Robotics/ros_ws/five_dof_robot_ws/src/welder_description' with type 'ros.ament_python' and name 'welder_description'
[4.565s] Level 1:colcon.colcon_core.package_discovery:discover_packages(recursive) using defaults
