-- Found ament_cmake: 1.3.10 (/opt/ros/humble/share/ament_cmake/cmake)
-- Override CMake install command with custom implementation using symlinks instead of copying resources
WARNING: Package name "FiveDoF_moveit_config" does not follow the naming conventions. It should start with a lower case letter and only contain lower case letters, digits, underscores, and dashes.
-- Configuring done
-- Generating done
-- Build files have been written to: /home/kol/Documents/Robots/ros_ws/FiveDoFRobot/build/FiveDoF_moveit_config
-- Install configuration: ""
-- Execute custom install script
-- Up-to-date symlink: /home/kol/Documents/Robots/ros_ws/FiveDoFRobot/install/FiveDoF_moveit_config/share/ament_index/resource_index/package_run_dependencies/FiveDoF_moveit_config
-- Up-to-date symlink: /home/kol/Documents/Robots/ros_ws/FiveDoFRobot/install/FiveDoF_moveit_config/share/ament_index/resource_index/parent_prefix_path/FiveDoF_moveit_config
-- Up-to-date symlink: /home/kol/Documents/Robots/ros_ws/FiveDoFRobot/install/FiveDoF_moveit_config/share/FiveDoF_moveit_config/environment/ament_prefix_path.sh
-- Up-to-date symlink: /home/kol/Documents/Robots/ros_ws/FiveDoFRobot/install/FiveDoF_moveit_config/share/FiveDoF_moveit_config/environment/ament_prefix_path.dsv
-- Up-to-date symlink: /home/kol/Documents/Robots/ros_ws/FiveDoFRobot/install/FiveDoF_moveit_config/share/FiveDoF_moveit_config/environment/path.sh
-- Up-to-date symlink: /home/kol/Documents/Robots/ros_ws/FiveDoFRobot/install/FiveDoF_moveit_config/share/FiveDoF_moveit_config/environment/path.dsv
-- Up-to-date symlink: /home/kol/Documents/Robots/ros_ws/FiveDoFRobot/install/FiveDoF_moveit_config/share/FiveDoF_moveit_config/local_setup.bash
-- Up-to-date symlink: /home/kol/Documents/Robots/ros_ws/FiveDoFRobot/install/FiveDoF_moveit_config/share/FiveDoF_moveit_config/local_setup.sh
-- Up-to-date symlink: /home/kol/Documents/Robots/ros_ws/FiveDoFRobot/install/FiveDoF_moveit_config/share/FiveDoF_moveit_config/local_setup.zsh
-- Up-to-date symlink: /home/kol/Documents/Robots/ros_ws/FiveDoFRobot/install/FiveDoF_moveit_config/share/FiveDoF_moveit_config/local_setup.dsv
-- Symlinking: /home/kol/Documents/Robots/ros_ws/FiveDoFRobot/install/FiveDoF_moveit_config/share/FiveDoF_moveit_config/package.dsv
-- Up-to-date symlink: /home/kol/Documents/Robots/ros_ws/FiveDoFRobot/install/FiveDoF_moveit_config/share/ament_index/resource_index/packages/FiveDoF_moveit_config
-- Up-to-date symlink: /home/kol/Documents/Robots/ros_ws/FiveDoFRobot/install/FiveDoF_moveit_config/share/FiveDoF_moveit_config/cmake/FiveDoF_moveit_configConfig.cmake
-- Up-to-date symlink: /home/kol/Documents/Robots/ros_ws/FiveDoFRobot/install/FiveDoF_moveit_config/share/FiveDoF_moveit_config/cmake/FiveDoF_moveit_configConfig-version.cmake
-- Up-to-date symlink: /home/kol/Documents/Robots/ros_ws/FiveDoFRobot/install/FiveDoF_moveit_config/share/FiveDoF_moveit_config/package.xml
-- Up-to-date symlink: /home/kol/Documents/Robots/ros_ws/FiveDoFRobot/install/FiveDoF_moveit_config/share/FiveDoF_moveit_config/launch/demo.launch.py
-- Up-to-date symlink: /home/kol/Documents/Robots/ros_ws/FiveDoFRobot/install/FiveDoF_moveit_config/share/FiveDoF_moveit_config/launch/move_group.launch.py
-- Up-to-date symlink: /home/kol/Documents/Robots/ros_ws/FiveDoFRobot/install/FiveDoF_moveit_config/share/FiveDoF_moveit_config/launch/moveit_rviz.launch.py
-- Up-to-date symlink: /home/kol/Documents/Robots/ros_ws/FiveDoFRobot/install/FiveDoF_moveit_config/share/FiveDoF_moveit_config/launch/rsp.launch.py
-- Up-to-date symlink: /home/kol/Documents/Robots/ros_ws/FiveDoFRobot/install/FiveDoF_moveit_config/share/FiveDoF_moveit_config/launch/setup_assistant.launch.py
-- Up-to-date symlink: /home/kol/Documents/Robots/ros_ws/FiveDoFRobot/install/FiveDoF_moveit_config/share/FiveDoF_moveit_config/launch/spawn_controllers.launch.py
-- Up-to-date symlink: /home/kol/Documents/Robots/ros_ws/FiveDoFRobot/install/FiveDoF_moveit_config/share/FiveDoF_moveit_config/launch/static_virtual_joint_tfs.launch.py
-- Up-to-date symlink: /home/kol/Documents/Robots/ros_ws/FiveDoFRobot/install/FiveDoF_moveit_config/share/FiveDoF_moveit_config/launch/warehouse_db.launch.py
-- Up-to-date symlink: /home/kol/Documents/Robots/ros_ws/FiveDoFRobot/install/FiveDoF_moveit_config/share/FiveDoF_moveit_config/config/FiveDoFBot.ros2_control.xacro
-- Up-to-date symlink: /home/kol/Documents/Robots/ros_ws/FiveDoFRobot/install/FiveDoF_moveit_config/share/FiveDoF_moveit_config/config/FiveDoFBot.srdf
-- Up-to-date symlink: /home/kol/Documents/Robots/ros_ws/FiveDoFRobot/install/FiveDoF_moveit_config/share/FiveDoF_moveit_config/config/FiveDoFBot.urdf.xacro
-- Up-to-date symlink: /home/kol/Documents/Robots/ros_ws/FiveDoFRobot/install/FiveDoF_moveit_config/share/FiveDoF_moveit_config/config/initial_positions.yaml
-- Up-to-date symlink: /home/kol/Documents/Robots/ros_ws/FiveDoFRobot/install/FiveDoF_moveit_config/share/FiveDoF_moveit_config/config/joint_limits.yaml
-- Up-to-date symlink: /home/kol/Documents/Robots/ros_ws/FiveDoFRobot/install/FiveDoF_moveit_config/share/FiveDoF_moveit_config/config/kinematics.yaml
-- Up-to-date symlink: /home/kol/Documents/Robots/ros_ws/FiveDoFRobot/install/FiveDoF_moveit_config/share/FiveDoF_moveit_config/config/moveit.rviz
-- Up-to-date symlink: /home/kol/Documents/Robots/ros_ws/FiveDoFRobot/install/FiveDoF_moveit_config/share/FiveDoF_moveit_config/config/moveit_controllers.yaml
-- Up-to-date symlink: /home/kol/Documents/Robots/ros_ws/FiveDoFRobot/install/FiveDoF_moveit_config/share/FiveDoF_moveit_config/config/pilz_cartesian_limits.yaml
-- Up-to-date symlink: /home/kol/Documents/Robots/ros_ws/FiveDoFRobot/install/FiveDoF_moveit_config/share/FiveDoF_moveit_config/config/ros2_controllers.yaml
-- Up-to-date symlink: /home/kol/Documents/Robots/ros_ws/FiveDoFRobot/install/FiveDoF_moveit_config/share/FiveDoF_moveit_config/config/sensors_3d.yaml
-- Up-to-date symlink: /home/kol/Documents/Robots/ros_ws/FiveDoFRobot/install/FiveDoF_moveit_config/share/FiveDoF_moveit_config/.setup_assistant
