[0.116s] DEBUG:colcon:Command line arguments: ['/usr/bin/colcon', 'build', '--symlink-install']
[0.116s] DEBUG:colcon:Parsed command line arguments: Namespace(log_base=None, log_level=None, verb_name='build', build_base='build', install_base='install', merge_install=False, symlink_install=True, test_result_base=None, continue_on_error=False, executor='parallel', parallel_workers=4, event_handlers=None, ignore_user_meta=False, metas=['./colcon.meta'], base_paths=['.'], packages_ignore=None, packages_ignore_regex=None, paths=None, packages_up_to=None, packages_up_to_regex=None, packages_above=None, packages_above_and_dependencies=None, packages_above_depth=None, packages_select_by_dep=None, packages_skip_by_dep=None, packages_skip_up_to=None, packages_select_build_failed=False, packages_skip_build_finished=False, packages_select_test_failures=False, packages_skip_test_passed=False, packages_select=None, packages_skip=None, packages_select_regex=None, packages_skip_regex=None, packages_start=None, packages_end=None, allow_overriding=[], cmake_args=None, cmake_target=None, cmake_target_skip_unavailable=False, cmake_clean_cache=False, cmake_clean_first=False, cmake_force_configure=False, ament_cmake_args=None, catkin_cmake_args=None, catkin_skip_building_tests=False, mixin_files=None, mixin=None, verb_parser=<colcon_mixin.mixin.mixin_argument.MixinArgumentDecorator object at 0x7dddb4fb74c0>, verb_extension=<colcon_core.verb.build.BuildVerb object at 0x7dddb50a3af0>, main=<bound method BuildVerb.main of <colcon_core.verb.build.BuildVerb object at 0x7dddb50a3af0>>, mixin_verb=('build',))
[0.324s] Level 1:colcon.colcon_core.package_discovery:discover_packages(colcon_meta) check parameters
[0.324s] Level 1:colcon.colcon_core.package_discovery:discover_packages(recursive) check parameters
[0.324s] Level 1:colcon.colcon_core.package_discovery:discover_packages(ignore) check parameters
[0.324s] Level 1:colcon.colcon_core.package_discovery:discover_packages(path) check parameters
[0.324s] Level 1:colcon.colcon_core.package_discovery:discover_packages(colcon_meta) discover
[0.324s] Level 1:colcon.colcon_core.package_discovery:discover_packages(recursive) discover
[0.324s] INFO:colcon.colcon_core.package_discovery:Crawling recursively for packages in '/home/kol/Documents/Robots/ros_ws/Gripper'
[0.324s] Level 1:colcon.colcon_core.package_identification:_identify(.) by extensions ['ignore', 'ignore_ament_install']
[0.324s] Level 1:colcon.colcon_core.package_identification:_identify(.) by extension 'ignore'
[0.324s] Level 1:colcon.colcon_core.package_identification:_identify(.) by extension 'ignore_ament_install'
[0.324s] Level 1:colcon.colcon_core.package_identification:_identify(.) by extensions ['colcon_pkg']
[0.325s] Level 1:colcon.colcon_core.package_identification:_identify(.) by extension 'colcon_pkg'
[0.325s] Level 1:colcon.colcon_core.package_identification:_identify(.) by extensions ['colcon_meta']
[0.325s] Level 1:colcon.colcon_core.package_identification:_identify(.) by extension 'colcon_meta'
[0.325s] Level 1:colcon.colcon_core.package_identification:_identify(.) by extensions ['ros']
[0.325s] Level 1:colcon.colcon_core.package_identification:_identify(.) by extension 'ros'
[0.343s] Level 1:colcon.colcon_core.package_identification:_identify(.) by extensions ['cmake', 'python']
[0.343s] Level 1:colcon.colcon_core.package_identification:_identify(.) by extension 'cmake'
[0.343s] Level 1:colcon.colcon_core.package_identification:_identify(.) by extension 'python'
[0.343s] Level 1:colcon.colcon_core.package_identification:_identify(.) by extensions ['python_setup_py']
[0.343s] Level 1:colcon.colcon_core.package_identification:_identify(.) by extension 'python_setup_py'
[0.344s] Level 1:colcon.colcon_core.package_identification:_identify(build) by extensions ['ignore', 'ignore_ament_install']
[0.344s] Level 1:colcon.colcon_core.package_identification:_identify(build) by extension 'ignore'
[0.344s] Level 1:colcon.colcon_core.package_identification:_identify(build) ignored
[0.344s] Level 1:colcon.colcon_core.package_identification:_identify(install) by extensions ['ignore', 'ignore_ament_install']
[0.344s] Level 1:colcon.colcon_core.package_identification:_identify(install) by extension 'ignore'
[0.344s] Level 1:colcon.colcon_core.package_identification:_identify(install) ignored
[0.344s] Level 1:colcon.colcon_core.package_identification:_identify(log) by extensions ['ignore', 'ignore_ament_install']
[0.344s] Level 1:colcon.colcon_core.package_identification:_identify(log) by extension 'ignore'
[0.344s] Level 1:colcon.colcon_core.package_identification:_identify(log) ignored
[0.344s] Level 1:colcon.colcon_core.package_identification:_identify(src) by extensions ['ignore', 'ignore_ament_install']
[0.344s] Level 1:colcon.colcon_core.package_identification:_identify(src) by extension 'ignore'
[0.344s] Level 1:colcon.colcon_core.package_identification:_identify(src) by extension 'ignore_ament_install'
[0.344s] Level 1:colcon.colcon_core.package_identification:_identify(src) by extensions ['colcon_pkg']
[0.344s] Level 1:colcon.colcon_core.package_identification:_identify(src) by extension 'colcon_pkg'
[0.345s] Level 1:colcon.colcon_core.package_identification:_identify(src) by extensions ['colcon_meta']
[0.345s] Level 1:colcon.colcon_core.package_identification:_identify(src) by extension 'colcon_meta'
[0.345s] Level 1:colcon.colcon_core.package_identification:_identify(src) by extensions ['ros']
[0.345s] Level 1:colcon.colcon_core.package_identification:_identify(src) by extension 'ros'
[0.345s] Level 1:colcon.colcon_core.package_identification:_identify(src) by extensions ['cmake', 'python']
[0.345s] Level 1:colcon.colcon_core.package_identification:_identify(src) by extension 'cmake'
[0.345s] Level 1:colcon.colcon_core.package_identification:_identify(src) by extension 'python'
[0.345s] Level 1:colcon.colcon_core.package_identification:_identify(src) by extensions ['python_setup_py']
[0.345s] Level 1:colcon.colcon_core.package_identification:_identify(src) by extension 'python_setup_py'
[0.345s] Level 1:colcon.colcon_core.package_identification:_identify(src/gripper_2_description) by extensions ['ignore', 'ignore_ament_install']
[0.345s] Level 1:colcon.colcon_core.package_identification:_identify(src/gripper_2_description) by extension 'ignore'
[0.345s] Level 1:colcon.colcon_core.package_identification:_identify(src/gripper_2_description) by extension 'ignore_ament_install'
[0.345s] Level 1:colcon.colcon_core.package_identification:_identify(src/gripper_2_description) by extensions ['colcon_pkg']
[0.345s] Level 1:colcon.colcon_core.package_identification:_identify(src/gripper_2_description) by extension 'colcon_pkg'
[0.345s] Level 1:colcon.colcon_core.package_identification:_identify(src/gripper_2_description) by extensions ['colcon_meta']
[0.345s] Level 1:colcon.colcon_core.package_identification:_identify(src/gripper_2_description) by extension 'colcon_meta'
[0.345s] Level 1:colcon.colcon_core.package_identification:_identify(src/gripper_2_description) by extensions ['ros']
[0.345s] Level 1:colcon.colcon_core.package_identification:_identify(src/gripper_2_description) by extension 'ros'
[0.348s] DEBUG:colcon.colcon_core.package_identification:Package 'src/gripper_2_description' with type 'ros.ament_python' and name 'gripper_2_description'
[0.348s] Level 1:colcon.colcon_core.package_discovery:discover_packages(recursive) using defaults
[0.348s] Level 1:colcon.colcon_core.package_discovery:discover_packages(ignore) discover
[0.348s] Level 1:colcon.colcon_core.package_discovery:discover_packages(ignore) using defaults
[0.348s] Level 1:colcon.colcon_core.package_discovery:discover_packages(path) discover
[0.348s] Level 1:colcon.colcon_core.package_discovery:discover_packages(path) using defaults
[0.366s] Level 1:colcon.colcon_core.package_discovery:discover_packages(prefix_path) check parameters
[0.366s] Level 1:colcon.colcon_core.package_discovery:discover_packages(prefix_path) discover
[0.369s] DEBUG:colcon.colcon_installed_package_information.package_discovery:Found 433 installed packages in /opt/ros/humble
[0.371s] Level 1:colcon.colcon_core.package_discovery:discover_packages(prefix_path) using defaults
[0.423s] Level 5:colcon.colcon_core.verb:set package 'gripper_2_description' build argument 'cmake_args' from command line to 'None'
[0.423s] Level 5:colcon.colcon_core.verb:set package 'gripper_2_description' build argument 'cmake_target' from command line to 'None'
[0.423s] Level 5:colcon.colcon_core.verb:set package 'gripper_2_description' build argument 'cmake_target_skip_unavailable' from command line to 'False'
[0.423s] Level 5:colcon.colcon_core.verb:set package 'gripper_2_description' build argument 'cmake_clean_cache' from command line to 'False'
[0.423s] Level 5:colcon.colcon_core.verb:set package 'gripper_2_description' build argument 'cmake_clean_first' from command line to 'False'
[0.423s] Level 5:colcon.colcon_core.verb:set package 'gripper_2_description' build argument 'cmake_force_configure' from command line to 'False'
[0.424s] Level 5:colcon.colcon_core.verb:set package 'gripper_2_description' build argument 'ament_cmake_args' from command line to 'None'
[0.424s] Level 5:colcon.colcon_core.verb:set package 'gripper_2_description' build argument 'catkin_cmake_args' from command line to 'None'
[0.424s] Level 5:colcon.colcon_core.verb:set package 'gripper_2_description' build argument 'catkin_skip_building_tests' from command line to 'False'
[0.424s] DEBUG:colcon.colcon_core.verb:Building package 'gripper_2_description' with the following arguments: {'ament_cmake_args': None, 'build_base': '/home/kol/Documents/Robots/ros_ws/Gripper/build/gripper_2_description', 'catkin_cmake_args': None, 'catkin_skip_building_tests': False, 'cmake_args': None, 'cmake_clean_cache': False, 'cmake_clean_first': False, 'cmake_force_configure': False, 'cmake_target': None, 'cmake_target_skip_unavailable': False, 'install_base': '/home/kol/Documents/Robots/ros_ws/Gripper/install/gripper_2_description', 'merge_install': False, 'path': '/home/kol/Documents/Robots/ros_ws/Gripper/src/gripper_2_description', 'symlink_install': True, 'test_result_base': None}
[0.424s] INFO:colcon.colcon_core.executor:Executing jobs using 'parallel' executor
[0.425s] DEBUG:colcon.colcon_parallel_executor.executor.parallel:run_until_complete
[0.425s] INFO:colcon.colcon_ros.task.ament_python.build:Building ROS package in '/home/kol/Documents/Robots/ros_ws/Gripper/src/gripper_2_description' with build type 'ament_python'
[0.425s] Level 1:colcon.colcon_core.shell:create_environment_hook('gripper_2_description', 'ament_prefix_path')
[0.427s] INFO:colcon.colcon_core.plugin_system:Skipping extension 'colcon_core.shell.bat': Not used on non-Windows systems
[0.427s] INFO:colcon.colcon_core.shell:Creating environment hook '/home/kol/Documents/Robots/ros_ws/Gripper/install/gripper_2_description/share/gripper_2_description/hook/ament_prefix_path.ps1'
[0.428s] INFO:colcon.colcon_core.shell:Creating environment descriptor '/home/kol/Documents/Robots/ros_ws/Gripper/install/gripper_2_description/share/gripper_2_description/hook/ament_prefix_path.dsv'
[0.428s] INFO:colcon.colcon_core.shell:Creating environment hook '/home/kol/Documents/Robots/ros_ws/Gripper/install/gripper_2_description/share/gripper_2_description/hook/ament_prefix_path.sh'
[0.429s] INFO:colcon.colcon_core.shell:Skip shell extension 'powershell' for command environment: Not usable outside of PowerShell
[0.429s] DEBUG:colcon.colcon_core.shell:Skip shell extension 'dsv' for command environment
[0.704s] INFO:colcon.colcon_core.task.python.build:Building Python package in '/home/kol/Documents/Robots/ros_ws/Gripper/src/gripper_2_description'
[0.705s] INFO:colcon.colcon_core.shell:Skip shell extension 'powershell' for command environment: Not usable outside of PowerShell
[0.705s] DEBUG:colcon.colcon_core.shell:Skip shell extension 'dsv' for command environment
[1.087s] DEBUG:colcon.colcon_core.event_handler.log_command:Invoking command in '/home/kol/Documents/Robots/ros_ws/Gripper/build/gripper_2_description': PYTHONPATH=/home/kol/Documents/Robots/ros_ws/Gripper/build/gripper_2_description/prefix_override:/usr/lib/python3/dist-packages/colcon_core/task/python/colcon_distutils_commands:/home/kol/Documents/Robots/ros_ws/Gripper/install/gripper_2_description/lib/python3.10/site-packages:${PYTHONPATH} /usr/bin/python3 -W ignore:setup.py install is deprecated setup.py develop --editable --build-directory /home/kol/Documents/Robots/ros_ws/Gripper/build/gripper_2_description/build --no-deps symlink_data
[1.595s] Level 1:colcon.colcon_core.shell:create_environment_hook('gripper_2_description', 'pythonpath_develop')
[1.595s] DEBUG:colcon.colcon_core.event_handler.log_command:Invoked command in '/home/kol/Documents/Robots/ros_ws/Gripper/build/gripper_2_description' returned '0': PYTHONPATH=/home/kol/Documents/Robots/ros_ws/Gripper/build/gripper_2_description/prefix_override:/usr/lib/python3/dist-packages/colcon_core/task/python/colcon_distutils_commands:/home/kol/Documents/Robots/ros_ws/Gripper/install/gripper_2_description/lib/python3.10/site-packages:${PYTHONPATH} /usr/bin/python3 -W ignore:setup.py install is deprecated setup.py develop --editable --build-directory /home/kol/Documents/Robots/ros_ws/Gripper/build/gripper_2_description/build --no-deps symlink_data
[1.595s] INFO:colcon.colcon_core.shell:Creating environment hook '/home/kol/Documents/Robots/ros_ws/Gripper/build/gripper_2_description/share/gripper_2_description/hook/pythonpath_develop.ps1'
[1.596s] INFO:colcon.colcon_core.shell:Creating environment descriptor '/home/kol/Documents/Robots/ros_ws/Gripper/build/gripper_2_description/share/gripper_2_description/hook/pythonpath_develop.dsv'
[1.596s] INFO:colcon.colcon_core.shell:Creating environment hook '/home/kol/Documents/Robots/ros_ws/Gripper/build/gripper_2_description/share/gripper_2_description/hook/pythonpath_develop.sh'
[1.598s] Level 1:colcon.colcon_core.environment:checking '/home/kol/Documents/Robots/ros_ws/Gripper/install/gripper_2_description' for CMake module files
[1.599s] Level 1:colcon.colcon_core.environment:checking '/home/kol/Documents/Robots/ros_ws/Gripper/install/gripper_2_description' for CMake config files
[1.599s] Level 1:colcon.colcon_core.environment:checking '/home/kol/Documents/Robots/ros_ws/Gripper/install/gripper_2_description/lib'
[1.599s] Level 1:colcon.colcon_core.environment:checking '/home/kol/Documents/Robots/ros_ws/Gripper/install/gripper_2_description/bin'
[1.599s] Level 1:colcon.colcon_core.environment:checking '/home/kol/Documents/Robots/ros_ws/Gripper/install/gripper_2_description/lib/pkgconfig/gripper_2_description.pc'
[1.600s] Level 1:colcon.colcon_core.environment:checking '/home/kol/Documents/Robots/ros_ws/Gripper/install/gripper_2_description/lib/python3.10/site-packages'
[1.600s] Level 1:colcon.colcon_core.shell:create_environment_hook('gripper_2_description', 'pythonpath')
[1.600s] INFO:colcon.colcon_core.shell:Creating environment hook '/home/kol/Documents/Robots/ros_ws/Gripper/install/gripper_2_description/share/gripper_2_description/hook/pythonpath.ps1'
[1.600s] INFO:colcon.colcon_core.shell:Creating environment descriptor '/home/kol/Documents/Robots/ros_ws/Gripper/install/gripper_2_description/share/gripper_2_description/hook/pythonpath.dsv'
[1.601s] INFO:colcon.colcon_core.shell:Creating environment hook '/home/kol/Documents/Robots/ros_ws/Gripper/install/gripper_2_description/share/gripper_2_description/hook/pythonpath.sh'
[1.601s] Level 1:colcon.colcon_core.environment:checking '/home/kol/Documents/Robots/ros_ws/Gripper/install/gripper_2_description/bin'
[1.601s] Level 1:colcon.colcon_core.environment:create_environment_scripts_only(gripper_2_description)
[1.601s] INFO:colcon.colcon_core.shell:Creating package script '/home/kol/Documents/Robots/ros_ws/Gripper/install/gripper_2_description/share/gripper_2_description/package.ps1'
[1.602s] INFO:colcon.colcon_core.shell:Creating package descriptor '/home/kol/Documents/Robots/ros_ws/Gripper/install/gripper_2_description/share/gripper_2_description/package.dsv'
[1.603s] INFO:colcon.colcon_core.shell:Creating package script '/home/kol/Documents/Robots/ros_ws/Gripper/install/gripper_2_description/share/gripper_2_description/package.sh'
[1.603s] INFO:colcon.colcon_core.shell:Creating package script '/home/kol/Documents/Robots/ros_ws/Gripper/install/gripper_2_description/share/gripper_2_description/package.bash'
[1.604s] INFO:colcon.colcon_core.shell:Creating package script '/home/kol/Documents/Robots/ros_ws/Gripper/install/gripper_2_description/share/gripper_2_description/package.zsh'
[1.605s] Level 1:colcon.colcon_core.environment:create_file_with_runtime_dependencies(/home/kol/Documents/Robots/ros_ws/Gripper/install/gripper_2_description/share/colcon-core/packages/gripper_2_description)
[1.605s] DEBUG:colcon.colcon_parallel_executor.executor.parallel:closing loop
[1.605s] DEBUG:colcon.colcon_parallel_executor.executor.parallel:loop closed
[1.605s] DEBUG:colcon.colcon_parallel_executor.executor.parallel:run_until_complete finished with '0'
[1.605s] DEBUG:colcon.colcon_core.event_reactor:joining thread
[1.610s] INFO:colcon.colcon_core.plugin_system:Skipping extension 'colcon_notification.desktop_notification.terminal_notifier': Not used on non-Darwin systems
[1.610s] INFO:colcon.colcon_core.plugin_system:Skipping extension 'colcon_notification.desktop_notification.win32': Not used on non-Windows systems
[1.610s] INFO:colcon.colcon_notification.desktop_notification:Sending desktop notification using 'notify2'
[1.620s] DEBUG:colcon.colcon_core.event_reactor:joined thread
[1.620s] INFO:colcon.colcon_core.shell:Creating prefix script '/home/kol/Documents/Robots/ros_ws/Gripper/install/local_setup.ps1'
[1.621s] INFO:colcon.colcon_core.shell:Creating prefix util module '/home/kol/Documents/Robots/ros_ws/Gripper/install/_local_setup_util_ps1.py'
[1.622s] INFO:colcon.colcon_core.shell:Creating prefix chain script '/home/kol/Documents/Robots/ros_ws/Gripper/install/setup.ps1'
[1.623s] INFO:colcon.colcon_core.shell:Creating prefix script '/home/kol/Documents/Robots/ros_ws/Gripper/install/local_setup.sh'
[1.624s] INFO:colcon.colcon_core.shell:Creating prefix util module '/home/kol/Documents/Robots/ros_ws/Gripper/install/_local_setup_util_sh.py'
[1.624s] INFO:colcon.colcon_core.shell:Creating prefix chain script '/home/kol/Documents/Robots/ros_ws/Gripper/install/setup.sh'
[1.625s] INFO:colcon.colcon_core.shell:Creating prefix script '/home/kol/Documents/Robots/ros_ws/Gripper/install/local_setup.bash'
[1.626s] INFO:colcon.colcon_core.shell:Creating prefix chain script '/home/kol/Documents/Robots/ros_ws/Gripper/install/setup.bash'
[1.627s] INFO:colcon.colcon_core.shell:Creating prefix script '/home/kol/Documents/Robots/ros_ws/Gripper/install/local_setup.zsh'
[1.627s] INFO:colcon.colcon_core.shell:Creating prefix chain script '/home/kol/Documents/Robots/ros_ws/Gripper/install/setup.zsh'
