[0.422s] DEBUG:colcon:Command line arguments: ['/usr/bin/colcon', 'build', '--symlink-install']
[0.422s] DEBUG:colcon:Parsed command line arguments: Namespace(log_base=None, log_level=None, verb_name='build', build_base='build', install_base='install', merge_install=False, symlink_install=True, test_result_base=None, continue_on_error=False, executor='parallel', parallel_workers=4, event_handlers=None, ignore_user_meta=False, metas=['./colcon.meta'], base_paths=['.'], packages_ignore=None, packages_ignore_regex=None, paths=None, packages_up_to=None, packages_up_to_regex=None, packages_above=None, packages_above_and_dependencies=None, packages_above_depth=None, packages_select_by_dep=None, packages_skip_by_dep=None, packages_skip_up_to=None, packages_select_build_failed=False, packages_skip_build_finished=False, packages_select_test_failures=False, packages_skip_test_passed=False, packages_select=None, packages_skip=None, packages_select_regex=None, packages_skip_regex=None, packages_start=None, packages_end=None, allow_overriding=[], cmake_args=None, cmake_target=None, cmake_target_skip_unavailable=False, cmake_clean_cache=False, cmake_clean_first=False, cmake_force_configure=False, ament_cmake_args=None, catkin_cmake_args=None, catkin_skip_building_tests=False, mixin_files=None, mixin=None, verb_parser=<colcon_mixin.mixin.mixin_argument.MixinArgumentDecorator object at 0x7b83f2127520>, verb_extension=<colcon_core.verb.build.BuildVerb object at 0x7b83f22dceb0>, main=<bound method BuildVerb.main of <colcon_core.verb.build.BuildVerb object at 0x7b83f22dceb0>>, mixin_verb=('build',))
[1.033s] Level 1:colcon.colcon_core.package_discovery:discover_packages(colcon_meta) check parameters
[1.034s] Level 1:colcon.colcon_core.package_discovery:discover_packages(recursive) check parameters
[1.034s] Level 1:colcon.colcon_core.package_discovery:discover_packages(ignore) check parameters
[1.034s] Level 1:colcon.colcon_core.package_discovery:discover_packages(path) check parameters
[1.034s] Level 1:colcon.colcon_core.package_discovery:discover_packages(colcon_meta) discover
[1.034s] Level 1:colcon.colcon_core.package_discovery:discover_packages(recursive) discover
[1.034s] INFO:colcon.colcon_core.package_discovery:Crawling recursively for packages in '/home/kol/Documents/Robots/ros_ws/ackerman'
[1.035s] Level 1:colcon.colcon_core.package_identification:_identify(.) by extensions ['ignore', 'ignore_ament_install']
[1.035s] Level 1:colcon.colcon_core.package_identification:_identify(.) by extension 'ignore'
[1.035s] Level 1:colcon.colcon_core.package_identification:_identify(.) by extension 'ignore_ament_install'
[1.036s] Level 1:colcon.colcon_core.package_identification:_identify(.) by extensions ['colcon_pkg']
[1.036s] Level 1:colcon.colcon_core.package_identification:_identify(.) by extension 'colcon_pkg'
[1.036s] Level 1:colcon.colcon_core.package_identification:_identify(.) by extensions ['colcon_meta']
[1.036s] Level 1:colcon.colcon_core.package_identification:_identify(.) by extension 'colcon_meta'
[1.037s] Level 1:colcon.colcon_core.package_identification:_identify(.) by extensions ['ros']
[1.037s] Level 1:colcon.colcon_core.package_identification:_identify(.) by extension 'ros'
[1.069s] Level 1:colcon.colcon_core.package_identification:_identify(.) by extensions ['cmake', 'python']
[1.070s] Level 1:colcon.colcon_core.package_identification:_identify(.) by extension 'cmake'
[1.070s] Level 1:colcon.colcon_core.package_identification:_identify(.) by extension 'python'
[1.070s] Level 1:colcon.colcon_core.package_identification:_identify(.) by extensions ['python_setup_py']
[1.070s] Level 1:colcon.colcon_core.package_identification:_identify(.) by extension 'python_setup_py'
[1.071s] Level 1:colcon.colcon_core.package_identification:_identify(build) by extensions ['ignore', 'ignore_ament_install']
[1.071s] Level 1:colcon.colcon_core.package_identification:_identify(build) by extension 'ignore'
[1.071s] Level 1:colcon.colcon_core.package_identification:_identify(build) ignored
[1.072s] Level 1:colcon.colcon_core.package_identification:_identify(install) by extensions ['ignore', 'ignore_ament_install']
[1.072s] Level 1:colcon.colcon_core.package_identification:_identify(install) by extension 'ignore'
[1.072s] Level 1:colcon.colcon_core.package_identification:_identify(install) ignored
[1.073s] Level 1:colcon.colcon_core.package_identification:_identify(log) by extensions ['ignore', 'ignore_ament_install']
[1.073s] Level 1:colcon.colcon_core.package_identification:_identify(log) by extension 'ignore'
[1.073s] Level 1:colcon.colcon_core.package_identification:_identify(log) ignored
[1.074s] Level 1:colcon.colcon_core.package_identification:_identify(src) by extensions ['ignore', 'ignore_ament_install']
[1.074s] Level 1:colcon.colcon_core.package_identification:_identify(src) by extension 'ignore'
[1.074s] Level 1:colcon.colcon_core.package_identification:_identify(src) by extension 'ignore_ament_install'
[1.075s] Level 1:colcon.colcon_core.package_identification:_identify(src) by extensions ['colcon_pkg']
[1.075s] Level 1:colcon.colcon_core.package_identification:_identify(src) by extension 'colcon_pkg'
[1.075s] Level 1:colcon.colcon_core.package_identification:_identify(src) by extensions ['colcon_meta']
[1.075s] Level 1:colcon.colcon_core.package_identification:_identify(src) by extension 'colcon_meta'
[1.076s] Level 1:colcon.colcon_core.package_identification:_identify(src) by extensions ['ros']
[1.076s] Level 1:colcon.colcon_core.package_identification:_identify(src) by extension 'ros'
[1.076s] Level 1:colcon.colcon_core.package_identification:_identify(src) by extensions ['cmake', 'python']
[1.076s] Level 1:colcon.colcon_core.package_identification:_identify(src) by extension 'cmake'
[1.076s] Level 1:colcon.colcon_core.package_identification:_identify(src) by extension 'python'
[1.077s] Level 1:colcon.colcon_core.package_identification:_identify(src) by extensions ['python_setup_py']
[1.077s] Level 1:colcon.colcon_core.package_identification:_identify(src) by extension 'python_setup_py'
[1.077s] Level 1:colcon.colcon_core.package_identification:_identify(src/Ackerman_description) by extensions ['ignore', 'ignore_ament_install']
[1.078s] Level 1:colcon.colcon_core.package_identification:_identify(src/Ackerman_description) by extension 'ignore'
[1.078s] Level 1:colcon.colcon_core.package_identification:_identify(src/Ackerman_description) by extension 'ignore_ament_install'
[1.078s] Level 1:colcon.colcon_core.package_identification:_identify(src/Ackerman_description) by extensions ['colcon_pkg']
[1.078s] Level 1:colcon.colcon_core.package_identification:_identify(src/Ackerman_description) by extension 'colcon_pkg'
[1.079s] Level 1:colcon.colcon_core.package_identification:_identify(src/Ackerman_description) by extensions ['colcon_meta']
[1.079s] Level 1:colcon.colcon_core.package_identification:_identify(src/Ackerman_description) by extension 'colcon_meta'
[1.079s] Level 1:colcon.colcon_core.package_identification:_identify(src/Ackerman_description) by extensions ['ros']
[1.079s] Level 1:colcon.colcon_core.package_identification:_identify(src/Ackerman_description) by extension 'ros'
[1.091s] DEBUG:colcon.colcon_core.package_identification:Package 'src/Ackerman_description' with type 'ros.ament_python' and name 'Ackerman_description'
[1.091s] Level 1:colcon.colcon_core.package_discovery:discover_packages(recursive) using defaults
[1.091s] Level 1:colcon.colcon_core.package_discovery:discover_packages(ignore) discover
[1.092s] Level 1:colcon.colcon_core.package_discovery:discover_packages(ignore) using defaults
[1.092s] Level 1:colcon.colcon_core.package_discovery:discover_packages(path) discover
[1.092s] Level 1:colcon.colcon_core.package_discovery:discover_packages(path) using defaults
[1.164s] Level 1:colcon.colcon_core.package_discovery:discover_packages(prefix_path) check parameters
[1.164s] Level 1:colcon.colcon_core.package_discovery:discover_packages(prefix_path) discover
[1.169s] DEBUG:colcon.colcon_installed_package_information.package_discovery:Found 1 installed packages in /home/kol/Documents/Robots/ros_ws/ackerman/install
[1.175s] DEBUG:colcon.colcon_installed_package_information.package_discovery:Found 390 installed packages in /opt/ros/humble
[1.181s] Level 1:colcon.colcon_core.package_discovery:discover_packages(prefix_path) using defaults
[1.357s] Level 5:colcon.colcon_core.verb:set package 'Ackerman_description' build argument 'cmake_args' from command line to 'None'
[1.358s] Level 5:colcon.colcon_core.verb:set package 'Ackerman_description' build argument 'cmake_target' from command line to 'None'
[1.358s] Level 5:colcon.colcon_core.verb:set package 'Ackerman_description' build argument 'cmake_target_skip_unavailable' from command line to 'False'
[1.358s] Level 5:colcon.colcon_core.verb:set package 'Ackerman_description' build argument 'cmake_clean_cache' from command line to 'False'
[1.358s] Level 5:colcon.colcon_core.verb:set package 'Ackerman_description' build argument 'cmake_clean_first' from command line to 'False'
[1.358s] Level 5:colcon.colcon_core.verb:set package 'Ackerman_description' build argument 'cmake_force_configure' from command line to 'False'
[1.358s] Level 5:colcon.colcon_core.verb:set package 'Ackerman_description' build argument 'ament_cmake_args' from command line to 'None'
[1.358s] Level 5:colcon.colcon_core.verb:set package 'Ackerman_description' build argument 'catkin_cmake_args' from command line to 'None'
[1.358s] Level 5:colcon.colcon_core.verb:set package 'Ackerman_description' build argument 'catkin_skip_building_tests' from command line to 'False'
[1.359s] DEBUG:colcon.colcon_core.verb:Building package 'Ackerman_description' with the following arguments: {'ament_cmake_args': None, 'build_base': '/home/kol/Documents/Robots/ros_ws/ackerman/build/Ackerman_description', 'catkin_cmake_args': None, 'catkin_skip_building_tests': False, 'cmake_args': None, 'cmake_clean_cache': False, 'cmake_clean_first': False, 'cmake_force_configure': False, 'cmake_target': None, 'cmake_target_skip_unavailable': False, 'install_base': '/home/kol/Documents/Robots/ros_ws/ackerman/install/Ackerman_description', 'merge_install': False, 'path': '/home/kol/Documents/Robots/ros_ws/ackerman/src/Ackerman_description', 'symlink_install': True, 'test_result_base': None}
[1.359s] INFO:colcon.colcon_core.executor:Executing jobs using 'parallel' executor
[1.362s] DEBUG:colcon.colcon_parallel_executor.executor.parallel:run_until_complete
[1.363s] INFO:colcon.colcon_ros.task.ament_python.build:Building ROS package in '/home/kol/Documents/Robots/ros_ws/ackerman/src/Ackerman_description' with build type 'ament_python'
[1.363s] Level 1:colcon.colcon_core.shell:create_environment_hook('Ackerman_description', 'ament_prefix_path')
[1.370s] INFO:colcon.colcon_core.plugin_system:Skipping extension 'colcon_core.shell.bat': Not used on non-Windows systems
[1.370s] INFO:colcon.colcon_core.shell:Creating environment hook '/home/kol/Documents/Robots/ros_ws/ackerman/install/Ackerman_description/share/Ackerman_description/hook/ament_prefix_path.ps1'
[1.372s] INFO:colcon.colcon_core.shell:Creating environment descriptor '/home/kol/Documents/Robots/ros_ws/ackerman/install/Ackerman_description/share/Ackerman_description/hook/ament_prefix_path.dsv'
[1.373s] INFO:colcon.colcon_core.shell:Creating environment hook '/home/kol/Documents/Robots/ros_ws/ackerman/install/Ackerman_description/share/Ackerman_description/hook/ament_prefix_path.sh'
[1.376s] INFO:colcon.colcon_core.shell:Skip shell extension 'powershell' for command environment: Not usable outside of PowerShell
[1.376s] DEBUG:colcon.colcon_core.shell:Skip shell extension 'dsv' for command environment
[2.412s] INFO:colcon.colcon_core.task.python.build:Building Python package in '/home/kol/Documents/Robots/ros_ws/ackerman/src/Ackerman_description'
[2.413s] INFO:colcon.colcon_core.shell:Skip shell extension 'powershell' for command environment: Not usable outside of PowerShell
[2.413s] DEBUG:colcon.colcon_core.shell:Skip shell extension 'dsv' for command environment
[4.048s] DEBUG:colcon.colcon_core.event_handler.log_command:Invoking command in '/home/kol/Documents/Robots/ros_ws/ackerman/build/Ackerman_description': PYTHONPATH=/home/kol/Documents/Robots/ros_ws/ackerman/build/Ackerman_description/prefix_override:/usr/lib/python3/dist-packages/colcon_core/task/python/colcon_distutils_commands:/home/kol/Documents/Robots/ros_ws/ackerman/install/Ackerman_description/lib/python3.10/site-packages:${PYTHONPATH} /usr/bin/python3 -W ignore:setup.py install is deprecated setup.py develop --editable --build-directory /home/kol/Documents/Robots/ros_ws/ackerman/build/Ackerman_description/build --no-deps symlink_data
[6.438s] Level 1:colcon.colcon_core.shell:create_environment_hook('Ackerman_description', 'pythonpath_develop')
[6.439s] INFO:colcon.colcon_core.shell:Creating environment hook '/home/kol/Documents/Robots/ros_ws/ackerman/build/Ackerman_description/share/Ackerman_description/hook/pythonpath_develop.ps1'
[6.442s] INFO:colcon.colcon_core.shell:Creating environment descriptor '/home/kol/Documents/Robots/ros_ws/ackerman/build/Ackerman_description/share/Ackerman_description/hook/pythonpath_develop.dsv'
[6.444s] INFO:colcon.colcon_core.shell:Creating environment hook '/home/kol/Documents/Robots/ros_ws/ackerman/build/Ackerman_description/share/Ackerman_description/hook/pythonpath_develop.sh'
[6.460s] DEBUG:colcon.colcon_core.event_handler.log_command:Invoked command in '/home/kol/Documents/Robots/ros_ws/ackerman/build/Ackerman_description' returned '0': PYTHONPATH=/home/kol/Documents/Robots/ros_ws/ackerman/build/Ackerman_description/prefix_override:/usr/lib/python3/dist-packages/colcon_core/task/python/colcon_distutils_commands:/home/kol/Documents/Robots/ros_ws/ackerman/install/Ackerman_description/lib/python3.10/site-packages:${PYTHONPATH} /usr/bin/python3 -W ignore:setup.py install is deprecated setup.py develop --editable --build-directory /home/kol/Documents/Robots/ros_ws/ackerman/build/Ackerman_description/build --no-deps symlink_data
[6.474s] Level 1:colcon.colcon_core.environment:checking '/home/kol/Documents/Robots/ros_ws/ackerman/install/Ackerman_description' for CMake module files
[6.478s] Level 1:colcon.colcon_core.environment:checking '/home/kol/Documents/Robots/ros_ws/ackerman/install/Ackerman_description' for CMake config files
[6.484s] Level 1:colcon.colcon_core.environment:checking '/home/kol/Documents/Robots/ros_ws/ackerman/install/Ackerman_description/lib'
[6.486s] Level 1:colcon.colcon_core.environment:checking '/home/kol/Documents/Robots/ros_ws/ackerman/install/Ackerman_description/bin'
[6.487s] Level 1:colcon.colcon_core.environment:checking '/home/kol/Documents/Robots/ros_ws/ackerman/install/Ackerman_description/lib/pkgconfig/Ackerman_description.pc'
[6.489s] Level 1:colcon.colcon_core.environment:checking '/home/kol/Documents/Robots/ros_ws/ackerman/install/Ackerman_description/lib/python3.10/site-packages'
[6.491s] Level 1:colcon.colcon_core.shell:create_environment_hook('Ackerman_description', 'pythonpath')
[6.492s] INFO:colcon.colcon_core.shell:Creating environment hook '/home/kol/Documents/Robots/ros_ws/ackerman/install/Ackerman_description/share/Ackerman_description/hook/pythonpath.ps1'
[6.495s] INFO:colcon.colcon_core.shell:Creating environment descriptor '/home/kol/Documents/Robots/ros_ws/ackerman/install/Ackerman_description/share/Ackerman_description/hook/pythonpath.dsv'
[6.500s] INFO:colcon.colcon_core.shell:Creating environment hook '/home/kol/Documents/Robots/ros_ws/ackerman/install/Ackerman_description/share/Ackerman_description/hook/pythonpath.sh'
[6.505s] Level 1:colcon.colcon_core.environment:checking '/home/kol/Documents/Robots/ros_ws/ackerman/install/Ackerman_description/bin'
[6.506s] Level 1:colcon.colcon_core.environment:create_environment_scripts_only(Ackerman_description)
[6.509s] INFO:colcon.colcon_core.shell:Creating package script '/home/kol/Documents/Robots/ros_ws/ackerman/install/Ackerman_description/share/Ackerman_description/package.ps1'
[6.515s] INFO:colcon.colcon_core.shell:Creating package descriptor '/home/kol/Documents/Robots/ros_ws/ackerman/install/Ackerman_description/share/Ackerman_description/package.dsv'
[6.520s] INFO:colcon.colcon_core.shell:Creating package script '/home/kol/Documents/Robots/ros_ws/ackerman/install/Ackerman_description/share/Ackerman_description/package.sh'
[6.528s] INFO:colcon.colcon_core.shell:Creating package script '/home/kol/Documents/Robots/ros_ws/ackerman/install/Ackerman_description/share/Ackerman_description/package.bash'
[6.534s] INFO:colcon.colcon_core.shell:Creating package script '/home/kol/Documents/Robots/ros_ws/ackerman/install/Ackerman_description/share/Ackerman_description/package.zsh'
[6.539s] Level 1:colcon.colcon_core.environment:create_file_with_runtime_dependencies(/home/kol/Documents/Robots/ros_ws/ackerman/install/Ackerman_description/share/colcon-core/packages/Ackerman_description)
[6.545s] DEBUG:colcon.colcon_parallel_executor.executor.parallel:closing loop
[6.547s] DEBUG:colcon.colcon_parallel_executor.executor.parallel:loop closed
[6.547s] DEBUG:colcon.colcon_parallel_executor.executor.parallel:run_until_complete finished with '0'
[6.548s] DEBUG:colcon.colcon_core.event_reactor:joining thread
[6.581s] INFO:colcon.colcon_core.plugin_system:Skipping extension 'colcon_notification.desktop_notification.terminal_notifier': Not used on non-Darwin systems
[6.582s] INFO:colcon.colcon_core.plugin_system:Skipping extension 'colcon_notification.desktop_notification.win32': Not used on non-Windows systems
[6.582s] INFO:colcon.colcon_notification.desktop_notification:Sending desktop notification using 'notify2'
[6.657s] DEBUG:colcon.colcon_core.event_reactor:joined thread
[6.659s] INFO:colcon.colcon_core.shell:Creating prefix script '/home/kol/Documents/Robots/ros_ws/ackerman/install/local_setup.ps1'
[6.665s] INFO:colcon.colcon_core.shell:Creating prefix util module '/home/kol/Documents/Robots/ros_ws/ackerman/install/_local_setup_util_ps1.py'
[6.675s] INFO:colcon.colcon_core.shell:Creating prefix chain script '/home/kol/Documents/Robots/ros_ws/ackerman/install/setup.ps1'
[6.682s] INFO:colcon.colcon_core.shell:Creating prefix script '/home/kol/Documents/Robots/ros_ws/ackerman/install/local_setup.sh'
[6.686s] INFO:colcon.colcon_core.shell:Creating prefix util module '/home/kol/Documents/Robots/ros_ws/ackerman/install/_local_setup_util_sh.py'
[6.691s] INFO:colcon.colcon_core.shell:Creating prefix chain script '/home/kol/Documents/Robots/ros_ws/ackerman/install/setup.sh'
[6.701s] INFO:colcon.colcon_core.shell:Creating prefix script '/home/kol/Documents/Robots/ros_ws/ackerman/install/local_setup.bash'
[6.706s] INFO:colcon.colcon_core.shell:Creating prefix chain script '/home/kol/Documents/Robots/ros_ws/ackerman/install/setup.bash'
[6.719s] INFO:colcon.colcon_core.shell:Creating prefix script '/home/kol/Documents/Robots/ros_ws/ackerman/install/local_setup.zsh'
[6.724s] INFO:colcon.colcon_core.shell:Creating prefix chain script '/home/kol/Documents/Robots/ros_ws/ackerman/install/setup.zsh'
