[0.371s] DEBUG:colcon:Command line arguments: ['/usr/bin/colcon', 'build', '--symlink-install']
[0.372s] DEBUG:colcon:Parsed command line arguments: Namespace(log_base=None, log_level=None, verb_name='build', build_base='build', install_base='install', merge_install=False, symlink_install=True, test_result_base=None, continue_on_error=False, executor='parallel', parallel_workers=4, event_handlers=None, ignore_user_meta=False, metas=['./colcon.meta'], base_paths=['.'], packages_ignore=None, packages_ignore_regex=None, paths=None, packages_up_to=None, packages_up_to_regex=None, packages_above=None, packages_above_and_dependencies=None, packages_above_depth=None, packages_select_by_dep=None, packages_skip_by_dep=None, packages_skip_up_to=None, packages_select_build_failed=False, packages_skip_build_finished=False, packages_select_test_failures=False, packages_skip_test_passed=False, packages_select=None, packages_skip=None, packages_select_regex=None, packages_skip_regex=None, packages_start=None, packages_end=None, allow_overriding=[], cmake_args=None, cmake_target=None, cmake_target_skip_unavailable=False, cmake_clean_cache=False, cmake_clean_first=False, cmake_force_configure=False, ament_cmake_args=None, catkin_cmake_args=None, catkin_skip_building_tests=False, mixin_files=None, mixin=None, verb_parser=<colcon_mixin.mixin.mixin_argument.MixinArgumentDecorator object at 0x7b52129cf2e0>, verb_extension=<colcon_core.verb.build.BuildVerb object at 0x7b5212b78d00>, main=<bound method BuildVerb.main of <colcon_core.verb.build.BuildVerb object at 0x7b5212b78d00>>, mixin_verb=('build',))
[0.890s] Level 1:colcon.colcon_core.package_discovery:discover_packages(colcon_meta) check parameters
[0.890s] Level 1:colcon.colcon_core.package_discovery:discover_packages(recursive) check parameters
[0.890s] Level 1:colcon.colcon_core.package_discovery:discover_packages(ignore) check parameters
[0.890s] Level 1:colcon.colcon_core.package_discovery:discover_packages(path) check parameters
[0.890s] Level 1:colcon.colcon_core.package_discovery:discover_packages(colcon_meta) discover
[0.891s] Level 1:colcon.colcon_core.package_discovery:discover_packages(recursive) discover
[0.891s] INFO:colcon.colcon_core.package_discovery:Crawling recursively for packages in '/home/kol/Documents/Robots/ros_ws/FiveDoFRobot'
[0.891s] Level 1:colcon.colcon_core.package_identification:_identify(.) by extensions ['ignore', 'ignore_ament_install']
[0.891s] Level 1:colcon.colcon_core.package_identification:_identify(.) by extension 'ignore'
[0.891s] Level 1:colcon.colcon_core.package_identification:_identify(.) by extension 'ignore_ament_install'
[0.892s] Level 1:colcon.colcon_core.package_identification:_identify(.) by extensions ['colcon_pkg']
[0.892s] Level 1:colcon.colcon_core.package_identification:_identify(.) by extension 'colcon_pkg'
[0.892s] Level 1:colcon.colcon_core.package_identification:_identify(.) by extensions ['colcon_meta']
[0.892s] Level 1:colcon.colcon_core.package_identification:_identify(.) by extension 'colcon_meta'
[0.892s] Level 1:colcon.colcon_core.package_identification:_identify(.) by extensions ['ros']
[0.892s] Level 1:colcon.colcon_core.package_identification:_identify(.) by extension 'ros'
[0.920s] Level 1:colcon.colcon_core.package_identification:_identify(.) by extensions ['cmake', 'python']
[0.921s] Level 1:colcon.colcon_core.package_identification:_identify(.) by extension 'cmake'
[0.921s] Level 1:colcon.colcon_core.package_identification:_identify(.) by extension 'python'
[0.921s] Level 1:colcon.colcon_core.package_identification:_identify(.) by extensions ['python_setup_py']
[0.921s] Level 1:colcon.colcon_core.package_identification:_identify(.) by extension 'python_setup_py'
[0.921s] Level 1:colcon.colcon_core.package_identification:_identify(build) by extensions ['ignore', 'ignore_ament_install']
[0.922s] Level 1:colcon.colcon_core.package_identification:_identify(build) by extension 'ignore'
[0.922s] Level 1:colcon.colcon_core.package_identification:_identify(build) ignored
[0.922s] Level 1:colcon.colcon_core.package_identification:_identify(install) by extensions ['ignore', 'ignore_ament_install']
[0.922s] Level 1:colcon.colcon_core.package_identification:_identify(install) by extension 'ignore'
[0.923s] Level 1:colcon.colcon_core.package_identification:_identify(install) ignored
[0.923s] Level 1:colcon.colcon_core.package_identification:_identify(log) by extensions ['ignore', 'ignore_ament_install']
[0.923s] Level 1:colcon.colcon_core.package_identification:_identify(log) by extension 'ignore'
[0.923s] Level 1:colcon.colcon_core.package_identification:_identify(log) ignored
[0.923s] Level 1:colcon.colcon_core.package_identification:_identify(src) by extensions ['ignore', 'ignore_ament_install']
[0.924s] Level 1:colcon.colcon_core.package_identification:_identify(src) by extension 'ignore'
[0.924s] Level 1:colcon.colcon_core.package_identification:_identify(src) by extension 'ignore_ament_install'
[0.924s] Level 1:colcon.colcon_core.package_identification:_identify(src) by extensions ['colcon_pkg']
[0.924s] Level 1:colcon.colcon_core.package_identification:_identify(src) by extension 'colcon_pkg'
[0.924s] Level 1:colcon.colcon_core.package_identification:_identify(src) by extensions ['colcon_meta']
[0.924s] Level 1:colcon.colcon_core.package_identification:_identify(src) by extension 'colcon_meta'
[0.924s] Level 1:colcon.colcon_core.package_identification:_identify(src) by extensions ['ros']
[0.924s] Level 1:colcon.colcon_core.package_identification:_identify(src) by extension 'ros'
[0.925s] Level 1:colcon.colcon_core.package_identification:_identify(src) by extensions ['cmake', 'python']
[0.925s] Level 1:colcon.colcon_core.package_identification:_identify(src) by extension 'cmake'
[0.925s] Level 1:colcon.colcon_core.package_identification:_identify(src) by extension 'python'
[0.925s] Level 1:colcon.colcon_core.package_identification:_identify(src) by extensions ['python_setup_py']
[0.925s] Level 1:colcon.colcon_core.package_identification:_identify(src) by extension 'python_setup_py'
[0.925s] Level 1:colcon.colcon_core.package_identification:_identify(src/FiveDoFBot_description) by extensions ['ignore', 'ignore_ament_install']
[0.926s] Level 1:colcon.colcon_core.package_identification:_identify(src/FiveDoFBot_description) by extension 'ignore'
[0.926s] Level 1:colcon.colcon_core.package_identification:_identify(src/FiveDoFBot_description) by extension 'ignore_ament_install'
[0.926s] Level 1:colcon.colcon_core.package_identification:_identify(src/FiveDoFBot_description) by extensions ['colcon_pkg']
[0.926s] Level 1:colcon.colcon_core.package_identification:_identify(src/FiveDoFBot_description) by extension 'colcon_pkg'
[0.926s] Level 1:colcon.colcon_core.package_identification:_identify(src/FiveDoFBot_description) by extensions ['colcon_meta']
[0.927s] Level 1:colcon.colcon_core.package_identification:_identify(src/FiveDoFBot_description) by extension 'colcon_meta'
[0.927s] Level 1:colcon.colcon_core.package_identification:_identify(src/FiveDoFBot_description) by extensions ['ros']
[0.927s] Level 1:colcon.colcon_core.package_identification:_identify(src/FiveDoFBot_description) by extension 'ros'
[0.937s] DEBUG:colcon.colcon_core.package_identification:Package 'src/FiveDoFBot_description' with type 'ros.ament_python' and name 'FiveDoFBot_description'
[0.937s] Level 1:colcon.colcon_core.package_identification:_identify(src/FiveDoF_moveit_config) by extensions ['ignore', 'ignore_ament_install']
[0.938s] Level 1:colcon.colcon_core.package_identification:_identify(src/FiveDoF_moveit_config) by extension 'ignore'
[0.938s] Level 1:colcon.colcon_core.package_identification:_identify(src/FiveDoF_moveit_config) by extension 'ignore_ament_install'
[0.938s] Level 1:colcon.colcon_core.package_identification:_identify(src/FiveDoF_moveit_config) by extensions ['colcon_pkg']
[0.939s] Level 1:colcon.colcon_core.package_identification:_identify(src/FiveDoF_moveit_config) by extension 'colcon_pkg'
[0.939s] Level 1:colcon.colcon_core.package_identification:_identify(src/FiveDoF_moveit_config) by extensions ['colcon_meta']
[0.939s] Level 1:colcon.colcon_core.package_identification:_identify(src/FiveDoF_moveit_config) by extension 'colcon_meta'
[0.939s] Level 1:colcon.colcon_core.package_identification:_identify(src/FiveDoF_moveit_config) by extensions ['ros']
[0.939s] Level 1:colcon.colcon_core.package_identification:_identify(src/FiveDoF_moveit_config) by extension 'ros'
[0.942s] DEBUG:colcon.colcon_core.package_identification:Package 'src/FiveDoF_moveit_config' with type 'ros.ament_cmake' and name 'FiveDoF_moveit_config'
[0.942s] Level 1:colcon.colcon_core.package_identification:_identify(src/robotController) by extensions ['ignore', 'ignore_ament_install']
[0.943s] Level 1:colcon.colcon_core.package_identification:_identify(src/robotController) by extension 'ignore'
[0.943s] Level 1:colcon.colcon_core.package_identification:_identify(src/robotController) by extension 'ignore_ament_install'
[0.943s] Level 1:colcon.colcon_core.package_identification:_identify(src/robotController) by extensions ['colcon_pkg']
[0.943s] Level 1:colcon.colcon_core.package_identification:_identify(src/robotController) by extension 'colcon_pkg'
[0.943s] Level 1:colcon.colcon_core.package_identification:_identify(src/robotController) by extensions ['colcon_meta']
[0.944s] Level 1:colcon.colcon_core.package_identification:_identify(src/robotController) by extension 'colcon_meta'
[0.944s] Level 1:colcon.colcon_core.package_identification:_identify(src/robotController) by extensions ['ros']
[0.944s] Level 1:colcon.colcon_core.package_identification:_identify(src/robotController) by extension 'ros'
[0.947s] DEBUG:colcon.colcon_core.package_identification:Package 'src/robotController' with type 'ros.ament_python' and name 'robotController'
[0.947s] Level 1:colcon.colcon_core.package_discovery:discover_packages(recursive) using defaults
[0.947s] Level 1:colcon.colcon_core.package_discovery:discover_packages(ignore) discover
[0.947s] Level 1:colcon.colcon_core.package_discovery:discover_packages(ignore) using defaults
[0.947s] Level 1:colcon.colcon_core.package_discovery:discover_packages(path) discover
[0.947s] Level 1:colcon.colcon_core.package_discovery:discover_packages(path) using defaults
[1.016s] Level 1:colcon.colcon_core.package_discovery:discover_packages(prefix_path) check parameters
[1.016s] Level 1:colcon.colcon_core.package_discovery:discover_packages(prefix_path) discover
[1.020s] WARNING:colcon.colcon_ros.prefix_path.ament:The path '/home/kol/Documents/Robots/ros_ws/FiveDoFRobot/install/FiveDoF_Moveit_config' in the environment variable AMENT_PREFIX_PATH doesn't exist
[1.020s] WARNING:colcon.colcon_ros.prefix_path.catkin:The path '/home/kol/Documents/Robots/ros_ws/FiveDoFRobot/install/FiveDoF_Moveit_config' in the environment variable CMAKE_PREFIX_PATH doesn't exist
[1.023s] DEBUG:colcon.colcon_installed_package_information.package_discovery:Found 3 installed packages in /home/kol/Documents/Robots/ros_ws/FiveDoFRobot/install
[1.029s] DEBUG:colcon.colcon_installed_package_information.package_discovery:Found 398 installed packages in /opt/ros/humble
[1.035s] Level 1:colcon.colcon_core.package_discovery:discover_packages(prefix_path) using defaults
[1.215s] Level 5:colcon.colcon_core.verb:set package 'FiveDoFBot_description' build argument 'cmake_args' from command line to 'None'
[1.215s] Level 5:colcon.colcon_core.verb:set package 'FiveDoFBot_description' build argument 'cmake_target' from command line to 'None'
[1.215s] Level 5:colcon.colcon_core.verb:set package 'FiveDoFBot_description' build argument 'cmake_target_skip_unavailable' from command line to 'False'
[1.215s] Level 5:colcon.colcon_core.verb:set package 'FiveDoFBot_description' build argument 'cmake_clean_cache' from command line to 'False'
[1.215s] Level 5:colcon.colcon_core.verb:set package 'FiveDoFBot_description' build argument 'cmake_clean_first' from command line to 'False'
[1.215s] Level 5:colcon.colcon_core.verb:set package 'FiveDoFBot_description' build argument 'cmake_force_configure' from command line to 'False'
[1.215s] Level 5:colcon.colcon_core.verb:set package 'FiveDoFBot_description' build argument 'ament_cmake_args' from command line to 'None'
[1.216s] Level 5:colcon.colcon_core.verb:set package 'FiveDoFBot_description' build argument 'catkin_cmake_args' from command line to 'None'
[1.216s] Level 5:colcon.colcon_core.verb:set package 'FiveDoFBot_description' build argument 'catkin_skip_building_tests' from command line to 'False'
[1.216s] DEBUG:colcon.colcon_core.verb:Building package 'FiveDoFBot_description' with the following arguments: {'ament_cmake_args': None, 'build_base': '/home/kol/Documents/Robots/ros_ws/FiveDoFRobot/build/FiveDoFBot_description', 'catkin_cmake_args': None, 'catkin_skip_building_tests': False, 'cmake_args': None, 'cmake_clean_cache': False, 'cmake_clean_first': False, 'cmake_force_configure': False, 'cmake_target': None, 'cmake_target_skip_unavailable': False, 'install_base': '/home/kol/Documents/Robots/ros_ws/FiveDoFRobot/install/FiveDoFBot_description', 'merge_install': False, 'path': '/home/kol/Documents/Robots/ros_ws/FiveDoFRobot/src/FiveDoFBot_description', 'symlink_install': True, 'test_result_base': None}
[1.217s] Level 5:colcon.colcon_core.verb:set package 'robotController' build argument 'cmake_args' from command line to 'None'
[1.217s] Level 5:colcon.colcon_core.verb:set package 'robotController' build argument 'cmake_target' from command line to 'None'
[1.217s] Level 5:colcon.colcon_core.verb:set package 'robotController' build argument 'cmake_target_skip_unavailable' from command line to 'False'
[1.217s] Level 5:colcon.colcon_core.verb:set package 'robotController' build argument 'cmake_clean_cache' from command line to 'False'
[1.218s] Level 5:colcon.colcon_core.verb:set package 'robotController' build argument 'cmake_clean_first' from command line to 'False'
[1.218s] Level 5:colcon.colcon_core.verb:set package 'robotController' build argument 'cmake_force_configure' from command line to 'False'
[1.218s] Level 5:colcon.colcon_core.verb:set package 'robotController' build argument 'ament_cmake_args' from command line to 'None'
[1.218s] Level 5:colcon.colcon_core.verb:set package 'robotController' build argument 'catkin_cmake_args' from command line to 'None'
[1.218s] Level 5:colcon.colcon_core.verb:set package 'robotController' build argument 'catkin_skip_building_tests' from command line to 'False'
[1.218s] DEBUG:colcon.colcon_core.verb:Building package 'robotController' with the following arguments: {'ament_cmake_args': None, 'build_base': '/home/kol/Documents/Robots/ros_ws/FiveDoFRobot/build/robotController', 'catkin_cmake_args': None, 'catkin_skip_building_tests': False, 'cmake_args': None, 'cmake_clean_cache': False, 'cmake_clean_first': False, 'cmake_force_configure': False, 'cmake_target': None, 'cmake_target_skip_unavailable': False, 'install_base': '/home/kol/Documents/Robots/ros_ws/FiveDoFRobot/install/robotController', 'merge_install': False, 'path': '/home/kol/Documents/Robots/ros_ws/FiveDoFRobot/src/robotController', 'symlink_install': True, 'test_result_base': None}
[1.219s] Level 5:colcon.colcon_core.verb:set package 'FiveDoF_moveit_config' build argument 'cmake_args' from command line to 'None'
[1.220s] Level 5:colcon.colcon_core.verb:set package 'FiveDoF_moveit_config' build argument 'cmake_target' from command line to 'None'
[1.220s] Level 5:colcon.colcon_core.verb:set package 'FiveDoF_moveit_config' build argument 'cmake_target_skip_unavailable' from command line to 'False'
[1.220s] Level 5:colcon.colcon_core.verb:set package 'FiveDoF_moveit_config' build argument 'cmake_clean_cache' from command line to 'False'
[1.220s] Level 5:colcon.colcon_core.verb:set package 'FiveDoF_moveit_config' build argument 'cmake_clean_first' from command line to 'False'
[1.220s] Level 5:colcon.colcon_core.verb:set package 'FiveDoF_moveit_config' build argument 'cmake_force_configure' from command line to 'False'
[1.220s] Level 5:colcon.colcon_core.verb:set package 'FiveDoF_moveit_config' build argument 'ament_cmake_args' from command line to 'None'
[1.220s] Level 5:colcon.colcon_core.verb:set package 'FiveDoF_moveit_config' build argument 'catkin_cmake_args' from command line to 'None'
[1.220s] Level 5:colcon.colcon_core.verb:set package 'FiveDoF_moveit_config' build argument 'catkin_skip_building_tests' from command line to 'False'
[1.221s] DEBUG:colcon.colcon_core.verb:Building package 'FiveDoF_moveit_config' with the following arguments: {'ament_cmake_args': None, 'build_base': '/home/kol/Documents/Robots/ros_ws/FiveDoFRobot/build/FiveDoF_moveit_config', 'catkin_cmake_args': None, 'catkin_skip_building_tests': False, 'cmake_args': None, 'cmake_clean_cache': False, 'cmake_clean_first': False, 'cmake_force_configure': False, 'cmake_target': None, 'cmake_target_skip_unavailable': False, 'install_base': '/home/kol/Documents/Robots/ros_ws/FiveDoFRobot/install/FiveDoF_moveit_config', 'merge_install': False, 'path': '/home/kol/Documents/Robots/ros_ws/FiveDoFRobot/src/FiveDoF_moveit_config', 'symlink_install': True, 'test_result_base': None}
[1.221s] INFO:colcon.colcon_core.executor:Executing jobs using 'parallel' executor
[1.224s] DEBUG:colcon.colcon_parallel_executor.executor.parallel:run_until_complete
[1.224s] INFO:colcon.colcon_ros.task.ament_python.build:Building ROS package in '/home/kol/Documents/Robots/ros_ws/FiveDoFRobot/src/FiveDoFBot_description' with build type 'ament_python'
[1.225s] Level 1:colcon.colcon_core.shell:create_environment_hook('FiveDoFBot_description', 'ament_prefix_path')
[1.231s] INFO:colcon.colcon_core.plugin_system:Skipping extension 'colcon_core.shell.bat': Not used on non-Windows systems
[1.231s] INFO:colcon.colcon_core.shell:Creating environment hook '/home/kol/Documents/Robots/ros_ws/FiveDoFRobot/install/FiveDoFBot_description/share/FiveDoFBot_description/hook/ament_prefix_path.ps1'
[1.233s] INFO:colcon.colcon_core.shell:Creating environment descriptor '/home/kol/Documents/Robots/ros_ws/FiveDoFRobot/install/FiveDoFBot_description/share/FiveDoFBot_description/hook/ament_prefix_path.dsv'
[1.234s] INFO:colcon.colcon_core.shell:Creating environment hook '/home/kol/Documents/Robots/ros_ws/FiveDoFRobot/install/FiveDoFBot_description/share/FiveDoFBot_description/hook/ament_prefix_path.sh'
[1.236s] INFO:colcon.colcon_core.shell:Skip shell extension 'powershell' for command environment: Not usable outside of PowerShell
[1.237s] DEBUG:colcon.colcon_core.shell:Skip shell extension 'dsv' for command environment
[1.247s] INFO:colcon.colcon_ros.task.ament_python.build:Building ROS package in '/home/kol/Documents/Robots/ros_ws/FiveDoFRobot/src/robotController' with build type 'ament_python'
[1.248s] Level 1:colcon.colcon_core.shell:create_environment_hook('robotController', 'ament_prefix_path')
[1.249s] INFO:colcon.colcon_core.shell:Creating environment hook '/home/kol/Documents/Robots/ros_ws/FiveDoFRobot/install/robotController/share/robotController/hook/ament_prefix_path.ps1'
[1.251s] INFO:colcon.colcon_core.shell:Creating environment descriptor '/home/kol/Documents/Robots/ros_ws/FiveDoFRobot/install/robotController/share/robotController/hook/ament_prefix_path.dsv'
[1.252s] INFO:colcon.colcon_core.shell:Creating environment hook '/home/kol/Documents/Robots/ros_ws/FiveDoFRobot/install/robotController/share/robotController/hook/ament_prefix_path.sh'
[1.254s] INFO:colcon.colcon_core.shell:Skip shell extension 'powershell' for command environment: Not usable outside of PowerShell
[1.255s] DEBUG:colcon.colcon_core.shell:Skip shell extension 'dsv' for command environment
[2.359s] INFO:colcon.colcon_core.task.python.build:Building Python package in '/home/kol/Documents/Robots/ros_ws/FiveDoFRobot/src/FiveDoFBot_description'
[2.360s] INFO:colcon.colcon_core.shell:Skip shell extension 'powershell' for command environment: Not usable outside of PowerShell
[2.361s] DEBUG:colcon.colcon_core.shell:Skip shell extension 'dsv' for command environment
[3.669s] INFO:colcon.colcon_core.task.python.build:Building Python package in '/home/kol/Documents/Robots/ros_ws/FiveDoFRobot/src/robotController'
[3.671s] INFO:colcon.colcon_core.shell:Skip shell extension 'powershell' for command environment: Not usable outside of PowerShell
[3.671s] DEBUG:colcon.colcon_core.shell:Skip shell extension 'dsv' for command environment
[5.467s] DEBUG:colcon.colcon_core.event_handler.log_command:Invoking command in '/home/kol/Documents/Robots/ros_ws/FiveDoFRobot/build/robotController': PYTHONPATH=/home/kol/Documents/Robots/ros_ws/FiveDoFRobot/build/robotController/prefix_override:/usr/lib/python3/dist-packages/colcon_core/task/python/colcon_distutils_commands:/home/kol/Documents/Robots/ros_ws/FiveDoFRobot/install/robotController/lib/python3.10/site-packages:${PYTHONPATH} /usr/bin/python3 -W ignore:setup.py install is deprecated setup.py develop --editable --build-directory /home/kol/Documents/Robots/ros_ws/FiveDoFRobot/build/robotController/build --no-deps symlink_data
[5.674s] DEBUG:colcon.colcon_core.event_handler.log_command:Invoking command in '/home/kol/Documents/Robots/ros_ws/FiveDoFRobot/build/FiveDoFBot_description': PYTHONPATH=/home/kol/Documents/Robots/ros_ws/FiveDoFRobot/build/FiveDoFBot_description/prefix_override:/usr/lib/python3/dist-packages/colcon_core/task/python/colcon_distutils_commands:/home/kol/Documents/Robots/ros_ws/FiveDoFRobot/install/FiveDoFBot_description/lib/python3.10/site-packages:${PYTHONPATH} /usr/bin/python3 -W ignore:setup.py install is deprecated setup.py develop --editable --build-directory /home/kol/Documents/Robots/ros_ws/FiveDoFRobot/build/FiveDoFBot_description/build --no-deps symlink_data
[8.499s] Level 1:colcon.colcon_core.shell:create_environment_hook('robotController', 'pythonpath_develop')
[8.501s] DEBUG:colcon.colcon_core.event_handler.log_command:Invoked command in '/home/kol/Documents/Robots/ros_ws/FiveDoFRobot/build/robotController' returned '0': PYTHONPATH=/home/kol/Documents/Robots/ros_ws/FiveDoFRobot/build/robotController/prefix_override:/usr/lib/python3/dist-packages/colcon_core/task/python/colcon_distutils_commands:/home/kol/Documents/Robots/ros_ws/FiveDoFRobot/install/robotController/lib/python3.10/site-packages:${PYTHONPATH} /usr/bin/python3 -W ignore:setup.py install is deprecated setup.py develop --editable --build-directory /home/kol/Documents/Robots/ros_ws/FiveDoFRobot/build/robotController/build --no-deps symlink_data
[8.502s] INFO:colcon.colcon_core.shell:Creating environment hook '/home/kol/Documents/Robots/ros_ws/FiveDoFRobot/build/robotController/share/robotController/hook/pythonpath_develop.ps1'
[8.505s] INFO:colcon.colcon_core.shell:Creating environment descriptor '/home/kol/Documents/Robots/ros_ws/FiveDoFRobot/build/robotController/share/robotController/hook/pythonpath_develop.dsv'
[8.506s] INFO:colcon.colcon_core.shell:Creating environment hook '/home/kol/Documents/Robots/ros_ws/FiveDoFRobot/build/robotController/share/robotController/hook/pythonpath_develop.sh'
[8.517s] Level 1:colcon.colcon_core.environment:checking '/home/kol/Documents/Robots/ros_ws/FiveDoFRobot/install/robotController' for CMake module files
[8.519s] Level 1:colcon.colcon_core.environment:checking '/home/kol/Documents/Robots/ros_ws/FiveDoFRobot/install/robotController' for CMake config files
[8.523s] Level 1:colcon.colcon_core.environment:checking '/home/kol/Documents/Robots/ros_ws/FiveDoFRobot/install/robotController/lib'
[8.524s] Level 1:colcon.colcon_core.environment:checking '/home/kol/Documents/Robots/ros_ws/FiveDoFRobot/install/robotController/bin'
[8.525s] Level 1:colcon.colcon_core.environment:checking '/home/kol/Documents/Robots/ros_ws/FiveDoFRobot/install/robotController/lib/pkgconfig/robotController.pc'
[8.526s] Level 1:colcon.colcon_core.environment:checking '/home/kol/Documents/Robots/ros_ws/FiveDoFRobot/install/robotController/lib/python3.10/site-packages'
[8.527s] Level 1:colcon.colcon_core.shell:create_environment_hook('robotController', 'pythonpath')
[8.529s] INFO:colcon.colcon_core.shell:Creating environment hook '/home/kol/Documents/Robots/ros_ws/FiveDoFRobot/install/robotController/share/robotController/hook/pythonpath.ps1'
[8.531s] INFO:colcon.colcon_core.shell:Creating environment descriptor '/home/kol/Documents/Robots/ros_ws/FiveDoFRobot/install/robotController/share/robotController/hook/pythonpath.dsv'
[8.533s] INFO:colcon.colcon_core.shell:Creating environment hook '/home/kol/Documents/Robots/ros_ws/FiveDoFRobot/install/robotController/share/robotController/hook/pythonpath.sh'
[8.536s] Level 1:colcon.colcon_core.environment:checking '/home/kol/Documents/Robots/ros_ws/FiveDoFRobot/install/robotController/bin'
[8.537s] Level 1:colcon.colcon_core.environment:create_environment_scripts_only(robotController)
[8.539s] INFO:colcon.colcon_core.shell:Creating package script '/home/kol/Documents/Robots/ros_ws/FiveDoFRobot/install/robotController/share/robotController/package.ps1'
[8.545s] INFO:colcon.colcon_core.shell:Creating package descriptor '/home/kol/Documents/Robots/ros_ws/FiveDoFRobot/install/robotController/share/robotController/package.dsv'
[8.548s] INFO:colcon.colcon_core.shell:Creating package script '/home/kol/Documents/Robots/ros_ws/FiveDoFRobot/install/robotController/share/robotController/package.sh'
[8.551s] INFO:colcon.colcon_core.shell:Creating package script '/home/kol/Documents/Robots/ros_ws/FiveDoFRobot/install/robotController/share/robotController/package.bash'
[8.554s] INFO:colcon.colcon_core.shell:Creating package script '/home/kol/Documents/Robots/ros_ws/FiveDoFRobot/install/robotController/share/robotController/package.zsh'
[8.558s] Level 1:colcon.colcon_core.environment:create_file_with_runtime_dependencies(/home/kol/Documents/Robots/ros_ws/FiveDoFRobot/install/robotController/share/colcon-core/packages/robotController)
[8.791s] Level 1:colcon.colcon_core.shell:create_environment_hook('FiveDoFBot_description', 'pythonpath_develop')
[8.792s] INFO:colcon.colcon_core.shell:Creating environment hook '/home/kol/Documents/Robots/ros_ws/FiveDoFRobot/build/FiveDoFBot_description/share/FiveDoFBot_description/hook/pythonpath_develop.ps1'
[8.794s] DEBUG:colcon.colcon_core.event_handler.log_command:Invoked command in '/home/kol/Documents/Robots/ros_ws/FiveDoFRobot/build/FiveDoFBot_description' returned '0': PYTHONPATH=/home/kol/Documents/Robots/ros_ws/FiveDoFRobot/build/FiveDoFBot_description/prefix_override:/usr/lib/python3/dist-packages/colcon_core/task/python/colcon_distutils_commands:/home/kol/Documents/Robots/ros_ws/FiveDoFRobot/install/FiveDoFBot_description/lib/python3.10/site-packages:${PYTHONPATH} /usr/bin/python3 -W ignore:setup.py install is deprecated setup.py develop --editable --build-directory /home/kol/Documents/Robots/ros_ws/FiveDoFRobot/build/FiveDoFBot_description/build --no-deps symlink_data
[8.796s] INFO:colcon.colcon_core.shell:Creating environment descriptor '/home/kol/Documents/Robots/ros_ws/FiveDoFRobot/build/FiveDoFBot_description/share/FiveDoFBot_description/hook/pythonpath_develop.dsv'
[8.797s] INFO:colcon.colcon_core.shell:Creating environment hook '/home/kol/Documents/Robots/ros_ws/FiveDoFRobot/build/FiveDoFBot_description/share/FiveDoFBot_description/hook/pythonpath_develop.sh'
[8.799s] Level 1:colcon.colcon_core.environment:checking '/home/kol/Documents/Robots/ros_ws/FiveDoFRobot/install/FiveDoFBot_description' for CMake module files
[8.801s] Level 1:colcon.colcon_core.environment:checking '/home/kol/Documents/Robots/ros_ws/FiveDoFRobot/install/FiveDoFBot_description' for CMake config files
[8.804s] Level 1:colcon.colcon_core.environment:checking '/home/kol/Documents/Robots/ros_ws/FiveDoFRobot/install/FiveDoFBot_description/lib'
[8.804s] Level 1:colcon.colcon_core.environment:checking '/home/kol/Documents/Robots/ros_ws/FiveDoFRobot/install/FiveDoFBot_description/bin'
[8.805s] Level 1:colcon.colcon_core.environment:checking '/home/kol/Documents/Robots/ros_ws/FiveDoFRobot/install/FiveDoFBot_description/lib/pkgconfig/FiveDoFBot_description.pc'
[8.806s] Level 1:colcon.colcon_core.environment:checking '/home/kol/Documents/Robots/ros_ws/FiveDoFRobot/install/FiveDoFBot_description/lib/python3.10/site-packages'
[8.806s] Level 1:colcon.colcon_core.shell:create_environment_hook('FiveDoFBot_description', 'pythonpath')
[8.807s] INFO:colcon.colcon_core.shell:Creating environment hook '/home/kol/Documents/Robots/ros_ws/FiveDoFRobot/install/FiveDoFBot_description/share/FiveDoFBot_description/hook/pythonpath.ps1'
[8.809s] INFO:colcon.colcon_core.shell:Creating environment descriptor '/home/kol/Documents/Robots/ros_ws/FiveDoFRobot/install/FiveDoFBot_description/share/FiveDoFBot_description/hook/pythonpath.dsv'
[8.810s] INFO:colcon.colcon_core.shell:Creating environment hook '/home/kol/Documents/Robots/ros_ws/FiveDoFRobot/install/FiveDoFBot_description/share/FiveDoFBot_description/hook/pythonpath.sh'
[8.812s] Level 1:colcon.colcon_core.environment:checking '/home/kol/Documents/Robots/ros_ws/FiveDoFRobot/install/FiveDoFBot_description/bin'
[8.812s] Level 1:colcon.colcon_core.environment:create_environment_scripts_only(FiveDoFBot_description)
[8.814s] INFO:colcon.colcon_core.shell:Creating package script '/home/kol/Documents/Robots/ros_ws/FiveDoFRobot/install/FiveDoFBot_description/share/FiveDoFBot_description/package.ps1'
[8.817s] INFO:colcon.colcon_core.shell:Creating package descriptor '/home/kol/Documents/Robots/ros_ws/FiveDoFRobot/install/FiveDoFBot_description/share/FiveDoFBot_description/package.dsv'
[8.819s] INFO:colcon.colcon_core.shell:Creating package script '/home/kol/Documents/Robots/ros_ws/FiveDoFRobot/install/FiveDoFBot_description/share/FiveDoFBot_description/package.sh'
[8.822s] INFO:colcon.colcon_core.shell:Creating package script '/home/kol/Documents/Robots/ros_ws/FiveDoFRobot/install/FiveDoFBot_description/share/FiveDoFBot_description/package.bash'
[8.824s] INFO:colcon.colcon_core.shell:Creating package script '/home/kol/Documents/Robots/ros_ws/FiveDoFRobot/install/FiveDoFBot_description/share/FiveDoFBot_description/package.zsh'
[8.826s] Level 1:colcon.colcon_core.environment:create_file_with_runtime_dependencies(/home/kol/Documents/Robots/ros_ws/FiveDoFRobot/install/FiveDoFBot_description/share/colcon-core/packages/FiveDoFBot_description)
[8.828s] INFO:colcon.colcon_ros.task.ament_cmake.build:Building ROS package in '/home/kol/Documents/Robots/ros_ws/FiveDoFRobot/src/FiveDoF_moveit_config' with build type 'ament_cmake'
[8.829s] INFO:colcon.colcon_cmake.task.cmake.build:Building CMake package in '/home/kol/Documents/Robots/ros_ws/FiveDoFRobot/src/FiveDoF_moveit_config'
[8.831s] INFO:colcon.colcon_core.shell:Skip shell extension 'powershell' for command environment: Not usable outside of PowerShell
[8.831s] DEBUG:colcon.colcon_core.shell:Skip shell extension 'dsv' for command environment
[8.883s] DEBUG:colcon.colcon_core.event_handler.log_command:Invoking command in '/home/kol/Documents/Robots/ros_ws/FiveDoFRobot/build/FiveDoF_moveit_config': AMENT_PREFIX_PATH=/home/kol/Documents/Robots/ros_ws/FiveDoFRobot/install/FiveDoFBot_description:/home/kol/Documents/Robots/ros_ws/FiveDoFRobot/install/FiveDoF_moveit_config:/home/kol/Documents/Robots/ros_ws/FiveDoFRobot/install/robotController:/home/kol/Documents/Robots/ros_ws/FiveDoFRobot/install/FiveDoF_Moveit_config:/opt/ros/humble CMAKE_PREFIX_PATH=${CMAKE_PREFIX_PATH}:/home/kol/Documents/Robots/ros_ws/FiveDoFRobot/install/robotController:/home/kol/Documents/Robots/ros_ws/FiveDoFRobot/install/FiveDoFBot_description:/opt/ros/humble PYTHONPATH=/home/kol/Documents/Robots/ros_ws/FiveDoFRobot/build/FiveDoFBot_description:/home/kol/Documents/Robots/ros_ws/FiveDoFRobot/install/FiveDoFBot_description/lib/python3.10/site-packages:/home/kol/Documents/Robots/ros_ws/FiveDoFRobot/build/robotController:/home/kol/Documents/Robots/ros_ws/FiveDoFRobot/install/robotController/lib/python3.10/site-packages:/opt/ros/humble/lib/python3.10/site-packages:/opt/ros/humble/local/lib/python3.10/dist-packages /usr/bin/cmake --build /home/kol/Documents/Robots/ros_ws/FiveDoFRobot/build/FiveDoF_moveit_config -- -j4 -l4
[10.488s] DEBUG:colcon.colcon_core.event_handler.log_command:Invoked command in '/home/kol/Documents/Robots/ros_ws/FiveDoFRobot/build/FiveDoF_moveit_config' returned '0': AMENT_PREFIX_PATH=/home/kol/Documents/Robots/ros_ws/FiveDoFRobot/install/FiveDoFBot_description:/home/kol/Documents/Robots/ros_ws/FiveDoFRobot/install/FiveDoF_moveit_config:/home/kol/Documents/Robots/ros_ws/FiveDoFRobot/install/robotController:/home/kol/Documents/Robots/ros_ws/FiveDoFRobot/install/FiveDoF_Moveit_config:/opt/ros/humble CMAKE_PREFIX_PATH=${CMAKE_PREFIX_PATH}:/home/kol/Documents/Robots/ros_ws/FiveDoFRobot/install/robotController:/home/kol/Documents/Robots/ros_ws/FiveDoFRobot/install/FiveDoFBot_description:/opt/ros/humble PYTHONPATH=/home/kol/Documents/Robots/ros_ws/FiveDoFRobot/build/FiveDoFBot_description:/home/kol/Documents/Robots/ros_ws/FiveDoFRobot/install/FiveDoFBot_description/lib/python3.10/site-packages:/home/kol/Documents/Robots/ros_ws/FiveDoFRobot/build/robotController:/home/kol/Documents/Robots/ros_ws/FiveDoFRobot/install/robotController/lib/python3.10/site-packages:/opt/ros/humble/lib/python3.10/site-packages:/opt/ros/humble/local/lib/python3.10/dist-packages /usr/bin/cmake --build /home/kol/Documents/Robots/ros_ws/FiveDoFRobot/build/FiveDoF_moveit_config -- -j4 -l4
[10.742s] DEBUG:colcon.colcon_core.event_handler.log_command:Invoking command in '/home/kol/Documents/Robots/ros_ws/FiveDoFRobot/build/FiveDoF_moveit_config': AMENT_PREFIX_PATH=/home/kol/Documents/Robots/ros_ws/FiveDoFRobot/install/FiveDoFBot_description:/home/kol/Documents/Robots/ros_ws/FiveDoFRobot/install/FiveDoF_moveit_config:/home/kol/Documents/Robots/ros_ws/FiveDoFRobot/install/robotController:/home/kol/Documents/Robots/ros_ws/FiveDoFRobot/install/FiveDoF_Moveit_config:/opt/ros/humble CMAKE_PREFIX_PATH=${CMAKE_PREFIX_PATH}:/home/kol/Documents/Robots/ros_ws/FiveDoFRobot/install/robotController:/home/kol/Documents/Robots/ros_ws/FiveDoFRobot/install/FiveDoFBot_description:/opt/ros/humble PYTHONPATH=/home/kol/Documents/Robots/ros_ws/FiveDoFRobot/build/FiveDoFBot_description:/home/kol/Documents/Robots/ros_ws/FiveDoFRobot/install/FiveDoFBot_description/lib/python3.10/site-packages:/home/kol/Documents/Robots/ros_ws/FiveDoFRobot/build/robotController:/home/kol/Documents/Robots/ros_ws/FiveDoFRobot/install/robotController/lib/python3.10/site-packages:/opt/ros/humble/lib/python3.10/site-packages:/opt/ros/humble/local/lib/python3.10/dist-packages /usr/bin/cmake --install /home/kol/Documents/Robots/ros_ws/FiveDoFRobot/build/FiveDoF_moveit_config
[10.919s] Level 1:colcon.colcon_core.environment:create_environment_scripts_only(FiveDoF_moveit_config)
[10.921s] Level 1:colcon.colcon_core.environment:checking '/home/kol/Documents/Robots/ros_ws/FiveDoFRobot/install/FiveDoF_moveit_config' for CMake module files
[10.924s] DEBUG:colcon.colcon_core.event_handler.log_command:Invoked command in '/home/kol/Documents/Robots/ros_ws/FiveDoFRobot/build/FiveDoF_moveit_config' returned '0': AMENT_PREFIX_PATH=/home/kol/Documents/Robots/ros_ws/FiveDoFRobot/install/FiveDoFBot_description:/home/kol/Documents/Robots/ros_ws/FiveDoFRobot/install/FiveDoF_moveit_config:/home/kol/Documents/Robots/ros_ws/FiveDoFRobot/install/robotController:/home/kol/Documents/Robots/ros_ws/FiveDoFRobot/install/FiveDoF_Moveit_config:/opt/ros/humble CMAKE_PREFIX_PATH=${CMAKE_PREFIX_PATH}:/home/kol/Documents/Robots/ros_ws/FiveDoFRobot/install/robotController:/home/kol/Documents/Robots/ros_ws/FiveDoFRobot/install/FiveDoFBot_description:/opt/ros/humble PYTHONPATH=/home/kol/Documents/Robots/ros_ws/FiveDoFRobot/build/FiveDoFBot_description:/home/kol/Documents/Robots/ros_ws/FiveDoFRobot/install/FiveDoFBot_description/lib/python3.10/site-packages:/home/kol/Documents/Robots/ros_ws/FiveDoFRobot/build/robotController:/home/kol/Documents/Robots/ros_ws/FiveDoFRobot/install/robotController/lib/python3.10/site-packages:/opt/ros/humble/lib/python3.10/site-packages:/opt/ros/humble/local/lib/python3.10/dist-packages /usr/bin/cmake --install /home/kol/Documents/Robots/ros_ws/FiveDoFRobot/build/FiveDoF_moveit_config
[10.928s] Level 1:colcon.colcon_core.environment:checking '/home/kol/Documents/Robots/ros_ws/FiveDoFRobot/install/FiveDoF_moveit_config' for CMake config files
[10.929s] Level 1:colcon.colcon_core.shell:create_environment_hook('FiveDoF_moveit_config', 'cmake_prefix_path')
[10.931s] INFO:colcon.colcon_core.shell:Creating environment hook '/home/kol/Documents/Robots/ros_ws/FiveDoFRobot/install/FiveDoF_moveit_config/share/FiveDoF_moveit_config/hook/cmake_prefix_path.ps1'
[10.933s] INFO:colcon.colcon_core.shell:Creating environment descriptor '/home/kol/Documents/Robots/ros_ws/FiveDoFRobot/install/FiveDoF_moveit_config/share/FiveDoF_moveit_config/hook/cmake_prefix_path.dsv'
[10.935s] INFO:colcon.colcon_core.shell:Creating environment hook '/home/kol/Documents/Robots/ros_ws/FiveDoFRobot/install/FiveDoF_moveit_config/share/FiveDoF_moveit_config/hook/cmake_prefix_path.sh'
[10.938s] Level 1:colcon.colcon_core.environment:checking '/home/kol/Documents/Robots/ros_ws/FiveDoFRobot/install/FiveDoF_moveit_config/bin'
[10.939s] Level 1:colcon.colcon_core.environment:checking '/home/kol/Documents/Robots/ros_ws/FiveDoFRobot/install/FiveDoF_moveit_config/lib/pkgconfig/FiveDoF_moveit_config.pc'
[10.941s] Level 1:colcon.colcon_core.environment:checking '/home/kol/Documents/Robots/ros_ws/FiveDoFRobot/install/FiveDoF_moveit_config/lib/python3.10/site-packages'
[10.942s] Level 1:colcon.colcon_core.environment:checking '/home/kol/Documents/Robots/ros_ws/FiveDoFRobot/install/FiveDoF_moveit_config/bin'
[10.944s] INFO:colcon.colcon_core.shell:Creating package script '/home/kol/Documents/Robots/ros_ws/FiveDoFRobot/install/FiveDoF_moveit_config/share/FiveDoF_moveit_config/package.ps1'
[10.947s] INFO:colcon.colcon_core.shell:Creating package descriptor '/home/kol/Documents/Robots/ros_ws/FiveDoFRobot/install/FiveDoF_moveit_config/share/FiveDoF_moveit_config/package.dsv'
[10.950s] INFO:colcon.colcon_core.shell:Creating package script '/home/kol/Documents/Robots/ros_ws/FiveDoFRobot/install/FiveDoF_moveit_config/share/FiveDoF_moveit_config/package.sh'
[10.952s] INFO:colcon.colcon_core.shell:Creating package script '/home/kol/Documents/Robots/ros_ws/FiveDoFRobot/install/FiveDoF_moveit_config/share/FiveDoF_moveit_config/package.bash'
[10.954s] INFO:colcon.colcon_core.shell:Creating package script '/home/kol/Documents/Robots/ros_ws/FiveDoFRobot/install/FiveDoF_moveit_config/share/FiveDoF_moveit_config/package.zsh'
[10.956s] Level 1:colcon.colcon_core.environment:create_file_with_runtime_dependencies(/home/kol/Documents/Robots/ros_ws/FiveDoFRobot/install/FiveDoF_moveit_config/share/colcon-core/packages/FiveDoF_moveit_config)
[11.118s] Level 1:colcon.colcon_core.environment:create_environment_scripts_only(FiveDoF_moveit_config)
[11.120s] Level 1:colcon.colcon_core.environment:checking '/home/kol/Documents/Robots/ros_ws/FiveDoFRobot/install/FiveDoF_moveit_config' for CMake module files
[11.123s] Level 1:colcon.colcon_core.environment:checking '/home/kol/Documents/Robots/ros_ws/FiveDoFRobot/install/FiveDoF_moveit_config' for CMake config files
[11.125s] Level 1:colcon.colcon_core.shell:create_environment_hook('FiveDoF_moveit_config', 'cmake_prefix_path')
[11.126s] INFO:colcon.colcon_core.shell:Creating environment hook '/home/kol/Documents/Robots/ros_ws/FiveDoFRobot/install/FiveDoF_moveit_config/share/FiveDoF_moveit_config/hook/cmake_prefix_path.ps1'
[11.129s] INFO:colcon.colcon_core.shell:Creating environment descriptor '/home/kol/Documents/Robots/ros_ws/FiveDoFRobot/install/FiveDoF_moveit_config/share/FiveDoF_moveit_config/hook/cmake_prefix_path.dsv'
[11.132s] INFO:colcon.colcon_core.shell:Creating environment hook '/home/kol/Documents/Robots/ros_ws/FiveDoFRobot/install/FiveDoF_moveit_config/share/FiveDoF_moveit_config/hook/cmake_prefix_path.sh'
[11.135s] Level 1:colcon.colcon_core.environment:checking '/home/kol/Documents/Robots/ros_ws/FiveDoFRobot/install/FiveDoF_moveit_config/bin'
[11.135s] Level 1:colcon.colcon_core.environment:checking '/home/kol/Documents/Robots/ros_ws/FiveDoFRobot/install/FiveDoF_moveit_config/lib/pkgconfig/FiveDoF_moveit_config.pc'
[11.137s] Level 1:colcon.colcon_core.environment:checking '/home/kol/Documents/Robots/ros_ws/FiveDoFRobot/install/FiveDoF_moveit_config/lib/python3.10/site-packages'
[11.139s] Level 1:colcon.colcon_core.environment:checking '/home/kol/Documents/Robots/ros_ws/FiveDoFRobot/install/FiveDoF_moveit_config/bin'
[11.141s] INFO:colcon.colcon_core.shell:Creating package script '/home/kol/Documents/Robots/ros_ws/FiveDoFRobot/install/FiveDoF_moveit_config/share/FiveDoF_moveit_config/package.ps1'
[11.144s] INFO:colcon.colcon_core.shell:Creating package descriptor '/home/kol/Documents/Robots/ros_ws/FiveDoFRobot/install/FiveDoF_moveit_config/share/FiveDoF_moveit_config/package.dsv'
[11.147s] INFO:colcon.colcon_core.shell:Creating package script '/home/kol/Documents/Robots/ros_ws/FiveDoFRobot/install/FiveDoF_moveit_config/share/FiveDoF_moveit_config/package.sh'
[11.150s] INFO:colcon.colcon_core.shell:Creating package script '/home/kol/Documents/Robots/ros_ws/FiveDoFRobot/install/FiveDoF_moveit_config/share/FiveDoF_moveit_config/package.bash'
[11.153s] INFO:colcon.colcon_core.shell:Creating package script '/home/kol/Documents/Robots/ros_ws/FiveDoFRobot/install/FiveDoF_moveit_config/share/FiveDoF_moveit_config/package.zsh'
[11.155s] Level 1:colcon.colcon_core.environment:create_file_with_runtime_dependencies(/home/kol/Documents/Robots/ros_ws/FiveDoFRobot/install/FiveDoF_moveit_config/share/colcon-core/packages/FiveDoF_moveit_config)
[11.158s] DEBUG:colcon.colcon_parallel_executor.executor.parallel:closing loop
[11.159s] DEBUG:colcon.colcon_parallel_executor.executor.parallel:loop closed
[11.160s] DEBUG:colcon.colcon_parallel_executor.executor.parallel:run_until_complete finished with '0'
[11.161s] DEBUG:colcon.colcon_core.event_reactor:joining thread
[11.193s] INFO:colcon.colcon_core.plugin_system:Skipping extension 'colcon_notification.desktop_notification.terminal_notifier': Not used on non-Darwin systems
[11.194s] INFO:colcon.colcon_core.plugin_system:Skipping extension 'colcon_notification.desktop_notification.win32': Not used on non-Windows systems
[11.194s] INFO:colcon.colcon_notification.desktop_notification:Sending desktop notification using 'notify2'
[11.274s] DEBUG:colcon.colcon_core.event_reactor:joined thread
[11.277s] INFO:colcon.colcon_core.shell:Creating prefix script '/home/kol/Documents/Robots/ros_ws/FiveDoFRobot/install/local_setup.ps1'
[11.286s] INFO:colcon.colcon_core.shell:Creating prefix util module '/home/kol/Documents/Robots/ros_ws/FiveDoFRobot/install/_local_setup_util_ps1.py'
[11.299s] INFO:colcon.colcon_core.shell:Creating prefix chain script '/home/kol/Documents/Robots/ros_ws/FiveDoFRobot/install/setup.ps1'
[11.308s] INFO:colcon.colcon_core.shell:Creating prefix script '/home/kol/Documents/Robots/ros_ws/FiveDoFRobot/install/local_setup.sh'
[11.318s] INFO:colcon.colcon_core.shell:Creating prefix util module '/home/kol/Documents/Robots/ros_ws/FiveDoFRobot/install/_local_setup_util_sh.py'
[11.324s] INFO:colcon.colcon_core.shell:Creating prefix chain script '/home/kol/Documents/Robots/ros_ws/FiveDoFRobot/install/setup.sh'
[11.342s] INFO:colcon.colcon_core.shell:Creating prefix script '/home/kol/Documents/Robots/ros_ws/FiveDoFRobot/install/local_setup.bash'
[11.349s] INFO:colcon.colcon_core.shell:Creating prefix chain script '/home/kol/Documents/Robots/ros_ws/FiveDoFRobot/install/setup.bash'
[11.362s] INFO:colcon.colcon_core.shell:Creating prefix script '/home/kol/Documents/Robots/ros_ws/FiveDoFRobot/install/local_setup.zsh'
[11.365s] INFO:colcon.colcon_core.shell:Creating prefix chain script '/home/kol/Documents/Robots/ros_ws/FiveDoFRobot/install/setup.zsh'
