[0.116s] DEBUG:colcon:Command line arguments: ['/usr/bin/colcon', 'build', '--packages-select', 'pub_sub']
[0.116s] DEBUG:colcon:Parsed command line arguments: Namespace(log_base=None, log_level=None, verb_name='build', build_base='build', install_base='install', merge_install=False, symlink_install=False, test_result_base=None, continue_on_error=False, executor='parallel', parallel_workers=4, event_handlers=None, ignore_user_meta=False, metas=['./colcon.meta'], base_paths=['.'], packages_ignore=None, packages_ignore_regex=None, paths=None, packages_up_to=None, packages_up_to_regex=None, packages_above=None, packages_above_and_dependencies=None, packages_above_depth=None, packages_select_by_dep=None, packages_skip_by_dep=None, packages_skip_up_to=None, packages_select_build_failed=False, packages_skip_build_finished=False, packages_select_test_failures=False, packages_skip_test_passed=False, packages_select=['pub_sub'], packages_skip=None, packages_select_regex=None, packages_skip_regex=None, packages_start=None, packages_end=None, allow_overriding=[], cmake_args=None, cmake_target=None, cmake_target_skip_unavailable=False, cmake_clean_cache=False, cmake_clean_first=False, cmake_force_configure=False, ament_cmake_args=None, catkin_cmake_args=None, catkin_skip_building_tests=False, mixin_files=None, mixin=None, verb_parser=<colcon_mixin.mixin.mixin_argument.MixinArgumentDecorator object at 0x76395ab23790>, verb_extension=<colcon_core.verb.build.BuildVerb object at 0x76395ac8fc10>, main=<bound method BuildVerb.main of <colcon_core.verb.build.BuildVerb object at 0x76395ac8fc10>>, mixin_verb=('build',))
[0.314s] Level 1:colcon.colcon_core.package_discovery:discover_packages(colcon_meta) check parameters
[0.314s] Level 1:colcon.colcon_core.package_discovery:discover_packages(recursive) check parameters
[0.314s] Level 1:colcon.colcon_core.package_discovery:discover_packages(ignore) check parameters
[0.314s] Level 1:colcon.colcon_core.package_discovery:discover_packages(path) check parameters
[0.314s] Level 1:colcon.colcon_core.package_discovery:discover_packages(colcon_meta) discover
[0.314s] Level 1:colcon.colcon_core.package_discovery:discover_packages(recursive) discover
[0.314s] INFO:colcon.colcon_core.package_discovery:Crawling recursively for packages in '/home/kol/Documents/Robots/learning/pub_sub_cpp'
[0.315s] Level 1:colcon.colcon_core.package_identification:_identify(.) by extensions ['ignore', 'ignore_ament_install']
[0.315s] Level 1:colcon.colcon_core.package_identification:_identify(.) by extension 'ignore'
[0.315s] Level 1:colcon.colcon_core.package_identification:_identify(.) by extension 'ignore_ament_install'
[0.315s] Level 1:colcon.colcon_core.package_identification:_identify(.) by extensions ['colcon_pkg']
[0.315s] Level 1:colcon.colcon_core.package_identification:_identify(.) by extension 'colcon_pkg'
[0.315s] Level 1:colcon.colcon_core.package_identification:_identify(.) by extensions ['colcon_meta']
[0.315s] Level 1:colcon.colcon_core.package_identification:_identify(.) by extension 'colcon_meta'
[0.315s] Level 1:colcon.colcon_core.package_identification:_identify(.) by extensions ['ros']
[0.315s] Level 1:colcon.colcon_core.package_identification:_identify(.) by extension 'ros'
[0.334s] Level 1:colcon.colcon_core.package_identification:_identify(.) by extensions ['cmake', 'python']
[0.334s] Level 1:colcon.colcon_core.package_identification:_identify(.) by extension 'cmake'
[0.334s] Level 1:colcon.colcon_core.package_identification:_identify(.) by extension 'python'
[0.334s] Level 1:colcon.colcon_core.package_identification:_identify(.) by extensions ['python_setup_py']
[0.334s] Level 1:colcon.colcon_core.package_identification:_identify(.) by extension 'python_setup_py'
[0.334s] Level 1:colcon.colcon_core.package_identification:_identify(build) by extensions ['ignore', 'ignore_ament_install']
[0.335s] Level 1:colcon.colcon_core.package_identification:_identify(build) by extension 'ignore'
[0.335s] Level 1:colcon.colcon_core.package_identification:_identify(build) ignored
[0.335s] Level 1:colcon.colcon_core.package_identification:_identify(install) by extensions ['ignore', 'ignore_ament_install']
[0.335s] Level 1:colcon.colcon_core.package_identification:_identify(install) by extension 'ignore'
[0.335s] Level 1:colcon.colcon_core.package_identification:_identify(install) ignored
[0.335s] Level 1:colcon.colcon_core.package_identification:_identify(log) by extensions ['ignore', 'ignore_ament_install']
[0.335s] Level 1:colcon.colcon_core.package_identification:_identify(log) by extension 'ignore'
[0.335s] Level 1:colcon.colcon_core.package_identification:_identify(log) ignored
[0.335s] Level 1:colcon.colcon_core.package_identification:_identify(src) by extensions ['ignore', 'ignore_ament_install']
[0.335s] Level 1:colcon.colcon_core.package_identification:_identify(src) by extension 'ignore'
[0.335s] Level 1:colcon.colcon_core.package_identification:_identify(src) by extension 'ignore_ament_install'
[0.336s] Level 1:colcon.colcon_core.package_identification:_identify(src) by extensions ['colcon_pkg']
[0.336s] Level 1:colcon.colcon_core.package_identification:_identify(src) by extension 'colcon_pkg'
[0.336s] Level 1:colcon.colcon_core.package_identification:_identify(src) by extensions ['colcon_meta']
[0.336s] Level 1:colcon.colcon_core.package_identification:_identify(src) by extension 'colcon_meta'
[0.336s] Level 1:colcon.colcon_core.package_identification:_identify(src) by extensions ['ros']
[0.336s] Level 1:colcon.colcon_core.package_identification:_identify(src) by extension 'ros'
[0.336s] Level 1:colcon.colcon_core.package_identification:_identify(src) by extensions ['cmake', 'python']
[0.336s] Level 1:colcon.colcon_core.package_identification:_identify(src) by extension 'cmake'
[0.336s] Level 1:colcon.colcon_core.package_identification:_identify(src) by extension 'python'
[0.336s] Level 1:colcon.colcon_core.package_identification:_identify(src) by extensions ['python_setup_py']
[0.336s] Level 1:colcon.colcon_core.package_identification:_identify(src) by extension 'python_setup_py'
[0.336s] Level 1:colcon.colcon_core.package_identification:_identify(src/pub_sub) by extensions ['ignore', 'ignore_ament_install']
[0.336s] Level 1:colcon.colcon_core.package_identification:_identify(src/pub_sub) by extension 'ignore'
[0.336s] Level 1:colcon.colcon_core.package_identification:_identify(src/pub_sub) by extension 'ignore_ament_install'
[0.337s] Level 1:colcon.colcon_core.package_identification:_identify(src/pub_sub) by extensions ['colcon_pkg']
[0.337s] Level 1:colcon.colcon_core.package_identification:_identify(src/pub_sub) by extension 'colcon_pkg'
[0.337s] Level 1:colcon.colcon_core.package_identification:_identify(src/pub_sub) by extensions ['colcon_meta']
[0.337s] Level 1:colcon.colcon_core.package_identification:_identify(src/pub_sub) by extension 'colcon_meta'
[0.337s] Level 1:colcon.colcon_core.package_identification:_identify(src/pub_sub) by extensions ['ros']
[0.337s] Level 1:colcon.colcon_core.package_identification:_identify(src/pub_sub) by extension 'ros'
[0.339s] DEBUG:colcon.colcon_core.package_identification:Package 'src/pub_sub' with type 'ros.ament_cmake' and name 'pub_sub'
[0.339s] Level 1:colcon.colcon_core.package_discovery:discover_packages(recursive) using defaults
[0.339s] Level 1:colcon.colcon_core.package_discovery:discover_packages(ignore) discover
[0.339s] Level 1:colcon.colcon_core.package_discovery:discover_packages(ignore) using defaults
[0.339s] Level 1:colcon.colcon_core.package_discovery:discover_packages(path) discover
[0.339s] Level 1:colcon.colcon_core.package_discovery:discover_packages(path) using defaults
[0.358s] Level 1:colcon.colcon_core.package_discovery:discover_packages(prefix_path) check parameters
[0.358s] Level 1:colcon.colcon_core.package_discovery:discover_packages(prefix_path) discover
[0.360s] DEBUG:colcon.colcon_installed_package_information.package_discovery:Found 1 installed packages in /home/kol/Documents/Robots/learning/pub_sub_cpp/install
[0.361s] DEBUG:colcon.colcon_installed_package_information.package_discovery:Found 1 installed packages in /home/kol/Documents/Robots/learning/pub_sub_py/install
[0.363s] DEBUG:colcon.colcon_installed_package_information.package_discovery:Found 398 installed packages in /opt/ros/humble
[0.365s] Level 1:colcon.colcon_core.package_discovery:discover_packages(prefix_path) using defaults
[0.415s] Level 5:colcon.colcon_core.verb:set package 'pub_sub' build argument 'cmake_args' from command line to 'None'
[0.415s] Level 5:colcon.colcon_core.verb:set package 'pub_sub' build argument 'cmake_target' from command line to 'None'
[0.415s] Level 5:colcon.colcon_core.verb:set package 'pub_sub' build argument 'cmake_target_skip_unavailable' from command line to 'False'
[0.415s] Level 5:colcon.colcon_core.verb:set package 'pub_sub' build argument 'cmake_clean_cache' from command line to 'False'
[0.415s] Level 5:colcon.colcon_core.verb:set package 'pub_sub' build argument 'cmake_clean_first' from command line to 'False'
[0.415s] Level 5:colcon.colcon_core.verb:set package 'pub_sub' build argument 'cmake_force_configure' from command line to 'False'
[0.415s] Level 5:colcon.colcon_core.verb:set package 'pub_sub' build argument 'ament_cmake_args' from command line to 'None'
[0.415s] Level 5:colcon.colcon_core.verb:set package 'pub_sub' build argument 'catkin_cmake_args' from command line to 'None'
[0.415s] Level 5:colcon.colcon_core.verb:set package 'pub_sub' build argument 'catkin_skip_building_tests' from command line to 'False'
[0.415s] DEBUG:colcon.colcon_core.verb:Building package 'pub_sub' with the following arguments: {'ament_cmake_args': None, 'build_base': '/home/kol/Documents/Robots/learning/pub_sub_cpp/build/pub_sub', 'catkin_cmake_args': None, 'catkin_skip_building_tests': False, 'cmake_args': None, 'cmake_clean_cache': False, 'cmake_clean_first': False, 'cmake_force_configure': False, 'cmake_target': None, 'cmake_target_skip_unavailable': False, 'install_base': '/home/kol/Documents/Robots/learning/pub_sub_cpp/install/pub_sub', 'merge_install': False, 'path': '/home/kol/Documents/Robots/learning/pub_sub_cpp/src/pub_sub', 'symlink_install': False, 'test_result_base': None}
[0.415s] INFO:colcon.colcon_core.executor:Executing jobs using 'parallel' executor
[0.416s] DEBUG:colcon.colcon_parallel_executor.executor.parallel:run_until_complete
[0.416s] INFO:colcon.colcon_ros.task.ament_cmake.build:Building ROS package in '/home/kol/Documents/Robots/learning/pub_sub_cpp/src/pub_sub' with build type 'ament_cmake'
[0.417s] INFO:colcon.colcon_cmake.task.cmake.build:Building CMake package in '/home/kol/Documents/Robots/learning/pub_sub_cpp/src/pub_sub'
[0.419s] INFO:colcon.colcon_core.plugin_system:Skipping extension 'colcon_core.shell.bat': Not used on non-Windows systems
[0.419s] INFO:colcon.colcon_core.shell:Skip shell extension 'powershell' for command environment: Not usable outside of PowerShell
[0.419s] DEBUG:colcon.colcon_core.shell:Skip shell extension 'dsv' for command environment
[0.430s] DEBUG:colcon.colcon_core.event_handler.log_command:Invoking command in '/home/kol/Documents/Robots/learning/pub_sub_cpp/build/pub_sub': CMAKE_PREFIX_PATH=${CMAKE_PREFIX_PATH}:/home/kol/Documents/Robots/learning/pub_sub_py/install/pub_sub:/opt/ros/humble /usr/bin/cmake --build /home/kol/Documents/Robots/learning/pub_sub_cpp/build/pub_sub -- -j4 -l4
[9.096s] DEBUG:colcon.colcon_core.event_handler.log_command:Invoked command in '/home/kol/Documents/Robots/learning/pub_sub_cpp/build/pub_sub' returned '0': CMAKE_PREFIX_PATH=${CMAKE_PREFIX_PATH}:/home/kol/Documents/Robots/learning/pub_sub_py/install/pub_sub:/opt/ros/humble /usr/bin/cmake --build /home/kol/Documents/Robots/learning/pub_sub_cpp/build/pub_sub -- -j4 -l4
[9.129s] DEBUG:colcon.colcon_core.event_handler.log_command:Invoking command in '/home/kol/Documents/Robots/learning/pub_sub_cpp/build/pub_sub': CMAKE_PREFIX_PATH=${CMAKE_PREFIX_PATH}:/home/kol/Documents/Robots/learning/pub_sub_py/install/pub_sub:/opt/ros/humble /usr/bin/cmake --install /home/kol/Documents/Robots/learning/pub_sub_cpp/build/pub_sub
[9.142s] Level 1:colcon.colcon_core.environment:create_environment_scripts_only(pub_sub)
[9.143s] DEBUG:colcon.colcon_core.event_handler.log_command:Invoked command in '/home/kol/Documents/Robots/learning/pub_sub_cpp/build/pub_sub' returned '0': CMAKE_PREFIX_PATH=${CMAKE_PREFIX_PATH}:/home/kol/Documents/Robots/learning/pub_sub_py/install/pub_sub:/opt/ros/humble /usr/bin/cmake --install /home/kol/Documents/Robots/learning/pub_sub_cpp/build/pub_sub
[9.146s] Level 1:colcon.colcon_core.environment:checking '/home/kol/Documents/Robots/learning/pub_sub_cpp/install/pub_sub' for CMake module files
[9.146s] Level 1:colcon.colcon_core.environment:checking '/home/kol/Documents/Robots/learning/pub_sub_cpp/install/pub_sub' for CMake config files
[9.147s] Level 1:colcon.colcon_core.shell:create_environment_hook('pub_sub', 'cmake_prefix_path')
[9.147s] INFO:colcon.colcon_core.shell:Creating environment hook '/home/kol/Documents/Robots/learning/pub_sub_cpp/install/pub_sub/share/pub_sub/hook/cmake_prefix_path.ps1'
[9.148s] INFO:colcon.colcon_core.shell:Creating environment descriptor '/home/kol/Documents/Robots/learning/pub_sub_cpp/install/pub_sub/share/pub_sub/hook/cmake_prefix_path.dsv'
[9.148s] INFO:colcon.colcon_core.shell:Creating environment hook '/home/kol/Documents/Robots/learning/pub_sub_cpp/install/pub_sub/share/pub_sub/hook/cmake_prefix_path.sh'
[9.150s] Level 1:colcon.colcon_core.environment:checking '/home/kol/Documents/Robots/learning/pub_sub_cpp/install/pub_sub/lib'
[9.150s] Level 1:colcon.colcon_core.environment:checking '/home/kol/Documents/Robots/learning/pub_sub_cpp/install/pub_sub/bin'
[9.150s] Level 1:colcon.colcon_core.environment:checking '/home/kol/Documents/Robots/learning/pub_sub_cpp/install/pub_sub/lib/pkgconfig/pub_sub.pc'
[9.150s] Level 1:colcon.colcon_core.environment:checking '/home/kol/Documents/Robots/learning/pub_sub_cpp/install/pub_sub/lib/python3.10/site-packages'
[9.151s] Level 1:colcon.colcon_core.environment:checking '/home/kol/Documents/Robots/learning/pub_sub_cpp/install/pub_sub/bin'
[9.151s] INFO:colcon.colcon_core.shell:Creating package script '/home/kol/Documents/Robots/learning/pub_sub_cpp/install/pub_sub/share/pub_sub/package.ps1'
[9.152s] INFO:colcon.colcon_core.shell:Creating package descriptor '/home/kol/Documents/Robots/learning/pub_sub_cpp/install/pub_sub/share/pub_sub/package.dsv'
[9.153s] INFO:colcon.colcon_core.shell:Creating package script '/home/kol/Documents/Robots/learning/pub_sub_cpp/install/pub_sub/share/pub_sub/package.sh'
[9.153s] INFO:colcon.colcon_core.shell:Creating package script '/home/kol/Documents/Robots/learning/pub_sub_cpp/install/pub_sub/share/pub_sub/package.bash'
[9.154s] INFO:colcon.colcon_core.shell:Creating package script '/home/kol/Documents/Robots/learning/pub_sub_cpp/install/pub_sub/share/pub_sub/package.zsh'
[9.155s] Level 1:colcon.colcon_core.environment:create_file_with_runtime_dependencies(/home/kol/Documents/Robots/learning/pub_sub_cpp/install/pub_sub/share/colcon-core/packages/pub_sub)
[9.180s] Level 1:colcon.colcon_core.environment:create_environment_scripts_only(pub_sub)
[9.180s] Level 1:colcon.colcon_core.environment:checking '/home/kol/Documents/Robots/learning/pub_sub_cpp/install/pub_sub' for CMake module files
[9.181s] Level 1:colcon.colcon_core.environment:checking '/home/kol/Documents/Robots/learning/pub_sub_cpp/install/pub_sub' for CMake config files
[9.182s] Level 1:colcon.colcon_core.shell:create_environment_hook('pub_sub', 'cmake_prefix_path')
[9.182s] INFO:colcon.colcon_core.shell:Creating environment hook '/home/kol/Documents/Robots/learning/pub_sub_cpp/install/pub_sub/share/pub_sub/hook/cmake_prefix_path.ps1'
[9.183s] INFO:colcon.colcon_core.shell:Creating environment descriptor '/home/kol/Documents/Robots/learning/pub_sub_cpp/install/pub_sub/share/pub_sub/hook/cmake_prefix_path.dsv'
[9.183s] INFO:colcon.colcon_core.shell:Creating environment hook '/home/kol/Documents/Robots/learning/pub_sub_cpp/install/pub_sub/share/pub_sub/hook/cmake_prefix_path.sh'
[9.184s] Level 1:colcon.colcon_core.environment:checking '/home/kol/Documents/Robots/learning/pub_sub_cpp/install/pub_sub/lib'
[9.184s] Level 1:colcon.colcon_core.environment:checking '/home/kol/Documents/Robots/learning/pub_sub_cpp/install/pub_sub/bin'
[9.184s] Level 1:colcon.colcon_core.environment:checking '/home/kol/Documents/Robots/learning/pub_sub_cpp/install/pub_sub/lib/pkgconfig/pub_sub.pc'
[9.184s] Level 1:colcon.colcon_core.environment:checking '/home/kol/Documents/Robots/learning/pub_sub_cpp/install/pub_sub/lib/python3.10/site-packages'
[9.184s] Level 1:colcon.colcon_core.environment:checking '/home/kol/Documents/Robots/learning/pub_sub_cpp/install/pub_sub/bin'
[9.185s] INFO:colcon.colcon_core.shell:Creating package script '/home/kol/Documents/Robots/learning/pub_sub_cpp/install/pub_sub/share/pub_sub/package.ps1'
[9.185s] INFO:colcon.colcon_core.shell:Creating package descriptor '/home/kol/Documents/Robots/learning/pub_sub_cpp/install/pub_sub/share/pub_sub/package.dsv'
[9.186s] INFO:colcon.colcon_core.shell:Creating package script '/home/kol/Documents/Robots/learning/pub_sub_cpp/install/pub_sub/share/pub_sub/package.sh'
[9.187s] INFO:colcon.colcon_core.shell:Creating package script '/home/kol/Documents/Robots/learning/pub_sub_cpp/install/pub_sub/share/pub_sub/package.bash'
[9.187s] INFO:colcon.colcon_core.shell:Creating package script '/home/kol/Documents/Robots/learning/pub_sub_cpp/install/pub_sub/share/pub_sub/package.zsh'
[9.187s] Level 1:colcon.colcon_core.environment:create_file_with_runtime_dependencies(/home/kol/Documents/Robots/learning/pub_sub_cpp/install/pub_sub/share/colcon-core/packages/pub_sub)
[9.188s] DEBUG:colcon.colcon_parallel_executor.executor.parallel:closing loop
[9.188s] DEBUG:colcon.colcon_parallel_executor.executor.parallel:loop closed
[9.188s] DEBUG:colcon.colcon_parallel_executor.executor.parallel:run_until_complete finished with '0'
[9.188s] DEBUG:colcon.colcon_core.event_reactor:joining thread
[9.193s] INFO:colcon.colcon_core.plugin_system:Skipping extension 'colcon_notification.desktop_notification.terminal_notifier': Not used on non-Darwin systems
[9.193s] INFO:colcon.colcon_core.plugin_system:Skipping extension 'colcon_notification.desktop_notification.win32': Not used on non-Windows systems
[9.193s] INFO:colcon.colcon_notification.desktop_notification:Sending desktop notification using 'notify2'
[9.204s] DEBUG:colcon.colcon_core.event_reactor:joined thread
[9.205s] INFO:colcon.colcon_core.shell:Creating prefix script '/home/kol/Documents/Robots/learning/pub_sub_cpp/install/local_setup.ps1'
[9.205s] INFO:colcon.colcon_core.shell:Creating prefix util module '/home/kol/Documents/Robots/learning/pub_sub_cpp/install/_local_setup_util_ps1.py'
[9.207s] INFO:colcon.colcon_core.shell:Creating prefix chain script '/home/kol/Documents/Robots/learning/pub_sub_cpp/install/setup.ps1'
[9.208s] INFO:colcon.colcon_core.shell:Creating prefix script '/home/kol/Documents/Robots/learning/pub_sub_cpp/install/local_setup.sh'
[9.208s] INFO:colcon.colcon_core.shell:Creating prefix util module '/home/kol/Documents/Robots/learning/pub_sub_cpp/install/_local_setup_util_sh.py'
[9.209s] INFO:colcon.colcon_core.shell:Creating prefix chain script '/home/kol/Documents/Robots/learning/pub_sub_cpp/install/setup.sh'
[9.209s] INFO:colcon.colcon_core.shell:Creating prefix script '/home/kol/Documents/Robots/learning/pub_sub_cpp/install/local_setup.bash'
[9.210s] INFO:colcon.colcon_core.shell:Creating prefix chain script '/home/kol/Documents/Robots/learning/pub_sub_cpp/install/setup.bash'
[9.211s] INFO:colcon.colcon_core.shell:Creating prefix script '/home/kol/Documents/Robots/learning/pub_sub_cpp/install/local_setup.zsh'
[9.212s] INFO:colcon.colcon_core.shell:Creating prefix chain script '/home/kol/Documents/Robots/learning/pub_sub_cpp/install/setup.zsh'
