running develop
running egg_info
creating four_wheel_bot_description.egg-info
writing four_wheel_bot_description.egg-info/PKG-INFO
writing dependency_links to four_wheel_bot_description.egg-info/dependency_links.txt
writing entry points to four_wheel_bot_description.egg-info/entry_points.txt
writing requirements to four_wheel_bot_description.egg-info/requires.txt
writing top-level names to four_wheel_bot_description.egg-info/top_level.txt
writing manifest file 'four_wheel_bot_description.egg-info/SOURCES.txt'
reading manifest file 'four_wheel_bot_description.egg-info/SOURCES.txt'
writing manifest file 'four_wheel_bot_description.egg-info/SOURCES.txt'
running build_ext
Creating /home/kol/Documents/Robotics/ros_ws/four_wheel_cad_bot/install/four_wheel_bot_description/lib/python3.10/site-packages/four-wheel-bot-description.egg-link (link to .)

Installed /home/kol/Documents/Robotics/ros_ws/four_wheel_cad_bot/build/four_wheel_bot_description
running symlink_data
creating /home/kol/Documents/Robotics/ros_ws/four_wheel_cad_bot/install/four_wheel_bot_description/share/ament_index
creating /home/kol/Documents/Robotics/ros_ws/four_wheel_cad_bot/install/four_wheel_bot_description/share/ament_index/resource_index
creating /home/kol/Documents/Robotics/ros_ws/four_wheel_cad_bot/install/four_wheel_bot_description/share/ament_index/resource_index/packages
symbolically linking /home/kol/Documents/Robotics/ros_ws/four_wheel_cad_bot/build/four_wheel_bot_description/resource/four_wheel_bot_description -> /home/kol/Documents/Robotics/ros_ws/four_wheel_cad_bot/install/four_wheel_bot_description/share/ament_index/resource_index/packages
symbolically linking /home/kol/Documents/Robotics/ros_ws/four_wheel_cad_bot/build/four_wheel_bot_description/package.xml -> /home/kol/Documents/Robotics/ros_ws/four_wheel_cad_bot/install/four_wheel_bot_description/share/four_wheel_bot_description
creating /home/kol/Documents/Robotics/ros_ws/four_wheel_cad_bot/install/four_wheel_bot_description/share/four_wheel_bot_description/launch
symbolically linking /home/kol/Documents/Robotics/ros_ws/four_wheel_cad_bot/build/four_wheel_bot_description/launch/gazebo.launch.py -> /home/kol/Documents/Robotics/ros_ws/four_wheel_cad_bot/install/four_wheel_bot_description/share/four_wheel_bot_description/launch
symbolically linking /home/kol/Documents/Robotics/ros_ws/four_wheel_cad_bot/build/four_wheel_bot_description/launch/display.launch.py -> /home/kol/Documents/Robotics/ros_ws/four_wheel_cad_bot/install/four_wheel_bot_description/share/four_wheel_bot_description/launch
creating /home/kol/Documents/Robotics/ros_ws/four_wheel_cad_bot/install/four_wheel_bot_description/share/four_wheel_bot_description/urdf
symbolically linking /home/kol/Documents/Robotics/ros_ws/four_wheel_cad_bot/build/four_wheel_bot_description/urdf/four_wheel_bot.gazebo -> /home/kol/Documents/Robotics/ros_ws/four_wheel_cad_bot/install/four_wheel_bot_description/share/four_wheel_bot_description/urdf
symbolically linking /home/kol/Documents/Robotics/ros_ws/four_wheel_cad_bot/build/four_wheel_bot_description/urdf/four_wheel_bot.xacro -> /home/kol/Documents/Robotics/ros_ws/four_wheel_cad_bot/install/four_wheel_bot_description/share/four_wheel_bot_description/urdf
symbolically linking /home/kol/Documents/Robotics/ros_ws/four_wheel_cad_bot/build/four_wheel_bot_description/urdf/materials.xacro -> /home/kol/Documents/Robotics/ros_ws/four_wheel_cad_bot/install/four_wheel_bot_description/share/four_wheel_bot_description/urdf
symbolically linking /home/kol/Documents/Robotics/ros_ws/four_wheel_cad_bot/build/four_wheel_bot_description/urdf/schematic.png -> /home/kol/Documents/Robotics/ros_ws/four_wheel_cad_bot/install/four_wheel_bot_description/share/four_wheel_bot_description/urdf
symbolically linking /home/kol/Documents/Robotics/ros_ws/four_wheel_cad_bot/build/four_wheel_bot_description/urdf/ros2_control.xacro -> /home/kol/Documents/Robotics/ros_ws/four_wheel_cad_bot/install/four_wheel_bot_description/share/four_wheel_bot_description/urdf
symbolically linking /home/kol/Documents/Robotics/ros_ws/four_wheel_cad_bot/build/four_wheel_bot_description/urdf/four_wheel_bot.trans -> /home/kol/Documents/Robotics/ros_ws/four_wheel_cad_bot/install/four_wheel_bot_description/share/four_wheel_bot_description/urdf
creating /home/kol/Documents/Robotics/ros_ws/four_wheel_cad_bot/install/four_wheel_bot_description/share/four_wheel_bot_description/meshes
symbolically linking /home/kol/Documents/Robotics/ros_ws/four_wheel_cad_bot/build/four_wheel_bot_description/meshes/base_link.stl -> /home/kol/Documents/Robotics/ros_ws/four_wheel_cad_bot/install/four_wheel_bot_description/share/four_wheel_bot_description/meshes
symbolically linking /home/kol/Documents/Robotics/ros_ws/four_wheel_cad_bot/build/four_wheel_bot_description/meshes/left_back_wheel_1.stl -> /home/kol/Documents/Robotics/ros_ws/four_wheel_cad_bot/install/four_wheel_bot_description/share/four_wheel_bot_description/meshes
symbolically linking /home/kol/Documents/Robotics/ros_ws/four_wheel_cad_bot/build/four_wheel_bot_description/meshes/left_front_wheel_1.stl -> /home/kol/Documents/Robotics/ros_ws/four_wheel_cad_bot/install/four_wheel_bot_description/share/four_wheel_bot_description/meshes
symbolically linking /home/kol/Documents/Robotics/ros_ws/four_wheel_cad_bot/build/four_wheel_bot_description/meshes/right_back_wheel_1.stl -> /home/kol/Documents/Robotics/ros_ws/four_wheel_cad_bot/install/four_wheel_bot_description/share/four_wheel_bot_description/meshes
symbolically linking /home/kol/Documents/Robotics/ros_ws/four_wheel_cad_bot/build/four_wheel_bot_description/meshes/camera_sensor_1.stl -> /home/kol/Documents/Robotics/ros_ws/four_wheel_cad_bot/install/four_wheel_bot_description/share/four_wheel_bot_description/meshes
symbolically linking /home/kol/Documents/Robotics/ros_ws/four_wheel_cad_bot/build/four_wheel_bot_description/meshes/right_front_wheel_1.stl -> /home/kol/Documents/Robotics/ros_ws/four_wheel_cad_bot/install/four_wheel_bot_description/share/four_wheel_bot_description/meshes
symbolically linking /home/kol/Documents/Robotics/ros_ws/four_wheel_cad_bot/build/four_wheel_bot_description/meshes/lidar_sensor_1.stl -> /home/kol/Documents/Robotics/ros_ws/four_wheel_cad_bot/install/four_wheel_bot_description/share/four_wheel_bot_description/meshes
creating /home/kol/Documents/Robotics/ros_ws/four_wheel_cad_bot/install/four_wheel_bot_description/share/four_wheel_bot_description/config
symbolically linking /home/kol/Documents/Robotics/ros_ws/four_wheel_cad_bot/build/four_wheel_bot_description/config/display.rviz -> /home/kol/Documents/Robotics/ros_ws/four_wheel_cad_bot/install/four_wheel_bot_description/share/four_wheel_bot_description/config
symbolically linking /home/kol/Documents/Robotics/ros_ws/four_wheel_cad_bot/build/four_wheel_bot_description/config/my_configs.yaml -> /home/kol/Documents/Robotics/ros_ws/four_wheel_cad_bot/install/four_wheel_bot_description/share/four_wheel_bot_description/config
