running develop
running egg_info
creating robotController.egg-info
writing robotController.egg-info/PKG-INFO
writing dependency_links to robotController.egg-info/dependency_links.txt
writing entry points to robotController.egg-info/entry_points.txt
writing requirements to robotController.egg-info/requires.txt
writing top-level names to robotController.egg-info/top_level.txt
writing manifest file 'robotController.egg-info/SOURCES.txt'
reading manifest file 'robotController.egg-info/SOURCES.txt'
writing manifest file 'robotController.egg-info/SOURCES.txt'
running build_ext
Creating /home/kol/Documents/Robotics/ros_ws/ThreeDoFRobot/install/robotController/lib/python3.10/site-packages/robotController.egg-link (link to .)

Installed /home/kol/Documents/Robotics/ros_ws/ThreeDoFRobot/build/robotController
running symlink_data
creating /home/kol/Documents/Robotics/ros_ws/ThreeDoFRobot/install/robotController/share/ament_index
creating /home/kol/Documents/Robotics/ros_ws/ThreeDoFRobot/install/robotController/share/ament_index/resource_index
creating /home/kol/Documents/Robotics/ros_ws/ThreeDoFRobot/install/robotController/share/ament_index/resource_index/packages
symbolically linking /home/kol/Documents/Robotics/ros_ws/ThreeDoFRobot/build/robotController/resource/robotController -> /home/kol/Documents/Robotics/ros_ws/ThreeDoFRobot/install/robotController/share/ament_index/resource_index/packages
symbolically linking /home/kol/Documents/Robotics/ros_ws/ThreeDoFRobot/build/robotController/package.xml -> /home/kol/Documents/Robotics/ros_ws/ThreeDoFRobot/install/robotController/share/robotController
