[0.881s] Invoking command in '/home/kol/Documents/Robots/learning/pub_sub_py/build/pub_sub': PYTHONPATH=/home/kol/Documents/Robots/learning/pub_sub_py/build/pub_sub/prefix_override:/usr/lib/python3/dist-packages/colcon_core/task/python/colcon_distutils_commands:/home/kol/Documents/Robots/learning/pub_sub_py/install/pub_sub/lib/python3.10/site-packages:${PYTHONPATH} /usr/bin/python3 -W ignore:setup.py install is deprecated setup.py develop --editable --build-directory /home/kol/Documents/Robots/learning/pub_sub_py/build/pub_sub/build --no-deps symlink_data
[1.204s] running develop
[1.453s] running egg_info
[1.454s] creating pub_sub.egg-info
[1.454s] writing pub_sub.egg-info/PKG-INFO
[1.454s] writing dependency_links to pub_sub.egg-info/dependency_links.txt
[1.455s] writing entry points to pub_sub.egg-info/entry_points.txt
[1.455s] writing requirements to pub_sub.egg-info/requires.txt
[1.455s] writing top-level names to pub_sub.egg-info/top_level.txt
[1.455s] writing manifest file 'pub_sub.egg-info/SOURCES.txt'
[1.457s] reading manifest file 'pub_sub.egg-info/SOURCES.txt'
[1.458s] writing manifest file 'pub_sub.egg-info/SOURCES.txt'
[1.459s] running build_ext
[1.459s] Creating /home/kol/Documents/Robots/learning/pub_sub_py/install/pub_sub/lib/python3.10/site-packages/pub-sub.egg-link (link to .)
[1.460s] Installing custom_publisher script to /home/kol/Documents/Robots/learning/pub_sub_py/install/pub_sub/lib/pub_sub
[1.460s] 
[1.461s] Installed /home/kol/Documents/Robots/learning/pub_sub_py/build/pub_sub
[1.461s] running symlink_data
[1.461s] creating /home/kol/Documents/Robots/learning/pub_sub_py/install/pub_sub/share/ament_index
[1.461s] creating /home/kol/Documents/Robots/learning/pub_sub_py/install/pub_sub/share/ament_index/resource_index
[1.461s] creating /home/kol/Documents/Robots/learning/pub_sub_py/install/pub_sub/share/ament_index/resource_index/packages
[1.461s] symbolically linking /home/kol/Documents/Robots/learning/pub_sub_py/build/pub_sub/resource/pub_sub -> /home/kol/Documents/Robots/learning/pub_sub_py/install/pub_sub/share/ament_index/resource_index/packages
[1.461s] symbolically linking /home/kol/Documents/Robots/learning/pub_sub_py/build/pub_sub/package.xml -> /home/kol/Documents/Robots/learning/pub_sub_py/install/pub_sub/share/pub_sub
[1.492s] Invoked command in '/home/kol/Documents/Robots/learning/pub_sub_py/build/pub_sub' returned '0': PYTHONPATH=/home/kol/Documents/Robots/learning/pub_sub_py/build/pub_sub/prefix_override:/usr/lib/python3/dist-packages/colcon_core/task/python/colcon_distutils_commands:/home/kol/Documents/Robots/learning/pub_sub_py/install/pub_sub/lib/python3.10/site-packages:${PYTHONPATH} /usr/bin/python3 -W ignore:setup.py install is deprecated setup.py develop --editable --build-directory /home/kol/Documents/Robots/learning/pub_sub_py/build/pub_sub/build --no-deps symlink_data
