/home/kol/.local/lib/python3.10/site-packages/setuptools/dist.py:717: UserWarning: Usage of dash-separated 'script-dir' will not be supported in future versions. Please use the underscore name 'script_dir' instead
  warnings.warn(
running develop
running egg_info
creating Gwenbot_description.egg-info
writing Gwenbot_description.egg-info/PKG-INFO
writing dependency_links to Gwenbot_description.egg-info/dependency_links.txt
writing entry points to Gwenbot_description.egg-info/entry_points.txt
writing requirements to Gwenbot_description.egg-info/requires.txt
writing top-level names to Gwenbot_description.egg-info/top_level.txt
writing manifest file 'Gwenbot_description.egg-info/SOURCES.txt'
reading manifest file 'Gwenbot_description.egg-info/SOURCES.txt'
writing manifest file 'Gwenbot_description.egg-info/SOURCES.txt'
running build_ext
Creating /home/kol/Documents/Robotics/ros_ws/GwenBot_ws/install/Gwenbot_description/lib/python3.10/site-packages/Gwenbot-description.egg-link (link to .)

Installed /home/kol/Documents/Robotics/ros_ws/GwenBot_ws/build/Gwenbot_description
running symlink_data
creating /home/kol/Documents/Robotics/ros_ws/GwenBot_ws/install/Gwenbot_description/share/ament_index
creating /home/kol/Documents/Robotics/ros_ws/GwenBot_ws/install/Gwenbot_description/share/ament_index/resource_index
creating /home/kol/Documents/Robotics/ros_ws/GwenBot_ws/install/Gwenbot_description/share/ament_index/resource_index/packages
symbolically linking /home/kol/Documents/Robotics/ros_ws/GwenBot_ws/build/Gwenbot_description/resource/Gwenbot_description -> /home/kol/Documents/Robotics/ros_ws/GwenBot_ws/install/Gwenbot_description/share/ament_index/resource_index/packages
symbolically linking /home/kol/Documents/Robotics/ros_ws/GwenBot_ws/build/Gwenbot_description/package.xml -> /home/kol/Documents/Robotics/ros_ws/GwenBot_ws/install/Gwenbot_description/share/Gwenbot_description
creating /home/kol/Documents/Robotics/ros_ws/GwenBot_ws/install/Gwenbot_description/share/Gwenbot_description/launch
symbolically linking /home/kol/Documents/Robotics/ros_ws/GwenBot_ws/build/Gwenbot_description/launch/gazebo.launch.py -> /home/kol/Documents/Robotics/ros_ws/GwenBot_ws/install/Gwenbot_description/share/Gwenbot_description/launch
symbolically linking /home/kol/Documents/Robotics/ros_ws/GwenBot_ws/build/Gwenbot_description/launch/display.launch.py -> /home/kol/Documents/Robotics/ros_ws/GwenBot_ws/install/Gwenbot_description/share/Gwenbot_description/launch
creating /home/kol/Documents/Robotics/ros_ws/GwenBot_ws/install/Gwenbot_description/share/Gwenbot_description/urdf
symbolically linking /home/kol/Documents/Robotics/ros_ws/GwenBot_ws/build/Gwenbot_description/urdf/Gwenbot.trans -> /home/kol/Documents/Robotics/ros_ws/GwenBot_ws/install/Gwenbot_description/share/Gwenbot_description/urdf
symbolically linking /home/kol/Documents/Robotics/ros_ws/GwenBot_ws/build/Gwenbot_description/urdf/Gwenbot.xacro -> /home/kol/Documents/Robotics/ros_ws/GwenBot_ws/install/Gwenbot_description/share/Gwenbot_description/urdf
symbolically linking /home/kol/Documents/Robotics/ros_ws/GwenBot_ws/build/Gwenbot_description/urdf/materials.xacro -> /home/kol/Documents/Robotics/ros_ws/GwenBot_ws/install/Gwenbot_description/share/Gwenbot_description/urdf
symbolically linking /home/kol/Documents/Robotics/ros_ws/GwenBot_ws/build/Gwenbot_description/urdf/Gwenbot.gazebo -> /home/kol/Documents/Robotics/ros_ws/GwenBot_ws/install/Gwenbot_description/share/Gwenbot_description/urdf
creating /home/kol/Documents/Robotics/ros_ws/GwenBot_ws/install/Gwenbot_description/share/Gwenbot_description/meshes
symbolically linking /home/kol/Documents/Robotics/ros_ws/GwenBot_ws/build/Gwenbot_description/meshes/leg_1_link_3_1.stl -> /home/kol/Documents/Robotics/ros_ws/GwenBot_ws/install/Gwenbot_description/share/Gwenbot_description/meshes
symbolically linking /home/kol/Documents/Robotics/ros_ws/GwenBot_ws/build/Gwenbot_description/meshes/leg_4_link_4_1.stl -> /home/kol/Documents/Robotics/ros_ws/GwenBot_ws/install/Gwenbot_description/share/Gwenbot_description/meshes
symbolically linking /home/kol/Documents/Robotics/ros_ws/GwenBot_ws/build/Gwenbot_description/meshes/leg_1_link_2_1.stl -> /home/kol/Documents/Robotics/ros_ws/GwenBot_ws/install/Gwenbot_description/share/Gwenbot_description/meshes
symbolically linking /home/kol/Documents/Robotics/ros_ws/GwenBot_ws/build/Gwenbot_description/meshes/leg_3_link_4_1.stl -> /home/kol/Documents/Robotics/ros_ws/GwenBot_ws/install/Gwenbot_description/share/Gwenbot_description/meshes
symbolically linking /home/kol/Documents/Robotics/ros_ws/GwenBot_ws/build/Gwenbot_description/meshes/leg_1_link_1_1.stl -> /home/kol/Documents/Robotics/ros_ws/GwenBot_ws/install/Gwenbot_description/share/Gwenbot_description/meshes
symbolically linking /home/kol/Documents/Robotics/ros_ws/GwenBot_ws/build/Gwenbot_description/meshes/base_link.stl -> /home/kol/Documents/Robotics/ros_ws/GwenBot_ws/install/Gwenbot_description/share/Gwenbot_description/meshes
symbolically linking /home/kol/Documents/Robotics/ros_ws/GwenBot_ws/build/Gwenbot_description/meshes/leg_2_link_1_1.stl -> /home/kol/Documents/Robotics/ros_ws/GwenBot_ws/install/Gwenbot_description/share/Gwenbot_description/meshes
symbolically linking /home/kol/Documents/Robotics/ros_ws/GwenBot_ws/build/Gwenbot_description/meshes/leg_1_link_4_1.stl -> /home/kol/Documents/Robotics/ros_ws/GwenBot_ws/install/Gwenbot_description/share/Gwenbot_description/meshes
symbolically linking /home/kol/Documents/Robotics/ros_ws/GwenBot_ws/build/Gwenbot_description/meshes/leg_2_link_3_1.stl -> /home/kol/Documents/Robotics/ros_ws/GwenBot_ws/install/Gwenbot_description/share/Gwenbot_description/meshes
symbolically linking /home/kol/Documents/Robotics/ros_ws/GwenBot_ws/build/Gwenbot_description/meshes/leg_3_link_2_1.stl -> /home/kol/Documents/Robotics/ros_ws/GwenBot_ws/install/Gwenbot_description/share/Gwenbot_description/meshes
symbolically linking /home/kol/Documents/Robotics/ros_ws/GwenBot_ws/build/Gwenbot_description/meshes/leg_4_link_2_1.stl -> /home/kol/Documents/Robotics/ros_ws/GwenBot_ws/install/Gwenbot_description/share/Gwenbot_description/meshes
symbolically linking /home/kol/Documents/Robotics/ros_ws/GwenBot_ws/build/Gwenbot_description/meshes/leg_4_link_3_1.stl -> /home/kol/Documents/Robotics/ros_ws/GwenBot_ws/install/Gwenbot_description/share/Gwenbot_description/meshes
symbolically linking /home/kol/Documents/Robotics/ros_ws/GwenBot_ws/build/Gwenbot_description/meshes/leg_2_link_2_1.stl -> /home/kol/Documents/Robotics/ros_ws/GwenBot_ws/install/Gwenbot_description/share/Gwenbot_description/meshes
symbolically linking /home/kol/Documents/Robotics/ros_ws/GwenBot_ws/build/Gwenbot_description/meshes/camera_joint_1.stl -> /home/kol/Documents/Robotics/ros_ws/GwenBot_ws/install/Gwenbot_description/share/Gwenbot_description/meshes
symbolically linking /home/kol/Documents/Robotics/ros_ws/GwenBot_ws/build/Gwenbot_description/meshes/leg_3_link_3_1.stl -> /home/kol/Documents/Robotics/ros_ws/GwenBot_ws/install/Gwenbot_description/share/Gwenbot_description/meshes
symbolically linking /home/kol/Documents/Robotics/ros_ws/GwenBot_ws/build/Gwenbot_description/meshes/leg_3_link_1_1.stl -> /home/kol/Documents/Robotics/ros_ws/GwenBot_ws/install/Gwenbot_description/share/Gwenbot_description/meshes
symbolically linking /home/kol/Documents/Robotics/ros_ws/GwenBot_ws/build/Gwenbot_description/meshes/leg_2_link_4_1.stl -> /home/kol/Documents/Robotics/ros_ws/GwenBot_ws/install/Gwenbot_description/share/Gwenbot_description/meshes
symbolically linking /home/kol/Documents/Robotics/ros_ws/GwenBot_ws/build/Gwenbot_description/meshes/leg_4_link_1_1.stl -> /home/kol/Documents/Robotics/ros_ws/GwenBot_ws/install/Gwenbot_description/share/Gwenbot_description/meshes
creating /home/kol/Documents/Robotics/ros_ws/GwenBot_ws/install/Gwenbot_description/share/Gwenbot_description/config
symbolically linking /home/kol/Documents/Robotics/ros_ws/GwenBot_ws/build/Gwenbot_description/config/display.rviz -> /home/kol/Documents/Robotics/ros_ws/GwenBot_ws/install/Gwenbot_description/share/Gwenbot_description/config
