[3.143s] Invoking command in '/home/kol/Documents/Robotics/ros_ws/GwenBot_ws/build/Gwenbot_description': PYTHONPATH=/home/kol/Documents/Robotics/ros_ws/GwenBot_ws/build/Gwenbot_description/prefix_override:/usr/lib/python3/dist-packages/colcon_core/task/python/colcon_distutils_commands:/home/kol/Documents/Robotics/ros_ws/GwenBot_ws/install/Gwenbot_description/lib/python3.10/site-packages:${PYTHONPATH} /usr/bin/python3 -W ignore:setup.py install is deprecated setup.py develop --editable --build-directory /home/kol/Documents/Robotics/ros_ws/GwenBot_ws/build/Gwenbot_description/build --no-deps symlink_data
[4.250s] /home/kol/.local/lib/python3.10/site-packages/setuptools/dist.py:717: UserWarning: Usage of dash-separated 'script-dir' will not be supported in future versions. Please use the underscore name 'script_dir' instead
[4.251s]   warnings.warn(
[4.475s] running develop
[5.405s] running egg_info
[5.406s] creating Gwenbot_description.egg-info
[5.407s] writing Gwenbot_description.egg-info/PKG-INFO
[5.408s] writing dependency_links to Gwenbot_description.egg-info/dependency_links.txt
[5.409s] writing entry points to Gwenbot_description.egg-info/entry_points.txt
[5.410s] writing requirements to Gwenbot_description.egg-info/requires.txt
[5.411s] writing top-level names to Gwenbot_description.egg-info/top_level.txt
[5.411s] writing manifest file 'Gwenbot_description.egg-info/SOURCES.txt'
[5.419s] reading manifest file 'Gwenbot_description.egg-info/SOURCES.txt'
[5.422s] writing manifest file 'Gwenbot_description.egg-info/SOURCES.txt'
[5.428s] running build_ext
[5.429s] Creating /home/kol/Documents/Robotics/ros_ws/GwenBot_ws/install/Gwenbot_description/lib/python3.10/site-packages/Gwenbot-description.egg-link (link to .)
[5.433s] 
[5.434s] Installed /home/kol/Documents/Robotics/ros_ws/GwenBot_ws/build/Gwenbot_description
[5.434s] running symlink_data
[5.435s] creating /home/kol/Documents/Robotics/ros_ws/GwenBot_ws/install/Gwenbot_description/share/ament_index
[5.436s] creating /home/kol/Documents/Robotics/ros_ws/GwenBot_ws/install/Gwenbot_description/share/ament_index/resource_index
[5.437s] creating /home/kol/Documents/Robotics/ros_ws/GwenBot_ws/install/Gwenbot_description/share/ament_index/resource_index/packages
[5.438s] symbolically linking /home/kol/Documents/Robotics/ros_ws/GwenBot_ws/build/Gwenbot_description/resource/Gwenbot_description -> /home/kol/Documents/Robotics/ros_ws/GwenBot_ws/install/Gwenbot_description/share/ament_index/resource_index/packages
[5.438s] symbolically linking /home/kol/Documents/Robotics/ros_ws/GwenBot_ws/build/Gwenbot_description/package.xml -> /home/kol/Documents/Robotics/ros_ws/GwenBot_ws/install/Gwenbot_description/share/Gwenbot_description
[5.439s] creating /home/kol/Documents/Robotics/ros_ws/GwenBot_ws/install/Gwenbot_description/share/Gwenbot_description/launch
[5.440s] symbolically linking /home/kol/Documents/Robotics/ros_ws/GwenBot_ws/build/Gwenbot_description/launch/gazebo.launch.py -> /home/kol/Documents/Robotics/ros_ws/GwenBot_ws/install/Gwenbot_description/share/Gwenbot_description/launch
[5.441s] symbolically linking /home/kol/Documents/Robotics/ros_ws/GwenBot_ws/build/Gwenbot_description/launch/display.launch.py -> /home/kol/Documents/Robotics/ros_ws/GwenBot_ws/install/Gwenbot_description/share/Gwenbot_description/launch
[5.441s] creating /home/kol/Documents/Robotics/ros_ws/GwenBot_ws/install/Gwenbot_description/share/Gwenbot_description/urdf
[5.444s] symbolically linking /home/kol/Documents/Robotics/ros_ws/GwenBot_ws/build/Gwenbot_description/urdf/Gwenbot.trans -> /home/kol/Documents/Robotics/ros_ws/GwenBot_ws/install/Gwenbot_description/share/Gwenbot_description/urdf
[5.445s] symbolically linking /home/kol/Documents/Robotics/ros_ws/GwenBot_ws/build/Gwenbot_description/urdf/Gwenbot.xacro -> /home/kol/Documents/Robotics/ros_ws/GwenBot_ws/install/Gwenbot_description/share/Gwenbot_description/urdf
[5.445s] symbolically linking /home/kol/Documents/Robotics/ros_ws/GwenBot_ws/build/Gwenbot_description/urdf/materials.xacro -> /home/kol/Documents/Robotics/ros_ws/GwenBot_ws/install/Gwenbot_description/share/Gwenbot_description/urdf
[5.446s] symbolically linking /home/kol/Documents/Robotics/ros_ws/GwenBot_ws/build/Gwenbot_description/urdf/Gwenbot.gazebo -> /home/kol/Documents/Robotics/ros_ws/GwenBot_ws/install/Gwenbot_description/share/Gwenbot_description/urdf
[5.447s] creating /home/kol/Documents/Robotics/ros_ws/GwenBot_ws/install/Gwenbot_description/share/Gwenbot_description/meshes
[5.448s] symbolically linking /home/kol/Documents/Robotics/ros_ws/GwenBot_ws/build/Gwenbot_description/meshes/leg_1_link_3_1.stl -> /home/kol/Documents/Robotics/ros_ws/GwenBot_ws/install/Gwenbot_description/share/Gwenbot_description/meshes
[5.449s] symbolically linking /home/kol/Documents/Robotics/ros_ws/GwenBot_ws/build/Gwenbot_description/meshes/leg_4_link_4_1.stl -> /home/kol/Documents/Robotics/ros_ws/GwenBot_ws/install/Gwenbot_description/share/Gwenbot_description/meshes
[5.449s] symbolically linking /home/kol/Documents/Robotics/ros_ws/GwenBot_ws/build/Gwenbot_description/meshes/leg_1_link_2_1.stl -> /home/kol/Documents/Robotics/ros_ws/GwenBot_ws/install/Gwenbot_description/share/Gwenbot_description/meshes
[5.450s] symbolically linking /home/kol/Documents/Robotics/ros_ws/GwenBot_ws/build/Gwenbot_description/meshes/leg_3_link_4_1.stl -> /home/kol/Documents/Robotics/ros_ws/GwenBot_ws/install/Gwenbot_description/share/Gwenbot_description/meshes
[5.451s] symbolically linking /home/kol/Documents/Robotics/ros_ws/GwenBot_ws/build/Gwenbot_description/meshes/leg_1_link_1_1.stl -> /home/kol/Documents/Robotics/ros_ws/GwenBot_ws/install/Gwenbot_description/share/Gwenbot_description/meshes
[5.451s] symbolically linking /home/kol/Documents/Robotics/ros_ws/GwenBot_ws/build/Gwenbot_description/meshes/base_link.stl -> /home/kol/Documents/Robotics/ros_ws/GwenBot_ws/install/Gwenbot_description/share/Gwenbot_description/meshes
[5.452s] symbolically linking /home/kol/Documents/Robotics/ros_ws/GwenBot_ws/build/Gwenbot_description/meshes/leg_2_link_1_1.stl -> /home/kol/Documents/Robotics/ros_ws/GwenBot_ws/install/Gwenbot_description/share/Gwenbot_description/meshes
[5.452s] symbolically linking /home/kol/Documents/Robotics/ros_ws/GwenBot_ws/build/Gwenbot_description/meshes/leg_1_link_4_1.stl -> /home/kol/Documents/Robotics/ros_ws/GwenBot_ws/install/Gwenbot_description/share/Gwenbot_description/meshes
[5.453s] symbolically linking /home/kol/Documents/Robotics/ros_ws/GwenBot_ws/build/Gwenbot_description/meshes/leg_2_link_3_1.stl -> /home/kol/Documents/Robotics/ros_ws/GwenBot_ws/install/Gwenbot_description/share/Gwenbot_description/meshes
[5.453s] symbolically linking /home/kol/Documents/Robotics/ros_ws/GwenBot_ws/build/Gwenbot_description/meshes/leg_3_link_2_1.stl -> /home/kol/Documents/Robotics/ros_ws/GwenBot_ws/install/Gwenbot_description/share/Gwenbot_description/meshes
[5.454s] symbolically linking /home/kol/Documents/Robotics/ros_ws/GwenBot_ws/build/Gwenbot_description/meshes/leg_4_link_2_1.stl -> /home/kol/Documents/Robotics/ros_ws/GwenBot_ws/install/Gwenbot_description/share/Gwenbot_description/meshes
[5.454s] symbolically linking /home/kol/Documents/Robotics/ros_ws/GwenBot_ws/build/Gwenbot_description/meshes/leg_4_link_3_1.stl -> /home/kol/Documents/Robotics/ros_ws/GwenBot_ws/install/Gwenbot_description/share/Gwenbot_description/meshes
[5.455s] symbolically linking /home/kol/Documents/Robotics/ros_ws/GwenBot_ws/build/Gwenbot_description/meshes/leg_2_link_2_1.stl -> /home/kol/Documents/Robotics/ros_ws/GwenBot_ws/install/Gwenbot_description/share/Gwenbot_description/meshes
[5.455s] symbolically linking /home/kol/Documents/Robotics/ros_ws/GwenBot_ws/build/Gwenbot_description/meshes/camera_joint_1.stl -> /home/kol/Documents/Robotics/ros_ws/GwenBot_ws/install/Gwenbot_description/share/Gwenbot_description/meshes
[5.456s] symbolically linking /home/kol/Documents/Robotics/ros_ws/GwenBot_ws/build/Gwenbot_description/meshes/leg_3_link_3_1.stl -> /home/kol/Documents/Robotics/ros_ws/GwenBot_ws/install/Gwenbot_description/share/Gwenbot_description/meshes
[5.456s] symbolically linking /home/kol/Documents/Robotics/ros_ws/GwenBot_ws/build/Gwenbot_description/meshes/leg_3_link_1_1.stl -> /home/kol/Documents/Robotics/ros_ws/GwenBot_ws/install/Gwenbot_description/share/Gwenbot_description/meshes
[5.457s] symbolically linking /home/kol/Documents/Robotics/ros_ws/GwenBot_ws/build/Gwenbot_description/meshes/leg_2_link_4_1.stl -> /home/kol/Documents/Robotics/ros_ws/GwenBot_ws/install/Gwenbot_description/share/Gwenbot_description/meshes
[5.457s] symbolically linking /home/kol/Documents/Robotics/ros_ws/GwenBot_ws/build/Gwenbot_description/meshes/leg_4_link_1_1.stl -> /home/kol/Documents/Robotics/ros_ws/GwenBot_ws/install/Gwenbot_description/share/Gwenbot_description/meshes
[5.458s] creating /home/kol/Documents/Robotics/ros_ws/GwenBot_ws/install/Gwenbot_description/share/Gwenbot_description/config
[5.458s] symbolically linking /home/kol/Documents/Robotics/ros_ws/GwenBot_ws/build/Gwenbot_description/config/display.rviz -> /home/kol/Documents/Robotics/ros_ws/GwenBot_ws/install/Gwenbot_description/share/Gwenbot_description/config
[5.579s] Invoked command in '/home/kol/Documents/Robotics/ros_ws/GwenBot_ws/build/Gwenbot_description' returned '0': PYTHONPATH=/home/kol/Documents/Robotics/ros_ws/GwenBot_ws/build/Gwenbot_description/prefix_override:/usr/lib/python3/dist-packages/colcon_core/task/python/colcon_distutils_commands:/home/kol/Documents/Robotics/ros_ws/GwenBot_ws/install/Gwenbot_description/lib/python3.10/site-packages:${PYTHONPATH} /usr/bin/python3 -W ignore:setup.py install is deprecated setup.py develop --editable --build-directory /home/kol/Documents/Robotics/ros_ws/GwenBot_ws/build/Gwenbot_description/build --no-deps symlink_data
