[0.044s] Invoking command in '/home/kol/Documents/Robots/ros_ws/FiveDoFRobot/build/FiveDoF_Moveit_config': AMENT_PREFIX_PATH=/home/kol/Documents/Robots/ros_ws/FiveDoFRobot/install/FiveDoFBot_description:/home/kol/Documents/Robots/ros_ws/FiveDoFRobot/install/robotController:/opt/ros/humble CMAKE_PREFIX_PATH=/home/kol/Documents/Robots/ros_ws/FiveDoFRobot/install/robotController:/home/kol/Documents/Robots/ros_ws/FiveDoFRobot/install/FiveDoFBot_description:/opt/ros/humble PYTHONPATH=/home/kol/Documents/Robots/ros_ws/FiveDoFRobot/build/FiveDoFBot_description:/home/kol/Documents/Robots/ros_ws/FiveDoFRobot/install/FiveDoFBot_description/lib/python3.10/site-packages:/home/kol/Documents/Robots/ros_ws/FiveDoFRobot/build/robotController:/home/kol/Documents/Robots/ros_ws/FiveDoFRobot/install/robotController/lib/python3.10/site-packages:/opt/ros/humble/lib/python3.10/site-packages:/opt/ros/humble/local/lib/python3.10/dist-packages /usr/bin/cmake /home/kol/Documents/Robots/ros_ws/FiveDoFRobot/src/FiveDoF_Moveit_config -DAMENT_CMAKE_SYMLINK_INSTALL=1 -DCMAKE_INSTALL_PREFIX=/home/kol/Documents/Robots/ros_ws/FiveDoFRobot/install/FiveDoF_Moveit_config
[0.308s] -- The C compiler identification is GNU 11.4.0
[0.571s] -- The CXX compiler identification is GNU 11.4.0
[0.609s] -- Detecting C compiler ABI info
[0.927s] -- Detecting C compiler ABI info - done
[0.966s] -- Check for working C compiler: /usr/bin/cc - skipped
[0.967s] -- Detecting C compile features
[0.969s] -- Detecting C compile features - done
[0.984s] -- Detecting CXX compiler ABI info
[1.362s] -- Detecting CXX compiler ABI info - done
[1.401s] -- Check for working CXX compiler: /usr/bin/c++ - skipped
[1.402s] -- Detecting CXX compile features
[1.405s] -- Detecting CXX compile features - done
[1.429s] -- Found ament_cmake: 1.3.10 (/opt/ros/humble/share/ament_cmake/cmake)
[2.238s] -- Found Python3: /usr/bin/python3 (found version "3.10.12") found components: Interpreter 
[2.569s] -- Override CMake install command with custom implementation using symlinks instead of copying resources
[2.969s] WARNING: Package name "FiveDoF_Moveit_config" does not follow the naming conventions. It should start with a lower case letter and only contain lower case letters, digits, underscores, and dashes.
[3.035s] -- Configuring done
[3.048s] -- Generating done
[3.052s] -- Build files have been written to: /home/kol/Documents/Robots/ros_ws/FiveDoFRobot/build/FiveDoF_Moveit_config
[3.068s] Invoked command in '/home/kol/Documents/Robots/ros_ws/FiveDoFRobot/build/FiveDoF_Moveit_config' returned '0': AMENT_PREFIX_PATH=/home/kol/Documents/Robots/ros_ws/FiveDoFRobot/install/FiveDoFBot_description:/home/kol/Documents/Robots/ros_ws/FiveDoFRobot/install/robotController:/opt/ros/humble CMAKE_PREFIX_PATH=/home/kol/Documents/Robots/ros_ws/FiveDoFRobot/install/robotController:/home/kol/Documents/Robots/ros_ws/FiveDoFRobot/install/FiveDoFBot_description:/opt/ros/humble PYTHONPATH=/home/kol/Documents/Robots/ros_ws/FiveDoFRobot/build/FiveDoFBot_description:/home/kol/Documents/Robots/ros_ws/FiveDoFRobot/install/FiveDoFBot_description/lib/python3.10/site-packages:/home/kol/Documents/Robots/ros_ws/FiveDoFRobot/build/robotController:/home/kol/Documents/Robots/ros_ws/FiveDoFRobot/install/robotController/lib/python3.10/site-packages:/opt/ros/humble/lib/python3.10/site-packages:/opt/ros/humble/local/lib/python3.10/dist-packages /usr/bin/cmake /home/kol/Documents/Robots/ros_ws/FiveDoFRobot/src/FiveDoF_Moveit_config -DAMENT_CMAKE_SYMLINK_INSTALL=1 -DCMAKE_INSTALL_PREFIX=/home/kol/Documents/Robots/ros_ws/FiveDoFRobot/install/FiveDoF_Moveit_config
[3.075s] Invoking command in '/home/kol/Documents/Robots/ros_ws/FiveDoFRobot/build/FiveDoF_Moveit_config': AMENT_PREFIX_PATH=/home/kol/Documents/Robots/ros_ws/FiveDoFRobot/install/FiveDoFBot_description:/home/kol/Documents/Robots/ros_ws/FiveDoFRobot/install/robotController:/opt/ros/humble CMAKE_PREFIX_PATH=/home/kol/Documents/Robots/ros_ws/FiveDoFRobot/install/robotController:/home/kol/Documents/Robots/ros_ws/FiveDoFRobot/install/FiveDoFBot_description:/opt/ros/humble PYTHONPATH=/home/kol/Documents/Robots/ros_ws/FiveDoFRobot/build/FiveDoFBot_description:/home/kol/Documents/Robots/ros_ws/FiveDoFRobot/install/FiveDoFBot_description/lib/python3.10/site-packages:/home/kol/Documents/Robots/ros_ws/FiveDoFRobot/build/robotController:/home/kol/Documents/Robots/ros_ws/FiveDoFRobot/install/robotController/lib/python3.10/site-packages:/opt/ros/humble/lib/python3.10/site-packages:/opt/ros/humble/local/lib/python3.10/dist-packages /usr/bin/cmake --build /home/kol/Documents/Robots/ros_ws/FiveDoFRobot/build/FiveDoF_Moveit_config -- -j4 -l4
[3.245s] Invoked command in '/home/kol/Documents/Robots/ros_ws/FiveDoFRobot/build/FiveDoF_Moveit_config' returned '0': AMENT_PREFIX_PATH=/home/kol/Documents/Robots/ros_ws/FiveDoFRobot/install/FiveDoFBot_description:/home/kol/Documents/Robots/ros_ws/FiveDoFRobot/install/robotController:/opt/ros/humble CMAKE_PREFIX_PATH=/home/kol/Documents/Robots/ros_ws/FiveDoFRobot/install/robotController:/home/kol/Documents/Robots/ros_ws/FiveDoFRobot/install/FiveDoFBot_description:/opt/ros/humble PYTHONPATH=/home/kol/Documents/Robots/ros_ws/FiveDoFRobot/build/FiveDoFBot_description:/home/kol/Documents/Robots/ros_ws/FiveDoFRobot/install/FiveDoFBot_description/lib/python3.10/site-packages:/home/kol/Documents/Robots/ros_ws/FiveDoFRobot/build/robotController:/home/kol/Documents/Robots/ros_ws/FiveDoFRobot/install/robotController/lib/python3.10/site-packages:/opt/ros/humble/lib/python3.10/site-packages:/opt/ros/humble/local/lib/python3.10/dist-packages /usr/bin/cmake --build /home/kol/Documents/Robots/ros_ws/FiveDoFRobot/build/FiveDoF_Moveit_config -- -j4 -l4
[3.394s] Invoking command in '/home/kol/Documents/Robots/ros_ws/FiveDoFRobot/build/FiveDoF_Moveit_config': AMENT_PREFIX_PATH=/home/kol/Documents/Robots/ros_ws/FiveDoFRobot/install/FiveDoFBot_description:/home/kol/Documents/Robots/ros_ws/FiveDoFRobot/install/robotController:/opt/ros/humble CMAKE_PREFIX_PATH=/home/kol/Documents/Robots/ros_ws/FiveDoFRobot/install/robotController:/home/kol/Documents/Robots/ros_ws/FiveDoFRobot/install/FiveDoFBot_description:/opt/ros/humble PYTHONPATH=/home/kol/Documents/Robots/ros_ws/FiveDoFRobot/build/FiveDoFBot_description:/home/kol/Documents/Robots/ros_ws/FiveDoFRobot/install/FiveDoFBot_description/lib/python3.10/site-packages:/home/kol/Documents/Robots/ros_ws/FiveDoFRobot/build/robotController:/home/kol/Documents/Robots/ros_ws/FiveDoFRobot/install/robotController/lib/python3.10/site-packages:/opt/ros/humble/lib/python3.10/site-packages:/opt/ros/humble/local/lib/python3.10/dist-packages /usr/bin/cmake --install /home/kol/Documents/Robots/ros_ws/FiveDoFRobot/build/FiveDoF_Moveit_config
[3.428s] -- Install configuration: ""
[3.431s] -- Execute custom install script
[3.433s] -- Symlinking: /home/kol/Documents/Robots/ros_ws/FiveDoFRobot/install/FiveDoF_Moveit_config/share/ament_index/resource_index/package_run_dependencies/FiveDoF_Moveit_config
[3.470s] -- Symlinking: /home/kol/Documents/Robots/ros_ws/FiveDoFRobot/install/FiveDoF_Moveit_config/share/ament_index/resource_index/parent_prefix_path/FiveDoF_Moveit_config
[3.507s] -- Symlinking: /home/kol/Documents/Robots/ros_ws/FiveDoFRobot/install/FiveDoF_Moveit_config/share/FiveDoF_Moveit_config/environment/ament_prefix_path.sh
[3.545s] -- Symlinking: /home/kol/Documents/Robots/ros_ws/FiveDoFRobot/install/FiveDoF_Moveit_config/share/FiveDoF_Moveit_config/environment/ament_prefix_path.dsv
[3.581s] -- Symlinking: /home/kol/Documents/Robots/ros_ws/FiveDoFRobot/install/FiveDoF_Moveit_config/share/FiveDoF_Moveit_config/environment/path.sh
[3.629s] -- Symlinking: /home/kol/Documents/Robots/ros_ws/FiveDoFRobot/install/FiveDoF_Moveit_config/share/FiveDoF_Moveit_config/environment/path.dsv
[3.670s] -- Symlinking: /home/kol/Documents/Robots/ros_ws/FiveDoFRobot/install/FiveDoF_Moveit_config/share/FiveDoF_Moveit_config/local_setup.bash
[3.711s] -- Symlinking: /home/kol/Documents/Robots/ros_ws/FiveDoFRobot/install/FiveDoF_Moveit_config/share/FiveDoF_Moveit_config/local_setup.sh
[3.756s] -- Symlinking: /home/kol/Documents/Robots/ros_ws/FiveDoFRobot/install/FiveDoF_Moveit_config/share/FiveDoF_Moveit_config/local_setup.zsh
[3.797s] -- Symlinking: /home/kol/Documents/Robots/ros_ws/FiveDoFRobot/install/FiveDoF_Moveit_config/share/FiveDoF_Moveit_config/local_setup.dsv
[3.842s] -- Symlinking: /home/kol/Documents/Robots/ros_ws/FiveDoFRobot/install/FiveDoF_Moveit_config/share/FiveDoF_Moveit_config/package.dsv
[3.883s] -- Symlinking: /home/kol/Documents/Robots/ros_ws/FiveDoFRobot/install/FiveDoF_Moveit_config/share/ament_index/resource_index/packages/FiveDoF_Moveit_config
[3.926s] -- Symlinking: /home/kol/Documents/Robots/ros_ws/FiveDoFRobot/install/FiveDoF_Moveit_config/share/FiveDoF_Moveit_config/cmake/FiveDoF_Moveit_configConfig.cmake
[3.966s] -- Symlinking: /home/kol/Documents/Robots/ros_ws/FiveDoFRobot/install/FiveDoF_Moveit_config/share/FiveDoF_Moveit_config/cmake/FiveDoF_Moveit_configConfig-version.cmake
[4.004s] -- Symlinking: /home/kol/Documents/Robots/ros_ws/FiveDoFRobot/install/FiveDoF_Moveit_config/share/FiveDoF_Moveit_config/package.xml
[4.050s] -- Symlinking: /home/kol/Documents/Robots/ros_ws/FiveDoFRobot/install/FiveDoF_Moveit_config/share/FiveDoF_Moveit_config/launch/demo.launch.py
[4.090s] -- Symlinking: /home/kol/Documents/Robots/ros_ws/FiveDoFRobot/install/FiveDoF_Moveit_config/share/FiveDoF_Moveit_config/launch/move_group.launch.py
[4.133s] -- Symlinking: /home/kol/Documents/Robots/ros_ws/FiveDoFRobot/install/FiveDoF_Moveit_config/share/FiveDoF_Moveit_config/launch/moveit_rviz.launch.py
[4.176s] -- Symlinking: /home/kol/Documents/Robots/ros_ws/FiveDoFRobot/install/FiveDoF_Moveit_config/share/FiveDoF_Moveit_config/launch/rsp.launch.py
[4.212s] -- Symlinking: /home/kol/Documents/Robots/ros_ws/FiveDoFRobot/install/FiveDoF_Moveit_config/share/FiveDoF_Moveit_config/launch/setup_assistant.launch.py
[4.254s] -- Symlinking: /home/kol/Documents/Robots/ros_ws/FiveDoFRobot/install/FiveDoF_Moveit_config/share/FiveDoF_Moveit_config/launch/spawn_controllers.launch.py
[4.294s] -- Symlinking: /home/kol/Documents/Robots/ros_ws/FiveDoFRobot/install/FiveDoF_Moveit_config/share/FiveDoF_Moveit_config/launch/static_virtual_joint_tfs.launch.py
[4.338s] -- Symlinking: /home/kol/Documents/Robots/ros_ws/FiveDoFRobot/install/FiveDoF_Moveit_config/share/FiveDoF_Moveit_config/launch/warehouse_db.launch.py
[4.382s] -- Symlinking: /home/kol/Documents/Robots/ros_ws/FiveDoFRobot/install/FiveDoF_Moveit_config/share/FiveDoF_Moveit_config/config/FiveDoFBot.ros2_control.xacro
[4.418s] -- Symlinking: /home/kol/Documents/Robots/ros_ws/FiveDoFRobot/install/FiveDoF_Moveit_config/share/FiveDoF_Moveit_config/config/FiveDoFBot.srdf
[4.455s] -- Symlinking: /home/kol/Documents/Robots/ros_ws/FiveDoFRobot/install/FiveDoF_Moveit_config/share/FiveDoF_Moveit_config/config/FiveDoFBot.urdf.xacro
[4.492s] -- Symlinking: /home/kol/Documents/Robots/ros_ws/FiveDoFRobot/install/FiveDoF_Moveit_config/share/FiveDoF_Moveit_config/config/initial_positions.yaml
[4.534s] -- Symlinking: /home/kol/Documents/Robots/ros_ws/FiveDoFRobot/install/FiveDoF_Moveit_config/share/FiveDoF_Moveit_config/config/joint_limits.yaml
[4.571s] -- Symlinking: /home/kol/Documents/Robots/ros_ws/FiveDoFRobot/install/FiveDoF_Moveit_config/share/FiveDoF_Moveit_config/config/kinematics.yaml
[4.606s] -- Symlinking: /home/kol/Documents/Robots/ros_ws/FiveDoFRobot/install/FiveDoF_Moveit_config/share/FiveDoF_Moveit_config/config/moveit.rviz
[4.646s] -- Symlinking: /home/kol/Documents/Robots/ros_ws/FiveDoFRobot/install/FiveDoF_Moveit_config/share/FiveDoF_Moveit_config/config/moveit_controllers.yaml
[4.682s] -- Symlinking: /home/kol/Documents/Robots/ros_ws/FiveDoFRobot/install/FiveDoF_Moveit_config/share/FiveDoF_Moveit_config/config/pilz_cartesian_limits.yaml
[4.718s] -- Symlinking: /home/kol/Documents/Robots/ros_ws/FiveDoFRobot/install/FiveDoF_Moveit_config/share/FiveDoF_Moveit_config/config/ros2_controllers.yaml
[4.758s] -- Symlinking: /home/kol/Documents/Robots/ros_ws/FiveDoFRobot/install/FiveDoF_Moveit_config/share/FiveDoF_Moveit_config/.setup_assistant
[4.805s] Invoked command in '/home/kol/Documents/Robots/ros_ws/FiveDoFRobot/build/FiveDoF_Moveit_config' returned '0': AMENT_PREFIX_PATH=/home/kol/Documents/Robots/ros_ws/FiveDoFRobot/install/FiveDoFBot_description:/home/kol/Documents/Robots/ros_ws/FiveDoFRobot/install/robotController:/opt/ros/humble CMAKE_PREFIX_PATH=/home/kol/Documents/Robots/ros_ws/FiveDoFRobot/install/robotController:/home/kol/Documents/Robots/ros_ws/FiveDoFRobot/install/FiveDoFBot_description:/opt/ros/humble PYTHONPATH=/home/kol/Documents/Robots/ros_ws/FiveDoFRobot/build/FiveDoFBot_description:/home/kol/Documents/Robots/ros_ws/FiveDoFRobot/install/FiveDoFBot_description/lib/python3.10/site-packages:/home/kol/Documents/Robots/ros_ws/FiveDoFRobot/build/robotController:/home/kol/Documents/Robots/ros_ws/FiveDoFRobot/install/robotController/lib/python3.10/site-packages:/opt/ros/humble/lib/python3.10/site-packages:/opt/ros/humble/local/lib/python3.10/dist-packages /usr/bin/cmake --install /home/kol/Documents/Robots/ros_ws/FiveDoFRobot/build/FiveDoF_Moveit_config
