running develop
running egg_info
creating Ackerman_description.egg-info
writing Ackerman_description.egg-info/PKG-INFO
writing dependency_links to Ackerman_description.egg-info/dependency_links.txt
writing entry points to Ackerman_description.egg-info/entry_points.txt
writing requirements to Ackerman_description.egg-info/requires.txt
writing top-level names to Ackerman_description.egg-info/top_level.txt
writing manifest file 'Ackerman_description.egg-info/SOURCES.txt'
reading manifest file 'Ackerman_description.egg-info/SOURCES.txt'
writing manifest file 'Ackerman_description.egg-info/SOURCES.txt'
running build_ext
Creating /home/kol/Documents/Robots/ros_ws/ackerman/install/Ackerman_description/lib/python3.10/site-packages/Ackerman-description.egg-link (link to .)

Installed /home/kol/Documents/Robots/ros_ws/ackerman/build/Ackerman_description
running symlink_data
creating /home/kol/Documents/Robots/ros_ws/ackerman/install/Ackerman_description/share/ament_index
creating /home/kol/Documents/Robots/ros_ws/ackerman/install/Ackerman_description/share/ament_index/resource_index
creating /home/kol/Documents/Robots/ros_ws/ackerman/install/Ackerman_description/share/ament_index/resource_index/packages
symbolically linking /home/kol/Documents/Robots/ros_ws/ackerman/build/Ackerman_description/resource/Ackerman_description -> /home/kol/Documents/Robots/ros_ws/ackerman/install/Ackerman_description/share/ament_index/resource_index/packages
symbolically linking /home/kol/Documents/Robots/ros_ws/ackerman/build/Ackerman_description/package.xml -> /home/kol/Documents/Robots/ros_ws/ackerman/install/Ackerman_description/share/Ackerman_description
creating /home/kol/Documents/Robots/ros_ws/ackerman/install/Ackerman_description/share/Ackerman_description/launch
symbolically linking /home/kol/Documents/Robots/ros_ws/ackerman/build/Ackerman_description/launch/gazebo.launch.py -> /home/kol/Documents/Robots/ros_ws/ackerman/install/Ackerman_description/share/Ackerman_description/launch
symbolically linking /home/kol/Documents/Robots/ros_ws/ackerman/build/Ackerman_description/launch/display.launch.py -> /home/kol/Documents/Robots/ros_ws/ackerman/install/Ackerman_description/share/Ackerman_description/launch
creating /home/kol/Documents/Robots/ros_ws/ackerman/install/Ackerman_description/share/Ackerman_description/urdf
symbolically linking /home/kol/Documents/Robots/ros_ws/ackerman/build/Ackerman_description/urdf/Ackerman.xacro -> /home/kol/Documents/Robots/ros_ws/ackerman/install/Ackerman_description/share/Ackerman_description/urdf
symbolically linking /home/kol/Documents/Robots/ros_ws/ackerman/build/Ackerman_description/urdf/materials.xacro -> /home/kol/Documents/Robots/ros_ws/ackerman/install/Ackerman_description/share/Ackerman_description/urdf
symbolically linking /home/kol/Documents/Robots/ros_ws/ackerman/build/Ackerman_description/urdf/Ackerman.trans -> /home/kol/Documents/Robots/ros_ws/ackerman/install/Ackerman_description/share/Ackerman_description/urdf
symbolically linking /home/kol/Documents/Robots/ros_ws/ackerman/build/Ackerman_description/urdf/Ackerman.gazebo -> /home/kol/Documents/Robots/ros_ws/ackerman/install/Ackerman_description/share/Ackerman_description/urdf
creating /home/kol/Documents/Robots/ros_ws/ackerman/install/Ackerman_description/share/Ackerman_description/meshes
symbolically linking /home/kol/Documents/Robots/ros_ws/ackerman/build/Ackerman_description/meshes/front_right_link_1.stl -> /home/kol/Documents/Robots/ros_ws/ackerman/install/Ackerman_description/share/Ackerman_description/meshes
symbolically linking /home/kol/Documents/Robots/ros_ws/ackerman/build/Ackerman_description/meshes/base_link.stl -> /home/kol/Documents/Robots/ros_ws/ackerman/install/Ackerman_description/share/Ackerman_description/meshes
symbolically linking /home/kol/Documents/Robots/ros_ws/ackerman/build/Ackerman_description/meshes/back_left_link_1.stl -> /home/kol/Documents/Robots/ros_ws/ackerman/install/Ackerman_description/share/Ackerman_description/meshes
symbolically linking /home/kol/Documents/Robots/ros_ws/ackerman/build/Ackerman_description/meshes/front_left_link_1.stl -> /home/kol/Documents/Robots/ros_ws/ackerman/install/Ackerman_description/share/Ackerman_description/meshes
symbolically linking /home/kol/Documents/Robots/ros_ws/ackerman/build/Ackerman_description/meshes/back_right_link_1.stl -> /home/kol/Documents/Robots/ros_ws/ackerman/install/Ackerman_description/share/Ackerman_description/meshes
creating /home/kol/Documents/Robots/ros_ws/ackerman/install/Ackerman_description/share/Ackerman_description/config
symbolically linking /home/kol/Documents/Robots/ros_ws/ackerman/build/Ackerman_description/config/display.rviz -> /home/kol/Documents/Robots/ros_ws/ackerman/install/Ackerman_description/share/Ackerman_description/config
