[4.200s] Invoking command in '/home/kol/Documents/Robotics/ros_ws/FiveDoFRobot/build/FiveDoFBot_description': PYTHONPATH=/home/kol/Documents/Robotics/ros_ws/FiveDoFRobot/build/FiveDoFBot_description/prefix_override:/usr/lib/python3/dist-packages/colcon_core/task/python/colcon_distutils_commands:/home/kol/Documents/Robotics/ros_ws/FiveDoFRobot/install/FiveDoFBot_description/lib/python3.10/site-packages:${PYTHONPATH} /usr/bin/python3 -W ignore:setup.py install is deprecated setup.py develop --editable --build-directory /home/kol/Documents/Robotics/ros_ws/FiveDoFRobot/build/FiveDoFBot_description/build --no-deps symlink_data
[5.984s] running develop
[7.469s] running egg_info
[7.469s] creating FiveDoFBot_description.egg-info
[7.470s] writing FiveDoFBot_description.egg-info/PKG-INFO
[7.471s] writing dependency_links to FiveDoFBot_description.egg-info/dependency_links.txt
[7.472s] writing entry points to FiveDoFBot_description.egg-info/entry_points.txt
[7.473s] writing requirements to FiveDoFBot_description.egg-info/requires.txt
[7.474s] writing top-level names to FiveDoFBot_description.egg-info/top_level.txt
[7.475s] writing manifest file 'FiveDoFBot_description.egg-info/SOURCES.txt'
[7.487s] reading manifest file 'FiveDoFBot_description.egg-info/SOURCES.txt'
[7.496s] writing manifest file 'FiveDoFBot_description.egg-info/SOURCES.txt'
[7.503s] running build_ext
[7.505s] Creating /home/kol/Documents/Robotics/ros_ws/FiveDoFRobot/install/FiveDoFBot_description/lib/python3.10/site-packages/FiveDoFBot-description.egg-link (link to .)
[7.510s] 
[7.511s] Installed /home/kol/Documents/Robotics/ros_ws/FiveDoFRobot/build/FiveDoFBot_description
[7.511s] running symlink_data
[7.512s] creating /home/kol/Documents/Robotics/ros_ws/FiveDoFRobot/install/FiveDoFBot_description/share/ament_index
[7.513s] creating /home/kol/Documents/Robotics/ros_ws/FiveDoFRobot/install/FiveDoFBot_description/share/ament_index/resource_index
[7.514s] creating /home/kol/Documents/Robotics/ros_ws/FiveDoFRobot/install/FiveDoFBot_description/share/ament_index/resource_index/packages
[7.514s] symbolically linking /home/kol/Documents/Robotics/ros_ws/FiveDoFRobot/build/FiveDoFBot_description/resource/FiveDoFBot_description -> /home/kol/Documents/Robotics/ros_ws/FiveDoFRobot/install/FiveDoFBot_description/share/ament_index/resource_index/packages
[7.515s] symbolically linking /home/kol/Documents/Robotics/ros_ws/FiveDoFRobot/build/FiveDoFBot_description/package.xml -> /home/kol/Documents/Robotics/ros_ws/FiveDoFRobot/install/FiveDoFBot_description/share/FiveDoFBot_description
[7.516s] creating /home/kol/Documents/Robotics/ros_ws/FiveDoFRobot/install/FiveDoFBot_description/share/FiveDoFBot_description/launch
[7.516s] symbolically linking /home/kol/Documents/Robotics/ros_ws/FiveDoFRobot/build/FiveDoFBot_description/launch/gazebo.launch.py -> /home/kol/Documents/Robotics/ros_ws/FiveDoFRobot/install/FiveDoFBot_description/share/FiveDoFBot_description/launch
[7.517s] symbolically linking /home/kol/Documents/Robotics/ros_ws/FiveDoFRobot/build/FiveDoFBot_description/launch/display.launch.py -> /home/kol/Documents/Robotics/ros_ws/FiveDoFRobot/install/FiveDoFBot_description/share/FiveDoFBot_description/launch
[7.518s] creating /home/kol/Documents/Robotics/ros_ws/FiveDoFRobot/install/FiveDoFBot_description/share/FiveDoFBot_description/urdf
[7.518s] symbolically linking /home/kol/Documents/Robotics/ros_ws/FiveDoFRobot/build/FiveDoFBot_description/urdf/FiveDoFBot.trans -> /home/kol/Documents/Robotics/ros_ws/FiveDoFRobot/install/FiveDoFBot_description/share/FiveDoFBot_description/urdf
[7.519s] symbolically linking /home/kol/Documents/Robotics/ros_ws/FiveDoFRobot/build/FiveDoFBot_description/urdf/materials.xacro -> /home/kol/Documents/Robotics/ros_ws/FiveDoFRobot/install/FiveDoFBot_description/share/FiveDoFBot_description/urdf
[7.520s] symbolically linking /home/kol/Documents/Robotics/ros_ws/FiveDoFRobot/build/FiveDoFBot_description/urdf/FiveDoFBot.xacro -> /home/kol/Documents/Robotics/ros_ws/FiveDoFRobot/install/FiveDoFBot_description/share/FiveDoFBot_description/urdf
[7.520s] symbolically linking /home/kol/Documents/Robotics/ros_ws/FiveDoFRobot/build/FiveDoFBot_description/urdf/FiveDoFBot.gazebo -> /home/kol/Documents/Robotics/ros_ws/FiveDoFRobot/install/FiveDoFBot_description/share/FiveDoFBot_description/urdf
[7.521s] creating /home/kol/Documents/Robotics/ros_ws/FiveDoFRobot/install/FiveDoFBot_description/share/FiveDoFBot_description/meshes
[7.522s] symbolically linking /home/kol/Documents/Robotics/ros_ws/FiveDoFRobot/build/FiveDoFBot_description/meshes/base_link.stl -> /home/kol/Documents/Robotics/ros_ws/FiveDoFRobot/install/FiveDoFBot_description/share/FiveDoFBot_description/meshes
[7.523s] symbolically linking /home/kol/Documents/Robotics/ros_ws/FiveDoFRobot/build/FiveDoFBot_description/meshes/link_4_1.stl -> /home/kol/Documents/Robotics/ros_ws/FiveDoFRobot/install/FiveDoFBot_description/share/FiveDoFBot_description/meshes
[7.523s] symbolically linking /home/kol/Documents/Robotics/ros_ws/FiveDoFRobot/build/FiveDoFBot_description/meshes/link_3_1.stl -> /home/kol/Documents/Robotics/ros_ws/FiveDoFRobot/install/FiveDoFBot_description/share/FiveDoFBot_description/meshes
[7.524s] symbolically linking /home/kol/Documents/Robotics/ros_ws/FiveDoFRobot/build/FiveDoFBot_description/meshes/link_1_1.stl -> /home/kol/Documents/Robotics/ros_ws/FiveDoFRobot/install/FiveDoFBot_description/share/FiveDoFBot_description/meshes
[7.524s] symbolically linking /home/kol/Documents/Robotics/ros_ws/FiveDoFRobot/build/FiveDoFBot_description/meshes/link_2_1.stl -> /home/kol/Documents/Robotics/ros_ws/FiveDoFRobot/install/FiveDoFBot_description/share/FiveDoFBot_description/meshes
[7.525s] symbolically linking /home/kol/Documents/Robotics/ros_ws/FiveDoFRobot/build/FiveDoFBot_description/meshes/link_5_1.stl -> /home/kol/Documents/Robotics/ros_ws/FiveDoFRobot/install/FiveDoFBot_description/share/FiveDoFBot_description/meshes
[7.525s] creating /home/kol/Documents/Robotics/ros_ws/FiveDoFRobot/install/FiveDoFBot_description/share/FiveDoFBot_description/config
[7.526s] symbolically linking /home/kol/Documents/Robotics/ros_ws/FiveDoFRobot/build/FiveDoFBot_description/config/display.rviz -> /home/kol/Documents/Robotics/ros_ws/FiveDoFRobot/install/FiveDoFBot_description/share/FiveDoFBot_description/config
[7.677s] Invoked command in '/home/kol/Documents/Robotics/ros_ws/FiveDoFRobot/build/FiveDoFBot_description' returned '0': PYTHONPATH=/home/kol/Documents/Robotics/ros_ws/FiveDoFRobot/build/FiveDoFBot_description/prefix_override:/usr/lib/python3/dist-packages/colcon_core/task/python/colcon_distutils_commands:/home/kol/Documents/Robotics/ros_ws/FiveDoFRobot/install/FiveDoFBot_description/lib/python3.10/site-packages:${PYTHONPATH} /usr/bin/python3 -W ignore:setup.py install is deprecated setup.py develop --editable --build-directory /home/kol/Documents/Robotics/ros_ws/FiveDoFRobot/build/FiveDoFBot_description/build --no-deps symlink_data
