[0.009s] Invoking command in '/home/kol/Documents/Robots/learning/joystick/build/turtle_bringup': CMAKE_PREFIX_PATH=${CMAKE_PREFIX_PATH}:/home/kol/Documents/Robots/learning/joystick/install/turtle_joystic:/opt/ros/humble /usr/bin/cmake --build /home/kol/Documents/Robots/learning/joystick/build/turtle_bringup -- -j4 -l4
[0.032s] -- Found ament_cmake: 1.3.10 (/opt/ros/humble/share/ament_cmake/cmake)
[0.156s] -- Override CMake install command with custom implementation using symlinks instead of copying resources
[0.237s] -- Configuring done
[0.241s] -- Generating done
[0.242s] -- Build files have been written to: /home/kol/Documents/Robots/learning/joystick/build/turtle_bringup
[0.266s] Invoked command in '/home/kol/Documents/Robots/learning/joystick/build/turtle_bringup' returned '0': CMAKE_PREFIX_PATH=${CMAKE_PREFIX_PATH}:/home/kol/Documents/Robots/learning/joystick/install/turtle_joystic:/opt/ros/humble /usr/bin/cmake --build /home/kol/Documents/Robots/learning/joystick/build/turtle_bringup -- -j4 -l4
[0.296s] Invoking command in '/home/kol/Documents/Robots/learning/joystick/build/turtle_bringup': CMAKE_PREFIX_PATH=${CMAKE_PREFIX_PATH}:/home/kol/Documents/Robots/learning/joystick/install/turtle_joystic:/opt/ros/humble /usr/bin/cmake --install /home/kol/Documents/Robots/learning/joystick/build/turtle_bringup
[0.303s] -- Install configuration: ""
[0.303s] -- Execute custom install script
[0.304s] -- Up-to-date symlink: /home/kol/Documents/Robots/learning/joystick/install/turtle_bringup/share/turtle_bringup/launch/demo.launch.py
[0.304s] -- Up-to-date symlink: /home/kol/Documents/Robots/learning/joystick/install/turtle_bringup/share/ament_index/resource_index/package_run_dependencies/turtle_bringup
[0.304s] -- Up-to-date symlink: /home/kol/Documents/Robots/learning/joystick/install/turtle_bringup/share/ament_index/resource_index/parent_prefix_path/turtle_bringup
[0.305s] -- Up-to-date symlink: /home/kol/Documents/Robots/learning/joystick/install/turtle_bringup/share/turtle_bringup/environment/ament_prefix_path.sh
[0.305s] -- Up-to-date symlink: /home/kol/Documents/Robots/learning/joystick/install/turtle_bringup/share/turtle_bringup/environment/ament_prefix_path.dsv
[0.305s] -- Up-to-date symlink: /home/kol/Documents/Robots/learning/joystick/install/turtle_bringup/share/turtle_bringup/environment/path.sh
[0.306s] -- Up-to-date symlink: /home/kol/Documents/Robots/learning/joystick/install/turtle_bringup/share/turtle_bringup/environment/path.dsv
[0.306s] -- Up-to-date symlink: /home/kol/Documents/Robots/learning/joystick/install/turtle_bringup/share/turtle_bringup/local_setup.bash
[0.306s] -- Up-to-date symlink: /home/kol/Documents/Robots/learning/joystick/install/turtle_bringup/share/turtle_bringup/local_setup.sh
[0.306s] -- Up-to-date symlink: /home/kol/Documents/Robots/learning/joystick/install/turtle_bringup/share/turtle_bringup/local_setup.zsh
[0.307s] -- Up-to-date symlink: /home/kol/Documents/Robots/learning/joystick/install/turtle_bringup/share/turtle_bringup/local_setup.dsv
[0.307s] -- Symlinking: /home/kol/Documents/Robots/learning/joystick/install/turtle_bringup/share/turtle_bringup/package.dsv
[0.318s] -- Up-to-date symlink: /home/kol/Documents/Robots/learning/joystick/install/turtle_bringup/share/ament_index/resource_index/packages/turtle_bringup
[0.318s] -- Up-to-date symlink: /home/kol/Documents/Robots/learning/joystick/install/turtle_bringup/share/turtle_bringup/cmake/turtle_bringupConfig.cmake
[0.318s] -- Up-to-date symlink: /home/kol/Documents/Robots/learning/joystick/install/turtle_bringup/share/turtle_bringup/cmake/turtle_bringupConfig-version.cmake
[0.318s] -- Up-to-date symlink: /home/kol/Documents/Robots/learning/joystick/install/turtle_bringup/share/turtle_bringup/package.xml
[0.321s] Invoked command in '/home/kol/Documents/Robots/learning/joystick/build/turtle_bringup' returned '0': CMAKE_PREFIX_PATH=${CMAKE_PREFIX_PATH}:/home/kol/Documents/Robots/learning/joystick/install/turtle_joystic:/opt/ros/humble /usr/bin/cmake --install /home/kol/Documents/Robots/learning/joystick/build/turtle_bringup
