[0.484s] DEBUG:colcon:Command line arguments: ['/usr/bin/colcon', 'build', '--symlink-install']
[0.485s] DEBUG:colcon:Parsed command line arguments: Namespace(log_base=None, log_level=None, verb_name='build', build_base='build', install_base='install', merge_install=False, symlink_install=True, test_result_base=None, continue_on_error=False, executor='parallel', parallel_workers=4, event_handlers=None, ignore_user_meta=False, metas=['./colcon.meta'], base_paths=['.'], packages_ignore=None, packages_ignore_regex=None, paths=None, packages_up_to=None, packages_up_to_regex=None, packages_above=None, packages_above_and_dependencies=None, packages_above_depth=None, packages_select_by_dep=None, packages_skip_by_dep=None, packages_skip_up_to=None, packages_select_build_failed=False, packages_skip_build_finished=False, packages_select_test_failures=False, packages_skip_test_passed=False, packages_select=None, packages_skip=None, packages_select_regex=None, packages_skip_regex=None, packages_start=None, packages_end=None, allow_overriding=[], cmake_args=None, cmake_target=None, cmake_target_skip_unavailable=False, cmake_clean_cache=False, cmake_clean_first=False, cmake_force_configure=False, ament_cmake_args=None, catkin_cmake_args=None, catkin_skip_building_tests=False, mixin_files=None, mixin=None, verb_parser=<colcon_mixin.mixin.mixin_argument.MixinArgumentDecorator object at 0x7110fc5b3100>, verb_extension=<colcon_core.verb.build.BuildVerb object at 0x7110fc764a90>, main=<bound method BuildVerb.main of <colcon_core.verb.build.BuildVerb object at 0x7110fc764a90>>, mixin_verb=('build',))
[1.087s] Level 1:colcon.colcon_core.package_discovery:discover_packages(colcon_meta) check parameters
[1.087s] Level 1:colcon.colcon_core.package_discovery:discover_packages(recursive) check parameters
[1.087s] Level 1:colcon.colcon_core.package_discovery:discover_packages(ignore) check parameters
[1.087s] Level 1:colcon.colcon_core.package_discovery:discover_packages(path) check parameters
[1.088s] Level 1:colcon.colcon_core.package_discovery:discover_packages(colcon_meta) discover
[1.088s] Level 1:colcon.colcon_core.package_discovery:discover_packages(recursive) discover
[1.088s] INFO:colcon.colcon_core.package_discovery:Crawling recursively for packages in '/home/kol/Documents/Robots/ros_ws/FiveDoFRobot'
[1.088s] Level 1:colcon.colcon_core.package_identification:_identify(.) by extensions ['ignore', 'ignore_ament_install']
[1.088s] Level 1:colcon.colcon_core.package_identification:_identify(.) by extension 'ignore'
[1.089s] Level 1:colcon.colcon_core.package_identification:_identify(.) by extension 'ignore_ament_install'
[1.089s] Level 1:colcon.colcon_core.package_identification:_identify(.) by extensions ['colcon_pkg']
[1.089s] Level 1:colcon.colcon_core.package_identification:_identify(.) by extension 'colcon_pkg'
[1.089s] Level 1:colcon.colcon_core.package_identification:_identify(.) by extensions ['colcon_meta']
[1.089s] Level 1:colcon.colcon_core.package_identification:_identify(.) by extension 'colcon_meta'
[1.089s] Level 1:colcon.colcon_core.package_identification:_identify(.) by extensions ['ros']
[1.089s] Level 1:colcon.colcon_core.package_identification:_identify(.) by extension 'ros'
[1.119s] Level 1:colcon.colcon_core.package_identification:_identify(.) by extensions ['cmake', 'python']
[1.120s] Level 1:colcon.colcon_core.package_identification:_identify(.) by extension 'cmake'
[1.120s] Level 1:colcon.colcon_core.package_identification:_identify(.) by extension 'python'
[1.120s] Level 1:colcon.colcon_core.package_identification:_identify(.) by extensions ['python_setup_py']
[1.120s] Level 1:colcon.colcon_core.package_identification:_identify(.) by extension 'python_setup_py'
[1.120s] Level 1:colcon.colcon_core.package_identification:_identify(build) by extensions ['ignore', 'ignore_ament_install']
[1.121s] Level 1:colcon.colcon_core.package_identification:_identify(build) by extension 'ignore'
[1.121s] Level 1:colcon.colcon_core.package_identification:_identify(build) ignored
[1.121s] Level 1:colcon.colcon_core.package_identification:_identify(install) by extensions ['ignore', 'ignore_ament_install']
[1.121s] Level 1:colcon.colcon_core.package_identification:_identify(install) by extension 'ignore'
[1.122s] Level 1:colcon.colcon_core.package_identification:_identify(install) ignored
[1.122s] Level 1:colcon.colcon_core.package_identification:_identify(log) by extensions ['ignore', 'ignore_ament_install']
[1.122s] Level 1:colcon.colcon_core.package_identification:_identify(log) by extension 'ignore'
[1.122s] Level 1:colcon.colcon_core.package_identification:_identify(log) ignored
[1.122s] Level 1:colcon.colcon_core.package_identification:_identify(src) by extensions ['ignore', 'ignore_ament_install']
[1.123s] Level 1:colcon.colcon_core.package_identification:_identify(src) by extension 'ignore'
[1.123s] Level 1:colcon.colcon_core.package_identification:_identify(src) by extension 'ignore_ament_install'
[1.123s] Level 1:colcon.colcon_core.package_identification:_identify(src) by extensions ['colcon_pkg']
[1.123s] Level 1:colcon.colcon_core.package_identification:_identify(src) by extension 'colcon_pkg'
[1.123s] Level 1:colcon.colcon_core.package_identification:_identify(src) by extensions ['colcon_meta']
[1.123s] Level 1:colcon.colcon_core.package_identification:_identify(src) by extension 'colcon_meta'
[1.123s] Level 1:colcon.colcon_core.package_identification:_identify(src) by extensions ['ros']
[1.124s] Level 1:colcon.colcon_core.package_identification:_identify(src) by extension 'ros'
[1.124s] Level 1:colcon.colcon_core.package_identification:_identify(src) by extensions ['cmake', 'python']
[1.124s] Level 1:colcon.colcon_core.package_identification:_identify(src) by extension 'cmake'
[1.124s] Level 1:colcon.colcon_core.package_identification:_identify(src) by extension 'python'
[1.124s] Level 1:colcon.colcon_core.package_identification:_identify(src) by extensions ['python_setup_py']
[1.124s] Level 1:colcon.colcon_core.package_identification:_identify(src) by extension 'python_setup_py'
[1.125s] Level 1:colcon.colcon_core.package_identification:_identify(src/FiveDoFBot_description) by extensions ['ignore', 'ignore_ament_install']
[1.125s] Level 1:colcon.colcon_core.package_identification:_identify(src/FiveDoFBot_description) by extension 'ignore'
[1.125s] Level 1:colcon.colcon_core.package_identification:_identify(src/FiveDoFBot_description) by extension 'ignore_ament_install'
[1.125s] Level 1:colcon.colcon_core.package_identification:_identify(src/FiveDoFBot_description) by extensions ['colcon_pkg']
[1.125s] Level 1:colcon.colcon_core.package_identification:_identify(src/FiveDoFBot_description) by extension 'colcon_pkg'
[1.125s] Level 1:colcon.colcon_core.package_identification:_identify(src/FiveDoFBot_description) by extensions ['colcon_meta']
[1.125s] Level 1:colcon.colcon_core.package_identification:_identify(src/FiveDoFBot_description) by extension 'colcon_meta'
[1.126s] Level 1:colcon.colcon_core.package_identification:_identify(src/FiveDoFBot_description) by extensions ['ros']
[1.126s] Level 1:colcon.colcon_core.package_identification:_identify(src/FiveDoFBot_description) by extension 'ros'
[1.135s] DEBUG:colcon.colcon_core.package_identification:Package 'src/FiveDoFBot_description' with type 'ros.ament_python' and name 'FiveDoFBot_description'
[1.136s] Level 1:colcon.colcon_core.package_identification:_identify(src/robotController) by extensions ['ignore', 'ignore_ament_install']
[1.136s] Level 1:colcon.colcon_core.package_identification:_identify(src/robotController) by extension 'ignore'
[1.136s] Level 1:colcon.colcon_core.package_identification:_identify(src/robotController) by extension 'ignore_ament_install'
[1.137s] Level 1:colcon.colcon_core.package_identification:_identify(src/robotController) by extensions ['colcon_pkg']
[1.137s] Level 1:colcon.colcon_core.package_identification:_identify(src/robotController) by extension 'colcon_pkg'
[1.137s] Level 1:colcon.colcon_core.package_identification:_identify(src/robotController) by extensions ['colcon_meta']
[1.137s] Level 1:colcon.colcon_core.package_identification:_identify(src/robotController) by extension 'colcon_meta'
[1.137s] Level 1:colcon.colcon_core.package_identification:_identify(src/robotController) by extensions ['ros']
[1.137s] Level 1:colcon.colcon_core.package_identification:_identify(src/robotController) by extension 'ros'
[1.139s] DEBUG:colcon.colcon_core.package_identification:Package 'src/robotController' with type 'ros.ament_python' and name 'robotController'
[1.139s] Level 1:colcon.colcon_core.package_discovery:discover_packages(recursive) using defaults
[1.140s] Level 1:colcon.colcon_core.package_discovery:discover_packages(ignore) discover
[1.140s] Level 1:colcon.colcon_core.package_discovery:discover_packages(ignore) using defaults
[1.140s] Level 1:colcon.colcon_core.package_discovery:discover_packages(path) discover
[1.140s] Level 1:colcon.colcon_core.package_discovery:discover_packages(path) using defaults
[1.207s] Level 1:colcon.colcon_core.package_discovery:discover_packages(prefix_path) check parameters
[1.207s] Level 1:colcon.colcon_core.package_discovery:discover_packages(prefix_path) discover
[1.216s] DEBUG:colcon.colcon_installed_package_information.package_discovery:Found 398 installed packages in /opt/ros/humble
[1.222s] Level 1:colcon.colcon_core.package_discovery:discover_packages(prefix_path) using defaults
[1.407s] Level 5:colcon.colcon_core.verb:set package 'FiveDoFBot_description' build argument 'cmake_args' from command line to 'None'
[1.407s] Level 5:colcon.colcon_core.verb:set package 'FiveDoFBot_description' build argument 'cmake_target' from command line to 'None'
[1.407s] Level 5:colcon.colcon_core.verb:set package 'FiveDoFBot_description' build argument 'cmake_target_skip_unavailable' from command line to 'False'
[1.407s] Level 5:colcon.colcon_core.verb:set package 'FiveDoFBot_description' build argument 'cmake_clean_cache' from command line to 'False'
[1.407s] Level 5:colcon.colcon_core.verb:set package 'FiveDoFBot_description' build argument 'cmake_clean_first' from command line to 'False'
[1.407s] Level 5:colcon.colcon_core.verb:set package 'FiveDoFBot_description' build argument 'cmake_force_configure' from command line to 'False'
[1.408s] Level 5:colcon.colcon_core.verb:set package 'FiveDoFBot_description' build argument 'ament_cmake_args' from command line to 'None'
[1.408s] Level 5:colcon.colcon_core.verb:set package 'FiveDoFBot_description' build argument 'catkin_cmake_args' from command line to 'None'
[1.408s] Level 5:colcon.colcon_core.verb:set package 'FiveDoFBot_description' build argument 'catkin_skip_building_tests' from command line to 'False'
[1.408s] DEBUG:colcon.colcon_core.verb:Building package 'FiveDoFBot_description' with the following arguments: {'ament_cmake_args': None, 'build_base': '/home/kol/Documents/Robots/ros_ws/FiveDoFRobot/build/FiveDoFBot_description', 'catkin_cmake_args': None, 'catkin_skip_building_tests': False, 'cmake_args': None, 'cmake_clean_cache': False, 'cmake_clean_first': False, 'cmake_force_configure': False, 'cmake_target': None, 'cmake_target_skip_unavailable': False, 'install_base': '/home/kol/Documents/Robots/ros_ws/FiveDoFRobot/install/FiveDoFBot_description', 'merge_install': False, 'path': '/home/kol/Documents/Robots/ros_ws/FiveDoFRobot/src/FiveDoFBot_description', 'symlink_install': True, 'test_result_base': None}
[1.409s] Level 5:colcon.colcon_core.verb:set package 'robotController' build argument 'cmake_args' from command line to 'None'
[1.409s] Level 5:colcon.colcon_core.verb:set package 'robotController' build argument 'cmake_target' from command line to 'None'
[1.409s] Level 5:colcon.colcon_core.verb:set package 'robotController' build argument 'cmake_target_skip_unavailable' from command line to 'False'
[1.409s] Level 5:colcon.colcon_core.verb:set package 'robotController' build argument 'cmake_clean_cache' from command line to 'False'
[1.409s] Level 5:colcon.colcon_core.verb:set package 'robotController' build argument 'cmake_clean_first' from command line to 'False'
[1.409s] Level 5:colcon.colcon_core.verb:set package 'robotController' build argument 'cmake_force_configure' from command line to 'False'
[1.409s] Level 5:colcon.colcon_core.verb:set package 'robotController' build argument 'ament_cmake_args' from command line to 'None'
[1.409s] Level 5:colcon.colcon_core.verb:set package 'robotController' build argument 'catkin_cmake_args' from command line to 'None'
[1.410s] Level 5:colcon.colcon_core.verb:set package 'robotController' build argument 'catkin_skip_building_tests' from command line to 'False'
[1.410s] DEBUG:colcon.colcon_core.verb:Building package 'robotController' with the following arguments: {'ament_cmake_args': None, 'build_base': '/home/kol/Documents/Robots/ros_ws/FiveDoFRobot/build/robotController', 'catkin_cmake_args': None, 'catkin_skip_building_tests': False, 'cmake_args': None, 'cmake_clean_cache': False, 'cmake_clean_first': False, 'cmake_force_configure': False, 'cmake_target': None, 'cmake_target_skip_unavailable': False, 'install_base': '/home/kol/Documents/Robots/ros_ws/FiveDoFRobot/install/robotController', 'merge_install': False, 'path': '/home/kol/Documents/Robots/ros_ws/FiveDoFRobot/src/robotController', 'symlink_install': True, 'test_result_base': None}
[1.410s] INFO:colcon.colcon_core.executor:Executing jobs using 'parallel' executor
[1.412s] DEBUG:colcon.colcon_parallel_executor.executor.parallel:run_until_complete
[1.413s] INFO:colcon.colcon_ros.task.ament_python.build:Building ROS package in '/home/kol/Documents/Robots/ros_ws/FiveDoFRobot/src/FiveDoFBot_description' with build type 'ament_python'
[1.413s] Level 1:colcon.colcon_core.shell:create_environment_hook('FiveDoFBot_description', 'ament_prefix_path')
[1.419s] INFO:colcon.colcon_core.plugin_system:Skipping extension 'colcon_core.shell.bat': Not used on non-Windows systems
[1.419s] INFO:colcon.colcon_core.shell:Creating environment hook '/home/kol/Documents/Robots/ros_ws/FiveDoFRobot/install/FiveDoFBot_description/share/FiveDoFBot_description/hook/ament_prefix_path.ps1'
[1.421s] INFO:colcon.colcon_core.shell:Creating environment descriptor '/home/kol/Documents/Robots/ros_ws/FiveDoFRobot/install/FiveDoFBot_description/share/FiveDoFBot_description/hook/ament_prefix_path.dsv'
[1.422s] INFO:colcon.colcon_core.shell:Creating environment hook '/home/kol/Documents/Robots/ros_ws/FiveDoFRobot/install/FiveDoFBot_description/share/FiveDoFBot_description/hook/ament_prefix_path.sh'
[1.424s] INFO:colcon.colcon_core.shell:Skip shell extension 'powershell' for command environment: Not usable outside of PowerShell
[1.424s] DEBUG:colcon.colcon_core.shell:Skip shell extension 'dsv' for command environment
[1.436s] INFO:colcon.colcon_ros.task.ament_python.build:Building ROS package in '/home/kol/Documents/Robots/ros_ws/FiveDoFRobot/src/robotController' with build type 'ament_python'
[1.436s] Level 1:colcon.colcon_core.shell:create_environment_hook('robotController', 'ament_prefix_path')
[1.437s] INFO:colcon.colcon_core.shell:Creating environment hook '/home/kol/Documents/Robots/ros_ws/FiveDoFRobot/install/robotController/share/robotController/hook/ament_prefix_path.ps1'
[1.439s] INFO:colcon.colcon_core.shell:Creating environment descriptor '/home/kol/Documents/Robots/ros_ws/FiveDoFRobot/install/robotController/share/robotController/hook/ament_prefix_path.dsv'
[1.440s] INFO:colcon.colcon_core.shell:Creating environment hook '/home/kol/Documents/Robots/ros_ws/FiveDoFRobot/install/robotController/share/robotController/hook/ament_prefix_path.sh'
[1.441s] INFO:colcon.colcon_core.shell:Skip shell extension 'powershell' for command environment: Not usable outside of PowerShell
[1.442s] DEBUG:colcon.colcon_core.shell:Skip shell extension 'dsv' for command environment
[2.564s] INFO:colcon.colcon_core.task.python.build:Building Python package in '/home/kol/Documents/Robots/ros_ws/FiveDoFRobot/src/FiveDoFBot_description'
[2.565s] INFO:colcon.colcon_core.shell:Skip shell extension 'powershell' for command environment: Not usable outside of PowerShell
[2.565s] DEBUG:colcon.colcon_core.shell:Skip shell extension 'dsv' for command environment
[3.823s] INFO:colcon.colcon_core.task.python.build:Building Python package in '/home/kol/Documents/Robots/ros_ws/FiveDoFRobot/src/robotController'
[3.825s] INFO:colcon.colcon_core.shell:Skip shell extension 'powershell' for command environment: Not usable outside of PowerShell
[3.825s] DEBUG:colcon.colcon_core.shell:Skip shell extension 'dsv' for command environment
[5.592s] DEBUG:colcon.colcon_core.event_handler.log_command:Invoking command in '/home/kol/Documents/Robots/ros_ws/FiveDoFRobot/build/FiveDoFBot_description': PYTHONPATH=/home/kol/Documents/Robots/ros_ws/FiveDoFRobot/build/FiveDoFBot_description/prefix_override:/usr/lib/python3/dist-packages/colcon_core/task/python/colcon_distutils_commands:/home/kol/Documents/Robots/ros_ws/FiveDoFRobot/install/FiveDoFBot_description/lib/python3.10/site-packages:${PYTHONPATH} /usr/bin/python3 -W ignore:setup.py install is deprecated setup.py develop --editable --build-directory /home/kol/Documents/Robots/ros_ws/FiveDoFRobot/build/FiveDoFBot_description/build --no-deps symlink_data
[5.648s] DEBUG:colcon.colcon_core.event_handler.log_command:Invoking command in '/home/kol/Documents/Robots/ros_ws/FiveDoFRobot/build/robotController': PYTHONPATH=/home/kol/Documents/Robots/ros_ws/FiveDoFRobot/build/robotController/prefix_override:/usr/lib/python3/dist-packages/colcon_core/task/python/colcon_distutils_commands:/home/kol/Documents/Robots/ros_ws/FiveDoFRobot/install/robotController/lib/python3.10/site-packages:${PYTHONPATH} /usr/bin/python3 -W ignore:setup.py install is deprecated setup.py develop --editable --build-directory /home/kol/Documents/Robots/ros_ws/FiveDoFRobot/build/robotController/build --no-deps symlink_data
[8.394s] Level 1:colcon.colcon_core.shell:create_environment_hook('robotController', 'pythonpath_develop')
[8.395s] INFO:colcon.colcon_core.shell:Creating environment hook '/home/kol/Documents/Robots/ros_ws/FiveDoFRobot/build/robotController/share/robotController/hook/pythonpath_develop.ps1'
[8.397s] DEBUG:colcon.colcon_core.event_handler.log_command:Invoked command in '/home/kol/Documents/Robots/ros_ws/FiveDoFRobot/build/robotController' returned '0': PYTHONPATH=/home/kol/Documents/Robots/ros_ws/FiveDoFRobot/build/robotController/prefix_override:/usr/lib/python3/dist-packages/colcon_core/task/python/colcon_distutils_commands:/home/kol/Documents/Robots/ros_ws/FiveDoFRobot/install/robotController/lib/python3.10/site-packages:${PYTHONPATH} /usr/bin/python3 -W ignore:setup.py install is deprecated setup.py develop --editable --build-directory /home/kol/Documents/Robots/ros_ws/FiveDoFRobot/build/robotController/build --no-deps symlink_data
[8.403s] INFO:colcon.colcon_core.shell:Creating environment descriptor '/home/kol/Documents/Robots/ros_ws/FiveDoFRobot/build/robotController/share/robotController/hook/pythonpath_develop.dsv'
[8.409s] INFO:colcon.colcon_core.shell:Creating environment hook '/home/kol/Documents/Robots/ros_ws/FiveDoFRobot/build/robotController/share/robotController/hook/pythonpath_develop.sh'
[8.444s] Level 1:colcon.colcon_core.environment:checking '/home/kol/Documents/Robots/ros_ws/FiveDoFRobot/install/robotController' for CMake module files
[8.446s] Level 1:colcon.colcon_core.environment:checking '/home/kol/Documents/Robots/ros_ws/FiveDoFRobot/install/robotController' for CMake config files
[8.449s] Level 1:colcon.colcon_core.environment:checking '/home/kol/Documents/Robots/ros_ws/FiveDoFRobot/install/robotController/lib'
[8.450s] Level 1:colcon.colcon_core.environment:checking '/home/kol/Documents/Robots/ros_ws/FiveDoFRobot/install/robotController/bin'
[8.450s] Level 1:colcon.colcon_core.environment:checking '/home/kol/Documents/Robots/ros_ws/FiveDoFRobot/install/robotController/lib/pkgconfig/robotController.pc'
[8.451s] Level 1:colcon.colcon_core.environment:checking '/home/kol/Documents/Robots/ros_ws/FiveDoFRobot/install/robotController/lib/python3.10/site-packages'
[8.452s] Level 1:colcon.colcon_core.shell:create_environment_hook('robotController', 'pythonpath')
[8.453s] INFO:colcon.colcon_core.shell:Creating environment hook '/home/kol/Documents/Robots/ros_ws/FiveDoFRobot/install/robotController/share/robotController/hook/pythonpath.ps1'
[8.454s] INFO:colcon.colcon_core.shell:Creating environment descriptor '/home/kol/Documents/Robots/ros_ws/FiveDoFRobot/install/robotController/share/robotController/hook/pythonpath.dsv'
[8.456s] INFO:colcon.colcon_core.shell:Creating environment hook '/home/kol/Documents/Robots/ros_ws/FiveDoFRobot/install/robotController/share/robotController/hook/pythonpath.sh'
[8.458s] Level 1:colcon.colcon_core.environment:checking '/home/kol/Documents/Robots/ros_ws/FiveDoFRobot/install/robotController/bin'
[8.458s] Level 1:colcon.colcon_core.environment:create_environment_scripts_only(robotController)
[8.460s] INFO:colcon.colcon_core.shell:Creating package script '/home/kol/Documents/Robots/ros_ws/FiveDoFRobot/install/robotController/share/robotController/package.ps1'
[8.465s] INFO:colcon.colcon_core.shell:Creating package descriptor '/home/kol/Documents/Robots/ros_ws/FiveDoFRobot/install/robotController/share/robotController/package.dsv'
[8.468s] INFO:colcon.colcon_core.shell:Creating package script '/home/kol/Documents/Robots/ros_ws/FiveDoFRobot/install/robotController/share/robotController/package.sh'
[8.472s] INFO:colcon.colcon_core.shell:Creating package script '/home/kol/Documents/Robots/ros_ws/FiveDoFRobot/install/robotController/share/robotController/package.bash'
[8.477s] INFO:colcon.colcon_core.shell:Creating package script '/home/kol/Documents/Robots/ros_ws/FiveDoFRobot/install/robotController/share/robotController/package.zsh'
[8.481s] Level 1:colcon.colcon_core.environment:create_file_with_runtime_dependencies(/home/kol/Documents/Robots/ros_ws/FiveDoFRobot/install/robotController/share/colcon-core/packages/robotController)
[8.551s] Level 1:colcon.colcon_core.shell:create_environment_hook('FiveDoFBot_description', 'pythonpath_develop')
[8.552s] INFO:colcon.colcon_core.shell:Creating environment hook '/home/kol/Documents/Robots/ros_ws/FiveDoFRobot/build/FiveDoFBot_description/share/FiveDoFBot_description/hook/pythonpath_develop.ps1'
[8.554s] DEBUG:colcon.colcon_core.event_handler.log_command:Invoked command in '/home/kol/Documents/Robots/ros_ws/FiveDoFRobot/build/FiveDoFBot_description' returned '0': PYTHONPATH=/home/kol/Documents/Robots/ros_ws/FiveDoFRobot/build/FiveDoFBot_description/prefix_override:/usr/lib/python3/dist-packages/colcon_core/task/python/colcon_distutils_commands:/home/kol/Documents/Robots/ros_ws/FiveDoFRobot/install/FiveDoFBot_description/lib/python3.10/site-packages:${PYTHONPATH} /usr/bin/python3 -W ignore:setup.py install is deprecated setup.py develop --editable --build-directory /home/kol/Documents/Robots/ros_ws/FiveDoFRobot/build/FiveDoFBot_description/build --no-deps symlink_data
[8.556s] INFO:colcon.colcon_core.shell:Creating environment descriptor '/home/kol/Documents/Robots/ros_ws/FiveDoFRobot/build/FiveDoFBot_description/share/FiveDoFBot_description/hook/pythonpath_develop.dsv'
[8.557s] INFO:colcon.colcon_core.shell:Creating environment hook '/home/kol/Documents/Robots/ros_ws/FiveDoFRobot/build/FiveDoFBot_description/share/FiveDoFBot_description/hook/pythonpath_develop.sh'
[8.560s] Level 1:colcon.colcon_core.environment:checking '/home/kol/Documents/Robots/ros_ws/FiveDoFRobot/install/FiveDoFBot_description' for CMake module files
[8.562s] Level 1:colcon.colcon_core.environment:checking '/home/kol/Documents/Robots/ros_ws/FiveDoFRobot/install/FiveDoFBot_description' for CMake config files
[8.565s] Level 1:colcon.colcon_core.environment:checking '/home/kol/Documents/Robots/ros_ws/FiveDoFRobot/install/FiveDoFBot_description/lib'
[8.565s] Level 1:colcon.colcon_core.environment:checking '/home/kol/Documents/Robots/ros_ws/FiveDoFRobot/install/FiveDoFBot_description/bin'
[8.565s] Level 1:colcon.colcon_core.environment:checking '/home/kol/Documents/Robots/ros_ws/FiveDoFRobot/install/FiveDoFBot_description/lib/pkgconfig/FiveDoFBot_description.pc'
[8.567s] Level 1:colcon.colcon_core.environment:checking '/home/kol/Documents/Robots/ros_ws/FiveDoFRobot/install/FiveDoFBot_description/lib/python3.10/site-packages'
[8.567s] Level 1:colcon.colcon_core.shell:create_environment_hook('FiveDoFBot_description', 'pythonpath')
[8.568s] INFO:colcon.colcon_core.shell:Creating environment hook '/home/kol/Documents/Robots/ros_ws/FiveDoFRobot/install/FiveDoFBot_description/share/FiveDoFBot_description/hook/pythonpath.ps1'
[8.569s] INFO:colcon.colcon_core.shell:Creating environment descriptor '/home/kol/Documents/Robots/ros_ws/FiveDoFRobot/install/FiveDoFBot_description/share/FiveDoFBot_description/hook/pythonpath.dsv'
[8.570s] INFO:colcon.colcon_core.shell:Creating environment hook '/home/kol/Documents/Robots/ros_ws/FiveDoFRobot/install/FiveDoFBot_description/share/FiveDoFBot_description/hook/pythonpath.sh'
[8.572s] Level 1:colcon.colcon_core.environment:checking '/home/kol/Documents/Robots/ros_ws/FiveDoFRobot/install/FiveDoFBot_description/bin'
[8.572s] Level 1:colcon.colcon_core.environment:create_environment_scripts_only(FiveDoFBot_description)
[8.574s] INFO:colcon.colcon_core.shell:Creating package script '/home/kol/Documents/Robots/ros_ws/FiveDoFRobot/install/FiveDoFBot_description/share/FiveDoFBot_description/package.ps1'
[8.577s] INFO:colcon.colcon_core.shell:Creating package descriptor '/home/kol/Documents/Robots/ros_ws/FiveDoFRobot/install/FiveDoFBot_description/share/FiveDoFBot_description/package.dsv'
[8.578s] INFO:colcon.colcon_core.shell:Creating package script '/home/kol/Documents/Robots/ros_ws/FiveDoFRobot/install/FiveDoFBot_description/share/FiveDoFBot_description/package.sh'
[8.580s] INFO:colcon.colcon_core.shell:Creating package script '/home/kol/Documents/Robots/ros_ws/FiveDoFRobot/install/FiveDoFBot_description/share/FiveDoFBot_description/package.bash'
[8.582s] INFO:colcon.colcon_core.shell:Creating package script '/home/kol/Documents/Robots/ros_ws/FiveDoFRobot/install/FiveDoFBot_description/share/FiveDoFBot_description/package.zsh'
[8.583s] Level 1:colcon.colcon_core.environment:create_file_with_runtime_dependencies(/home/kol/Documents/Robots/ros_ws/FiveDoFRobot/install/FiveDoFBot_description/share/colcon-core/packages/FiveDoFBot_description)
[8.584s] DEBUG:colcon.colcon_parallel_executor.executor.parallel:closing loop
[8.585s] DEBUG:colcon.colcon_parallel_executor.executor.parallel:loop closed
[8.586s] DEBUG:colcon.colcon_parallel_executor.executor.parallel:run_until_complete finished with '0'
[8.586s] DEBUG:colcon.colcon_core.event_reactor:joining thread
[8.610s] INFO:colcon.colcon_core.plugin_system:Skipping extension 'colcon_notification.desktop_notification.terminal_notifier': Not used on non-Darwin systems
[8.610s] INFO:colcon.colcon_core.plugin_system:Skipping extension 'colcon_notification.desktop_notification.win32': Not used on non-Windows systems
[8.611s] INFO:colcon.colcon_notification.desktop_notification:Sending desktop notification using 'notify2'
[8.663s] DEBUG:colcon.colcon_core.event_reactor:joined thread
[8.665s] INFO:colcon.colcon_core.shell:Creating prefix script '/home/kol/Documents/Robots/ros_ws/FiveDoFRobot/install/local_setup.ps1'
[8.670s] INFO:colcon.colcon_core.shell:Creating prefix util module '/home/kol/Documents/Robots/ros_ws/FiveDoFRobot/install/_local_setup_util_ps1.py'
[8.680s] INFO:colcon.colcon_core.shell:Creating prefix chain script '/home/kol/Documents/Robots/ros_ws/FiveDoFRobot/install/setup.ps1'
[8.684s] INFO:colcon.colcon_core.shell:Creating prefix script '/home/kol/Documents/Robots/ros_ws/FiveDoFRobot/install/local_setup.sh'
[8.687s] INFO:colcon.colcon_core.shell:Creating prefix util module '/home/kol/Documents/Robots/ros_ws/FiveDoFRobot/install/_local_setup_util_sh.py'
[8.690s] INFO:colcon.colcon_core.shell:Creating prefix chain script '/home/kol/Documents/Robots/ros_ws/FiveDoFRobot/install/setup.sh'
[8.696s] INFO:colcon.colcon_core.shell:Creating prefix script '/home/kol/Documents/Robots/ros_ws/FiveDoFRobot/install/local_setup.bash'
[8.699s] INFO:colcon.colcon_core.shell:Creating prefix chain script '/home/kol/Documents/Robots/ros_ws/FiveDoFRobot/install/setup.bash'
[8.705s] INFO:colcon.colcon_core.shell:Creating prefix script '/home/kol/Documents/Robots/ros_ws/FiveDoFRobot/install/local_setup.zsh'
[8.707s] INFO:colcon.colcon_core.shell:Creating prefix chain script '/home/kol/Documents/Robots/ros_ws/FiveDoFRobot/install/setup.zsh'
