[4.360s] Invoking command in '/home/kol/Documents/Robots/ros_ws/FiveDoFRobot/build/robotController': PYTHONPATH=/home/kol/Documents/Robots/ros_ws/FiveDoFRobot/build/robotController/prefix_override:/usr/lib/python3/dist-packages/colcon_core/task/python/colcon_distutils_commands:/home/kol/Documents/Robots/ros_ws/FiveDoFRobot/install/robotController/lib/python3.10/site-packages:${PYTHONPATH} /usr/bin/python3 -W ignore:setup.py install is deprecated setup.py develop --editable --build-directory /home/kol/Documents/Robots/ros_ws/FiveDoFRobot/build/robotController/build --no-deps symlink_data
[5.883s] running develop
[6.940s] running egg_info
[6.941s] creating robotController.egg-info
[6.942s] writing robotController.egg-info/PKG-INFO
[6.943s] writing dependency_links to robotController.egg-info/dependency_links.txt
[6.944s] writing entry points to robotController.egg-info/entry_points.txt
[6.944s] writing requirements to robotController.egg-info/requires.txt
[6.945s] writing top-level names to robotController.egg-info/top_level.txt
[6.951s] writing manifest file 'robotController.egg-info/SOURCES.txt'
[6.956s] reading manifest file 'robotController.egg-info/SOURCES.txt'
[6.964s] writing manifest file 'robotController.egg-info/SOURCES.txt'
[6.968s] running build_ext
[6.970s] Creating /home/kol/Documents/Robots/ros_ws/FiveDoFRobot/install/robotController/lib/python3.10/site-packages/robotController.egg-link (link to .)
[6.984s] 
[6.985s] Installed /home/kol/Documents/Robots/ros_ws/FiveDoFRobot/build/robotController
[6.985s] running symlink_data
[6.986s] creating /home/kol/Documents/Robots/ros_ws/FiveDoFRobot/install/robotController/share/ament_index
[6.986s] creating /home/kol/Documents/Robots/ros_ws/FiveDoFRobot/install/robotController/share/ament_index/resource_index
[6.988s] creating /home/kol/Documents/Robots/ros_ws/FiveDoFRobot/install/robotController/share/ament_index/resource_index/packages
[6.988s] symbolically linking /home/kol/Documents/Robots/ros_ws/FiveDoFRobot/build/robotController/resource/robotController -> /home/kol/Documents/Robots/ros_ws/FiveDoFRobot/install/robotController/share/ament_index/resource_index/packages
[6.989s] symbolically linking /home/kol/Documents/Robots/ros_ws/FiveDoFRobot/build/robotController/package.xml -> /home/kol/Documents/Robots/ros_ws/FiveDoFRobot/install/robotController/share/robotController
[7.133s] Invoked command in '/home/kol/Documents/Robots/ros_ws/FiveDoFRobot/build/robotController' returned '0': PYTHONPATH=/home/kol/Documents/Robots/ros_ws/FiveDoFRobot/build/robotController/prefix_override:/usr/lib/python3/dist-packages/colcon_core/task/python/colcon_distutils_commands:/home/kol/Documents/Robots/ros_ws/FiveDoFRobot/install/robotController/lib/python3.10/site-packages:${PYTHONPATH} /usr/bin/python3 -W ignore:setup.py install is deprecated setup.py develop --editable --build-directory /home/kol/Documents/Robots/ros_ws/FiveDoFRobot/build/robotController/build --no-deps symlink_data
