[0.056s] Invoking command in '/home/kol/Documents/Robots/ros_ws/FiveDoFRobot/build/FiveDoF_moveit_config': AMENT_PREFIX_PATH=/home/kol/Documents/Robots/ros_ws/FiveDoFRobot/install/FiveDoFBot_description:/home/kol/Documents/Robots/ros_ws/FiveDoFRobot/install/FiveDoF_moveit_config:/home/kol/Documents/Robots/ros_ws/FiveDoFRobot/install/robotController:/home/kol/Documents/Robots/ros_ws/FiveDoFRobot/install/FiveDoF_Moveit_config:/opt/ros/humble CMAKE_PREFIX_PATH=${CMAKE_PREFIX_PATH}:/home/kol/Documents/Robots/ros_ws/FiveDoFRobot/install/robotController:/home/kol/Documents/Robots/ros_ws/FiveDoFRobot/install/FiveDoFBot_description:/opt/ros/humble PYTHONPATH=/home/kol/Documents/Robots/ros_ws/FiveDoFRobot/build/FiveDoFBot_description:/home/kol/Documents/Robots/ros_ws/FiveDoFRobot/install/FiveDoFBot_description/lib/python3.10/site-packages:/home/kol/Documents/Robots/ros_ws/FiveDoFRobot/build/robotController:/home/kol/Documents/Robots/ros_ws/FiveDoFRobot/install/robotController/lib/python3.10/site-packages:/opt/ros/humble/lib/python3.10/site-packages:/opt/ros/humble/local/lib/python3.10/dist-packages /usr/bin/cmake /home/kol/Documents/Robots/ros_ws/FiveDoFRobot/src/FiveDoF_moveit_config -DAMENT_CMAKE_SYMLINK_INSTALL=1 -DCMAKE_INSTALL_PREFIX=/home/kol/Documents/Robots/ros_ws/FiveDoFRobot/install/FiveDoF_moveit_config
[0.323s] -- The C compiler identification is GNU 11.4.0
[0.592s] -- The CXX compiler identification is GNU 11.4.0
[0.623s] -- Detecting C compiler ABI info
[0.924s] -- Detecting C compiler ABI info - done
[0.961s] -- Check for working C compiler: /usr/bin/cc - skipped
[0.963s] -- Detecting C compile features
[0.966s] -- Detecting C compile features - done
[0.982s] -- Detecting CXX compiler ABI info
[1.337s] -- Detecting CXX compiler ABI info - done
[1.395s] -- Check for working CXX compiler: /usr/bin/c++ - skipped
[1.396s] -- Detecting CXX compile features
[1.398s] -- Detecting CXX compile features - done
[1.414s] -- Found ament_cmake: 1.3.10 (/opt/ros/humble/share/ament_cmake/cmake)
[2.132s] -- Found Python3: /usr/bin/python3 (found version "3.10.12") found components: Interpreter 
[2.437s] -- Override CMake install command with custom implementation using symlinks instead of copying resources
[2.840s] WARNING: Package name "FiveDoF_moveit_config" does not follow the naming conventions. It should start with a lower case letter and only contain lower case letters, digits, underscores, and dashes.
[2.899s] -- Configuring done
[2.912s] -- Generating done
[2.917s] -- Build files have been written to: /home/kol/Documents/Robots/ros_ws/FiveDoFRobot/build/FiveDoF_moveit_config
[2.934s] Invoked command in '/home/kol/Documents/Robots/ros_ws/FiveDoFRobot/build/FiveDoF_moveit_config' returned '0': AMENT_PREFIX_PATH=/home/kol/Documents/Robots/ros_ws/FiveDoFRobot/install/FiveDoFBot_description:/home/kol/Documents/Robots/ros_ws/FiveDoFRobot/install/FiveDoF_moveit_config:/home/kol/Documents/Robots/ros_ws/FiveDoFRobot/install/robotController:/home/kol/Documents/Robots/ros_ws/FiveDoFRobot/install/FiveDoF_Moveit_config:/opt/ros/humble CMAKE_PREFIX_PATH=${CMAKE_PREFIX_PATH}:/home/kol/Documents/Robots/ros_ws/FiveDoFRobot/install/robotController:/home/kol/Documents/Robots/ros_ws/FiveDoFRobot/install/FiveDoFBot_description:/opt/ros/humble PYTHONPATH=/home/kol/Documents/Robots/ros_ws/FiveDoFRobot/build/FiveDoFBot_description:/home/kol/Documents/Robots/ros_ws/FiveDoFRobot/install/FiveDoFBot_description/lib/python3.10/site-packages:/home/kol/Documents/Robots/ros_ws/FiveDoFRobot/build/robotController:/home/kol/Documents/Robots/ros_ws/FiveDoFRobot/install/robotController/lib/python3.10/site-packages:/opt/ros/humble/lib/python3.10/site-packages:/opt/ros/humble/local/lib/python3.10/dist-packages /usr/bin/cmake /home/kol/Documents/Robots/ros_ws/FiveDoFRobot/src/FiveDoF_moveit_config -DAMENT_CMAKE_SYMLINK_INSTALL=1 -DCMAKE_INSTALL_PREFIX=/home/kol/Documents/Robots/ros_ws/FiveDoFRobot/install/FiveDoF_moveit_config
[2.944s] Invoking command in '/home/kol/Documents/Robots/ros_ws/FiveDoFRobot/build/FiveDoF_moveit_config': AMENT_PREFIX_PATH=/home/kol/Documents/Robots/ros_ws/FiveDoFRobot/install/FiveDoFBot_description:/home/kol/Documents/Robots/ros_ws/FiveDoFRobot/install/FiveDoF_moveit_config:/home/kol/Documents/Robots/ros_ws/FiveDoFRobot/install/robotController:/home/kol/Documents/Robots/ros_ws/FiveDoFRobot/install/FiveDoF_Moveit_config:/opt/ros/humble CMAKE_PREFIX_PATH=${CMAKE_PREFIX_PATH}:/home/kol/Documents/Robots/ros_ws/FiveDoFRobot/install/robotController:/home/kol/Documents/Robots/ros_ws/FiveDoFRobot/install/FiveDoFBot_description:/opt/ros/humble PYTHONPATH=/home/kol/Documents/Robots/ros_ws/FiveDoFRobot/build/FiveDoFBot_description:/home/kol/Documents/Robots/ros_ws/FiveDoFRobot/install/FiveDoFBot_description/lib/python3.10/site-packages:/home/kol/Documents/Robots/ros_ws/FiveDoFRobot/build/robotController:/home/kol/Documents/Robots/ros_ws/FiveDoFRobot/install/robotController/lib/python3.10/site-packages:/opt/ros/humble/lib/python3.10/site-packages:/opt/ros/humble/local/lib/python3.10/dist-packages /usr/bin/cmake --build /home/kol/Documents/Robots/ros_ws/FiveDoFRobot/build/FiveDoF_moveit_config -- -j4 -l4
[3.103s] Invoked command in '/home/kol/Documents/Robots/ros_ws/FiveDoFRobot/build/FiveDoF_moveit_config' returned '0': AMENT_PREFIX_PATH=/home/kol/Documents/Robots/ros_ws/FiveDoFRobot/install/FiveDoFBot_description:/home/kol/Documents/Robots/ros_ws/FiveDoFRobot/install/FiveDoF_moveit_config:/home/kol/Documents/Robots/ros_ws/FiveDoFRobot/install/robotController:/home/kol/Documents/Robots/ros_ws/FiveDoFRobot/install/FiveDoF_Moveit_config:/opt/ros/humble CMAKE_PREFIX_PATH=${CMAKE_PREFIX_PATH}:/home/kol/Documents/Robots/ros_ws/FiveDoFRobot/install/robotController:/home/kol/Documents/Robots/ros_ws/FiveDoFRobot/install/FiveDoFBot_description:/opt/ros/humble PYTHONPATH=/home/kol/Documents/Robots/ros_ws/FiveDoFRobot/build/FiveDoFBot_description:/home/kol/Documents/Robots/ros_ws/FiveDoFRobot/install/FiveDoFBot_description/lib/python3.10/site-packages:/home/kol/Documents/Robots/ros_ws/FiveDoFRobot/build/robotController:/home/kol/Documents/Robots/ros_ws/FiveDoFRobot/install/robotController/lib/python3.10/site-packages:/opt/ros/humble/lib/python3.10/site-packages:/opt/ros/humble/local/lib/python3.10/dist-packages /usr/bin/cmake --build /home/kol/Documents/Robots/ros_ws/FiveDoFRobot/build/FiveDoF_moveit_config -- -j4 -l4
[3.234s] Invoking command in '/home/kol/Documents/Robots/ros_ws/FiveDoFRobot/build/FiveDoF_moveit_config': AMENT_PREFIX_PATH=/home/kol/Documents/Robots/ros_ws/FiveDoFRobot/install/FiveDoFBot_description:/home/kol/Documents/Robots/ros_ws/FiveDoFRobot/install/FiveDoF_moveit_config:/home/kol/Documents/Robots/ros_ws/FiveDoFRobot/install/robotController:/home/kol/Documents/Robots/ros_ws/FiveDoFRobot/install/FiveDoF_Moveit_config:/opt/ros/humble CMAKE_PREFIX_PATH=${CMAKE_PREFIX_PATH}:/home/kol/Documents/Robots/ros_ws/FiveDoFRobot/install/robotController:/home/kol/Documents/Robots/ros_ws/FiveDoFRobot/install/FiveDoFBot_description:/opt/ros/humble PYTHONPATH=/home/kol/Documents/Robots/ros_ws/FiveDoFRobot/build/FiveDoFBot_description:/home/kol/Documents/Robots/ros_ws/FiveDoFRobot/install/FiveDoFBot_description/lib/python3.10/site-packages:/home/kol/Documents/Robots/ros_ws/FiveDoFRobot/build/robotController:/home/kol/Documents/Robots/ros_ws/FiveDoFRobot/install/robotController/lib/python3.10/site-packages:/opt/ros/humble/lib/python3.10/site-packages:/opt/ros/humble/local/lib/python3.10/dist-packages /usr/bin/cmake --install /home/kol/Documents/Robots/ros_ws/FiveDoFRobot/build/FiveDoF_moveit_config
[3.265s] -- Install configuration: ""
[3.267s] -- Execute custom install script
[3.268s] -- Symlinking: /home/kol/Documents/Robots/ros_ws/FiveDoFRobot/install/FiveDoF_moveit_config/share/ament_index/resource_index/package_run_dependencies/FiveDoF_moveit_config
[3.305s] -- Symlinking: /home/kol/Documents/Robots/ros_ws/FiveDoFRobot/install/FiveDoF_moveit_config/share/ament_index/resource_index/parent_prefix_path/FiveDoF_moveit_config
[3.343s] -- Symlinking: /home/kol/Documents/Robots/ros_ws/FiveDoFRobot/install/FiveDoF_moveit_config/share/FiveDoF_moveit_config/environment/ament_prefix_path.sh
[3.386s] -- Symlinking: /home/kol/Documents/Robots/ros_ws/FiveDoFRobot/install/FiveDoF_moveit_config/share/FiveDoF_moveit_config/environment/ament_prefix_path.dsv
[3.422s] -- Symlinking: /home/kol/Documents/Robots/ros_ws/FiveDoFRobot/install/FiveDoF_moveit_config/share/FiveDoF_moveit_config/environment/path.sh
[3.460s] -- Symlinking: /home/kol/Documents/Robots/ros_ws/FiveDoFRobot/install/FiveDoF_moveit_config/share/FiveDoF_moveit_config/environment/path.dsv
[3.497s] -- Symlinking: /home/kol/Documents/Robots/ros_ws/FiveDoFRobot/install/FiveDoF_moveit_config/share/FiveDoF_moveit_config/local_setup.bash
[3.534s] -- Symlinking: /home/kol/Documents/Robots/ros_ws/FiveDoFRobot/install/FiveDoF_moveit_config/share/FiveDoF_moveit_config/local_setup.sh
[3.570s] -- Symlinking: /home/kol/Documents/Robots/ros_ws/FiveDoFRobot/install/FiveDoF_moveit_config/share/FiveDoF_moveit_config/local_setup.zsh
[3.607s] -- Symlinking: /home/kol/Documents/Robots/ros_ws/FiveDoFRobot/install/FiveDoF_moveit_config/share/FiveDoF_moveit_config/local_setup.dsv
[3.644s] -- Symlinking: /home/kol/Documents/Robots/ros_ws/FiveDoFRobot/install/FiveDoF_moveit_config/share/FiveDoF_moveit_config/package.dsv
[3.686s] -- Symlinking: /home/kol/Documents/Robots/ros_ws/FiveDoFRobot/install/FiveDoF_moveit_config/share/ament_index/resource_index/packages/FiveDoF_moveit_config
[3.721s] -- Symlinking: /home/kol/Documents/Robots/ros_ws/FiveDoFRobot/install/FiveDoF_moveit_config/share/FiveDoF_moveit_config/cmake/FiveDoF_moveit_configConfig.cmake
[3.758s] -- Symlinking: /home/kol/Documents/Robots/ros_ws/FiveDoFRobot/install/FiveDoF_moveit_config/share/FiveDoF_moveit_config/cmake/FiveDoF_moveit_configConfig-version.cmake
[3.795s] -- Symlinking: /home/kol/Documents/Robots/ros_ws/FiveDoFRobot/install/FiveDoF_moveit_config/share/FiveDoF_moveit_config/package.xml
[3.832s] -- Symlinking: /home/kol/Documents/Robots/ros_ws/FiveDoFRobot/install/FiveDoF_moveit_config/share/FiveDoF_moveit_config/launch/demo.launch.py
[3.867s] -- Symlinking: /home/kol/Documents/Robots/ros_ws/FiveDoFRobot/install/FiveDoF_moveit_config/share/FiveDoF_moveit_config/launch/move_group.launch.py
[3.904s] -- Symlinking: /home/kol/Documents/Robots/ros_ws/FiveDoFRobot/install/FiveDoF_moveit_config/share/FiveDoF_moveit_config/launch/moveit_rviz.launch.py
[3.943s] -- Symlinking: /home/kol/Documents/Robots/ros_ws/FiveDoFRobot/install/FiveDoF_moveit_config/share/FiveDoF_moveit_config/launch/rsp.launch.py
[3.984s] -- Symlinking: /home/kol/Documents/Robots/ros_ws/FiveDoFRobot/install/FiveDoF_moveit_config/share/FiveDoF_moveit_config/launch/setup_assistant.launch.py
[4.021s] -- Symlinking: /home/kol/Documents/Robots/ros_ws/FiveDoFRobot/install/FiveDoF_moveit_config/share/FiveDoF_moveit_config/launch/spawn_controllers.launch.py
[4.057s] -- Symlinking: /home/kol/Documents/Robots/ros_ws/FiveDoFRobot/install/FiveDoF_moveit_config/share/FiveDoF_moveit_config/launch/static_virtual_joint_tfs.launch.py
[4.095s] -- Symlinking: /home/kol/Documents/Robots/ros_ws/FiveDoFRobot/install/FiveDoF_moveit_config/share/FiveDoF_moveit_config/launch/warehouse_db.launch.py
[4.134s] -- Symlinking: /home/kol/Documents/Robots/ros_ws/FiveDoFRobot/install/FiveDoF_moveit_config/share/FiveDoF_moveit_config/config/FiveDoFBot.ros2_control.xacro
[4.170s] -- Symlinking: /home/kol/Documents/Robots/ros_ws/FiveDoFRobot/install/FiveDoF_moveit_config/share/FiveDoF_moveit_config/config/FiveDoFBot.srdf
[4.206s] -- Symlinking: /home/kol/Documents/Robots/ros_ws/FiveDoFRobot/install/FiveDoF_moveit_config/share/FiveDoF_moveit_config/config/FiveDoFBot.urdf.xacro
[4.243s] -- Symlinking: /home/kol/Documents/Robots/ros_ws/FiveDoFRobot/install/FiveDoF_moveit_config/share/FiveDoF_moveit_config/config/initial_positions.yaml
[4.285s] -- Symlinking: /home/kol/Documents/Robots/ros_ws/FiveDoFRobot/install/FiveDoF_moveit_config/share/FiveDoF_moveit_config/config/joint_limits.yaml
[4.320s] -- Symlinking: /home/kol/Documents/Robots/ros_ws/FiveDoFRobot/install/FiveDoF_moveit_config/share/FiveDoF_moveit_config/config/kinematics.yaml
[4.357s] -- Symlinking: /home/kol/Documents/Robots/ros_ws/FiveDoFRobot/install/FiveDoF_moveit_config/share/FiveDoF_moveit_config/config/moveit.rviz
[4.396s] -- Symlinking: /home/kol/Documents/Robots/ros_ws/FiveDoFRobot/install/FiveDoF_moveit_config/share/FiveDoF_moveit_config/config/moveit_controllers.yaml
[4.431s] -- Symlinking: /home/kol/Documents/Robots/ros_ws/FiveDoFRobot/install/FiveDoF_moveit_config/share/FiveDoF_moveit_config/config/pilz_cartesian_limits.yaml
[4.474s] -- Symlinking: /home/kol/Documents/Robots/ros_ws/FiveDoFRobot/install/FiveDoF_moveit_config/share/FiveDoF_moveit_config/config/ros2_controllers.yaml
[4.510s] -- Symlinking: /home/kol/Documents/Robots/ros_ws/FiveDoFRobot/install/FiveDoF_moveit_config/share/FiveDoF_moveit_config/config/sensors_3d.yaml
[4.547s] -- Symlinking: /home/kol/Documents/Robots/ros_ws/FiveDoFRobot/install/FiveDoF_moveit_config/share/FiveDoF_moveit_config/.setup_assistant
[4.595s] Invoked command in '/home/kol/Documents/Robots/ros_ws/FiveDoFRobot/build/FiveDoF_moveit_config' returned '0': AMENT_PREFIX_PATH=/home/kol/Documents/Robots/ros_ws/FiveDoFRobot/install/FiveDoFBot_description:/home/kol/Documents/Robots/ros_ws/FiveDoFRobot/install/FiveDoF_moveit_config:/home/kol/Documents/Robots/ros_ws/FiveDoFRobot/install/robotController:/home/kol/Documents/Robots/ros_ws/FiveDoFRobot/install/FiveDoF_Moveit_config:/opt/ros/humble CMAKE_PREFIX_PATH=${CMAKE_PREFIX_PATH}:/home/kol/Documents/Robots/ros_ws/FiveDoFRobot/install/robotController:/home/kol/Documents/Robots/ros_ws/FiveDoFRobot/install/FiveDoFBot_description:/opt/ros/humble PYTHONPATH=/home/kol/Documents/Robots/ros_ws/FiveDoFRobot/build/FiveDoFBot_description:/home/kol/Documents/Robots/ros_ws/FiveDoFRobot/install/FiveDoFBot_description/lib/python3.10/site-packages:/home/kol/Documents/Robots/ros_ws/FiveDoFRobot/build/robotController:/home/kol/Documents/Robots/ros_ws/FiveDoFRobot/install/robotController/lib/python3.10/site-packages:/opt/ros/humble/lib/python3.10/site-packages:/opt/ros/humble/local/lib/python3.10/dist-packages /usr/bin/cmake --install /home/kol/Documents/Robots/ros_ws/FiveDoFRobot/build/FiveDoF_moveit_config
