[0.018s] Invoking command in '/home/kol/Documents/Robots/learning/joystick/build/turtle_bringup': CMAKE_PREFIX_PATH=/opt/ros/humble /usr/bin/cmake /home/kol/Documents/Robots/learning/joystick/src/turtle_bringup -DAMENT_CMAKE_SYMLINK_INSTALL=1 -DCMAKE_INSTALL_PREFIX=/home/kol/Documents/Robots/learning/joystick/install/turtle_bringup
[0.115s] -- The C compiler identification is GNU 11.4.0
[0.214s] -- The CXX compiler identification is GNU 11.4.0
[0.224s] -- Detecting C compiler ABI info
[0.313s] -- Detecting C compiler ABI info - done
[0.330s] -- Check for working C compiler: /usr/bin/cc - skipped
[0.330s] -- Detecting C compile features
[0.331s] -- Detecting C compile features - done
[0.336s] -- Detecting CXX compiler ABI info
[0.433s] -- Detecting CXX compiler ABI info - done
[0.445s] -- Check for working CXX compiler: /usr/bin/c++ - skipped
[0.446s] -- Detecting CXX compile features
[0.446s] -- Detecting CXX compile features - done
[0.450s] -- Found ament_cmake: 1.3.10 (/opt/ros/humble/share/ament_cmake/cmake)
[0.648s] -- Found Python3: /usr/bin/python3 (found version "3.10.12") found components: Interpreter 
[0.727s] -- Override CMake install command with custom implementation using symlinks instead of copying resources
[0.853s] -- Configuring done
[0.856s] -- Generating done
[0.857s] -- Build files have been written to: /home/kol/Documents/Robots/learning/joystick/build/turtle_bringup
[0.866s] Invoked command in '/home/kol/Documents/Robots/learning/joystick/build/turtle_bringup' returned '0': CMAKE_PREFIX_PATH=/opt/ros/humble /usr/bin/cmake /home/kol/Documents/Robots/learning/joystick/src/turtle_bringup -DAMENT_CMAKE_SYMLINK_INSTALL=1 -DCMAKE_INSTALL_PREFIX=/home/kol/Documents/Robots/learning/joystick/install/turtle_bringup
[0.867s] Invoking command in '/home/kol/Documents/Robots/learning/joystick/build/turtle_bringup': CMAKE_PREFIX_PATH=/opt/ros/humble /usr/bin/cmake --build /home/kol/Documents/Robots/learning/joystick/build/turtle_bringup -- -j4 -l4
[0.908s] Invoked command in '/home/kol/Documents/Robots/learning/joystick/build/turtle_bringup' returned '0': CMAKE_PREFIX_PATH=/opt/ros/humble /usr/bin/cmake --build /home/kol/Documents/Robots/learning/joystick/build/turtle_bringup -- -j4 -l4
[0.943s] Invoking command in '/home/kol/Documents/Robots/learning/joystick/build/turtle_bringup': CMAKE_PREFIX_PATH=/opt/ros/humble /usr/bin/cmake --install /home/kol/Documents/Robots/learning/joystick/build/turtle_bringup
[0.951s] -- Install configuration: ""
[0.951s] -- Execute custom install script
[0.953s] -- Symlinking: /home/kol/Documents/Robots/learning/joystick/install/turtle_bringup/share/turtle_bringup/launch/demo.launch.py
[0.965s] -- Symlinking: /home/kol/Documents/Robots/learning/joystick/install/turtle_bringup/share/ament_index/resource_index/package_run_dependencies/turtle_bringup
[0.973s] -- Symlinking: /home/kol/Documents/Robots/learning/joystick/install/turtle_bringup/share/ament_index/resource_index/parent_prefix_path/turtle_bringup
[0.984s] -- Symlinking: /home/kol/Documents/Robots/learning/joystick/install/turtle_bringup/share/turtle_bringup/environment/ament_prefix_path.sh
[0.997s] -- Symlinking: /home/kol/Documents/Robots/learning/joystick/install/turtle_bringup/share/turtle_bringup/environment/ament_prefix_path.dsv
[1.005s] -- Symlinking: /home/kol/Documents/Robots/learning/joystick/install/turtle_bringup/share/turtle_bringup/environment/path.sh
[1.016s] -- Symlinking: /home/kol/Documents/Robots/learning/joystick/install/turtle_bringup/share/turtle_bringup/environment/path.dsv
[1.027s] -- Symlinking: /home/kol/Documents/Robots/learning/joystick/install/turtle_bringup/share/turtle_bringup/local_setup.bash
[1.039s] -- Symlinking: /home/kol/Documents/Robots/learning/joystick/install/turtle_bringup/share/turtle_bringup/local_setup.sh
[1.050s] -- Symlinking: /home/kol/Documents/Robots/learning/joystick/install/turtle_bringup/share/turtle_bringup/local_setup.zsh
[1.064s] -- Symlinking: /home/kol/Documents/Robots/learning/joystick/install/turtle_bringup/share/turtle_bringup/local_setup.dsv
[1.078s] -- Symlinking: /home/kol/Documents/Robots/learning/joystick/install/turtle_bringup/share/turtle_bringup/package.dsv
[1.091s] -- Symlinking: /home/kol/Documents/Robots/learning/joystick/install/turtle_bringup/share/ament_index/resource_index/packages/turtle_bringup
[1.101s] -- Symlinking: /home/kol/Documents/Robots/learning/joystick/install/turtle_bringup/share/turtle_bringup/cmake/turtle_bringupConfig.cmake
[1.111s] -- Symlinking: /home/kol/Documents/Robots/learning/joystick/install/turtle_bringup/share/turtle_bringup/cmake/turtle_bringupConfig-version.cmake
[1.120s] -- Symlinking: /home/kol/Documents/Robots/learning/joystick/install/turtle_bringup/share/turtle_bringup/package.xml
[1.133s] Invoked command in '/home/kol/Documents/Robots/learning/joystick/build/turtle_bringup' returned '0': CMAKE_PREFIX_PATH=/opt/ros/humble /usr/bin/cmake --install /home/kol/Documents/Robots/learning/joystick/build/turtle_bringup
