[1.945s] DEBUG:colcon:Command line arguments: ['/usr/bin/colcon', 'list', '-p', '--base-paths', '/home/kol/Documents/Robots/ros_ws/Gripper']
[1.945s] DEBUG:colcon:Parsed command line arguments: Namespace(log_base=None, log_level=None, verb_name='list', build_base='build', ignore_user_meta=False, metas=['./colcon.meta'], base_paths=['/home/kol/Documents/Robots/ros_ws/Gripper'], packages_ignore=None, packages_ignore_regex=None, paths=None, packages_up_to=None, packages_up_to_regex=None, packages_above=None, packages_above_and_dependencies=None, packages_above_depth=None, packages_select_by_dep=None, packages_skip_by_dep=None, packages_skip_up_to=None, packages_select_build_failed=False, packages_skip_build_finished=False, packages_select_test_failures=False, packages_skip_test_passed=False, packages_select=None, packages_skip=None, packages_select_regex=None, packages_skip_regex=None, packages_start=None, packages_end=None, allow_overriding=[], topological_order=False, names_only=False, paths_only=True, topological_graph=False, topological_graph_dot=False, topological_graph_density=False, topological_graph_legend=False, topological_graph_dot_cluster=False, topological_graph_dot_include_skipped=False, mixin_files=None, mixin=None, verb_parser=<colcon_mixin.mixin.mixin_argument.MixinArgumentDecorator object at 0x72226bb7c340>, verb_extension=<colcon_package_information.verb.list.ListVerb object at 0x72226bced000>, main=<bound method ListVerb.main of <colcon_package_information.verb.list.ListVerb object at 0x72226bced000>>, mixin_verb=('list',))
[8.016s] Level 1:colcon.colcon_core.package_discovery:discover_packages(colcon_meta) check parameters
[8.017s] Level 1:colcon.colcon_core.package_discovery:discover_packages(recursive) check parameters
[8.017s] Level 1:colcon.colcon_core.package_discovery:discover_packages(ignore) check parameters
[8.017s] Level 1:colcon.colcon_core.package_discovery:discover_packages(path) check parameters
[8.017s] Level 1:colcon.colcon_core.package_discovery:discover_packages(recursive) discover
[8.018s] INFO:colcon.colcon_core.package_discovery:Crawling recursively for packages in '/home/kol/Documents/Robots/ros_ws/Gripper'
[8.019s] Level 1:colcon.colcon_core.package_identification:_identify(/home/kol/Documents/Robots/ros_ws/Gripper) by extensions ['ignore', 'ignore_ament_install']
[8.019s] Level 1:colcon.colcon_core.package_identification:_identify(/home/kol/Documents/Robots/ros_ws/Gripper) by extension 'ignore'
[8.020s] Level 1:colcon.colcon_core.package_identification:_identify(/home/kol/Documents/Robots/ros_ws/Gripper) by extension 'ignore_ament_install'
[8.020s] Level 1:colcon.colcon_core.package_identification:_identify(/home/kol/Documents/Robots/ros_ws/Gripper) by extensions ['colcon_pkg']
[8.020s] Level 1:colcon.colcon_core.package_identification:_identify(/home/kol/Documents/Robots/ros_ws/Gripper) by extension 'colcon_pkg'
[8.021s] Level 1:colcon.colcon_core.package_identification:_identify(/home/kol/Documents/Robots/ros_ws/Gripper) by extensions ['colcon_meta']
[8.021s] Level 1:colcon.colcon_core.package_identification:_identify(/home/kol/Documents/Robots/ros_ws/Gripper) by extension 'colcon_meta'
[8.021s] Level 1:colcon.colcon_core.package_identification:_identify(/home/kol/Documents/Robots/ros_ws/Gripper) by extensions ['ros']
[8.022s] Level 1:colcon.colcon_core.package_identification:_identify(/home/kol/Documents/Robots/ros_ws/Gripper) by extension 'ros'
[8.307s] Level 1:colcon.colcon_core.package_identification:_identify(/home/kol/Documents/Robots/ros_ws/Gripper) by extensions ['cmake', 'python']
[8.307s] Level 1:colcon.colcon_core.package_identification:_identify(/home/kol/Documents/Robots/ros_ws/Gripper) by extension 'cmake'
[8.307s] Level 1:colcon.colcon_core.package_identification:_identify(/home/kol/Documents/Robots/ros_ws/Gripper) by extension 'python'
[8.308s] Level 1:colcon.colcon_core.package_identification:_identify(/home/kol/Documents/Robots/ros_ws/Gripper) by extensions ['python_setup_py']
[8.308s] Level 1:colcon.colcon_core.package_identification:_identify(/home/kol/Documents/Robots/ros_ws/Gripper) by extension 'python_setup_py'
[8.309s] Level 1:colcon.colcon_core.package_identification:_identify(/home/kol/Documents/Robots/ros_ws/Gripper/build) by extensions ['ignore', 'ignore_ament_install']
[8.309s] Level 1:colcon.colcon_core.package_identification:_identify(/home/kol/Documents/Robots/ros_ws/Gripper/build) by extension 'ignore'
[8.310s] Level 1:colcon.colcon_core.package_identification:_identify(/home/kol/Documents/Robots/ros_ws/Gripper/build) ignored
[8.310s] Level 1:colcon.colcon_core.package_identification:_identify(/home/kol/Documents/Robots/ros_ws/Gripper/install) by extensions ['ignore', 'ignore_ament_install']
[8.311s] Level 1:colcon.colcon_core.package_identification:_identify(/home/kol/Documents/Robots/ros_ws/Gripper/install) by extension 'ignore'
[8.311s] Level 1:colcon.colcon_core.package_identification:_identify(/home/kol/Documents/Robots/ros_ws/Gripper/install) ignored
[8.312s] Level 1:colcon.colcon_core.package_identification:_identify(/home/kol/Documents/Robots/ros_ws/Gripper/log) by extensions ['ignore', 'ignore_ament_install']
[8.313s] Level 1:colcon.colcon_core.package_identification:_identify(/home/kol/Documents/Robots/ros_ws/Gripper/log) by extension 'ignore'
[8.348s] Level 1:colcon.colcon_core.package_identification:_identify(/home/kol/Documents/Robots/ros_ws/Gripper/log) ignored
[8.349s] Level 1:colcon.colcon_core.package_identification:_identify(/home/kol/Documents/Robots/ros_ws/Gripper/src) by extensions ['ignore', 'ignore_ament_install']
[8.349s] Level 1:colcon.colcon_core.package_identification:_identify(/home/kol/Documents/Robots/ros_ws/Gripper/src) by extension 'ignore'
[8.350s] Level 1:colcon.colcon_core.package_identification:_identify(/home/kol/Documents/Robots/ros_ws/Gripper/src) by extension 'ignore_ament_install'
[8.350s] Level 1:colcon.colcon_core.package_identification:_identify(/home/kol/Documents/Robots/ros_ws/Gripper/src) by extensions ['colcon_pkg']
[8.350s] Level 1:colcon.colcon_core.package_identification:_identify(/home/kol/Documents/Robots/ros_ws/Gripper/src) by extension 'colcon_pkg'
[8.351s] Level 1:colcon.colcon_core.package_identification:_identify(/home/kol/Documents/Robots/ros_ws/Gripper/src) by extensions ['colcon_meta']
[8.351s] Level 1:colcon.colcon_core.package_identification:_identify(/home/kol/Documents/Robots/ros_ws/Gripper/src) by extension 'colcon_meta'
[8.351s] Level 1:colcon.colcon_core.package_identification:_identify(/home/kol/Documents/Robots/ros_ws/Gripper/src) by extensions ['ros']
[8.352s] Level 1:colcon.colcon_core.package_identification:_identify(/home/kol/Documents/Robots/ros_ws/Gripper/src) by extension 'ros'
[8.352s] Level 1:colcon.colcon_core.package_identification:_identify(/home/kol/Documents/Robots/ros_ws/Gripper/src) by extensions ['cmake', 'python']
[8.352s] Level 1:colcon.colcon_core.package_identification:_identify(/home/kol/Documents/Robots/ros_ws/Gripper/src) by extension 'cmake'
[8.353s] Level 1:colcon.colcon_core.package_identification:_identify(/home/kol/Documents/Robots/ros_ws/Gripper/src) by extension 'python'
[8.353s] Level 1:colcon.colcon_core.package_identification:_identify(/home/kol/Documents/Robots/ros_ws/Gripper/src) by extensions ['python_setup_py']
[8.353s] Level 1:colcon.colcon_core.package_identification:_identify(/home/kol/Documents/Robots/ros_ws/Gripper/src) by extension 'python_setup_py'
[8.354s] Level 1:colcon.colcon_core.package_identification:_identify(/home/kol/Documents/Robots/ros_ws/Gripper/src/Gripper_description) by extensions ['ignore', 'ignore_ament_install']
[8.355s] Level 1:colcon.colcon_core.package_identification:_identify(/home/kol/Documents/Robots/ros_ws/Gripper/src/Gripper_description) by extension 'ignore'
[8.355s] Level 1:colcon.colcon_core.package_identification:_identify(/home/kol/Documents/Robots/ros_ws/Gripper/src/Gripper_description) by extension 'ignore_ament_install'
[8.355s] Level 1:colcon.colcon_core.package_identification:_identify(/home/kol/Documents/Robots/ros_ws/Gripper/src/Gripper_description) by extensions ['colcon_pkg']
[8.356s] Level 1:colcon.colcon_core.package_identification:_identify(/home/kol/Documents/Robots/ros_ws/Gripper/src/Gripper_description) by extension 'colcon_pkg'
[8.356s] Level 1:colcon.colcon_core.package_identification:_identify(/home/kol/Documents/Robots/ros_ws/Gripper/src/Gripper_description) by extensions ['colcon_meta']
[8.356s] Level 1:colcon.colcon_core.package_identification:_identify(/home/kol/Documents/Robots/ros_ws/Gripper/src/Gripper_description) by extension 'colcon_meta'
[8.357s] Level 1:colcon.colcon_core.package_identification:_identify(/home/kol/Documents/Robots/ros_ws/Gripper/src/Gripper_description) by extensions ['ros']
[8.394s] Level 1:colcon.colcon_core.package_identification:_identify(/home/kol/Documents/Robots/ros_ws/Gripper/src/Gripper_description) by extension 'ros'
[8.472s] DEBUG:colcon.colcon_core.package_identification:Package '/home/kol/Documents/Robots/ros_ws/Gripper/src/Gripper_description' with type 'ros.ament_python' and name 'Gripper_description'
[8.473s] Level 1:colcon.colcon_core.package_discovery:discover_packages(recursive) using defaults
