[0.012s] Invoking command in '/home/kol/Documents/Robots/learning/pub_sub_cpp/build/pub_sub': CMAKE_PREFIX_PATH=${CMAKE_PREFIX_PATH}:/home/kol/Documents/Robots/learning/pub_sub_py/install/pub_sub:/opt/ros/humble /usr/bin/cmake --build /home/kol/Documents/Robots/learning/pub_sub_cpp/build/pub_sub -- -j4 -l4
[0.037s] -- Found ament_cmake: 1.3.10 (/opt/ros/humble/share/ament_cmake/cmake)
[0.157s] -- Found rclcpp: 16.0.10 (/opt/ros/humble/share/rclcpp/cmake)
[0.184s] -- Found rosidl_generator_c: 3.1.5 (/opt/ros/humble/share/rosidl_generator_c/cmake)
[0.186s] -- Found rosidl_adapter: 3.1.5 (/opt/ros/humble/share/rosidl_adapter/cmake)
[0.192s] -- Found rosidl_generator_cpp: 3.1.5 (/opt/ros/humble/share/rosidl_generator_cpp/cmake)
[0.201s] -- Using all available rosidl_typesupport_c: rosidl_typesupport_fastrtps_c;rosidl_typesupport_introspection_c
[0.213s] -- Using all available rosidl_typesupport_cpp: rosidl_typesupport_fastrtps_cpp;rosidl_typesupport_introspection_cpp
[0.246s] -- Found rmw_implementation_cmake: 6.1.2 (/opt/ros/humble/share/rmw_implementation_cmake/cmake)
[0.248s] -- Found rmw_fastrtps_cpp: 6.2.7 (/opt/ros/humble/share/rmw_fastrtps_cpp/cmake)
[0.345s] -- Using RMW implementation 'rmw_fastrtps_cpp' as default
[0.397s] -- Found turtlesim: 1.4.2 (/opt/ros/humble/share/turtlesim/cmake)
[0.435s] -- Found geometry_msgs: 4.2.4 (/opt/ros/humble/share/geometry_msgs/cmake)
[0.450s] -- Found ament_lint_auto: 0.12.11 (/opt/ros/humble/share/ament_lint_auto/cmake)
[0.514s] -- Added test 'cppcheck' to perform static code analysis on C / C++ code
[0.515s] -- Configured cppcheck include dirs: /home/kol/Documents/Robots/learning/pub_sub_cpp/src/pub_sub/include;/home/kol/Documents/Robots/learning/pub_sub_cpp/src/pub_sub/(;/home/kol/Documents/Robots/learning/pub_sub_cpp/src/pub_sub/)
[0.515s] -- Configured cppcheck exclude dirs and/or files: 
[0.516s] -- Added test 'lint_cmake' to check CMake code style
[0.517s] -- Added test 'uncrustify' to check C / C++ code style
[0.517s] -- Configured uncrustify additional arguments: 
[0.517s] -- Added test 'xmllint' to check XML markup files
[0.518s] -- Configuring done
[0.533s] -- Generating done
[0.535s] -- Build files have been written to: /home/kol/Documents/Robots/learning/pub_sub_cpp/build/pub_sub
[0.560s] [35m[1mConsolidate compiler generated dependencies of target custom_publisher[0m
[0.569s] [ 25%] [32mBuilding CXX object CMakeFiles/custom_subscriber.dir/src/subscriber.cpp.o[0m
[0.579s] [ 75%] Built target custom_publisher
[8.257s] [100%] [32m[1mLinking CXX executable custom_subscriber[0m
[8.668s] [100%] Built target custom_subscriber
[8.679s] Invoked command in '/home/kol/Documents/Robots/learning/pub_sub_cpp/build/pub_sub' returned '0': CMAKE_PREFIX_PATH=${CMAKE_PREFIX_PATH}:/home/kol/Documents/Robots/learning/pub_sub_py/install/pub_sub:/opt/ros/humble /usr/bin/cmake --build /home/kol/Documents/Robots/learning/pub_sub_cpp/build/pub_sub -- -j4 -l4
[8.712s] Invoking command in '/home/kol/Documents/Robots/learning/pub_sub_cpp/build/pub_sub': CMAKE_PREFIX_PATH=${CMAKE_PREFIX_PATH}:/home/kol/Documents/Robots/learning/pub_sub_py/install/pub_sub:/opt/ros/humble /usr/bin/cmake --install /home/kol/Documents/Robots/learning/pub_sub_cpp/build/pub_sub
[8.719s] -- Install configuration: ""
[8.719s] -- Up-to-date: /home/kol/Documents/Robots/learning/pub_sub_cpp/install/pub_sub/lib/pub_sub/custom_publisher
[8.719s] -- Installing: /home/kol/Documents/Robots/learning/pub_sub_cpp/install/pub_sub/lib/pub_sub/custom_subscriber
[8.722s] -- Set runtime path of "/home/kol/Documents/Robots/learning/pub_sub_cpp/install/pub_sub/lib/pub_sub/custom_subscriber" to ""
[8.722s] -- Up-to-date: /home/kol/Documents/Robots/learning/pub_sub_cpp/install/pub_sub/share/ament_index/resource_index/package_run_dependencies/pub_sub
[8.722s] -- Installing: /home/kol/Documents/Robots/learning/pub_sub_cpp/install/pub_sub/share/ament_index/resource_index/parent_prefix_path/pub_sub
[8.723s] -- Up-to-date: /home/kol/Documents/Robots/learning/pub_sub_cpp/install/pub_sub/share/pub_sub/environment/ament_prefix_path.sh
[8.723s] -- Installing: /home/kol/Documents/Robots/learning/pub_sub_cpp/install/pub_sub/share/pub_sub/environment/ament_prefix_path.dsv
[8.723s] -- Up-to-date: /home/kol/Documents/Robots/learning/pub_sub_cpp/install/pub_sub/share/pub_sub/environment/path.sh
[8.723s] -- Installing: /home/kol/Documents/Robots/learning/pub_sub_cpp/install/pub_sub/share/pub_sub/environment/path.dsv
[8.723s] -- Up-to-date: /home/kol/Documents/Robots/learning/pub_sub_cpp/install/pub_sub/share/pub_sub/local_setup.bash
[8.723s] -- Up-to-date: /home/kol/Documents/Robots/learning/pub_sub_cpp/install/pub_sub/share/pub_sub/local_setup.sh
[8.724s] -- Up-to-date: /home/kol/Documents/Robots/learning/pub_sub_cpp/install/pub_sub/share/pub_sub/local_setup.zsh
[8.724s] -- Installing: /home/kol/Documents/Robots/learning/pub_sub_cpp/install/pub_sub/share/pub_sub/local_setup.dsv
[8.724s] -- Installing: /home/kol/Documents/Robots/learning/pub_sub_cpp/install/pub_sub/share/pub_sub/package.dsv
[8.724s] -- Up-to-date: /home/kol/Documents/Robots/learning/pub_sub_cpp/install/pub_sub/share/ament_index/resource_index/packages/pub_sub
[8.724s] -- Up-to-date: /home/kol/Documents/Robots/learning/pub_sub_cpp/install/pub_sub/share/pub_sub/cmake/pub_subConfig.cmake
[8.724s] -- Up-to-date: /home/kol/Documents/Robots/learning/pub_sub_cpp/install/pub_sub/share/pub_sub/cmake/pub_subConfig-version.cmake
[8.724s] -- Up-to-date: /home/kol/Documents/Robots/learning/pub_sub_cpp/install/pub_sub/share/pub_sub/package.xml
[8.726s] Invoked command in '/home/kol/Documents/Robots/learning/pub_sub_cpp/build/pub_sub' returned '0': CMAKE_PREFIX_PATH=${CMAKE_PREFIX_PATH}:/home/kol/Documents/Robots/learning/pub_sub_py/install/pub_sub:/opt/ros/humble /usr/bin/cmake --install /home/kol/Documents/Robots/learning/pub_sub_cpp/build/pub_sub
