running develop
running egg_info
creating Gripper_description.egg-info
writing Gripper_description.egg-info/PKG-INFO
writing dependency_links to Gripper_description.egg-info/dependency_links.txt
writing entry points to Gripper_description.egg-info/entry_points.txt
writing requirements to Gripper_description.egg-info/requires.txt
writing top-level names to Gripper_description.egg-info/top_level.txt
writing manifest file 'Gripper_description.egg-info/SOURCES.txt'
reading manifest file 'Gripper_description.egg-info/SOURCES.txt'
writing manifest file 'Gripper_description.egg-info/SOURCES.txt'
running build_ext
Creating /home/kol/Documents/Robots/ros_ws/Gripper/install/Gripper_description/lib/python3.10/site-packages/Gripper-description.egg-link (link to .)

Installed /home/kol/Documents/Robots/ros_ws/Gripper/build/Gripper_description
running symlink_data
creating /home/kol/Documents/Robots/ros_ws/Gripper/install/Gripper_description/share/ament_index
creating /home/kol/Documents/Robots/ros_ws/Gripper/install/Gripper_description/share/ament_index/resource_index
creating /home/kol/Documents/Robots/ros_ws/Gripper/install/Gripper_description/share/ament_index/resource_index/packages
symbolically linking /home/kol/Documents/Robots/ros_ws/Gripper/build/Gripper_description/resource/Gripper_description -> /home/kol/Documents/Robots/ros_ws/Gripper/install/Gripper_description/share/ament_index/resource_index/packages
symbolically linking /home/kol/Documents/Robots/ros_ws/Gripper/build/Gripper_description/package.xml -> /home/kol/Documents/Robots/ros_ws/Gripper/install/Gripper_description/share/Gripper_description
creating /home/kol/Documents/Robots/ros_ws/Gripper/install/Gripper_description/share/Gripper_description/launch
symbolically linking /home/kol/Documents/Robots/ros_ws/Gripper/build/Gripper_description/launch/gazebo.launch.py -> /home/kol/Documents/Robots/ros_ws/Gripper/install/Gripper_description/share/Gripper_description/launch
symbolically linking /home/kol/Documents/Robots/ros_ws/Gripper/build/Gripper_description/launch/display.launch.py -> /home/kol/Documents/Robots/ros_ws/Gripper/install/Gripper_description/share/Gripper_description/launch
creating /home/kol/Documents/Robots/ros_ws/Gripper/install/Gripper_description/share/Gripper_description/urdf
symbolically linking /home/kol/Documents/Robots/ros_ws/Gripper/build/Gripper_description/urdf/Gripper.trans -> /home/kol/Documents/Robots/ros_ws/Gripper/install/Gripper_description/share/Gripper_description/urdf
symbolically linking /home/kol/Documents/Robots/ros_ws/Gripper/build/Gripper_description/urdf/Gripper.gazebo -> /home/kol/Documents/Robots/ros_ws/Gripper/install/Gripper_description/share/Gripper_description/urdf
symbolically linking /home/kol/Documents/Robots/ros_ws/Gripper/build/Gripper_description/urdf/materials.xacro -> /home/kol/Documents/Robots/ros_ws/Gripper/install/Gripper_description/share/Gripper_description/urdf
symbolically linking /home/kol/Documents/Robots/ros_ws/Gripper/build/Gripper_description/urdf/Gripper.xacro -> /home/kol/Documents/Robots/ros_ws/Gripper/install/Gripper_description/share/Gripper_description/urdf
creating /home/kol/Documents/Robots/ros_ws/Gripper/install/Gripper_description/share/Gripper_description/meshes
symbolically linking /home/kol/Documents/Robots/ros_ws/Gripper/build/Gripper_description/meshes/gripper_2_1.stl -> /home/kol/Documents/Robots/ros_ws/Gripper/install/Gripper_description/share/Gripper_description/meshes
symbolically linking /home/kol/Documents/Robots/ros_ws/Gripper/build/Gripper_description/meshes/gripper_1_1.stl -> /home/kol/Documents/Robots/ros_ws/Gripper/install/Gripper_description/share/Gripper_description/meshes
symbolically linking /home/kol/Documents/Robots/ros_ws/Gripper/build/Gripper_description/meshes/base_link.stl -> /home/kol/Documents/Robots/ros_ws/Gripper/install/Gripper_description/share/Gripper_description/meshes
creating /home/kol/Documents/Robots/ros_ws/Gripper/install/Gripper_description/share/Gripper_description/config
symbolically linking /home/kol/Documents/Robots/ros_ws/Gripper/build/Gripper_description/config/display.rviz -> /home/kol/Documents/Robots/ros_ws/Gripper/install/Gripper_description/share/Gripper_description/config
