[2.530s] Invoking command in '/home/kol/Documents/Robots/ros_ws/Gripper/build/Gripper_description': PYTHONPATH=/home/kol/Documents/Robots/ros_ws/Gripper/build/Gripper_description/prefix_override:/usr/lib/python3/dist-packages/colcon_core/task/python/colcon_distutils_commands:/home/kol/Documents/Robots/ros_ws/Gripper/install/Gripper_description/lib/python3.10/site-packages:${PYTHONPATH} /usr/bin/python3 -W ignore:setup.py install is deprecated setup.py develop --editable --build-directory /home/kol/Documents/Robots/ros_ws/Gripper/build/Gripper_description/build --no-deps symlink_data
[3.799s] running develop
[4.637s] running egg_info
[4.637s] creating Gripper_description.egg-info
[4.638s] writing Gripper_description.egg-info/PKG-INFO
[4.639s] writing dependency_links to Gripper_description.egg-info/dependency_links.txt
[4.640s] writing entry points to Gripper_description.egg-info/entry_points.txt
[4.641s] writing requirements to Gripper_description.egg-info/requires.txt
[4.641s] writing top-level names to Gripper_description.egg-info/top_level.txt
[4.642s] writing manifest file 'Gripper_description.egg-info/SOURCES.txt'
[4.650s] reading manifest file 'Gripper_description.egg-info/SOURCES.txt'
[4.653s] writing manifest file 'Gripper_description.egg-info/SOURCES.txt'
[4.658s] running build_ext
[4.659s] Creating /home/kol/Documents/Robots/ros_ws/Gripper/install/Gripper_description/lib/python3.10/site-packages/Gripper-description.egg-link (link to .)
[4.662s] 
[4.663s] Installed /home/kol/Documents/Robots/ros_ws/Gripper/build/Gripper_description
[4.663s] running symlink_data
[4.664s] creating /home/kol/Documents/Robots/ros_ws/Gripper/install/Gripper_description/share/ament_index
[4.665s] creating /home/kol/Documents/Robots/ros_ws/Gripper/install/Gripper_description/share/ament_index/resource_index
[4.665s] creating /home/kol/Documents/Robots/ros_ws/Gripper/install/Gripper_description/share/ament_index/resource_index/packages
[4.666s] symbolically linking /home/kol/Documents/Robots/ros_ws/Gripper/build/Gripper_description/resource/Gripper_description -> /home/kol/Documents/Robots/ros_ws/Gripper/install/Gripper_description/share/ament_index/resource_index/packages
[4.667s] symbolically linking /home/kol/Documents/Robots/ros_ws/Gripper/build/Gripper_description/package.xml -> /home/kol/Documents/Robots/ros_ws/Gripper/install/Gripper_description/share/Gripper_description
[4.667s] creating /home/kol/Documents/Robots/ros_ws/Gripper/install/Gripper_description/share/Gripper_description/launch
[4.668s] symbolically linking /home/kol/Documents/Robots/ros_ws/Gripper/build/Gripper_description/launch/gazebo.launch.py -> /home/kol/Documents/Robots/ros_ws/Gripper/install/Gripper_description/share/Gripper_description/launch
[4.668s] symbolically linking /home/kol/Documents/Robots/ros_ws/Gripper/build/Gripper_description/launch/display.launch.py -> /home/kol/Documents/Robots/ros_ws/Gripper/install/Gripper_description/share/Gripper_description/launch
[4.669s] creating /home/kol/Documents/Robots/ros_ws/Gripper/install/Gripper_description/share/Gripper_description/urdf
[4.670s] symbolically linking /home/kol/Documents/Robots/ros_ws/Gripper/build/Gripper_description/urdf/Gripper.trans -> /home/kol/Documents/Robots/ros_ws/Gripper/install/Gripper_description/share/Gripper_description/urdf
[4.670s] symbolically linking /home/kol/Documents/Robots/ros_ws/Gripper/build/Gripper_description/urdf/Gripper.gazebo -> /home/kol/Documents/Robots/ros_ws/Gripper/install/Gripper_description/share/Gripper_description/urdf
[4.671s] symbolically linking /home/kol/Documents/Robots/ros_ws/Gripper/build/Gripper_description/urdf/materials.xacro -> /home/kol/Documents/Robots/ros_ws/Gripper/install/Gripper_description/share/Gripper_description/urdf
[4.671s] symbolically linking /home/kol/Documents/Robots/ros_ws/Gripper/build/Gripper_description/urdf/Gripper.xacro -> /home/kol/Documents/Robots/ros_ws/Gripper/install/Gripper_description/share/Gripper_description/urdf
[4.671s] creating /home/kol/Documents/Robots/ros_ws/Gripper/install/Gripper_description/share/Gripper_description/meshes
[4.672s] symbolically linking /home/kol/Documents/Robots/ros_ws/Gripper/build/Gripper_description/meshes/gripper_2_1.stl -> /home/kol/Documents/Robots/ros_ws/Gripper/install/Gripper_description/share/Gripper_description/meshes
[4.672s] symbolically linking /home/kol/Documents/Robots/ros_ws/Gripper/build/Gripper_description/meshes/gripper_1_1.stl -> /home/kol/Documents/Robots/ros_ws/Gripper/install/Gripper_description/share/Gripper_description/meshes
[4.672s] symbolically linking /home/kol/Documents/Robots/ros_ws/Gripper/build/Gripper_description/meshes/base_link.stl -> /home/kol/Documents/Robots/ros_ws/Gripper/install/Gripper_description/share/Gripper_description/meshes
[4.672s] creating /home/kol/Documents/Robots/ros_ws/Gripper/install/Gripper_description/share/Gripper_description/config
[4.673s] symbolically linking /home/kol/Documents/Robots/ros_ws/Gripper/build/Gripper_description/config/display.rviz -> /home/kol/Documents/Robots/ros_ws/Gripper/install/Gripper_description/share/Gripper_description/config
[4.786s] Invoked command in '/home/kol/Documents/Robots/ros_ws/Gripper/build/Gripper_description' returned '0': PYTHONPATH=/home/kol/Documents/Robots/ros_ws/Gripper/build/Gripper_description/prefix_override:/usr/lib/python3/dist-packages/colcon_core/task/python/colcon_distutils_commands:/home/kol/Documents/Robots/ros_ws/Gripper/install/Gripper_description/lib/python3.10/site-packages:${PYTHONPATH} /usr/bin/python3 -W ignore:setup.py install is deprecated setup.py develop --editable --build-directory /home/kol/Documents/Robots/ros_ws/Gripper/build/Gripper_description/build --no-deps symlink_data
