running develop
running egg_info
creating FiveDoFBot_description.egg-info
writing FiveDoFBot_description.egg-info/PKG-INFO
writing dependency_links to FiveDoFBot_description.egg-info/dependency_links.txt
writing entry points to FiveDoFBot_description.egg-info/entry_points.txt
writing requirements to FiveDoFBot_description.egg-info/requires.txt
writing top-level names to FiveDoFBot_description.egg-info/top_level.txt
writing manifest file 'FiveDoFBot_description.egg-info/SOURCES.txt'
reading manifest file 'FiveDoFBot_description.egg-info/SOURCES.txt'
writing manifest file 'FiveDoFBot_description.egg-info/SOURCES.txt'
running build_ext
Creating /home/kol/Documents/Robots/ros_ws/FiveDoFRobot/install/FiveDoFBot_description/lib/python3.10/site-packages/FiveDoFBot-description.egg-link (link to .)

Installed /home/kol/Documents/Robots/ros_ws/FiveDoFRobot/build/FiveDoFBot_description
running symlink_data
creating /home/kol/Documents/Robots/ros_ws/FiveDoFRobot/install/FiveDoFBot_description/share/ament_index
creating /home/kol/Documents/Robots/ros_ws/FiveDoFRobot/install/FiveDoFBot_description/share/ament_index/resource_index
creating /home/kol/Documents/Robots/ros_ws/FiveDoFRobot/install/FiveDoFBot_description/share/ament_index/resource_index/packages
symbolically linking /home/kol/Documents/Robots/ros_ws/FiveDoFRobot/build/FiveDoFBot_description/resource/FiveDoFBot_description -> /home/kol/Documents/Robots/ros_ws/FiveDoFRobot/install/FiveDoFBot_description/share/ament_index/resource_index/packages
symbolically linking /home/kol/Documents/Robots/ros_ws/FiveDoFRobot/build/FiveDoFBot_description/package.xml -> /home/kol/Documents/Robots/ros_ws/FiveDoFRobot/install/FiveDoFBot_description/share/FiveDoFBot_description
creating /home/kol/Documents/Robots/ros_ws/FiveDoFRobot/install/FiveDoFBot_description/share/FiveDoFBot_description/launch
symbolically linking /home/kol/Documents/Robots/ros_ws/FiveDoFRobot/build/FiveDoFBot_description/launch/gazebo.launch.py -> /home/kol/Documents/Robots/ros_ws/FiveDoFRobot/install/FiveDoFBot_description/share/FiveDoFBot_description/launch
symbolically linking /home/kol/Documents/Robots/ros_ws/FiveDoFRobot/build/FiveDoFBot_description/launch/display.launch.py -> /home/kol/Documents/Robots/ros_ws/FiveDoFRobot/install/FiveDoFBot_description/share/FiveDoFBot_description/launch
creating /home/kol/Documents/Robots/ros_ws/FiveDoFRobot/install/FiveDoFBot_description/share/FiveDoFBot_description/urdf
symbolically linking /home/kol/Documents/Robots/ros_ws/FiveDoFRobot/build/FiveDoFBot_description/urdf/FiveDoFBot.trans -> /home/kol/Documents/Robots/ros_ws/FiveDoFRobot/install/FiveDoFBot_description/share/FiveDoFBot_description/urdf
symbolically linking /home/kol/Documents/Robots/ros_ws/FiveDoFRobot/build/FiveDoFBot_description/urdf/materials.xacro -> /home/kol/Documents/Robots/ros_ws/FiveDoFRobot/install/FiveDoFBot_description/share/FiveDoFBot_description/urdf
symbolically linking /home/kol/Documents/Robots/ros_ws/FiveDoFRobot/build/FiveDoFBot_description/urdf/FiveDoFBot.xacro -> /home/kol/Documents/Robots/ros_ws/FiveDoFRobot/install/FiveDoFBot_description/share/FiveDoFBot_description/urdf
symbolically linking /home/kol/Documents/Robots/ros_ws/FiveDoFRobot/build/FiveDoFBot_description/urdf/ros2_control.xacro -> /home/kol/Documents/Robots/ros_ws/FiveDoFRobot/install/FiveDoFBot_description/share/FiveDoFBot_description/urdf
symbolically linking /home/kol/Documents/Robots/ros_ws/FiveDoFRobot/build/FiveDoFBot_description/urdf/FiveDoFBot.gazebo -> /home/kol/Documents/Robots/ros_ws/FiveDoFRobot/install/FiveDoFBot_description/share/FiveDoFBot_description/urdf
creating /home/kol/Documents/Robots/ros_ws/FiveDoFRobot/install/FiveDoFBot_description/share/FiveDoFBot_description/meshes
symbolically linking /home/kol/Documents/Robots/ros_ws/FiveDoFRobot/build/FiveDoFBot_description/meshes/base_link.stl -> /home/kol/Documents/Robots/ros_ws/FiveDoFRobot/install/FiveDoFBot_description/share/FiveDoFBot_description/meshes
symbolically linking /home/kol/Documents/Robots/ros_ws/FiveDoFRobot/build/FiveDoFBot_description/meshes/link_4_1.stl -> /home/kol/Documents/Robots/ros_ws/FiveDoFRobot/install/FiveDoFBot_description/share/FiveDoFBot_description/meshes
symbolically linking /home/kol/Documents/Robots/ros_ws/FiveDoFRobot/build/FiveDoFBot_description/meshes/link_3_1.stl -> /home/kol/Documents/Robots/ros_ws/FiveDoFRobot/install/FiveDoFBot_description/share/FiveDoFBot_description/meshes
symbolically linking /home/kol/Documents/Robots/ros_ws/FiveDoFRobot/build/FiveDoFBot_description/meshes/link_1_1.stl -> /home/kol/Documents/Robots/ros_ws/FiveDoFRobot/install/FiveDoFBot_description/share/FiveDoFBot_description/meshes
symbolically linking /home/kol/Documents/Robots/ros_ws/FiveDoFRobot/build/FiveDoFBot_description/meshes/link_2_1.stl -> /home/kol/Documents/Robots/ros_ws/FiveDoFRobot/install/FiveDoFBot_description/share/FiveDoFBot_description/meshes
symbolically linking /home/kol/Documents/Robots/ros_ws/FiveDoFRobot/build/FiveDoFBot_description/meshes/link_5_1.stl -> /home/kol/Documents/Robots/ros_ws/FiveDoFRobot/install/FiveDoFBot_description/share/FiveDoFBot_description/meshes
creating /home/kol/Documents/Robots/ros_ws/FiveDoFRobot/install/FiveDoFBot_description/share/FiveDoFBot_description/config
symbolically linking /home/kol/Documents/Robots/ros_ws/FiveDoFRobot/build/FiveDoFBot_description/config/robot_controls.yaml -> /home/kol/Documents/Robots/ros_ws/FiveDoFRobot/install/FiveDoFBot_description/share/FiveDoFBot_description/config
symbolically linking /home/kol/Documents/Robots/ros_ws/FiveDoFRobot/build/FiveDoFBot_description/config/display.rviz -> /home/kol/Documents/Robots/ros_ws/FiveDoFRobot/install/FiveDoFBot_description/share/FiveDoFBot_description/config
