[0.706s] Invoking command in '/home/kol/Documents/Robots/learning/joystick/build/turtle_joystic': PYTHONPATH=/home/kol/Documents/Robots/learning/joystick/build/turtle_joystic/prefix_override:/usr/lib/python3/dist-packages/colcon_core/task/python/colcon_distutils_commands:/home/kol/Documents/Robots/learning/joystick/install/turtle_joystic/lib/python3.10/site-packages:${PYTHONPATH} /usr/bin/python3 -W ignore:setup.py install is deprecated setup.py develop --editable --build-directory /home/kol/Documents/Robots/learning/joystick/build/turtle_joystic/build --no-deps symlink_data
[1.003s] running develop
[1.197s] running egg_info
[1.197s] creating turtle_joystic.egg-info
[1.197s] writing turtle_joystic.egg-info/PKG-INFO
[1.198s] writing dependency_links to turtle_joystic.egg-info/dependency_links.txt
[1.198s] writing entry points to turtle_joystic.egg-info/entry_points.txt
[1.198s] writing requirements to turtle_joystic.egg-info/requires.txt
[1.198s] writing top-level names to turtle_joystic.egg-info/top_level.txt
[1.198s] writing manifest file 'turtle_joystic.egg-info/SOURCES.txt'
[1.200s] reading manifest file 'turtle_joystic.egg-info/SOURCES.txt'
[1.201s] writing manifest file 'turtle_joystic.egg-info/SOURCES.txt'
[1.202s] running build_ext
[1.202s] Creating /home/kol/Documents/Robots/learning/joystick/install/turtle_joystic/lib/python3.10/site-packages/turtle-joystic.egg-link (link to .)
[1.203s] Installing joy_stick_listener script to /home/kol/Documents/Robots/learning/joystick/install/turtle_joystic/lib/turtle_joystic
[1.203s] Installing turtle_controller script to /home/kol/Documents/Robots/learning/joystick/install/turtle_joystic/lib/turtle_joystic
[1.203s] 
[1.203s] Installed /home/kol/Documents/Robots/learning/joystick/build/turtle_joystic
[1.204s] running symlink_data
[1.204s] creating /home/kol/Documents/Robots/learning/joystick/install/turtle_joystic/share/ament_index
[1.204s] creating /home/kol/Documents/Robots/learning/joystick/install/turtle_joystic/share/ament_index/resource_index
[1.204s] creating /home/kol/Documents/Robots/learning/joystick/install/turtle_joystic/share/ament_index/resource_index/packages
[1.204s] symbolically linking /home/kol/Documents/Robots/learning/joystick/build/turtle_joystic/resource/turtle_joystic -> /home/kol/Documents/Robots/learning/joystick/install/turtle_joystic/share/ament_index/resource_index/packages
[1.204s] symbolically linking /home/kol/Documents/Robots/learning/joystick/build/turtle_joystic/package.xml -> /home/kol/Documents/Robots/learning/joystick/install/turtle_joystic/share/turtle_joystic
[1.237s] Invoked command in '/home/kol/Documents/Robots/learning/joystick/build/turtle_joystic' returned '0': PYTHONPATH=/home/kol/Documents/Robots/learning/joystick/build/turtle_joystic/prefix_override:/usr/lib/python3/dist-packages/colcon_core/task/python/colcon_distutils_commands:/home/kol/Documents/Robots/learning/joystick/install/turtle_joystic/lib/python3.10/site-packages:${PYTHONPATH} /usr/bin/python3 -W ignore:setup.py install is deprecated setup.py develop --editable --build-directory /home/kol/Documents/Robots/learning/joystick/build/turtle_joystic/build --no-deps symlink_data
