[0.511s] DEBUG:colcon:Command line arguments: ['/usr/bin/colcon', 'build', '--symlink-install']
[0.511s] DEBUG:colcon:Parsed command line arguments: Namespace(log_base=None, log_level=None, verb_name='build', build_base='build', install_base='install', merge_install=False, symlink_install=True, test_result_base=None, continue_on_error=False, executor='parallel', parallel_workers=4, event_handlers=None, ignore_user_meta=False, metas=['./colcon.meta'], base_paths=['.'], packages_ignore=None, packages_ignore_regex=None, paths=None, packages_up_to=None, packages_up_to_regex=None, packages_above=None, packages_above_and_dependencies=None, packages_above_depth=None, packages_select_by_dep=None, packages_skip_by_dep=None, packages_skip_up_to=None, packages_select_build_failed=False, packages_skip_build_finished=False, packages_select_test_failures=False, packages_skip_test_passed=False, packages_select=None, packages_skip=None, packages_select_regex=None, packages_skip_regex=None, packages_start=None, packages_end=None, allow_overriding=[], cmake_args=None, cmake_target=None, cmake_target_skip_unavailable=False, cmake_clean_cache=False, cmake_clean_first=False, cmake_force_configure=False, ament_cmake_args=None, catkin_cmake_args=None, catkin_skip_building_tests=False, mixin_files=None, mixin=None, verb_parser=<colcon_mixin.mixin.mixin_argument.MixinArgumentDecorator object at 0x7b2a2532ae30>, verb_extension=<colcon_core.verb.build.BuildVerb object at 0x7b2a254e47c0>, main=<bound method BuildVerb.main of <colcon_core.verb.build.BuildVerb object at 0x7b2a254e47c0>>, mixin_verb=('build',))
[1.231s] Level 1:colcon.colcon_core.package_discovery:discover_packages(colcon_meta) check parameters
[1.231s] Level 1:colcon.colcon_core.package_discovery:discover_packages(recursive) check parameters
[1.231s] Level 1:colcon.colcon_core.package_discovery:discover_packages(ignore) check parameters
[1.232s] Level 1:colcon.colcon_core.package_discovery:discover_packages(path) check parameters
[1.232s] Level 1:colcon.colcon_core.package_discovery:discover_packages(colcon_meta) discover
[1.232s] Level 1:colcon.colcon_core.package_discovery:discover_packages(recursive) discover
[1.232s] INFO:colcon.colcon_core.package_discovery:Crawling recursively for packages in '/home/kol/Documents/Robotics/ros_ws/six_dof_robot_ws'
[1.232s] Level 1:colcon.colcon_core.package_identification:_identify(.) by extensions ['ignore', 'ignore_ament_install']
[1.233s] Level 1:colcon.colcon_core.package_identification:_identify(.) by extension 'ignore'
[1.233s] Level 1:colcon.colcon_core.package_identification:_identify(.) by extension 'ignore_ament_install'
[1.233s] Level 1:colcon.colcon_core.package_identification:_identify(.) by extensions ['colcon_pkg']
[1.233s] Level 1:colcon.colcon_core.package_identification:_identify(.) by extension 'colcon_pkg'
[1.234s] Level 1:colcon.colcon_core.package_identification:_identify(.) by extensions ['colcon_meta']
[1.234s] Level 1:colcon.colcon_core.package_identification:_identify(.) by extension 'colcon_meta'
[1.234s] Level 1:colcon.colcon_core.package_identification:_identify(.) by extensions ['ros']
[1.234s] Level 1:colcon.colcon_core.package_identification:_identify(.) by extension 'ros'
[1.275s] Level 1:colcon.colcon_core.package_identification:_identify(.) by extensions ['cmake', 'python']
[1.275s] Level 1:colcon.colcon_core.package_identification:_identify(.) by extension 'cmake'
[1.276s] Level 1:colcon.colcon_core.package_identification:_identify(.) by extension 'python'
[1.276s] Level 1:colcon.colcon_core.package_identification:_identify(.) by extensions ['python_setup_py']
[1.276s] Level 1:colcon.colcon_core.package_identification:_identify(.) by extension 'python_setup_py'
[1.277s] Level 1:colcon.colcon_core.package_identification:_identify(build) by extensions ['ignore', 'ignore_ament_install']
[1.277s] Level 1:colcon.colcon_core.package_identification:_identify(build) by extension 'ignore'
[1.277s] Level 1:colcon.colcon_core.package_identification:_identify(build) ignored
[1.278s] Level 1:colcon.colcon_core.package_identification:_identify(install) by extensions ['ignore', 'ignore_ament_install']
[1.278s] Level 1:colcon.colcon_core.package_identification:_identify(install) by extension 'ignore'
[1.278s] Level 1:colcon.colcon_core.package_identification:_identify(install) ignored
[1.278s] Level 1:colcon.colcon_core.package_identification:_identify(log) by extensions ['ignore', 'ignore_ament_install']
[1.279s] Level 1:colcon.colcon_core.package_identification:_identify(log) by extension 'ignore'
[1.279s] Level 1:colcon.colcon_core.package_identification:_identify(log) ignored
[1.279s] Level 1:colcon.colcon_core.package_identification:_identify(src) by extensions ['ignore', 'ignore_ament_install']
[1.280s] Level 1:colcon.colcon_core.package_identification:_identify(src) by extension 'ignore'
[1.280s] Level 1:colcon.colcon_core.package_identification:_identify(src) by extension 'ignore_ament_install'
[1.280s] Level 1:colcon.colcon_core.package_identification:_identify(src) by extensions ['colcon_pkg']
[1.280s] Level 1:colcon.colcon_core.package_identification:_identify(src) by extension 'colcon_pkg'
[1.280s] Level 1:colcon.colcon_core.package_identification:_identify(src) by extensions ['colcon_meta']
[1.280s] Level 1:colcon.colcon_core.package_identification:_identify(src) by extension 'colcon_meta'
[1.281s] Level 1:colcon.colcon_core.package_identification:_identify(src) by extensions ['ros']
[1.281s] Level 1:colcon.colcon_core.package_identification:_identify(src) by extension 'ros'
[1.281s] Level 1:colcon.colcon_core.package_identification:_identify(src) by extensions ['cmake', 'python']
[1.281s] Level 1:colcon.colcon_core.package_identification:_identify(src) by extension 'cmake'
[1.281s] Level 1:colcon.colcon_core.package_identification:_identify(src) by extension 'python'
[1.282s] Level 1:colcon.colcon_core.package_identification:_identify(src) by extensions ['python_setup_py']
[1.282s] Level 1:colcon.colcon_core.package_identification:_identify(src) by extension 'python_setup_py'
[1.282s] Level 1:colcon.colcon_core.package_identification:_identify(src/welder_control) by extensions ['ignore', 'ignore_ament_install']
[1.283s] Level 1:colcon.colcon_core.package_identification:_identify(src/welder_control) by extension 'ignore'
[1.283s] Level 1:colcon.colcon_core.package_identification:_identify(src/welder_control) by extension 'ignore_ament_install'
[1.283s] Level 1:colcon.colcon_core.package_identification:_identify(src/welder_control) by extensions ['colcon_pkg']
[1.283s] Level 1:colcon.colcon_core.package_identification:_identify(src/welder_control) by extension 'colcon_pkg'
[1.283s] Level 1:colcon.colcon_core.package_identification:_identify(src/welder_control) by extensions ['colcon_meta']
[1.284s] Level 1:colcon.colcon_core.package_identification:_identify(src/welder_control) by extension 'colcon_meta'
[1.284s] Level 1:colcon.colcon_core.package_identification:_identify(src/welder_control) by extensions ['ros']
[1.284s] Level 1:colcon.colcon_core.package_identification:_identify(src/welder_control) by extension 'ros'
[1.294s] DEBUG:colcon.colcon_core.package_identification:Package 'src/welder_control' with type 'ros.ament_python' and name 'welder_control'
[1.294s] Level 1:colcon.colcon_core.package_identification:_identify(src/welder_description) by extensions ['ignore', 'ignore_ament_install']
[1.295s] Level 1:colcon.colcon_core.package_identification:_identify(src/welder_description) by extension 'ignore'
[1.295s] Level 1:colcon.colcon_core.package_identification:_identify(src/welder_description) by extension 'ignore_ament_install'
[1.295s] Level 1:colcon.colcon_core.package_identification:_identify(src/welder_description) by extensions ['colcon_pkg']
[1.295s] Level 1:colcon.colcon_core.package_identification:_identify(src/welder_description) by extension 'colcon_pkg'
[1.295s] Level 1:colcon.colcon_core.package_identification:_identify(src/welder_description) by extensions ['colcon_meta']
[1.296s] Level 1:colcon.colcon_core.package_identification:_identify(src/welder_description) by extension 'colcon_meta'
[1.296s] Level 1:colcon.colcon_core.package_identification:_identify(src/welder_description) by extensions ['ros']
[1.296s] Level 1:colcon.colcon_core.package_identification:_identify(src/welder_description) by extension 'ros'
[1.299s] DEBUG:colcon.colcon_core.package_identification:Package 'src/welder_description' with type 'ros.ament_python' and name 'welder_description'
[1.300s] Level 1:colcon.colcon_core.package_discovery:discover_packages(recursive) using defaults
[1.300s] Level 1:colcon.colcon_core.package_discovery:discover_packages(ignore) discover
[1.300s] Level 1:colcon.colcon_core.package_discovery:discover_packages(ignore) using defaults
[1.300s] Level 1:colcon.colcon_core.package_discovery:discover_packages(path) discover
[1.300s] Level 1:colcon.colcon_core.package_discovery:discover_packages(path) using defaults
[1.386s] Level 1:colcon.colcon_core.package_discovery:discover_packages(prefix_path) check parameters
[1.386s] Level 1:colcon.colcon_core.package_discovery:discover_packages(prefix_path) discover
[1.399s] DEBUG:colcon.colcon_installed_package_information.package_discovery:Found 390 installed packages in /opt/ros/humble
[1.406s] Level 1:colcon.colcon_core.package_discovery:discover_packages(prefix_path) using defaults
[1.639s] Level 5:colcon.colcon_core.verb:set package 'welder_control' build argument 'cmake_args' from command line to 'None'
[1.639s] Level 5:colcon.colcon_core.verb:set package 'welder_control' build argument 'cmake_target' from command line to 'None'
[1.640s] Level 5:colcon.colcon_core.verb:set package 'welder_control' build argument 'cmake_target_skip_unavailable' from command line to 'False'
[1.640s] Level 5:colcon.colcon_core.verb:set package 'welder_control' build argument 'cmake_clean_cache' from command line to 'False'
[1.640s] Level 5:colcon.colcon_core.verb:set package 'welder_control' build argument 'cmake_clean_first' from command line to 'False'
[1.640s] Level 5:colcon.colcon_core.verb:set package 'welder_control' build argument 'cmake_force_configure' from command line to 'False'
[1.640s] Level 5:colcon.colcon_core.verb:set package 'welder_control' build argument 'ament_cmake_args' from command line to 'None'
[1.640s] Level 5:colcon.colcon_core.verb:set package 'welder_control' build argument 'catkin_cmake_args' from command line to 'None'
[1.640s] Level 5:colcon.colcon_core.verb:set package 'welder_control' build argument 'catkin_skip_building_tests' from command line to 'False'
[1.640s] DEBUG:colcon.colcon_core.verb:Building package 'welder_control' with the following arguments: {'ament_cmake_args': None, 'build_base': '/home/kol/Documents/Robotics/ros_ws/six_dof_robot_ws/build/welder_control', 'catkin_cmake_args': None, 'catkin_skip_building_tests': False, 'cmake_args': None, 'cmake_clean_cache': False, 'cmake_clean_first': False, 'cmake_force_configure': False, 'cmake_target': None, 'cmake_target_skip_unavailable': False, 'install_base': '/home/kol/Documents/Robotics/ros_ws/six_dof_robot_ws/install/welder_control', 'merge_install': False, 'path': '/home/kol/Documents/Robotics/ros_ws/six_dof_robot_ws/src/welder_control', 'symlink_install': True, 'test_result_base': None}
[1.642s] Level 5:colcon.colcon_core.verb:set package 'welder_description' build argument 'cmake_args' from command line to 'None'
[1.642s] Level 5:colcon.colcon_core.verb:set package 'welder_description' build argument 'cmake_target' from command line to 'None'
[1.642s] Level 5:colcon.colcon_core.verb:set package 'welder_description' build argument 'cmake_target_skip_unavailable' from command line to 'False'
[1.642s] Level 5:colcon.colcon_core.verb:set package 'welder_description' build argument 'cmake_clean_cache' from command line to 'False'
[1.642s] Level 5:colcon.colcon_core.verb:set package 'welder_description' build argument 'cmake_clean_first' from command line to 'False'
[1.642s] Level 5:colcon.colcon_core.verb:set package 'welder_description' build argument 'cmake_force_configure' from command line to 'False'
[1.642s] Level 5:colcon.colcon_core.verb:set package 'welder_description' build argument 'ament_cmake_args' from command line to 'None'
[1.643s] Level 5:colcon.colcon_core.verb:set package 'welder_description' build argument 'catkin_cmake_args' from command line to 'None'
[1.643s] Level 5:colcon.colcon_core.verb:set package 'welder_description' build argument 'catkin_skip_building_tests' from command line to 'False'
[1.643s] DEBUG:colcon.colcon_core.verb:Building package 'welder_description' with the following arguments: {'ament_cmake_args': None, 'build_base': '/home/kol/Documents/Robotics/ros_ws/six_dof_robot_ws/build/welder_description', 'catkin_cmake_args': None, 'catkin_skip_building_tests': False, 'cmake_args': None, 'cmake_clean_cache': False, 'cmake_clean_first': False, 'cmake_force_configure': False, 'cmake_target': None, 'cmake_target_skip_unavailable': False, 'install_base': '/home/kol/Documents/Robotics/ros_ws/six_dof_robot_ws/install/welder_description', 'merge_install': False, 'path': '/home/kol/Documents/Robotics/ros_ws/six_dof_robot_ws/src/welder_description', 'symlink_install': True, 'test_result_base': None}
[1.643s] INFO:colcon.colcon_core.executor:Executing jobs using 'parallel' executor
[1.646s] DEBUG:colcon.colcon_parallel_executor.executor.parallel:run_until_complete
[1.647s] INFO:colcon.colcon_ros.task.ament_python.build:Building ROS package in '/home/kol/Documents/Robotics/ros_ws/six_dof_robot_ws/src/welder_control' with build type 'ament_python'
[1.647s] Level 1:colcon.colcon_core.shell:create_environment_hook('welder_control', 'ament_prefix_path')
[1.667s] INFO:colcon.colcon_core.plugin_system:Skipping extension 'colcon_core.shell.bat': Not used on non-Windows systems
[1.668s] INFO:colcon.colcon_core.shell:Creating environment hook '/home/kol/Documents/Robotics/ros_ws/six_dof_robot_ws/install/welder_control/share/welder_control/hook/ament_prefix_path.ps1'
[1.671s] INFO:colcon.colcon_core.shell:Creating environment descriptor '/home/kol/Documents/Robotics/ros_ws/six_dof_robot_ws/install/welder_control/share/welder_control/hook/ament_prefix_path.dsv'
[1.673s] INFO:colcon.colcon_core.shell:Creating environment hook '/home/kol/Documents/Robotics/ros_ws/six_dof_robot_ws/install/welder_control/share/welder_control/hook/ament_prefix_path.sh'
[1.676s] INFO:colcon.colcon_core.shell:Skip shell extension 'powershell' for command environment: Not usable outside of PowerShell
[1.676s] DEBUG:colcon.colcon_core.shell:Skip shell extension 'dsv' for command environment
[1.691s] INFO:colcon.colcon_ros.task.ament_python.build:Building ROS package in '/home/kol/Documents/Robotics/ros_ws/six_dof_robot_ws/src/welder_description' with build type 'ament_python'
[1.692s] Level 1:colcon.colcon_core.shell:create_environment_hook('welder_description', 'ament_prefix_path')
[1.693s] INFO:colcon.colcon_core.shell:Creating environment hook '/home/kol/Documents/Robotics/ros_ws/six_dof_robot_ws/install/welder_description/share/welder_description/hook/ament_prefix_path.ps1'
[1.695s] INFO:colcon.colcon_core.shell:Creating environment descriptor '/home/kol/Documents/Robotics/ros_ws/six_dof_robot_ws/install/welder_description/share/welder_description/hook/ament_prefix_path.dsv'
[1.696s] INFO:colcon.colcon_core.shell:Creating environment hook '/home/kol/Documents/Robotics/ros_ws/six_dof_robot_ws/install/welder_description/share/welder_description/hook/ament_prefix_path.sh'
[1.699s] INFO:colcon.colcon_core.shell:Skip shell extension 'powershell' for command environment: Not usable outside of PowerShell
[1.699s] DEBUG:colcon.colcon_core.shell:Skip shell extension 'dsv' for command environment
[2.889s] INFO:colcon.colcon_core.task.python.build:Building Python package in '/home/kol/Documents/Robotics/ros_ws/six_dof_robot_ws/src/welder_control'
[2.890s] INFO:colcon.colcon_core.shell:Skip shell extension 'powershell' for command environment: Not usable outside of PowerShell
[2.890s] DEBUG:colcon.colcon_core.shell:Skip shell extension 'dsv' for command environment
[4.091s] INFO:colcon.colcon_core.task.python.build:Building Python package in '/home/kol/Documents/Robotics/ros_ws/six_dof_robot_ws/src/welder_description'
[4.092s] INFO:colcon.colcon_core.shell:Skip shell extension 'powershell' for command environment: Not usable outside of PowerShell
[4.092s] DEBUG:colcon.colcon_core.shell:Skip shell extension 'dsv' for command environment
[6.137s] DEBUG:colcon.colcon_core.event_handler.log_command:Invoking command in '/home/kol/Documents/Robotics/ros_ws/six_dof_robot_ws/build/welder_control': PYTHONPATH=/home/kol/Documents/Robotics/ros_ws/six_dof_robot_ws/build/welder_control/prefix_override:/usr/lib/python3/dist-packages/colcon_core/task/python/colcon_distutils_commands:/home/kol/Documents/Robotics/ros_ws/six_dof_robot_ws/install/welder_control/lib/python3.10/site-packages:${PYTHONPATH} /usr/bin/python3 -W ignore:setup.py install is deprecated setup.py develop --editable --build-directory /home/kol/Documents/Robotics/ros_ws/six_dof_robot_ws/build/welder_control/build --no-deps symlink_data
[6.154s] DEBUG:colcon.colcon_core.event_handler.log_command:Invoking command in '/home/kol/Documents/Robotics/ros_ws/six_dof_robot_ws/build/welder_description': PYTHONPATH=/home/kol/Documents/Robotics/ros_ws/six_dof_robot_ws/build/welder_description/prefix_override:/usr/lib/python3/dist-packages/colcon_core/task/python/colcon_distutils_commands:/home/kol/Documents/Robotics/ros_ws/six_dof_robot_ws/install/welder_description/lib/python3.10/site-packages:${PYTHONPATH} /usr/bin/python3 -W ignore:setup.py install is deprecated setup.py develop --editable --build-directory /home/kol/Documents/Robotics/ros_ws/six_dof_robot_ws/build/welder_description/build --no-deps symlink_data
[8.651s] Level 1:colcon.colcon_core.shell:create_environment_hook('welder_description', 'pythonpath_develop')
[8.652s] INFO:colcon.colcon_core.shell:Creating environment hook '/home/kol/Documents/Robotics/ros_ws/six_dof_robot_ws/build/welder_description/share/welder_description/hook/pythonpath_develop.ps1'
[8.655s] DEBUG:colcon.colcon_core.event_handler.log_command:Invoked command in '/home/kol/Documents/Robotics/ros_ws/six_dof_robot_ws/build/welder_description' returned '0': PYTHONPATH=/home/kol/Documents/Robotics/ros_ws/six_dof_robot_ws/build/welder_description/prefix_override:/usr/lib/python3/dist-packages/colcon_core/task/python/colcon_distutils_commands:/home/kol/Documents/Robotics/ros_ws/six_dof_robot_ws/install/welder_description/lib/python3.10/site-packages:${PYTHONPATH} /usr/bin/python3 -W ignore:setup.py install is deprecated setup.py develop --editable --build-directory /home/kol/Documents/Robotics/ros_ws/six_dof_robot_ws/build/welder_description/build --no-deps symlink_data
[8.658s] INFO:colcon.colcon_core.shell:Creating environment descriptor '/home/kol/Documents/Robotics/ros_ws/six_dof_robot_ws/build/welder_description/share/welder_description/hook/pythonpath_develop.dsv'
[8.661s] INFO:colcon.colcon_core.shell:Creating environment hook '/home/kol/Documents/Robotics/ros_ws/six_dof_robot_ws/build/welder_description/share/welder_description/hook/pythonpath_develop.sh'
[8.687s] Level 1:colcon.colcon_core.environment:checking '/home/kol/Documents/Robotics/ros_ws/six_dof_robot_ws/install/welder_description' for CMake module files
[8.690s] Level 1:colcon.colcon_core.environment:checking '/home/kol/Documents/Robotics/ros_ws/six_dof_robot_ws/install/welder_description' for CMake config files
[8.695s] Level 1:colcon.colcon_core.environment:checking '/home/kol/Documents/Robotics/ros_ws/six_dof_robot_ws/install/welder_description/lib'
[8.697s] Level 1:colcon.colcon_core.environment:checking '/home/kol/Documents/Robotics/ros_ws/six_dof_robot_ws/install/welder_description/bin'
[8.697s] Level 1:colcon.colcon_core.environment:checking '/home/kol/Documents/Robotics/ros_ws/six_dof_robot_ws/install/welder_description/lib/pkgconfig/welder_description.pc'
[8.699s] Level 1:colcon.colcon_core.environment:checking '/home/kol/Documents/Robotics/ros_ws/six_dof_robot_ws/install/welder_description/lib/python3.10/site-packages'
[8.699s] Level 1:colcon.colcon_core.shell:create_environment_hook('welder_description', 'pythonpath')
[8.701s] INFO:colcon.colcon_core.shell:Creating environment hook '/home/kol/Documents/Robotics/ros_ws/six_dof_robot_ws/install/welder_description/share/welder_description/hook/pythonpath.ps1'
[8.704s] INFO:colcon.colcon_core.shell:Creating environment descriptor '/home/kol/Documents/Robotics/ros_ws/six_dof_robot_ws/install/welder_description/share/welder_description/hook/pythonpath.dsv'
[8.706s] INFO:colcon.colcon_core.shell:Creating environment hook '/home/kol/Documents/Robotics/ros_ws/six_dof_robot_ws/install/welder_description/share/welder_description/hook/pythonpath.sh'
[8.710s] Level 1:colcon.colcon_core.environment:checking '/home/kol/Documents/Robotics/ros_ws/six_dof_robot_ws/install/welder_description/bin'
[8.711s] Level 1:colcon.colcon_core.environment:create_environment_scripts_only(welder_description)
[8.712s] INFO:colcon.colcon_core.shell:Creating package script '/home/kol/Documents/Robotics/ros_ws/six_dof_robot_ws/install/welder_description/share/welder_description/package.ps1'
[8.717s] INFO:colcon.colcon_core.shell:Creating package descriptor '/home/kol/Documents/Robotics/ros_ws/six_dof_robot_ws/install/welder_description/share/welder_description/package.dsv'
[8.720s] INFO:colcon.colcon_core.shell:Creating package script '/home/kol/Documents/Robotics/ros_ws/six_dof_robot_ws/install/welder_description/share/welder_description/package.sh'
[8.724s] INFO:colcon.colcon_core.shell:Creating package script '/home/kol/Documents/Robotics/ros_ws/six_dof_robot_ws/install/welder_description/share/welder_description/package.bash'
[8.728s] INFO:colcon.colcon_core.shell:Creating package script '/home/kol/Documents/Robotics/ros_ws/six_dof_robot_ws/install/welder_description/share/welder_description/package.zsh'
[8.733s] Level 1:colcon.colcon_core.environment:create_file_with_runtime_dependencies(/home/kol/Documents/Robotics/ros_ws/six_dof_robot_ws/install/welder_description/share/colcon-core/packages/welder_description)
[8.814s] Level 1:colcon.colcon_core.shell:create_environment_hook('welder_control', 'pythonpath_develop')
[8.816s] INFO:colcon.colcon_core.shell:Creating environment hook '/home/kol/Documents/Robotics/ros_ws/six_dof_robot_ws/build/welder_control/share/welder_control/hook/pythonpath_develop.ps1'
[8.817s] DEBUG:colcon.colcon_core.event_handler.log_command:Invoked command in '/home/kol/Documents/Robotics/ros_ws/six_dof_robot_ws/build/welder_control' returned '0': PYTHONPATH=/home/kol/Documents/Robotics/ros_ws/six_dof_robot_ws/build/welder_control/prefix_override:/usr/lib/python3/dist-packages/colcon_core/task/python/colcon_distutils_commands:/home/kol/Documents/Robotics/ros_ws/six_dof_robot_ws/install/welder_control/lib/python3.10/site-packages:${PYTHONPATH} /usr/bin/python3 -W ignore:setup.py install is deprecated setup.py develop --editable --build-directory /home/kol/Documents/Robotics/ros_ws/six_dof_robot_ws/build/welder_control/build --no-deps symlink_data
[8.819s] INFO:colcon.colcon_core.shell:Creating environment descriptor '/home/kol/Documents/Robotics/ros_ws/six_dof_robot_ws/build/welder_control/share/welder_control/hook/pythonpath_develop.dsv'
[8.821s] INFO:colcon.colcon_core.shell:Creating environment hook '/home/kol/Documents/Robotics/ros_ws/six_dof_robot_ws/build/welder_control/share/welder_control/hook/pythonpath_develop.sh'
[8.823s] Level 1:colcon.colcon_core.environment:checking '/home/kol/Documents/Robotics/ros_ws/six_dof_robot_ws/install/welder_control' for CMake module files
[8.825s] Level 1:colcon.colcon_core.environment:checking '/home/kol/Documents/Robotics/ros_ws/six_dof_robot_ws/install/welder_control' for CMake config files
[8.828s] Level 1:colcon.colcon_core.environment:checking '/home/kol/Documents/Robotics/ros_ws/six_dof_robot_ws/install/welder_control/lib'
[8.828s] Level 1:colcon.colcon_core.environment:checking '/home/kol/Documents/Robotics/ros_ws/six_dof_robot_ws/install/welder_control/bin'
[8.829s] Level 1:colcon.colcon_core.environment:checking '/home/kol/Documents/Robotics/ros_ws/six_dof_robot_ws/install/welder_control/lib/pkgconfig/welder_control.pc'
[8.831s] Level 1:colcon.colcon_core.environment:checking '/home/kol/Documents/Robotics/ros_ws/six_dof_robot_ws/install/welder_control/lib/python3.10/site-packages'
[8.831s] Level 1:colcon.colcon_core.shell:create_environment_hook('welder_control', 'pythonpath')
[8.832s] INFO:colcon.colcon_core.shell:Creating environment hook '/home/kol/Documents/Robotics/ros_ws/six_dof_robot_ws/install/welder_control/share/welder_control/hook/pythonpath.ps1'
[8.834s] INFO:colcon.colcon_core.shell:Creating environment descriptor '/home/kol/Documents/Robotics/ros_ws/six_dof_robot_ws/install/welder_control/share/welder_control/hook/pythonpath.dsv'
[8.835s] INFO:colcon.colcon_core.shell:Creating environment hook '/home/kol/Documents/Robotics/ros_ws/six_dof_robot_ws/install/welder_control/share/welder_control/hook/pythonpath.sh'
[8.837s] Level 1:colcon.colcon_core.environment:checking '/home/kol/Documents/Robotics/ros_ws/six_dof_robot_ws/install/welder_control/bin'
[8.838s] Level 1:colcon.colcon_core.environment:create_environment_scripts_only(welder_control)
[8.839s] INFO:colcon.colcon_core.shell:Creating package script '/home/kol/Documents/Robotics/ros_ws/six_dof_robot_ws/install/welder_control/share/welder_control/package.ps1'
[8.841s] INFO:colcon.colcon_core.shell:Creating package descriptor '/home/kol/Documents/Robotics/ros_ws/six_dof_robot_ws/install/welder_control/share/welder_control/package.dsv'
[8.843s] INFO:colcon.colcon_core.shell:Creating package script '/home/kol/Documents/Robotics/ros_ws/six_dof_robot_ws/install/welder_control/share/welder_control/package.sh'
[8.846s] INFO:colcon.colcon_core.shell:Creating package script '/home/kol/Documents/Robotics/ros_ws/six_dof_robot_ws/install/welder_control/share/welder_control/package.bash'
[8.847s] INFO:colcon.colcon_core.shell:Creating package script '/home/kol/Documents/Robotics/ros_ws/six_dof_robot_ws/install/welder_control/share/welder_control/package.zsh'
[8.848s] Level 1:colcon.colcon_core.environment:create_file_with_runtime_dependencies(/home/kol/Documents/Robotics/ros_ws/six_dof_robot_ws/install/welder_control/share/colcon-core/packages/welder_control)
[8.849s] DEBUG:colcon.colcon_parallel_executor.executor.parallel:closing loop
[8.851s] DEBUG:colcon.colcon_parallel_executor.executor.parallel:loop closed
[8.851s] DEBUG:colcon.colcon_parallel_executor.executor.parallel:run_until_complete finished with '0'
[8.851s] DEBUG:colcon.colcon_core.event_reactor:joining thread
[8.882s] INFO:colcon.colcon_core.plugin_system:Skipping extension 'colcon_notification.desktop_notification.terminal_notifier': Not used on non-Darwin systems
[8.883s] INFO:colcon.colcon_core.plugin_system:Skipping extension 'colcon_notification.desktop_notification.win32': Not used on non-Windows systems
[8.883s] INFO:colcon.colcon_notification.desktop_notification:Sending desktop notification using 'notify2'
[8.984s] DEBUG:colcon.colcon_core.event_reactor:joined thread
[8.986s] INFO:colcon.colcon_core.shell:Creating prefix script '/home/kol/Documents/Robotics/ros_ws/six_dof_robot_ws/install/local_setup.ps1'
[8.992s] INFO:colcon.colcon_core.shell:Creating prefix util module '/home/kol/Documents/Robotics/ros_ws/six_dof_robot_ws/install/_local_setup_util_ps1.py'
[9.004s] INFO:colcon.colcon_core.shell:Creating prefix chain script '/home/kol/Documents/Robotics/ros_ws/six_dof_robot_ws/install/setup.ps1'
[9.012s] INFO:colcon.colcon_core.shell:Creating prefix script '/home/kol/Documents/Robotics/ros_ws/six_dof_robot_ws/install/local_setup.sh'
[9.017s] INFO:colcon.colcon_core.shell:Creating prefix util module '/home/kol/Documents/Robotics/ros_ws/six_dof_robot_ws/install/_local_setup_util_sh.py'
[9.020s] INFO:colcon.colcon_core.shell:Creating prefix chain script '/home/kol/Documents/Robotics/ros_ws/six_dof_robot_ws/install/setup.sh'
[9.027s] INFO:colcon.colcon_core.shell:Creating prefix script '/home/kol/Documents/Robotics/ros_ws/six_dof_robot_ws/install/local_setup.bash'
[9.032s] INFO:colcon.colcon_core.shell:Creating prefix chain script '/home/kol/Documents/Robotics/ros_ws/six_dof_robot_ws/install/setup.bash'
[9.038s] INFO:colcon.colcon_core.shell:Creating prefix script '/home/kol/Documents/Robotics/ros_ws/six_dof_robot_ws/install/local_setup.zsh'
[9.042s] INFO:colcon.colcon_core.shell:Creating prefix chain script '/home/kol/Documents/Robotics/ros_ws/six_dof_robot_ws/install/setup.zsh'
