[0.331s] DEBUG:colcon:Command line arguments: ['/usr/bin/colcon', 'build', '--symlink-install']
[0.332s] DEBUG:colcon:Parsed command line arguments: Namespace(log_base=None, log_level=None, verb_name='build', build_base='build', install_base='install', merge_install=False, symlink_install=True, test_result_base=None, continue_on_error=False, executor='parallel', parallel_workers=4, event_handlers=None, ignore_user_meta=False, metas=['./colcon.meta'], base_paths=['.'], packages_ignore=None, packages_ignore_regex=None, paths=None, packages_up_to=None, packages_up_to_regex=None, packages_above=None, packages_above_and_dependencies=None, packages_above_depth=None, packages_select_by_dep=None, packages_skip_by_dep=None, packages_skip_up_to=None, packages_select_build_failed=False, packages_skip_build_finished=False, packages_select_test_failures=False, packages_skip_test_passed=False, packages_select=None, packages_skip=None, packages_select_regex=None, packages_skip_regex=None, packages_start=None, packages_end=None, allow_overriding=[], cmake_args=None, cmake_target=None, cmake_target_skip_unavailable=False, cmake_clean_cache=False, cmake_clean_first=False, cmake_force_configure=False, ament_cmake_args=None, catkin_cmake_args=None, catkin_skip_building_tests=False, mixin_files=None, mixin=None, verb_parser=<colcon_mixin.mixin.mixin_argument.MixinArgumentDecorator object at 0x75a5af3aae30>, verb_extension=<colcon_core.verb.build.BuildVerb object at 0x75a5af5607c0>, main=<bound method BuildVerb.main of <colcon_core.verb.build.BuildVerb object at 0x75a5af5607c0>>, mixin_verb=('build',))
[0.828s] Level 1:colcon.colcon_core.package_discovery:discover_packages(colcon_meta) check parameters
[0.828s] Level 1:colcon.colcon_core.package_discovery:discover_packages(recursive) check parameters
[0.828s] Level 1:colcon.colcon_core.package_discovery:discover_packages(ignore) check parameters
[0.828s] Level 1:colcon.colcon_core.package_discovery:discover_packages(path) check parameters
[0.828s] Level 1:colcon.colcon_core.package_discovery:discover_packages(colcon_meta) discover
[0.828s] Level 1:colcon.colcon_core.package_discovery:discover_packages(recursive) discover
[0.829s] INFO:colcon.colcon_core.package_discovery:Crawling recursively for packages in '/home/kol/Documents/Robotics/ros_ws/five_dof_robot_ws'
[0.829s] Level 1:colcon.colcon_core.package_identification:_identify(.) by extensions ['ignore', 'ignore_ament_install']
[0.829s] Level 1:colcon.colcon_core.package_identification:_identify(.) by extension 'ignore'
[0.829s] Level 1:colcon.colcon_core.package_identification:_identify(.) by extension 'ignore_ament_install'
[0.829s] Level 1:colcon.colcon_core.package_identification:_identify(.) by extensions ['colcon_pkg']
[0.829s] Level 1:colcon.colcon_core.package_identification:_identify(.) by extension 'colcon_pkg'
[0.830s] Level 1:colcon.colcon_core.package_identification:_identify(.) by extensions ['colcon_meta']
[0.830s] Level 1:colcon.colcon_core.package_identification:_identify(.) by extension 'colcon_meta'
[0.830s] Level 1:colcon.colcon_core.package_identification:_identify(.) by extensions ['ros']
[0.830s] Level 1:colcon.colcon_core.package_identification:_identify(.) by extension 'ros'
[0.858s] Level 1:colcon.colcon_core.package_identification:_identify(.) by extensions ['cmake', 'python']
[0.858s] Level 1:colcon.colcon_core.package_identification:_identify(.) by extension 'cmake'
[0.858s] Level 1:colcon.colcon_core.package_identification:_identify(.) by extension 'python'
[0.858s] Level 1:colcon.colcon_core.package_identification:_identify(.) by extensions ['python_setup_py']
[0.858s] Level 1:colcon.colcon_core.package_identification:_identify(.) by extension 'python_setup_py'
[0.859s] Level 1:colcon.colcon_core.package_identification:_identify(build) by extensions ['ignore', 'ignore_ament_install']
[0.859s] Level 1:colcon.colcon_core.package_identification:_identify(build) by extension 'ignore'
[0.859s] Level 1:colcon.colcon_core.package_identification:_identify(build) ignored
[0.859s] Level 1:colcon.colcon_core.package_identification:_identify(install) by extensions ['ignore', 'ignore_ament_install']
[0.860s] Level 1:colcon.colcon_core.package_identification:_identify(install) by extension 'ignore'
[0.860s] Level 1:colcon.colcon_core.package_identification:_identify(install) ignored
[0.860s] Level 1:colcon.colcon_core.package_identification:_identify(log) by extensions ['ignore', 'ignore_ament_install']
[0.860s] Level 1:colcon.colcon_core.package_identification:_identify(log) by extension 'ignore'
[0.860s] Level 1:colcon.colcon_core.package_identification:_identify(log) ignored
[0.861s] Level 1:colcon.colcon_core.package_identification:_identify(src) by extensions ['ignore', 'ignore_ament_install']
[0.861s] Level 1:colcon.colcon_core.package_identification:_identify(src) by extension 'ignore'
[0.861s] Level 1:colcon.colcon_core.package_identification:_identify(src) by extension 'ignore_ament_install'
[0.861s] Level 1:colcon.colcon_core.package_identification:_identify(src) by extensions ['colcon_pkg']
[0.861s] Level 1:colcon.colcon_core.package_identification:_identify(src) by extension 'colcon_pkg'
[0.861s] Level 1:colcon.colcon_core.package_identification:_identify(src) by extensions ['colcon_meta']
[0.861s] Level 1:colcon.colcon_core.package_identification:_identify(src) by extension 'colcon_meta'
[0.862s] Level 1:colcon.colcon_core.package_identification:_identify(src) by extensions ['ros']
[0.862s] Level 1:colcon.colcon_core.package_identification:_identify(src) by extension 'ros'
[0.862s] Level 1:colcon.colcon_core.package_identification:_identify(src) by extensions ['cmake', 'python']
[0.862s] Level 1:colcon.colcon_core.package_identification:_identify(src) by extension 'cmake'
[0.862s] Level 1:colcon.colcon_core.package_identification:_identify(src) by extension 'python'
[0.862s] Level 1:colcon.colcon_core.package_identification:_identify(src) by extensions ['python_setup_py']
[0.862s] Level 1:colcon.colcon_core.package_identification:_identify(src) by extension 'python_setup_py'
[0.871s] Level 1:colcon.colcon_core.package_identification:_identify(src/cpp_controller) by extensions ['ignore', 'ignore_ament_install']
[0.871s] Level 1:colcon.colcon_core.package_identification:_identify(src/cpp_controller) by extension 'ignore'
[0.871s] Level 1:colcon.colcon_core.package_identification:_identify(src/cpp_controller) by extension 'ignore_ament_install'
[0.871s] Level 1:colcon.colcon_core.package_identification:_identify(src/cpp_controller) by extensions ['colcon_pkg']
[0.871s] Level 1:colcon.colcon_core.package_identification:_identify(src/cpp_controller) by extension 'colcon_pkg'
[0.872s] Level 1:colcon.colcon_core.package_identification:_identify(src/cpp_controller) by extensions ['colcon_meta']
[0.872s] Level 1:colcon.colcon_core.package_identification:_identify(src/cpp_controller) by extension 'colcon_meta'
[0.872s] Level 1:colcon.colcon_core.package_identification:_identify(src/cpp_controller) by extensions ['ros']
[0.872s] Level 1:colcon.colcon_core.package_identification:_identify(src/cpp_controller) by extension 'ros'
[0.879s] DEBUG:colcon.colcon_core.package_identification:Package 'src/cpp_controller' with type 'ros.ament_cmake' and name 'cpp_controller'
[0.879s] Level 1:colcon.colcon_core.package_identification:_identify(src/python_controller) by extensions ['ignore', 'ignore_ament_install']
[0.880s] Level 1:colcon.colcon_core.package_identification:_identify(src/python_controller) by extension 'ignore'
[0.880s] Level 1:colcon.colcon_core.package_identification:_identify(src/python_controller) by extension 'ignore_ament_install'
[0.880s] Level 1:colcon.colcon_core.package_identification:_identify(src/python_controller) by extensions ['colcon_pkg']
[0.880s] Level 1:colcon.colcon_core.package_identification:_identify(src/python_controller) by extension 'colcon_pkg'
[0.880s] Level 1:colcon.colcon_core.package_identification:_identify(src/python_controller) by extensions ['colcon_meta']
[0.880s] Level 1:colcon.colcon_core.package_identification:_identify(src/python_controller) by extension 'colcon_meta'
[0.881s] Level 1:colcon.colcon_core.package_identification:_identify(src/python_controller) by extensions ['ros']
[0.881s] Level 1:colcon.colcon_core.package_identification:_identify(src/python_controller) by extension 'ros'
[0.883s] DEBUG:colcon.colcon_core.package_identification:Package 'src/python_controller' with type 'ros.ament_python' and name 'python_controller'
[0.883s] Level 1:colcon.colcon_core.package_identification:_identify(src/welder_description) by extensions ['ignore', 'ignore_ament_install']
[0.883s] Level 1:colcon.colcon_core.package_identification:_identify(src/welder_description) by extension 'ignore'
[0.884s] Level 1:colcon.colcon_core.package_identification:_identify(src/welder_description) by extension 'ignore_ament_install'
[0.884s] Level 1:colcon.colcon_core.package_identification:_identify(src/welder_description) by extensions ['colcon_pkg']
[0.884s] Level 1:colcon.colcon_core.package_identification:_identify(src/welder_description) by extension 'colcon_pkg'
[0.884s] Level 1:colcon.colcon_core.package_identification:_identify(src/welder_description) by extensions ['colcon_meta']
[0.884s] Level 1:colcon.colcon_core.package_identification:_identify(src/welder_description) by extension 'colcon_meta'
[0.884s] Level 1:colcon.colcon_core.package_identification:_identify(src/welder_description) by extensions ['ros']
[0.884s] Level 1:colcon.colcon_core.package_identification:_identify(src/welder_description) by extension 'ros'
[0.887s] DEBUG:colcon.colcon_core.package_identification:Package 'src/welder_description' with type 'ros.ament_python' and name 'welder_description'
[0.887s] Level 1:colcon.colcon_core.package_discovery:discover_packages(recursive) using defaults
[0.887s] Level 1:colcon.colcon_core.package_discovery:discover_packages(ignore) discover
[0.887s] Level 1:colcon.colcon_core.package_discovery:discover_packages(ignore) using defaults
[0.887s] Level 1:colcon.colcon_core.package_discovery:discover_packages(path) discover
[0.887s] Level 1:colcon.colcon_core.package_discovery:discover_packages(path) using defaults
[0.941s] Level 1:colcon.colcon_core.package_discovery:discover_packages(prefix_path) check parameters
[0.941s] Level 1:colcon.colcon_core.package_discovery:discover_packages(prefix_path) discover
[0.948s] DEBUG:colcon.colcon_installed_package_information.package_discovery:Found 390 installed packages in /opt/ros/humble
[0.953s] Level 1:colcon.colcon_core.package_discovery:discover_packages(prefix_path) using defaults
[1.109s] Level 5:colcon.colcon_core.verb:set package 'cpp_controller' build argument 'cmake_args' from command line to 'None'
[1.109s] Level 5:colcon.colcon_core.verb:set package 'cpp_controller' build argument 'cmake_target' from command line to 'None'
[1.109s] Level 5:colcon.colcon_core.verb:set package 'cpp_controller' build argument 'cmake_target_skip_unavailable' from command line to 'False'
[1.109s] Level 5:colcon.colcon_core.verb:set package 'cpp_controller' build argument 'cmake_clean_cache' from command line to 'False'
[1.109s] Level 5:colcon.colcon_core.verb:set package 'cpp_controller' build argument 'cmake_clean_first' from command line to 'False'
[1.109s] Level 5:colcon.colcon_core.verb:set package 'cpp_controller' build argument 'cmake_force_configure' from command line to 'False'
[1.110s] Level 5:colcon.colcon_core.verb:set package 'cpp_controller' build argument 'ament_cmake_args' from command line to 'None'
[1.110s] Level 5:colcon.colcon_core.verb:set package 'cpp_controller' build argument 'catkin_cmake_args' from command line to 'None'
[1.110s] Level 5:colcon.colcon_core.verb:set package 'cpp_controller' build argument 'catkin_skip_building_tests' from command line to 'False'
[1.110s] DEBUG:colcon.colcon_core.verb:Building package 'cpp_controller' with the following arguments: {'ament_cmake_args': None, 'build_base': '/home/kol/Documents/Robotics/ros_ws/five_dof_robot_ws/build/cpp_controller', 'catkin_cmake_args': None, 'catkin_skip_building_tests': False, 'cmake_args': None, 'cmake_clean_cache': False, 'cmake_clean_first': False, 'cmake_force_configure': False, 'cmake_target': None, 'cmake_target_skip_unavailable': False, 'install_base': '/home/kol/Documents/Robotics/ros_ws/five_dof_robot_ws/install/cpp_controller', 'merge_install': False, 'path': '/home/kol/Documents/Robotics/ros_ws/five_dof_robot_ws/src/cpp_controller', 'symlink_install': True, 'test_result_base': None}
[1.111s] Level 5:colcon.colcon_core.verb:set package 'python_controller' build argument 'cmake_args' from command line to 'None'
[1.111s] Level 5:colcon.colcon_core.verb:set package 'python_controller' build argument 'cmake_target' from command line to 'None'
[1.111s] Level 5:colcon.colcon_core.verb:set package 'python_controller' build argument 'cmake_target_skip_unavailable' from command line to 'False'
[1.111s] Level 5:colcon.colcon_core.verb:set package 'python_controller' build argument 'cmake_clean_cache' from command line to 'False'
[1.111s] Level 5:colcon.colcon_core.verb:set package 'python_controller' build argument 'cmake_clean_first' from command line to 'False'
[1.111s] Level 5:colcon.colcon_core.verb:set package 'python_controller' build argument 'cmake_force_configure' from command line to 'False'
[1.111s] Level 5:colcon.colcon_core.verb:set package 'python_controller' build argument 'ament_cmake_args' from command line to 'None'
[1.111s] Level 5:colcon.colcon_core.verb:set package 'python_controller' build argument 'catkin_cmake_args' from command line to 'None'
[1.111s] Level 5:colcon.colcon_core.verb:set package 'python_controller' build argument 'catkin_skip_building_tests' from command line to 'False'
[1.111s] DEBUG:colcon.colcon_core.verb:Building package 'python_controller' with the following arguments: {'ament_cmake_args': None, 'build_base': '/home/kol/Documents/Robotics/ros_ws/five_dof_robot_ws/build/python_controller', 'catkin_cmake_args': None, 'catkin_skip_building_tests': False, 'cmake_args': None, 'cmake_clean_cache': False, 'cmake_clean_first': False, 'cmake_force_configure': False, 'cmake_target': None, 'cmake_target_skip_unavailable': False, 'install_base': '/home/kol/Documents/Robotics/ros_ws/five_dof_robot_ws/install/python_controller', 'merge_install': False, 'path': '/home/kol/Documents/Robotics/ros_ws/five_dof_robot_ws/src/python_controller', 'symlink_install': True, 'test_result_base': None}
[1.112s] Level 5:colcon.colcon_core.verb:set package 'welder_description' build argument 'cmake_args' from command line to 'None'
[1.112s] Level 5:colcon.colcon_core.verb:set package 'welder_description' build argument 'cmake_target' from command line to 'None'
[1.112s] Level 5:colcon.colcon_core.verb:set package 'welder_description' build argument 'cmake_target_skip_unavailable' from command line to 'False'
[1.113s] Level 5:colcon.colcon_core.verb:set package 'welder_description' build argument 'cmake_clean_cache' from command line to 'False'
[1.113s] Level 5:colcon.colcon_core.verb:set package 'welder_description' build argument 'cmake_clean_first' from command line to 'False'
[1.113s] Level 5:colcon.colcon_core.verb:set package 'welder_description' build argument 'cmake_force_configure' from command line to 'False'
[1.113s] Level 5:colcon.colcon_core.verb:set package 'welder_description' build argument 'ament_cmake_args' from command line to 'None'
[1.113s] Level 5:colcon.colcon_core.verb:set package 'welder_description' build argument 'catkin_cmake_args' from command line to 'None'
[1.113s] Level 5:colcon.colcon_core.verb:set package 'welder_description' build argument 'catkin_skip_building_tests' from command line to 'False'
[1.113s] DEBUG:colcon.colcon_core.verb:Building package 'welder_description' with the following arguments: {'ament_cmake_args': None, 'build_base': '/home/kol/Documents/Robotics/ros_ws/five_dof_robot_ws/build/welder_description', 'catkin_cmake_args': None, 'catkin_skip_building_tests': False, 'cmake_args': None, 'cmake_clean_cache': False, 'cmake_clean_first': False, 'cmake_force_configure': False, 'cmake_target': None, 'cmake_target_skip_unavailable': False, 'install_base': '/home/kol/Documents/Robotics/ros_ws/five_dof_robot_ws/install/welder_description', 'merge_install': False, 'path': '/home/kol/Documents/Robotics/ros_ws/five_dof_robot_ws/src/welder_description', 'symlink_install': True, 'test_result_base': None}
[1.113s] INFO:colcon.colcon_core.executor:Executing jobs using 'parallel' executor
[1.115s] DEBUG:colcon.colcon_parallel_executor.executor.parallel:run_until_complete
[1.116s] INFO:colcon.colcon_ros.task.ament_cmake.build:Building ROS package in '/home/kol/Documents/Robotics/ros_ws/five_dof_robot_ws/src/cpp_controller' with build type 'ament_cmake'
[1.116s] INFO:colcon.colcon_cmake.task.cmake.build:Building CMake package in '/home/kol/Documents/Robotics/ros_ws/five_dof_robot_ws/src/cpp_controller'
[1.121s] INFO:colcon.colcon_core.plugin_system:Skipping extension 'colcon_core.shell.bat': Not used on non-Windows systems
[1.122s] INFO:colcon.colcon_core.shell:Skip shell extension 'powershell' for command environment: Not usable outside of PowerShell
[1.122s] DEBUG:colcon.colcon_core.shell:Skip shell extension 'dsv' for command environment
[1.138s] INFO:colcon.colcon_ros.task.ament_python.build:Building ROS package in '/home/kol/Documents/Robotics/ros_ws/five_dof_robot_ws/src/python_controller' with build type 'ament_python'
[1.138s] Level 1:colcon.colcon_core.shell:create_environment_hook('python_controller', 'ament_prefix_path')
[1.139s] INFO:colcon.colcon_core.shell:Creating environment hook '/home/kol/Documents/Robotics/ros_ws/five_dof_robot_ws/install/python_controller/share/python_controller/hook/ament_prefix_path.ps1'
[1.142s] INFO:colcon.colcon_core.shell:Creating environment descriptor '/home/kol/Documents/Robotics/ros_ws/five_dof_robot_ws/install/python_controller/share/python_controller/hook/ament_prefix_path.dsv'
[1.144s] INFO:colcon.colcon_core.shell:Creating environment hook '/home/kol/Documents/Robotics/ros_ws/five_dof_robot_ws/install/python_controller/share/python_controller/hook/ament_prefix_path.sh'
[1.146s] INFO:colcon.colcon_core.shell:Skip shell extension 'powershell' for command environment: Not usable outside of PowerShell
[1.146s] DEBUG:colcon.colcon_core.shell:Skip shell extension 'dsv' for command environment
[1.160s] INFO:colcon.colcon_ros.task.ament_python.build:Building ROS package in '/home/kol/Documents/Robotics/ros_ws/five_dof_robot_ws/src/welder_description' with build type 'ament_python'
[1.161s] Level 1:colcon.colcon_core.shell:create_environment_hook('welder_description', 'ament_prefix_path')
[1.161s] INFO:colcon.colcon_core.shell:Creating environment hook '/home/kol/Documents/Robotics/ros_ws/five_dof_robot_ws/install/welder_description/share/welder_description/hook/ament_prefix_path.ps1'
[1.163s] INFO:colcon.colcon_core.shell:Creating environment descriptor '/home/kol/Documents/Robotics/ros_ws/five_dof_robot_ws/install/welder_description/share/welder_description/hook/ament_prefix_path.dsv'
[1.164s] INFO:colcon.colcon_core.shell:Creating environment hook '/home/kol/Documents/Robotics/ros_ws/five_dof_robot_ws/install/welder_description/share/welder_description/hook/ament_prefix_path.sh'
[1.166s] INFO:colcon.colcon_core.shell:Skip shell extension 'powershell' for command environment: Not usable outside of PowerShell
[1.166s] DEBUG:colcon.colcon_core.shell:Skip shell extension 'dsv' for command environment
[1.196s] DEBUG:colcon.colcon_core.event_handler.log_command:Invoking command in '/home/kol/Documents/Robotics/ros_ws/five_dof_robot_ws/build/cpp_controller': CMAKE_PREFIX_PATH=/opt/ros/humble /usr/bin/cmake --build /home/kol/Documents/Robotics/ros_ws/five_dof_robot_ws/build/cpp_controller -- -j4 -l4
[2.075s] INFO:colcon.colcon_core.task.python.build:Building Python package in '/home/kol/Documents/Robotics/ros_ws/five_dof_robot_ws/src/python_controller'
[2.076s] INFO:colcon.colcon_core.shell:Skip shell extension 'powershell' for command environment: Not usable outside of PowerShell
[2.076s] DEBUG:colcon.colcon_core.shell:Skip shell extension 'dsv' for command environment
[3.135s] INFO:colcon.colcon_core.task.python.build:Building Python package in '/home/kol/Documents/Robotics/ros_ws/five_dof_robot_ws/src/welder_description'
[3.136s] INFO:colcon.colcon_core.shell:Skip shell extension 'powershell' for command environment: Not usable outside of PowerShell
[3.136s] DEBUG:colcon.colcon_core.shell:Skip shell extension 'dsv' for command environment
[3.150s] DEBUG:colcon.colcon_core.event_handler.log_command:Invoked command in '/home/kol/Documents/Robotics/ros_ws/five_dof_robot_ws/build/cpp_controller' returned '0': CMAKE_PREFIX_PATH=/opt/ros/humble /usr/bin/cmake --build /home/kol/Documents/Robotics/ros_ws/five_dof_robot_ws/build/cpp_controller -- -j4 -l4
[3.308s] DEBUG:colcon.colcon_core.event_handler.log_command:Invoking command in '/home/kol/Documents/Robotics/ros_ws/five_dof_robot_ws/build/cpp_controller': CMAKE_PREFIX_PATH=/opt/ros/humble /usr/bin/cmake --install /home/kol/Documents/Robotics/ros_ws/five_dof_robot_ws/build/cpp_controller
[3.431s] Level 1:colcon.colcon_core.environment:create_environment_scripts_only(cpp_controller)
[3.434s] DEBUG:colcon.colcon_core.event_handler.log_command:Invoked command in '/home/kol/Documents/Robotics/ros_ws/five_dof_robot_ws/build/cpp_controller' returned '0': CMAKE_PREFIX_PATH=/opt/ros/humble /usr/bin/cmake --install /home/kol/Documents/Robotics/ros_ws/five_dof_robot_ws/build/cpp_controller
[3.446s] Level 1:colcon.colcon_core.environment:checking '/home/kol/Documents/Robotics/ros_ws/five_dof_robot_ws/install/cpp_controller' for CMake module files
[3.450s] Level 1:colcon.colcon_core.environment:checking '/home/kol/Documents/Robotics/ros_ws/five_dof_robot_ws/install/cpp_controller' for CMake config files
[3.451s] Level 1:colcon.colcon_core.shell:create_environment_hook('cpp_controller', 'cmake_prefix_path')
[3.453s] INFO:colcon.colcon_core.shell:Creating environment hook '/home/kol/Documents/Robotics/ros_ws/five_dof_robot_ws/install/cpp_controller/share/cpp_controller/hook/cmake_prefix_path.ps1'
[3.455s] INFO:colcon.colcon_core.shell:Creating environment descriptor '/home/kol/Documents/Robotics/ros_ws/five_dof_robot_ws/install/cpp_controller/share/cpp_controller/hook/cmake_prefix_path.dsv'
[3.457s] INFO:colcon.colcon_core.shell:Creating environment hook '/home/kol/Documents/Robotics/ros_ws/five_dof_robot_ws/install/cpp_controller/share/cpp_controller/hook/cmake_prefix_path.sh'
[3.460s] Level 1:colcon.colcon_core.environment:checking '/home/kol/Documents/Robotics/ros_ws/five_dof_robot_ws/install/cpp_controller/bin'
[3.461s] Level 1:colcon.colcon_core.environment:checking '/home/kol/Documents/Robotics/ros_ws/five_dof_robot_ws/install/cpp_controller/lib/pkgconfig/cpp_controller.pc'
[3.462s] Level 1:colcon.colcon_core.environment:checking '/home/kol/Documents/Robotics/ros_ws/five_dof_robot_ws/install/cpp_controller/lib/python3.10/site-packages'
[3.463s] Level 1:colcon.colcon_core.environment:checking '/home/kol/Documents/Robotics/ros_ws/five_dof_robot_ws/install/cpp_controller/bin'
[3.465s] INFO:colcon.colcon_core.shell:Creating package script '/home/kol/Documents/Robotics/ros_ws/five_dof_robot_ws/install/cpp_controller/share/cpp_controller/package.ps1'
[3.470s] INFO:colcon.colcon_core.shell:Creating package descriptor '/home/kol/Documents/Robotics/ros_ws/five_dof_robot_ws/install/cpp_controller/share/cpp_controller/package.dsv'
[3.473s] INFO:colcon.colcon_core.shell:Creating package script '/home/kol/Documents/Robotics/ros_ws/five_dof_robot_ws/install/cpp_controller/share/cpp_controller/package.sh'
[3.478s] INFO:colcon.colcon_core.shell:Creating package script '/home/kol/Documents/Robotics/ros_ws/five_dof_robot_ws/install/cpp_controller/share/cpp_controller/package.bash'
[3.483s] INFO:colcon.colcon_core.shell:Creating package script '/home/kol/Documents/Robotics/ros_ws/five_dof_robot_ws/install/cpp_controller/share/cpp_controller/package.zsh'
[3.487s] Level 1:colcon.colcon_core.environment:create_file_with_runtime_dependencies(/home/kol/Documents/Robotics/ros_ws/five_dof_robot_ws/install/cpp_controller/share/colcon-core/packages/cpp_controller)
[3.604s] Level 1:colcon.colcon_core.environment:create_environment_scripts_only(cpp_controller)
[3.606s] Level 1:colcon.colcon_core.environment:checking '/home/kol/Documents/Robotics/ros_ws/five_dof_robot_ws/install/cpp_controller' for CMake module files
[3.609s] Level 1:colcon.colcon_core.environment:checking '/home/kol/Documents/Robotics/ros_ws/five_dof_robot_ws/install/cpp_controller' for CMake config files
[3.610s] Level 1:colcon.colcon_core.shell:create_environment_hook('cpp_controller', 'cmake_prefix_path')
[3.612s] INFO:colcon.colcon_core.shell:Creating environment hook '/home/kol/Documents/Robotics/ros_ws/five_dof_robot_ws/install/cpp_controller/share/cpp_controller/hook/cmake_prefix_path.ps1'
[3.614s] INFO:colcon.colcon_core.shell:Creating environment descriptor '/home/kol/Documents/Robotics/ros_ws/five_dof_robot_ws/install/cpp_controller/share/cpp_controller/hook/cmake_prefix_path.dsv'
[3.615s] INFO:colcon.colcon_core.shell:Creating environment hook '/home/kol/Documents/Robotics/ros_ws/five_dof_robot_ws/install/cpp_controller/share/cpp_controller/hook/cmake_prefix_path.sh'
[3.618s] Level 1:colcon.colcon_core.environment:checking '/home/kol/Documents/Robotics/ros_ws/five_dof_robot_ws/install/cpp_controller/bin'
[3.618s] Level 1:colcon.colcon_core.environment:checking '/home/kol/Documents/Robotics/ros_ws/five_dof_robot_ws/install/cpp_controller/lib/pkgconfig/cpp_controller.pc'
[3.620s] Level 1:colcon.colcon_core.environment:checking '/home/kol/Documents/Robotics/ros_ws/five_dof_robot_ws/install/cpp_controller/lib/python3.10/site-packages'
[3.621s] Level 1:colcon.colcon_core.environment:checking '/home/kol/Documents/Robotics/ros_ws/five_dof_robot_ws/install/cpp_controller/bin'
[3.623s] INFO:colcon.colcon_core.shell:Creating package script '/home/kol/Documents/Robotics/ros_ws/five_dof_robot_ws/install/cpp_controller/share/cpp_controller/package.ps1'
[3.626s] INFO:colcon.colcon_core.shell:Creating package descriptor '/home/kol/Documents/Robotics/ros_ws/five_dof_robot_ws/install/cpp_controller/share/cpp_controller/package.dsv'
[3.628s] INFO:colcon.colcon_core.shell:Creating package script '/home/kol/Documents/Robotics/ros_ws/five_dof_robot_ws/install/cpp_controller/share/cpp_controller/package.sh'
[3.632s] INFO:colcon.colcon_core.shell:Creating package script '/home/kol/Documents/Robotics/ros_ws/five_dof_robot_ws/install/cpp_controller/share/cpp_controller/package.bash'
[3.634s] INFO:colcon.colcon_core.shell:Creating package script '/home/kol/Documents/Robotics/ros_ws/five_dof_robot_ws/install/cpp_controller/share/cpp_controller/package.zsh'
[3.636s] Level 1:colcon.colcon_core.environment:create_file_with_runtime_dependencies(/home/kol/Documents/Robotics/ros_ws/five_dof_robot_ws/install/cpp_controller/share/colcon-core/packages/cpp_controller)
[4.952s] DEBUG:colcon.colcon_core.event_handler.log_command:Invoking command in '/home/kol/Documents/Robotics/ros_ws/five_dof_robot_ws/build/python_controller': PYTHONPATH=/home/kol/Documents/Robotics/ros_ws/five_dof_robot_ws/build/python_controller/prefix_override:/usr/lib/python3/dist-packages/colcon_core/task/python/colcon_distutils_commands:/home/kol/Documents/Robotics/ros_ws/five_dof_robot_ws/install/python_controller/lib/python3.10/site-packages:${PYTHONPATH} /usr/bin/python3 -W ignore:setup.py install is deprecated setup.py develop --editable --build-directory /home/kol/Documents/Robotics/ros_ws/five_dof_robot_ws/build/python_controller/build --no-deps symlink_data
[5.116s] DEBUG:colcon.colcon_core.event_handler.log_command:Invoking command in '/home/kol/Documents/Robotics/ros_ws/five_dof_robot_ws/build/welder_description': PYTHONPATH=/home/kol/Documents/Robotics/ros_ws/five_dof_robot_ws/build/welder_description/prefix_override:/usr/lib/python3/dist-packages/colcon_core/task/python/colcon_distutils_commands:/home/kol/Documents/Robotics/ros_ws/five_dof_robot_ws/install/welder_description/lib/python3.10/site-packages:${PYTHONPATH} /usr/bin/python3 -W ignore:setup.py install is deprecated setup.py develop --editable --build-directory /home/kol/Documents/Robotics/ros_ws/five_dof_robot_ws/build/welder_description/build --no-deps symlink_data
[7.392s] Level 1:colcon.colcon_core.shell:create_environment_hook('python_controller', 'pythonpath_develop')
[7.394s] INFO:colcon.colcon_core.shell:Creating environment hook '/home/kol/Documents/Robotics/ros_ws/five_dof_robot_ws/build/python_controller/share/python_controller/hook/pythonpath_develop.ps1'
[7.396s] DEBUG:colcon.colcon_core.event_handler.log_command:Invoked command in '/home/kol/Documents/Robotics/ros_ws/five_dof_robot_ws/build/python_controller' returned '0': PYTHONPATH=/home/kol/Documents/Robotics/ros_ws/five_dof_robot_ws/build/python_controller/prefix_override:/usr/lib/python3/dist-packages/colcon_core/task/python/colcon_distutils_commands:/home/kol/Documents/Robotics/ros_ws/five_dof_robot_ws/install/python_controller/lib/python3.10/site-packages:${PYTHONPATH} /usr/bin/python3 -W ignore:setup.py install is deprecated setup.py develop --editable --build-directory /home/kol/Documents/Robotics/ros_ws/five_dof_robot_ws/build/python_controller/build --no-deps symlink_data
[7.398s] INFO:colcon.colcon_core.shell:Creating environment descriptor '/home/kol/Documents/Robotics/ros_ws/five_dof_robot_ws/build/python_controller/share/python_controller/hook/pythonpath_develop.dsv'
[7.400s] INFO:colcon.colcon_core.shell:Creating environment hook '/home/kol/Documents/Robotics/ros_ws/five_dof_robot_ws/build/python_controller/share/python_controller/hook/pythonpath_develop.sh'
[7.404s] Level 1:colcon.colcon_core.environment:checking '/home/kol/Documents/Robotics/ros_ws/five_dof_robot_ws/install/python_controller' for CMake module files
[7.408s] Level 1:colcon.colcon_core.environment:checking '/home/kol/Documents/Robotics/ros_ws/five_dof_robot_ws/install/python_controller' for CMake config files
[7.411s] Level 1:colcon.colcon_core.environment:checking '/home/kol/Documents/Robotics/ros_ws/five_dof_robot_ws/install/python_controller/lib'
[7.412s] Level 1:colcon.colcon_core.environment:checking '/home/kol/Documents/Robotics/ros_ws/five_dof_robot_ws/install/python_controller/bin'
[7.412s] Level 1:colcon.colcon_core.environment:checking '/home/kol/Documents/Robotics/ros_ws/five_dof_robot_ws/install/python_controller/lib/pkgconfig/python_controller.pc'
[7.414s] Level 1:colcon.colcon_core.environment:checking '/home/kol/Documents/Robotics/ros_ws/five_dof_robot_ws/install/python_controller/lib/python3.10/site-packages'
[7.414s] Level 1:colcon.colcon_core.shell:create_environment_hook('python_controller', 'pythonpath')
[7.415s] INFO:colcon.colcon_core.shell:Creating environment hook '/home/kol/Documents/Robotics/ros_ws/five_dof_robot_ws/install/python_controller/share/python_controller/hook/pythonpath.ps1'
[7.418s] INFO:colcon.colcon_core.shell:Creating environment descriptor '/home/kol/Documents/Robotics/ros_ws/five_dof_robot_ws/install/python_controller/share/python_controller/hook/pythonpath.dsv'
[7.419s] INFO:colcon.colcon_core.shell:Creating environment hook '/home/kol/Documents/Robotics/ros_ws/five_dof_robot_ws/install/python_controller/share/python_controller/hook/pythonpath.sh'
[7.422s] Level 1:colcon.colcon_core.environment:checking '/home/kol/Documents/Robotics/ros_ws/five_dof_robot_ws/install/python_controller/bin'
[7.423s] Level 1:colcon.colcon_core.environment:create_environment_scripts_only(python_controller)
[7.425s] INFO:colcon.colcon_core.shell:Creating package script '/home/kol/Documents/Robotics/ros_ws/five_dof_robot_ws/install/python_controller/share/python_controller/package.ps1'
[7.428s] INFO:colcon.colcon_core.shell:Creating package descriptor '/home/kol/Documents/Robotics/ros_ws/five_dof_robot_ws/install/python_controller/share/python_controller/package.dsv'
[7.430s] INFO:colcon.colcon_core.shell:Creating package script '/home/kol/Documents/Robotics/ros_ws/five_dof_robot_ws/install/python_controller/share/python_controller/package.sh'
[7.433s] INFO:colcon.colcon_core.shell:Creating package script '/home/kol/Documents/Robotics/ros_ws/five_dof_robot_ws/install/python_controller/share/python_controller/package.bash'
[7.435s] INFO:colcon.colcon_core.shell:Creating package script '/home/kol/Documents/Robotics/ros_ws/five_dof_robot_ws/install/python_controller/share/python_controller/package.zsh'
[7.436s] Level 1:colcon.colcon_core.environment:create_file_with_runtime_dependencies(/home/kol/Documents/Robotics/ros_ws/five_dof_robot_ws/install/python_controller/share/colcon-core/packages/python_controller)
[7.500s] Level 1:colcon.colcon_core.shell:create_environment_hook('welder_description', 'pythonpath_develop')
[7.501s] INFO:colcon.colcon_core.shell:Creating environment hook '/home/kol/Documents/Robotics/ros_ws/five_dof_robot_ws/build/welder_description/share/welder_description/hook/pythonpath_develop.ps1'
[7.503s] DEBUG:colcon.colcon_core.event_handler.log_command:Invoked command in '/home/kol/Documents/Robotics/ros_ws/five_dof_robot_ws/build/welder_description' returned '0': PYTHONPATH=/home/kol/Documents/Robotics/ros_ws/five_dof_robot_ws/build/welder_description/prefix_override:/usr/lib/python3/dist-packages/colcon_core/task/python/colcon_distutils_commands:/home/kol/Documents/Robotics/ros_ws/five_dof_robot_ws/install/welder_description/lib/python3.10/site-packages:${PYTHONPATH} /usr/bin/python3 -W ignore:setup.py install is deprecated setup.py develop --editable --build-directory /home/kol/Documents/Robotics/ros_ws/five_dof_robot_ws/build/welder_description/build --no-deps symlink_data
[7.505s] INFO:colcon.colcon_core.shell:Creating environment descriptor '/home/kol/Documents/Robotics/ros_ws/five_dof_robot_ws/build/welder_description/share/welder_description/hook/pythonpath_develop.dsv'
[7.507s] INFO:colcon.colcon_core.shell:Creating environment hook '/home/kol/Documents/Robotics/ros_ws/five_dof_robot_ws/build/welder_description/share/welder_description/hook/pythonpath_develop.sh'
[7.509s] Level 1:colcon.colcon_core.environment:checking '/home/kol/Documents/Robotics/ros_ws/five_dof_robot_ws/install/welder_description' for CMake module files
[7.511s] Level 1:colcon.colcon_core.environment:checking '/home/kol/Documents/Robotics/ros_ws/five_dof_robot_ws/install/welder_description' for CMake config files
[7.514s] Level 1:colcon.colcon_core.environment:checking '/home/kol/Documents/Robotics/ros_ws/five_dof_robot_ws/install/welder_description/lib'
[7.514s] Level 1:colcon.colcon_core.environment:checking '/home/kol/Documents/Robotics/ros_ws/five_dof_robot_ws/install/welder_description/bin'
[7.515s] Level 1:colcon.colcon_core.environment:checking '/home/kol/Documents/Robotics/ros_ws/five_dof_robot_ws/install/welder_description/lib/pkgconfig/welder_description.pc'
[7.516s] Level 1:colcon.colcon_core.environment:checking '/home/kol/Documents/Robotics/ros_ws/five_dof_robot_ws/install/welder_description/lib/python3.10/site-packages'
[7.516s] Level 1:colcon.colcon_core.shell:create_environment_hook('welder_description', 'pythonpath')
[7.517s] INFO:colcon.colcon_core.shell:Creating environment hook '/home/kol/Documents/Robotics/ros_ws/five_dof_robot_ws/install/welder_description/share/welder_description/hook/pythonpath.ps1'
[7.518s] INFO:colcon.colcon_core.shell:Creating environment descriptor '/home/kol/Documents/Robotics/ros_ws/five_dof_robot_ws/install/welder_description/share/welder_description/hook/pythonpath.dsv'
[7.520s] INFO:colcon.colcon_core.shell:Creating environment hook '/home/kol/Documents/Robotics/ros_ws/five_dof_robot_ws/install/welder_description/share/welder_description/hook/pythonpath.sh'
[7.522s] Level 1:colcon.colcon_core.environment:checking '/home/kol/Documents/Robotics/ros_ws/five_dof_robot_ws/install/welder_description/bin'
[7.522s] Level 1:colcon.colcon_core.environment:create_environment_scripts_only(welder_description)
[7.524s] INFO:colcon.colcon_core.shell:Creating package script '/home/kol/Documents/Robotics/ros_ws/five_dof_robot_ws/install/welder_description/share/welder_description/package.ps1'
[7.526s] INFO:colcon.colcon_core.shell:Creating package descriptor '/home/kol/Documents/Robotics/ros_ws/five_dof_robot_ws/install/welder_description/share/welder_description/package.dsv'
[7.527s] INFO:colcon.colcon_core.shell:Creating package script '/home/kol/Documents/Robotics/ros_ws/five_dof_robot_ws/install/welder_description/share/welder_description/package.sh'
[7.529s] INFO:colcon.colcon_core.shell:Creating package script '/home/kol/Documents/Robotics/ros_ws/five_dof_robot_ws/install/welder_description/share/welder_description/package.bash'
[7.531s] INFO:colcon.colcon_core.shell:Creating package script '/home/kol/Documents/Robotics/ros_ws/five_dof_robot_ws/install/welder_description/share/welder_description/package.zsh'
[7.532s] Level 1:colcon.colcon_core.environment:create_file_with_runtime_dependencies(/home/kol/Documents/Robotics/ros_ws/five_dof_robot_ws/install/welder_description/share/colcon-core/packages/welder_description)
[7.533s] DEBUG:colcon.colcon_parallel_executor.executor.parallel:closing loop
[7.534s] DEBUG:colcon.colcon_parallel_executor.executor.parallel:loop closed
[7.535s] DEBUG:colcon.colcon_parallel_executor.executor.parallel:run_until_complete finished with '0'
[7.536s] DEBUG:colcon.colcon_core.event_reactor:joining thread
[7.559s] INFO:colcon.colcon_core.plugin_system:Skipping extension 'colcon_notification.desktop_notification.terminal_notifier': Not used on non-Darwin systems
[7.560s] INFO:colcon.colcon_core.plugin_system:Skipping extension 'colcon_notification.desktop_notification.win32': Not used on non-Windows systems
[7.560s] INFO:colcon.colcon_notification.desktop_notification:Sending desktop notification using 'notify2'
[7.604s] DEBUG:colcon.colcon_core.event_reactor:joined thread
[7.606s] INFO:colcon.colcon_core.shell:Creating prefix script '/home/kol/Documents/Robotics/ros_ws/five_dof_robot_ws/install/local_setup.ps1'
[7.609s] INFO:colcon.colcon_core.shell:Creating prefix util module '/home/kol/Documents/Robotics/ros_ws/five_dof_robot_ws/install/_local_setup_util_ps1.py'
[7.616s] INFO:colcon.colcon_core.shell:Creating prefix chain script '/home/kol/Documents/Robotics/ros_ws/five_dof_robot_ws/install/setup.ps1'
[7.619s] INFO:colcon.colcon_core.shell:Creating prefix script '/home/kol/Documents/Robotics/ros_ws/five_dof_robot_ws/install/local_setup.sh'
[7.621s] INFO:colcon.colcon_core.shell:Creating prefix util module '/home/kol/Documents/Robotics/ros_ws/five_dof_robot_ws/install/_local_setup_util_sh.py'
[7.623s] INFO:colcon.colcon_core.shell:Creating prefix chain script '/home/kol/Documents/Robotics/ros_ws/five_dof_robot_ws/install/setup.sh'
[7.628s] INFO:colcon.colcon_core.shell:Creating prefix script '/home/kol/Documents/Robotics/ros_ws/five_dof_robot_ws/install/local_setup.bash'
[7.630s] INFO:colcon.colcon_core.shell:Creating prefix chain script '/home/kol/Documents/Robotics/ros_ws/five_dof_robot_ws/install/setup.bash'
[7.633s] INFO:colcon.colcon_core.shell:Creating prefix script '/home/kol/Documents/Robotics/ros_ws/five_dof_robot_ws/install/local_setup.zsh'
[7.635s] INFO:colcon.colcon_core.shell:Creating prefix chain script '/home/kol/Documents/Robotics/ros_ws/five_dof_robot_ws/install/setup.zsh'
