[35m[1mConsolidate compiler generated dependencies of target custom_publisher[0m
[ 50%] [32mBuilding CXX object CMakeFiles/custom_publisher.dir/src/publisher.cpp.o[0m
[100%] [32m[1mLinking CXX executable custom_publisher[0m
[100%] Built target custom_publisher
-- Install configuration: ""
-- Installing: /home/kol/Documents/Robots/learning/pub_sub_cpp/install/pub_sub/lib/pub_sub/custom_publisher
-- Set runtime path of "/home/kol/Documents/Robots/learning/pub_sub_cpp/install/pub_sub/lib/pub_sub/custom_publisher" to ""
-- Up-to-date: /home/kol/Documents/Robots/learning/pub_sub_cpp/install/pub_sub/share/ament_index/resource_index/package_run_dependencies/pub_sub
-- Up-to-date: /home/kol/Documents/Robots/learning/pub_sub_cpp/install/pub_sub/share/ament_index/resource_index/parent_prefix_path/pub_sub
-- Up-to-date: /home/kol/Documents/Robots/learning/pub_sub_cpp/install/pub_sub/share/pub_sub/environment/ament_prefix_path.sh
-- Up-to-date: /home/kol/Documents/Robots/learning/pub_sub_cpp/install/pub_sub/share/pub_sub/environment/ament_prefix_path.dsv
-- Up-to-date: /home/kol/Documents/Robots/learning/pub_sub_cpp/install/pub_sub/share/pub_sub/environment/path.sh
-- Up-to-date: /home/kol/Documents/Robots/learning/pub_sub_cpp/install/pub_sub/share/pub_sub/environment/path.dsv
-- Up-to-date: /home/kol/Documents/Robots/learning/pub_sub_cpp/install/pub_sub/share/pub_sub/local_setup.bash
-- Up-to-date: /home/kol/Documents/Robots/learning/pub_sub_cpp/install/pub_sub/share/pub_sub/local_setup.sh
-- Up-to-date: /home/kol/Documents/Robots/learning/pub_sub_cpp/install/pub_sub/share/pub_sub/local_setup.zsh
-- Up-to-date: /home/kol/Documents/Robots/learning/pub_sub_cpp/install/pub_sub/share/pub_sub/local_setup.dsv
-- Installing: /home/kol/Documents/Robots/learning/pub_sub_cpp/install/pub_sub/share/pub_sub/package.dsv
-- Up-to-date: /home/kol/Documents/Robots/learning/pub_sub_cpp/install/pub_sub/share/ament_index/resource_index/packages/pub_sub
-- Up-to-date: /home/kol/Documents/Robots/learning/pub_sub_cpp/install/pub_sub/share/pub_sub/cmake/pub_subConfig.cmake
-- Up-to-date: /home/kol/Documents/Robots/learning/pub_sub_cpp/install/pub_sub/share/pub_sub/cmake/pub_subConfig-version.cmake
-- Up-to-date: /home/kol/Documents/Robots/learning/pub_sub_cpp/install/pub_sub/share/pub_sub/package.xml
