[0.010s] Invoking command in '/home/kol/Documents/Robots/learning/joystick/build/turtle_bringup': AMENT_PREFIX_PATH=/home/kol/Documents/Robots/learning/joystick/install/turtle_joystic:/home/kol/Documents/Robots/learning/joystick/install/turtle_bringup:/opt/ros/humble CMAKE_PREFIX_PATH=${CMAKE_PREFIX_PATH}:/home/kol/Documents/Robots/learning/joystick/install/turtle_joystic:/opt/ros/humble /usr/bin/cmake --build /home/kol/Documents/Robots/learning/joystick/build/turtle_bringup -- -j4 -l4
[0.044s] Invoked command in '/home/kol/Documents/Robots/learning/joystick/build/turtle_bringup' returned '0': AMENT_PREFIX_PATH=/home/kol/Documents/Robots/learning/joystick/install/turtle_joystic:/home/kol/Documents/Robots/learning/joystick/install/turtle_bringup:/opt/ros/humble CMAKE_PREFIX_PATH=${CMAKE_PREFIX_PATH}:/home/kol/Documents/Robots/learning/joystick/install/turtle_joystic:/opt/ros/humble /usr/bin/cmake --build /home/kol/Documents/Robots/learning/joystick/build/turtle_bringup -- -j4 -l4
[0.072s] Invoking command in '/home/kol/Documents/Robots/learning/joystick/build/turtle_bringup': AMENT_PREFIX_PATH=/home/kol/Documents/Robots/learning/joystick/install/turtle_joystic:/home/kol/Documents/Robots/learning/joystick/install/turtle_bringup:/opt/ros/humble CMAKE_PREFIX_PATH=${CMAKE_PREFIX_PATH}:/home/kol/Documents/Robots/learning/joystick/install/turtle_joystic:/opt/ros/humble /usr/bin/cmake --install /home/kol/Documents/Robots/learning/joystick/build/turtle_bringup
[0.079s] -- Install configuration: ""
[0.079s] -- Execute custom install script
[0.080s] -- Up-to-date symlink: /home/kol/Documents/Robots/learning/joystick/install/turtle_bringup/share/turtle_bringup/launch/demo.launch.py
[0.080s] -- Up-to-date symlink: /home/kol/Documents/Robots/learning/joystick/install/turtle_bringup/share/ament_index/resource_index/package_run_dependencies/turtle_bringup
[0.080s] -- Up-to-date symlink: /home/kol/Documents/Robots/learning/joystick/install/turtle_bringup/share/ament_index/resource_index/parent_prefix_path/turtle_bringup
[0.081s] -- Up-to-date symlink: /home/kol/Documents/Robots/learning/joystick/install/turtle_bringup/share/turtle_bringup/environment/ament_prefix_path.sh
[0.081s] -- Up-to-date symlink: /home/kol/Documents/Robots/learning/joystick/install/turtle_bringup/share/turtle_bringup/environment/ament_prefix_path.dsv
[0.081s] -- Up-to-date symlink: /home/kol/Documents/Robots/learning/joystick/install/turtle_bringup/share/turtle_bringup/environment/path.sh
[0.081s] -- Up-to-date symlink: /home/kol/Documents/Robots/learning/joystick/install/turtle_bringup/share/turtle_bringup/environment/path.dsv
[0.082s] -- Up-to-date symlink: /home/kol/Documents/Robots/learning/joystick/install/turtle_bringup/share/turtle_bringup/local_setup.bash
[0.082s] -- Up-to-date symlink: /home/kol/Documents/Robots/learning/joystick/install/turtle_bringup/share/turtle_bringup/local_setup.sh
[0.082s] -- Up-to-date symlink: /home/kol/Documents/Robots/learning/joystick/install/turtle_bringup/share/turtle_bringup/local_setup.zsh
[0.082s] -- Up-to-date symlink: /home/kol/Documents/Robots/learning/joystick/install/turtle_bringup/share/turtle_bringup/local_setup.dsv
[0.083s] -- Symlinking: /home/kol/Documents/Robots/learning/joystick/install/turtle_bringup/share/turtle_bringup/package.dsv
[0.091s] -- Up-to-date symlink: /home/kol/Documents/Robots/learning/joystick/install/turtle_bringup/share/ament_index/resource_index/packages/turtle_bringup
[0.091s] -- Up-to-date symlink: /home/kol/Documents/Robots/learning/joystick/install/turtle_bringup/share/turtle_bringup/cmake/turtle_bringupConfig.cmake
[0.091s] -- Up-to-date symlink: /home/kol/Documents/Robots/learning/joystick/install/turtle_bringup/share/turtle_bringup/cmake/turtle_bringupConfig-version.cmake
[0.091s] -- Up-to-date symlink: /home/kol/Documents/Robots/learning/joystick/install/turtle_bringup/share/turtle_bringup/package.xml
[0.094s] Invoked command in '/home/kol/Documents/Robots/learning/joystick/build/turtle_bringup' returned '0': AMENT_PREFIX_PATH=/home/kol/Documents/Robots/learning/joystick/install/turtle_joystic:/home/kol/Documents/Robots/learning/joystick/install/turtle_bringup:/opt/ros/humble CMAKE_PREFIX_PATH=${CMAKE_PREFIX_PATH}:/home/kol/Documents/Robots/learning/joystick/install/turtle_joystic:/opt/ros/humble /usr/bin/cmake --install /home/kol/Documents/Robots/learning/joystick/build/turtle_bringup
