[0.776s] Invoking command in '/home/kol/Documents/Robots/learning/py_pub_sub_2/build/pub_sub': PYTHONPATH=/home/kol/Documents/Robots/learning/py_pub_sub_2/build/pub_sub/prefix_override:/usr/lib/python3/dist-packages/colcon_core/task/python/colcon_distutils_commands:/home/kol/Documents/Robots/learning/py_pub_sub_2/install/pub_sub/lib/python3.10/site-packages:${PYTHONPATH} /usr/bin/python3 -W ignore:setup.py install is deprecated setup.py develop --editable --build-directory /home/kol/Documents/Robots/learning/py_pub_sub_2/build/pub_sub/build --no-deps symlink_data
[1.068s] running develop
[1.256s] running egg_info
[1.256s] creating pub_sub.egg-info
[1.256s] writing pub_sub.egg-info/PKG-INFO
[1.256s] writing dependency_links to pub_sub.egg-info/dependency_links.txt
[1.256s] writing entry points to pub_sub.egg-info/entry_points.txt
[1.256s] writing requirements to pub_sub.egg-info/requires.txt
[1.256s] writing top-level names to pub_sub.egg-info/top_level.txt
[1.257s] writing manifest file 'pub_sub.egg-info/SOURCES.txt'
[1.259s] reading manifest file 'pub_sub.egg-info/SOURCES.txt'
[1.259s] writing manifest file 'pub_sub.egg-info/SOURCES.txt'
[1.261s] running build_ext
[1.261s] Creating /home/kol/Documents/Robots/learning/py_pub_sub_2/install/pub_sub/lib/python3.10/site-packages/pub-sub.egg-link (link to .)
[1.262s] Installing custom_pub script to /home/kol/Documents/Robots/learning/py_pub_sub_2/install/pub_sub/lib/pub_sub
[1.262s] 
[1.262s] Installed /home/kol/Documents/Robots/learning/py_pub_sub_2/build/pub_sub
[1.263s] running symlink_data
[1.263s] creating /home/kol/Documents/Robots/learning/py_pub_sub_2/install/pub_sub/share/ament_index
[1.263s] creating /home/kol/Documents/Robots/learning/py_pub_sub_2/install/pub_sub/share/ament_index/resource_index
[1.263s] creating /home/kol/Documents/Robots/learning/py_pub_sub_2/install/pub_sub/share/ament_index/resource_index/packages
[1.263s] symbolically linking /home/kol/Documents/Robots/learning/py_pub_sub_2/build/pub_sub/resource/pub_sub -> /home/kol/Documents/Robots/learning/py_pub_sub_2/install/pub_sub/share/ament_index/resource_index/packages
[1.263s] symbolically linking /home/kol/Documents/Robots/learning/py_pub_sub_2/build/pub_sub/package.xml -> /home/kol/Documents/Robots/learning/py_pub_sub_2/install/pub_sub/share/pub_sub
[1.294s] Invoked command in '/home/kol/Documents/Robots/learning/py_pub_sub_2/build/pub_sub' returned '0': PYTHONPATH=/home/kol/Documents/Robots/learning/py_pub_sub_2/build/pub_sub/prefix_override:/usr/lib/python3/dist-packages/colcon_core/task/python/colcon_distutils_commands:/home/kol/Documents/Robots/learning/py_pub_sub_2/install/pub_sub/lib/python3.10/site-packages:${PYTHONPATH} /usr/bin/python3 -W ignore:setup.py install is deprecated setup.py develop --editable --build-directory /home/kol/Documents/Robots/learning/py_pub_sub_2/build/pub_sub/build --no-deps symlink_data
