[1.298s] DEBUG:colcon:Command line arguments: ['/usr/bin/colcon', 'list', '-p', '--base-paths', '/home/kol/Documents/Robotics/ros_ws/four_wheel_cad_bot']
[1.299s] DEBUG:colcon:Parsed command line arguments: Namespace(log_base=None, log_level=None, verb_name='list', build_base='build', ignore_user_meta=False, metas=['./colcon.meta'], base_paths=['/home/kol/Documents/Robotics/ros_ws/four_wheel_cad_bot'], packages_ignore=None, packages_ignore_regex=None, paths=None, packages_up_to=None, packages_up_to_regex=None, packages_above=None, packages_above_and_dependencies=None, packages_above_depth=None, packages_select_by_dep=None, packages_skip_by_dep=None, packages_skip_up_to=None, packages_select_build_failed=False, packages_skip_build_finished=False, packages_select_test_failures=False, packages_skip_test_passed=False, packages_select=None, packages_skip=None, packages_select_regex=None, packages_skip_regex=None, packages_start=None, packages_end=None, allow_overriding=[], topological_order=False, names_only=False, paths_only=True, topological_graph=False, topological_graph_dot=False, topological_graph_density=False, topological_graph_legend=False, topological_graph_dot_cluster=False, topological_graph_dot_include_skipped=False, verb_parser=<colcon_defaults.argument_parser.defaults.DefaultArgumentsDecorator object at 0x736adb13cbe0>, verb_extension=<colcon_package_information.verb.list.ListVerb object at 0x736adb2b21a0>, main=<bound method ListVerb.main of <colcon_package_information.verb.list.ListVerb object at 0x736adb2b21a0>>)
[2.921s] Level 1:colcon.colcon_core.package_discovery:discover_packages(colcon_meta) check parameters
[2.922s] Level 1:colcon.colcon_core.package_discovery:discover_packages(recursive) check parameters
[2.922s] Level 1:colcon.colcon_core.package_discovery:discover_packages(ignore) check parameters
[2.922s] Level 1:colcon.colcon_core.package_discovery:discover_packages(path) check parameters
[2.922s] Level 1:colcon.colcon_core.package_discovery:discover_packages(recursive) discover
[2.923s] INFO:colcon.colcon_core.package_discovery:Crawling recursively for packages in '/home/kol/Documents/Robotics/ros_ws/four_wheel_cad_bot'
[2.923s] Level 1:colcon.colcon_core.package_identification:_identify(/home/kol/Documents/Robotics/ros_ws/four_wheel_cad_bot) by extensions ['ignore', 'ignore_ament_install']
[2.924s] Level 1:colcon.colcon_core.package_identification:_identify(/home/kol/Documents/Robotics/ros_ws/four_wheel_cad_bot) by extension 'ignore'
[2.924s] Level 1:colcon.colcon_core.package_identification:_identify(/home/kol/Documents/Robotics/ros_ws/four_wheel_cad_bot) by extension 'ignore_ament_install'
[2.925s] Level 1:colcon.colcon_core.package_identification:_identify(/home/kol/Documents/Robotics/ros_ws/four_wheel_cad_bot) by extensions ['colcon_pkg']
[2.925s] Level 1:colcon.colcon_core.package_identification:_identify(/home/kol/Documents/Robotics/ros_ws/four_wheel_cad_bot) by extension 'colcon_pkg'
[2.925s] Level 1:colcon.colcon_core.package_identification:_identify(/home/kol/Documents/Robotics/ros_ws/four_wheel_cad_bot) by extensions ['colcon_meta']
[2.926s] Level 1:colcon.colcon_core.package_identification:_identify(/home/kol/Documents/Robotics/ros_ws/four_wheel_cad_bot) by extension 'colcon_meta'
[2.926s] Level 1:colcon.colcon_core.package_identification:_identify(/home/kol/Documents/Robotics/ros_ws/four_wheel_cad_bot) by extensions ['ros']
[2.927s] Level 1:colcon.colcon_core.package_identification:_identify(/home/kol/Documents/Robotics/ros_ws/four_wheel_cad_bot) by extension 'ros'
[3.017s] Level 1:colcon.colcon_core.package_identification:_identify(/home/kol/Documents/Robotics/ros_ws/four_wheel_cad_bot) by extensions ['cmake', 'python']
[3.017s] Level 1:colcon.colcon_core.package_identification:_identify(/home/kol/Documents/Robotics/ros_ws/four_wheel_cad_bot) by extension 'cmake'
[3.017s] Level 1:colcon.colcon_core.package_identification:_identify(/home/kol/Documents/Robotics/ros_ws/four_wheel_cad_bot) by extension 'python'
[3.018s] Level 1:colcon.colcon_core.package_identification:_identify(/home/kol/Documents/Robotics/ros_ws/four_wheel_cad_bot) by extensions ['python_setup_py']
[3.018s] Level 1:colcon.colcon_core.package_identification:_identify(/home/kol/Documents/Robotics/ros_ws/four_wheel_cad_bot) by extension 'python_setup_py'
[3.020s] Level 1:colcon.colcon_core.package_identification:_identify(/home/kol/Documents/Robotics/ros_ws/four_wheel_cad_bot/log) by extensions ['ignore', 'ignore_ament_install']
[3.020s] Level 1:colcon.colcon_core.package_identification:_identify(/home/kol/Documents/Robotics/ros_ws/four_wheel_cad_bot/log) by extension 'ignore'
[3.021s] Level 1:colcon.colcon_core.package_identification:_identify(/home/kol/Documents/Robotics/ros_ws/four_wheel_cad_bot/log) ignored
[3.022s] Level 1:colcon.colcon_core.package_identification:_identify(/home/kol/Documents/Robotics/ros_ws/four_wheel_cad_bot/src) by extensions ['ignore', 'ignore_ament_install']
[3.022s] Level 1:colcon.colcon_core.package_identification:_identify(/home/kol/Documents/Robotics/ros_ws/four_wheel_cad_bot/src) by extension 'ignore'
[3.023s] Level 1:colcon.colcon_core.package_identification:_identify(/home/kol/Documents/Robotics/ros_ws/four_wheel_cad_bot/src) by extension 'ignore_ament_install'
[3.023s] Level 1:colcon.colcon_core.package_identification:_identify(/home/kol/Documents/Robotics/ros_ws/four_wheel_cad_bot/src) by extensions ['colcon_pkg']
[3.024s] Level 1:colcon.colcon_core.package_identification:_identify(/home/kol/Documents/Robotics/ros_ws/four_wheel_cad_bot/src) by extension 'colcon_pkg'
[3.025s] Level 1:colcon.colcon_core.package_identification:_identify(/home/kol/Documents/Robotics/ros_ws/four_wheel_cad_bot/src) by extensions ['colcon_meta']
[3.025s] Level 1:colcon.colcon_core.package_identification:_identify(/home/kol/Documents/Robotics/ros_ws/four_wheel_cad_bot/src) by extension 'colcon_meta'
[3.026s] Level 1:colcon.colcon_core.package_identification:_identify(/home/kol/Documents/Robotics/ros_ws/four_wheel_cad_bot/src) by extensions ['ros']
[3.026s] Level 1:colcon.colcon_core.package_identification:_identify(/home/kol/Documents/Robotics/ros_ws/four_wheel_cad_bot/src) by extension 'ros'
[3.027s] Level 1:colcon.colcon_core.package_identification:_identify(/home/kol/Documents/Robotics/ros_ws/four_wheel_cad_bot/src) by extensions ['cmake', 'python']
[3.027s] Level 1:colcon.colcon_core.package_identification:_identify(/home/kol/Documents/Robotics/ros_ws/four_wheel_cad_bot/src) by extension 'cmake'
[3.027s] Level 1:colcon.colcon_core.package_identification:_identify(/home/kol/Documents/Robotics/ros_ws/four_wheel_cad_bot/src) by extension 'python'
[3.028s] Level 1:colcon.colcon_core.package_identification:_identify(/home/kol/Documents/Robotics/ros_ws/four_wheel_cad_bot/src) by extensions ['python_setup_py']
[3.028s] Level 1:colcon.colcon_core.package_identification:_identify(/home/kol/Documents/Robotics/ros_ws/four_wheel_cad_bot/src) by extension 'python_setup_py'
[3.029s] Level 1:colcon.colcon_core.package_identification:_identify(/home/kol/Documents/Robotics/ros_ws/four_wheel_cad_bot/src/four_wheel_bot_description) by extensions ['ignore', 'ignore_ament_install']
[3.029s] Level 1:colcon.colcon_core.package_identification:_identify(/home/kol/Documents/Robotics/ros_ws/four_wheel_cad_bot/src/four_wheel_bot_description) by extension 'ignore'
[3.030s] Level 1:colcon.colcon_core.package_identification:_identify(/home/kol/Documents/Robotics/ros_ws/four_wheel_cad_bot/src/four_wheel_bot_description) by extension 'ignore_ament_install'
[3.030s] Level 1:colcon.colcon_core.package_identification:_identify(/home/kol/Documents/Robotics/ros_ws/four_wheel_cad_bot/src/four_wheel_bot_description) by extensions ['colcon_pkg']
[3.030s] Level 1:colcon.colcon_core.package_identification:_identify(/home/kol/Documents/Robotics/ros_ws/four_wheel_cad_bot/src/four_wheel_bot_description) by extension 'colcon_pkg'
[3.031s] Level 1:colcon.colcon_core.package_identification:_identify(/home/kol/Documents/Robotics/ros_ws/four_wheel_cad_bot/src/four_wheel_bot_description) by extensions ['colcon_meta']
[3.031s] Level 1:colcon.colcon_core.package_identification:_identify(/home/kol/Documents/Robotics/ros_ws/four_wheel_cad_bot/src/four_wheel_bot_description) by extension 'colcon_meta'
[3.031s] Level 1:colcon.colcon_core.package_identification:_identify(/home/kol/Documents/Robotics/ros_ws/four_wheel_cad_bot/src/four_wheel_bot_description) by extensions ['ros']
[3.032s] Level 1:colcon.colcon_core.package_identification:_identify(/home/kol/Documents/Robotics/ros_ws/four_wheel_cad_bot/src/four_wheel_bot_description) by extension 'ros'
[3.060s] DEBUG:colcon.colcon_core.package_identification:Package '/home/kol/Documents/Robotics/ros_ws/four_wheel_cad_bot/src/four_wheel_bot_description' with type 'ros.ament_python' and name 'four_wheel_bot_description'
[3.060s] Level 1:colcon.colcon_core.package_discovery:discover_packages(recursive) using defaults
