[0.879s] DEBUG:colcon:Command line arguments: ['/usr/bin/colcon', 'list', '-p', '--base-paths', '/home/kol/Documents/Robotics/ros_ws/FiveDoFRobot']
[0.879s] DEBUG:colcon:Parsed command line arguments: Namespace(log_base=None, log_level=None, verb_name='list', build_base='build', ignore_user_meta=False, metas=['./colcon.meta'], base_paths=['/home/kol/Documents/Robotics/ros_ws/FiveDoFRobot'], packages_ignore=None, packages_ignore_regex=None, paths=None, packages_up_to=None, packages_up_to_regex=None, packages_above=None, packages_above_and_dependencies=None, packages_above_depth=None, packages_select_by_dep=None, packages_skip_by_dep=None, packages_skip_up_to=None, packages_select_build_failed=False, packages_skip_build_finished=False, packages_select_test_failures=False, packages_skip_test_passed=False, packages_select=None, packages_skip=None, packages_select_regex=None, packages_skip_regex=None, packages_start=None, packages_end=None, allow_overriding=[], topological_order=False, names_only=False, paths_only=True, topological_graph=False, topological_graph_dot=False, topological_graph_density=False, topological_graph_legend=False, topological_graph_dot_cluster=False, topological_graph_dot_include_skipped=False, mixin_files=None, mixin=None, verb_parser=<colcon_mixin.mixin.mixin_argument.MixinArgumentDecorator object at 0x7e8975137cd0>, verb_extension=<colcon_package_information.verb.list.ListVerb object at 0x7e89752e8af0>, main=<bound method ListVerb.main of <colcon_package_information.verb.list.ListVerb object at 0x7e89752e8af0>>, mixin_verb=('list',))
[2.675s] Level 1:colcon.colcon_core.package_discovery:discover_packages(colcon_meta) check parameters
[2.675s] Level 1:colcon.colcon_core.package_discovery:discover_packages(recursive) check parameters
[2.675s] Level 1:colcon.colcon_core.package_discovery:discover_packages(ignore) check parameters
[2.676s] Level 1:colcon.colcon_core.package_discovery:discover_packages(path) check parameters
[2.676s] Level 1:colcon.colcon_core.package_discovery:discover_packages(recursive) discover
[2.676s] INFO:colcon.colcon_core.package_discovery:Crawling recursively for packages in '/home/kol/Documents/Robotics/ros_ws/FiveDoFRobot'
[2.677s] Level 1:colcon.colcon_core.package_identification:_identify(/home/kol/Documents/Robotics/ros_ws/FiveDoFRobot) by extensions ['ignore', 'ignore_ament_install']
[2.678s] Level 1:colcon.colcon_core.package_identification:_identify(/home/kol/Documents/Robotics/ros_ws/FiveDoFRobot) by extension 'ignore'
[2.678s] Level 1:colcon.colcon_core.package_identification:_identify(/home/kol/Documents/Robotics/ros_ws/FiveDoFRobot) by extension 'ignore_ament_install'
[2.678s] Level 1:colcon.colcon_core.package_identification:_identify(/home/kol/Documents/Robotics/ros_ws/FiveDoFRobot) by extensions ['colcon_pkg']
[2.679s] Level 1:colcon.colcon_core.package_identification:_identify(/home/kol/Documents/Robotics/ros_ws/FiveDoFRobot) by extension 'colcon_pkg'
[2.679s] Level 1:colcon.colcon_core.package_identification:_identify(/home/kol/Documents/Robotics/ros_ws/FiveDoFRobot) by extensions ['colcon_meta']
[2.679s] Level 1:colcon.colcon_core.package_identification:_identify(/home/kol/Documents/Robotics/ros_ws/FiveDoFRobot) by extension 'colcon_meta'
[2.680s] Level 1:colcon.colcon_core.package_identification:_identify(/home/kol/Documents/Robotics/ros_ws/FiveDoFRobot) by extensions ['ros']
[2.680s] Level 1:colcon.colcon_core.package_identification:_identify(/home/kol/Documents/Robotics/ros_ws/FiveDoFRobot) by extension 'ros'
[2.770s] Level 1:colcon.colcon_core.package_identification:_identify(/home/kol/Documents/Robotics/ros_ws/FiveDoFRobot) by extensions ['cmake', 'python']
[2.770s] Level 1:colcon.colcon_core.package_identification:_identify(/home/kol/Documents/Robotics/ros_ws/FiveDoFRobot) by extension 'cmake'
[2.771s] Level 1:colcon.colcon_core.package_identification:_identify(/home/kol/Documents/Robotics/ros_ws/FiveDoFRobot) by extension 'python'
[2.771s] Level 1:colcon.colcon_core.package_identification:_identify(/home/kol/Documents/Robotics/ros_ws/FiveDoFRobot) by extensions ['python_setup_py']
[2.771s] Level 1:colcon.colcon_core.package_identification:_identify(/home/kol/Documents/Robotics/ros_ws/FiveDoFRobot) by extension 'python_setup_py'
[2.772s] Level 1:colcon.colcon_core.package_identification:_identify(/home/kol/Documents/Robotics/ros_ws/FiveDoFRobot/log) by extensions ['ignore', 'ignore_ament_install']
[2.773s] Level 1:colcon.colcon_core.package_identification:_identify(/home/kol/Documents/Robotics/ros_ws/FiveDoFRobot/log) by extension 'ignore'
[2.773s] Level 1:colcon.colcon_core.package_identification:_identify(/home/kol/Documents/Robotics/ros_ws/FiveDoFRobot/log) ignored
[2.774s] Level 1:colcon.colcon_core.package_identification:_identify(/home/kol/Documents/Robotics/ros_ws/FiveDoFRobot/src) by extensions ['ignore', 'ignore_ament_install']
[2.775s] Level 1:colcon.colcon_core.package_identification:_identify(/home/kol/Documents/Robotics/ros_ws/FiveDoFRobot/src) by extension 'ignore'
[2.775s] Level 1:colcon.colcon_core.package_identification:_identify(/home/kol/Documents/Robotics/ros_ws/FiveDoFRobot/src) by extension 'ignore_ament_install'
[2.775s] Level 1:colcon.colcon_core.package_identification:_identify(/home/kol/Documents/Robotics/ros_ws/FiveDoFRobot/src) by extensions ['colcon_pkg']
[2.776s] Level 1:colcon.colcon_core.package_identification:_identify(/home/kol/Documents/Robotics/ros_ws/FiveDoFRobot/src) by extension 'colcon_pkg'
[2.776s] Level 1:colcon.colcon_core.package_identification:_identify(/home/kol/Documents/Robotics/ros_ws/FiveDoFRobot/src) by extensions ['colcon_meta']
[2.776s] Level 1:colcon.colcon_core.package_identification:_identify(/home/kol/Documents/Robotics/ros_ws/FiveDoFRobot/src) by extension 'colcon_meta'
[2.777s] Level 1:colcon.colcon_core.package_identification:_identify(/home/kol/Documents/Robotics/ros_ws/FiveDoFRobot/src) by extensions ['ros']
[2.777s] Level 1:colcon.colcon_core.package_identification:_identify(/home/kol/Documents/Robotics/ros_ws/FiveDoFRobot/src) by extension 'ros'
[2.778s] Level 1:colcon.colcon_core.package_identification:_identify(/home/kol/Documents/Robotics/ros_ws/FiveDoFRobot/src) by extensions ['cmake', 'python']
[2.778s] Level 1:colcon.colcon_core.package_identification:_identify(/home/kol/Documents/Robotics/ros_ws/FiveDoFRobot/src) by extension 'cmake'
[2.778s] Level 1:colcon.colcon_core.package_identification:_identify(/home/kol/Documents/Robotics/ros_ws/FiveDoFRobot/src) by extension 'python'
[2.779s] Level 1:colcon.colcon_core.package_identification:_identify(/home/kol/Documents/Robotics/ros_ws/FiveDoFRobot/src) by extensions ['python_setup_py']
[2.779s] Level 1:colcon.colcon_core.package_identification:_identify(/home/kol/Documents/Robotics/ros_ws/FiveDoFRobot/src) by extension 'python_setup_py'
[2.780s] Level 1:colcon.colcon_core.package_identification:_identify(/home/kol/Documents/Robotics/ros_ws/FiveDoFRobot/src/FiveDoFBot_description) by extensions ['ignore', 'ignore_ament_install']
[2.781s] Level 1:colcon.colcon_core.package_identification:_identify(/home/kol/Documents/Robotics/ros_ws/FiveDoFRobot/src/FiveDoFBot_description) by extension 'ignore'
[2.781s] Level 1:colcon.colcon_core.package_identification:_identify(/home/kol/Documents/Robotics/ros_ws/FiveDoFRobot/src/FiveDoFBot_description) by extension 'ignore_ament_install'
[2.782s] Level 1:colcon.colcon_core.package_identification:_identify(/home/kol/Documents/Robotics/ros_ws/FiveDoFRobot/src/FiveDoFBot_description) by extensions ['colcon_pkg']
[2.782s] Level 1:colcon.colcon_core.package_identification:_identify(/home/kol/Documents/Robotics/ros_ws/FiveDoFRobot/src/FiveDoFBot_description) by extension 'colcon_pkg'
[2.782s] Level 1:colcon.colcon_core.package_identification:_identify(/home/kol/Documents/Robotics/ros_ws/FiveDoFRobot/src/FiveDoFBot_description) by extensions ['colcon_meta']
[2.783s] Level 1:colcon.colcon_core.package_identification:_identify(/home/kol/Documents/Robotics/ros_ws/FiveDoFRobot/src/FiveDoFBot_description) by extension 'colcon_meta'
[2.783s] Level 1:colcon.colcon_core.package_identification:_identify(/home/kol/Documents/Robotics/ros_ws/FiveDoFRobot/src/FiveDoFBot_description) by extensions ['ros']
[2.784s] Level 1:colcon.colcon_core.package_identification:_identify(/home/kol/Documents/Robotics/ros_ws/FiveDoFRobot/src/FiveDoFBot_description) by extension 'ros'
[2.807s] DEBUG:colcon.colcon_core.package_identification:Package '/home/kol/Documents/Robotics/ros_ws/FiveDoFRobot/src/FiveDoFBot_description' with type 'ros.ament_python' and name 'FiveDoFBot_description'
[2.808s] Level 1:colcon.colcon_core.package_discovery:discover_packages(recursive) using defaults
