[0.533s] DEBUG:colcon:Command line arguments: ['/usr/bin/colcon', 'build', '--symlink-install']
[0.533s] DEBUG:colcon:Parsed command line arguments: Namespace(log_base=None, log_level=None, verb_name='build', build_base='build', install_base='install', merge_install=False, symlink_install=True, test_result_base=None, continue_on_error=False, executor='parallel', parallel_workers=4, event_handlers=None, ignore_user_meta=False, metas=['./colcon.meta'], base_paths=['.'], packages_ignore=None, packages_ignore_regex=None, paths=None, packages_up_to=None, packages_up_to_regex=None, packages_above=None, packages_above_and_dependencies=None, packages_above_depth=None, packages_select_by_dep=None, packages_skip_by_dep=None, packages_skip_up_to=None, packages_select_build_failed=False, packages_skip_build_finished=False, packages_select_test_failures=False, packages_skip_test_passed=False, packages_select=None, packages_skip=None, packages_select_regex=None, packages_skip_regex=None, packages_start=None, packages_end=None, allow_overriding=[], cmake_args=None, cmake_target=None, cmake_target_skip_unavailable=False, cmake_clean_cache=False, cmake_clean_first=False, cmake_force_configure=False, ament_cmake_args=None, catkin_cmake_args=None, catkin_skip_building_tests=False, mixin_files=None, mixin=None, verb_parser=<colcon_mixin.mixin.mixin_argument.MixinArgumentDecorator object at 0x78ef252a3dc0>, verb_extension=<colcon_core.verb.build.BuildVerb object at 0x78ef25451750>, main=<bound method BuildVerb.main of <colcon_core.verb.build.BuildVerb object at 0x78ef25451750>>, mixin_verb=('build',))
[1.382s] Level 1:colcon.colcon_core.package_discovery:discover_packages(colcon_meta) check parameters
[1.382s] Level 1:colcon.colcon_core.package_discovery:discover_packages(recursive) check parameters
[1.382s] Level 1:colcon.colcon_core.package_discovery:discover_packages(ignore) check parameters
[1.382s] Level 1:colcon.colcon_core.package_discovery:discover_packages(path) check parameters
[1.382s] Level 1:colcon.colcon_core.package_discovery:discover_packages(colcon_meta) discover
[1.382s] Level 1:colcon.colcon_core.package_discovery:discover_packages(recursive) discover
[1.382s] INFO:colcon.colcon_core.package_discovery:Crawling recursively for packages in '/home/kol/Documents/Robots/ros_ws/six_dof_robot_ws'
[1.383s] Level 1:colcon.colcon_core.package_identification:_identify(.) by extensions ['ignore', 'ignore_ament_install']
[1.383s] Level 1:colcon.colcon_core.package_identification:_identify(.) by extension 'ignore'
[1.383s] Level 1:colcon.colcon_core.package_identification:_identify(.) by extension 'ignore_ament_install'
[1.383s] Level 1:colcon.colcon_core.package_identification:_identify(.) by extensions ['colcon_pkg']
[1.384s] Level 1:colcon.colcon_core.package_identification:_identify(.) by extension 'colcon_pkg'
[1.384s] Level 1:colcon.colcon_core.package_identification:_identify(.) by extensions ['colcon_meta']
[1.384s] Level 1:colcon.colcon_core.package_identification:_identify(.) by extension 'colcon_meta'
[1.384s] Level 1:colcon.colcon_core.package_identification:_identify(.) by extensions ['ros']
[1.384s] Level 1:colcon.colcon_core.package_identification:_identify(.) by extension 'ros'
[1.426s] Level 1:colcon.colcon_core.package_identification:_identify(.) by extensions ['cmake', 'python']
[1.426s] Level 1:colcon.colcon_core.package_identification:_identify(.) by extension 'cmake'
[1.426s] Level 1:colcon.colcon_core.package_identification:_identify(.) by extension 'python'
[1.426s] Level 1:colcon.colcon_core.package_identification:_identify(.) by extensions ['python_setup_py']
[1.426s] Level 1:colcon.colcon_core.package_identification:_identify(.) by extension 'python_setup_py'
[1.427s] Level 1:colcon.colcon_core.package_identification:_identify(build) by extensions ['ignore', 'ignore_ament_install']
[1.427s] Level 1:colcon.colcon_core.package_identification:_identify(build) by extension 'ignore'
[1.427s] Level 1:colcon.colcon_core.package_identification:_identify(build) ignored
[1.427s] Level 1:colcon.colcon_core.package_identification:_identify(install) by extensions ['ignore', 'ignore_ament_install']
[1.428s] Level 1:colcon.colcon_core.package_identification:_identify(install) by extension 'ignore'
[1.428s] Level 1:colcon.colcon_core.package_identification:_identify(install) ignored
[1.428s] Level 1:colcon.colcon_core.package_identification:_identify(log) by extensions ['ignore', 'ignore_ament_install']
[1.428s] Level 1:colcon.colcon_core.package_identification:_identify(log) by extension 'ignore'
[1.429s] Level 1:colcon.colcon_core.package_identification:_identify(log) ignored
[1.429s] Level 1:colcon.colcon_core.package_identification:_identify(src) by extensions ['ignore', 'ignore_ament_install']
[1.429s] Level 1:colcon.colcon_core.package_identification:_identify(src) by extension 'ignore'
[1.429s] Level 1:colcon.colcon_core.package_identification:_identify(src) by extension 'ignore_ament_install'
[1.429s] Level 1:colcon.colcon_core.package_identification:_identify(src) by extensions ['colcon_pkg']
[1.429s] Level 1:colcon.colcon_core.package_identification:_identify(src) by extension 'colcon_pkg'
[1.430s] Level 1:colcon.colcon_core.package_identification:_identify(src) by extensions ['colcon_meta']
[1.430s] Level 1:colcon.colcon_core.package_identification:_identify(src) by extension 'colcon_meta'
[1.430s] Level 1:colcon.colcon_core.package_identification:_identify(src) by extensions ['ros']
[1.430s] Level 1:colcon.colcon_core.package_identification:_identify(src) by extension 'ros'
[1.430s] Level 1:colcon.colcon_core.package_identification:_identify(src) by extensions ['cmake', 'python']
[1.430s] Level 1:colcon.colcon_core.package_identification:_identify(src) by extension 'cmake'
[1.430s] Level 1:colcon.colcon_core.package_identification:_identify(src) by extension 'python'
[1.431s] Level 1:colcon.colcon_core.package_identification:_identify(src) by extensions ['python_setup_py']
[1.431s] Level 1:colcon.colcon_core.package_identification:_identify(src) by extension 'python_setup_py'
[1.431s] Level 1:colcon.colcon_core.package_identification:_identify(src/welder_control) by extensions ['ignore', 'ignore_ament_install']
[1.431s] Level 1:colcon.colcon_core.package_identification:_identify(src/welder_control) by extension 'ignore'
[1.431s] Level 1:colcon.colcon_core.package_identification:_identify(src/welder_control) by extension 'ignore_ament_install'
[1.431s] Level 1:colcon.colcon_core.package_identification:_identify(src/welder_control) by extensions ['colcon_pkg']
[1.432s] Level 1:colcon.colcon_core.package_identification:_identify(src/welder_control) by extension 'colcon_pkg'
[1.432s] Level 1:colcon.colcon_core.package_identification:_identify(src/welder_control) by extensions ['colcon_meta']
[1.432s] Level 1:colcon.colcon_core.package_identification:_identify(src/welder_control) by extension 'colcon_meta'
[1.432s] Level 1:colcon.colcon_core.package_identification:_identify(src/welder_control) by extensions ['ros']
[1.432s] Level 1:colcon.colcon_core.package_identification:_identify(src/welder_control) by extension 'ros'
[1.445s] DEBUG:colcon.colcon_core.package_identification:Package 'src/welder_control' with type 'ros.ament_python' and name 'welder_control'
[1.446s] Level 1:colcon.colcon_core.package_identification:_identify(src/welder_description) by extensions ['ignore', 'ignore_ament_install']
[1.446s] Level 1:colcon.colcon_core.package_identification:_identify(src/welder_description) by extension 'ignore'
[1.446s] Level 1:colcon.colcon_core.package_identification:_identify(src/welder_description) by extension 'ignore_ament_install'
[1.447s] Level 1:colcon.colcon_core.package_identification:_identify(src/welder_description) by extensions ['colcon_pkg']
[1.447s] Level 1:colcon.colcon_core.package_identification:_identify(src/welder_description) by extension 'colcon_pkg'
[1.447s] Level 1:colcon.colcon_core.package_identification:_identify(src/welder_description) by extensions ['colcon_meta']
[1.447s] Level 1:colcon.colcon_core.package_identification:_identify(src/welder_description) by extension 'colcon_meta'
[1.447s] Level 1:colcon.colcon_core.package_identification:_identify(src/welder_description) by extensions ['ros']
[1.448s] Level 1:colcon.colcon_core.package_identification:_identify(src/welder_description) by extension 'ros'
[1.452s] DEBUG:colcon.colcon_core.package_identification:Package 'src/welder_description' with type 'ros.ament_python' and name 'welder_description'
[1.453s] Level 1:colcon.colcon_core.package_identification:_identify(src/welder_moveit_config) by extensions ['ignore', 'ignore_ament_install']
[1.453s] Level 1:colcon.colcon_core.package_identification:_identify(src/welder_moveit_config) by extension 'ignore'
[1.453s] Level 1:colcon.colcon_core.package_identification:_identify(src/welder_moveit_config) by extension 'ignore_ament_install'
[1.453s] Level 1:colcon.colcon_core.package_identification:_identify(src/welder_moveit_config) by extensions ['colcon_pkg']
[1.454s] Level 1:colcon.colcon_core.package_identification:_identify(src/welder_moveit_config) by extension 'colcon_pkg'
[1.454s] Level 1:colcon.colcon_core.package_identification:_identify(src/welder_moveit_config) by extensions ['colcon_meta']
[1.454s] Level 1:colcon.colcon_core.package_identification:_identify(src/welder_moveit_config) by extension 'colcon_meta'
[1.454s] Level 1:colcon.colcon_core.package_identification:_identify(src/welder_moveit_config) by extensions ['ros']
[1.454s] Level 1:colcon.colcon_core.package_identification:_identify(src/welder_moveit_config) by extension 'ros'
[1.459s] DEBUG:colcon.colcon_core.package_identification:Package 'src/welder_moveit_config' with type 'ros.ament_cmake' and name 'welder_moveit_config'
[1.459s] Level 1:colcon.colcon_core.package_discovery:discover_packages(recursive) using defaults
[1.459s] Level 1:colcon.colcon_core.package_discovery:discover_packages(ignore) discover
[1.459s] Level 1:colcon.colcon_core.package_discovery:discover_packages(ignore) using defaults
[1.460s] Level 1:colcon.colcon_core.package_discovery:discover_packages(path) discover
[1.460s] Level 1:colcon.colcon_core.package_discovery:discover_packages(path) using defaults
[1.529s] Level 1:colcon.colcon_core.package_discovery:discover_packages(prefix_path) check parameters
[1.529s] Level 1:colcon.colcon_core.package_discovery:discover_packages(prefix_path) discover
[1.533s] WARNING:colcon.colcon_ros.prefix_path.ament:The path '/home/kol/Documents/Robots/ros_ws/FiveDoFRobot/install/FiveDoF_Moveit_config' in the environment variable AMENT_PREFIX_PATH doesn't exist
[1.534s] WARNING:colcon.colcon_ros.prefix_path.catkin:The path '/home/kol/Documents/Robots/ros_ws/FiveDoFRobot/install/FiveDoF_Moveit_config' in the environment variable CMAKE_PREFIX_PATH doesn't exist
[1.537s] DEBUG:colcon.colcon_installed_package_information.package_discovery:Found 3 installed packages in /home/kol/Documents/Robots/ros_ws/six_dof_robot_ws/install
[1.539s] DEBUG:colcon.colcon_installed_package_information.package_discovery:Found 3 installed packages in /home/kol/Documents/Robots/ros_ws/FiveDoFRobot/install
[1.549s] DEBUG:colcon.colcon_installed_package_information.package_discovery:Found 398 installed packages in /opt/ros/humble
[1.560s] Level 1:colcon.colcon_core.package_discovery:discover_packages(prefix_path) using defaults
[1.899s] Level 5:colcon.colcon_core.verb:set package 'welder_control' build argument 'cmake_args' from command line to 'None'
[1.899s] Level 5:colcon.colcon_core.verb:set package 'welder_control' build argument 'cmake_target' from command line to 'None'
[1.899s] Level 5:colcon.colcon_core.verb:set package 'welder_control' build argument 'cmake_target_skip_unavailable' from command line to 'False'
[1.899s] Level 5:colcon.colcon_core.verb:set package 'welder_control' build argument 'cmake_clean_cache' from command line to 'False'
[1.900s] Level 5:colcon.colcon_core.verb:set package 'welder_control' build argument 'cmake_clean_first' from command line to 'False'
[1.900s] Level 5:colcon.colcon_core.verb:set package 'welder_control' build argument 'cmake_force_configure' from command line to 'False'
[1.900s] Level 5:colcon.colcon_core.verb:set package 'welder_control' build argument 'ament_cmake_args' from command line to 'None'
[1.900s] Level 5:colcon.colcon_core.verb:set package 'welder_control' build argument 'catkin_cmake_args' from command line to 'None'
[1.900s] Level 5:colcon.colcon_core.verb:set package 'welder_control' build argument 'catkin_skip_building_tests' from command line to 'False'
[1.900s] DEBUG:colcon.colcon_core.verb:Building package 'welder_control' with the following arguments: {'ament_cmake_args': None, 'build_base': '/home/kol/Documents/Robots/ros_ws/six_dof_robot_ws/build/welder_control', 'catkin_cmake_args': None, 'catkin_skip_building_tests': False, 'cmake_args': None, 'cmake_clean_cache': False, 'cmake_clean_first': False, 'cmake_force_configure': False, 'cmake_target': None, 'cmake_target_skip_unavailable': False, 'install_base': '/home/kol/Documents/Robots/ros_ws/six_dof_robot_ws/install/welder_control', 'merge_install': False, 'path': '/home/kol/Documents/Robots/ros_ws/six_dof_robot_ws/src/welder_control', 'symlink_install': True, 'test_result_base': None}
[1.902s] Level 5:colcon.colcon_core.verb:set package 'welder_description' build argument 'cmake_args' from command line to 'None'
[1.902s] Level 5:colcon.colcon_core.verb:set package 'welder_description' build argument 'cmake_target' from command line to 'None'
[1.902s] Level 5:colcon.colcon_core.verb:set package 'welder_description' build argument 'cmake_target_skip_unavailable' from command line to 'False'
[1.903s] Level 5:colcon.colcon_core.verb:set package 'welder_description' build argument 'cmake_clean_cache' from command line to 'False'
[1.903s] Level 5:colcon.colcon_core.verb:set package 'welder_description' build argument 'cmake_clean_first' from command line to 'False'
[1.903s] Level 5:colcon.colcon_core.verb:set package 'welder_description' build argument 'cmake_force_configure' from command line to 'False'
[1.903s] Level 5:colcon.colcon_core.verb:set package 'welder_description' build argument 'ament_cmake_args' from command line to 'None'
[1.903s] Level 5:colcon.colcon_core.verb:set package 'welder_description' build argument 'catkin_cmake_args' from command line to 'None'
[1.903s] Level 5:colcon.colcon_core.verb:set package 'welder_description' build argument 'catkin_skip_building_tests' from command line to 'False'
[1.903s] DEBUG:colcon.colcon_core.verb:Building package 'welder_description' with the following arguments: {'ament_cmake_args': None, 'build_base': '/home/kol/Documents/Robots/ros_ws/six_dof_robot_ws/build/welder_description', 'catkin_cmake_args': None, 'catkin_skip_building_tests': False, 'cmake_args': None, 'cmake_clean_cache': False, 'cmake_clean_first': False, 'cmake_force_configure': False, 'cmake_target': None, 'cmake_target_skip_unavailable': False, 'install_base': '/home/kol/Documents/Robots/ros_ws/six_dof_robot_ws/install/welder_description', 'merge_install': False, 'path': '/home/kol/Documents/Robots/ros_ws/six_dof_robot_ws/src/welder_description', 'symlink_install': True, 'test_result_base': None}
[1.905s] Level 5:colcon.colcon_core.verb:set package 'welder_moveit_config' build argument 'cmake_args' from command line to 'None'
[1.906s] Level 5:colcon.colcon_core.verb:set package 'welder_moveit_config' build argument 'cmake_target' from command line to 'None'
[1.906s] Level 5:colcon.colcon_core.verb:set package 'welder_moveit_config' build argument 'cmake_target_skip_unavailable' from command line to 'False'
[1.906s] Level 5:colcon.colcon_core.verb:set package 'welder_moveit_config' build argument 'cmake_clean_cache' from command line to 'False'
[1.906s] Level 5:colcon.colcon_core.verb:set package 'welder_moveit_config' build argument 'cmake_clean_first' from command line to 'False'
[1.906s] Level 5:colcon.colcon_core.verb:set package 'welder_moveit_config' build argument 'cmake_force_configure' from command line to 'False'
[1.906s] Level 5:colcon.colcon_core.verb:set package 'welder_moveit_config' build argument 'ament_cmake_args' from command line to 'None'
[1.906s] Level 5:colcon.colcon_core.verb:set package 'welder_moveit_config' build argument 'catkin_cmake_args' from command line to 'None'
[1.907s] Level 5:colcon.colcon_core.verb:set package 'welder_moveit_config' build argument 'catkin_skip_building_tests' from command line to 'False'
[1.907s] DEBUG:colcon.colcon_core.verb:Building package 'welder_moveit_config' with the following arguments: {'ament_cmake_args': None, 'build_base': '/home/kol/Documents/Robots/ros_ws/six_dof_robot_ws/build/welder_moveit_config', 'catkin_cmake_args': None, 'catkin_skip_building_tests': False, 'cmake_args': None, 'cmake_clean_cache': False, 'cmake_clean_first': False, 'cmake_force_configure': False, 'cmake_target': None, 'cmake_target_skip_unavailable': False, 'install_base': '/home/kol/Documents/Robots/ros_ws/six_dof_robot_ws/install/welder_moveit_config', 'merge_install': False, 'path': '/home/kol/Documents/Robots/ros_ws/six_dof_robot_ws/src/welder_moveit_config', 'symlink_install': True, 'test_result_base': None}
[1.908s] INFO:colcon.colcon_core.executor:Executing jobs using 'parallel' executor
[1.914s] DEBUG:colcon.colcon_parallel_executor.executor.parallel:run_until_complete
[1.915s] INFO:colcon.colcon_ros.task.ament_python.build:Building ROS package in '/home/kol/Documents/Robots/ros_ws/six_dof_robot_ws/src/welder_description' with build type 'ament_python'
[1.915s] Level 1:colcon.colcon_core.shell:create_environment_hook('welder_description', 'ament_prefix_path')
[1.927s] INFO:colcon.colcon_core.plugin_system:Skipping extension 'colcon_core.shell.bat': Not used on non-Windows systems
[1.928s] INFO:colcon.colcon_core.shell:Creating environment hook '/home/kol/Documents/Robots/ros_ws/six_dof_robot_ws/install/welder_description/share/welder_description/hook/ament_prefix_path.ps1'
[1.934s] INFO:colcon.colcon_core.shell:Creating environment descriptor '/home/kol/Documents/Robots/ros_ws/six_dof_robot_ws/install/welder_description/share/welder_description/hook/ament_prefix_path.dsv'
[1.936s] INFO:colcon.colcon_core.shell:Creating environment hook '/home/kol/Documents/Robots/ros_ws/six_dof_robot_ws/install/welder_description/share/welder_description/hook/ament_prefix_path.sh'
[1.943s] INFO:colcon.colcon_core.shell:Skip shell extension 'powershell' for command environment: Not usable outside of PowerShell
[1.943s] DEBUG:colcon.colcon_core.shell:Skip shell extension 'dsv' for command environment
[1.980s] INFO:colcon.colcon_ros.task.ament_python.build:Building ROS package in '/home/kol/Documents/Robots/ros_ws/six_dof_robot_ws/src/welder_control' with build type 'ament_python'
[1.981s] Level 1:colcon.colcon_core.shell:create_environment_hook('welder_control', 'ament_prefix_path')
[1.982s] INFO:colcon.colcon_core.shell:Creating environment hook '/home/kol/Documents/Robots/ros_ws/six_dof_robot_ws/install/welder_control/share/welder_control/hook/ament_prefix_path.ps1'
[1.984s] INFO:colcon.colcon_core.shell:Creating environment descriptor '/home/kol/Documents/Robots/ros_ws/six_dof_robot_ws/install/welder_control/share/welder_control/hook/ament_prefix_path.dsv'
[1.986s] INFO:colcon.colcon_core.shell:Creating environment hook '/home/kol/Documents/Robots/ros_ws/six_dof_robot_ws/install/welder_control/share/welder_control/hook/ament_prefix_path.sh'
[1.990s] INFO:colcon.colcon_core.shell:Skip shell extension 'powershell' for command environment: Not usable outside of PowerShell
[1.990s] DEBUG:colcon.colcon_core.shell:Skip shell extension 'dsv' for command environment
[3.439s] INFO:colcon.colcon_core.task.python.build:Building Python package in '/home/kol/Documents/Robots/ros_ws/six_dof_robot_ws/src/welder_description'
[3.440s] INFO:colcon.colcon_core.shell:Skip shell extension 'powershell' for command environment: Not usable outside of PowerShell
[3.440s] DEBUG:colcon.colcon_core.shell:Skip shell extension 'dsv' for command environment
[5.076s] INFO:colcon.colcon_core.task.python.build:Building Python package in '/home/kol/Documents/Robots/ros_ws/six_dof_robot_ws/src/welder_control'
[5.078s] INFO:colcon.colcon_core.shell:Skip shell extension 'powershell' for command environment: Not usable outside of PowerShell
[5.079s] DEBUG:colcon.colcon_core.shell:Skip shell extension 'dsv' for command environment
[7.730s] DEBUG:colcon.colcon_core.event_handler.log_command:Invoking command in '/home/kol/Documents/Robots/ros_ws/six_dof_robot_ws/build/welder_description': PYTHONPATH=/home/kol/Documents/Robots/ros_ws/six_dof_robot_ws/build/welder_description/prefix_override:/usr/lib/python3/dist-packages/colcon_core/task/python/colcon_distutils_commands:/home/kol/Documents/Robots/ros_ws/six_dof_robot_ws/install/welder_description/lib/python3.10/site-packages:${PYTHONPATH} /usr/bin/python3 -W ignore:setup.py install is deprecated setup.py develop --editable --build-directory /home/kol/Documents/Robots/ros_ws/six_dof_robot_ws/build/welder_description/build --no-deps symlink_data
[8.053s] DEBUG:colcon.colcon_core.event_handler.log_command:Invoking command in '/home/kol/Documents/Robots/ros_ws/six_dof_robot_ws/build/welder_control': PYTHONPATH=/home/kol/Documents/Robots/ros_ws/six_dof_robot_ws/build/welder_control/prefix_override:/usr/lib/python3/dist-packages/colcon_core/task/python/colcon_distutils_commands:/home/kol/Documents/Robots/ros_ws/six_dof_robot_ws/install/welder_control/lib/python3.10/site-packages:${PYTHONPATH} /usr/bin/python3 -W ignore:setup.py install is deprecated setup.py develop --editable --build-directory /home/kol/Documents/Robots/ros_ws/six_dof_robot_ws/build/welder_control/build --no-deps symlink_data
[11.759s] Level 1:colcon.colcon_core.shell:create_environment_hook('welder_description', 'pythonpath_develop')
[11.761s] INFO:colcon.colcon_core.shell:Creating environment hook '/home/kol/Documents/Robots/ros_ws/six_dof_robot_ws/build/welder_description/share/welder_description/hook/pythonpath_develop.ps1'
[11.763s] DEBUG:colcon.colcon_core.event_handler.log_command:Invoked command in '/home/kol/Documents/Robots/ros_ws/six_dof_robot_ws/build/welder_description' returned '0': PYTHONPATH=/home/kol/Documents/Robots/ros_ws/six_dof_robot_ws/build/welder_description/prefix_override:/usr/lib/python3/dist-packages/colcon_core/task/python/colcon_distutils_commands:/home/kol/Documents/Robots/ros_ws/six_dof_robot_ws/install/welder_description/lib/python3.10/site-packages:${PYTHONPATH} /usr/bin/python3 -W ignore:setup.py install is deprecated setup.py develop --editable --build-directory /home/kol/Documents/Robots/ros_ws/six_dof_robot_ws/build/welder_description/build --no-deps symlink_data
[11.768s] INFO:colcon.colcon_core.shell:Creating environment descriptor '/home/kol/Documents/Robots/ros_ws/six_dof_robot_ws/build/welder_description/share/welder_description/hook/pythonpath_develop.dsv'
[11.771s] INFO:colcon.colcon_core.shell:Creating environment hook '/home/kol/Documents/Robots/ros_ws/six_dof_robot_ws/build/welder_description/share/welder_description/hook/pythonpath_develop.sh'
[11.791s] Level 1:colcon.colcon_core.environment:checking '/home/kol/Documents/Robots/ros_ws/six_dof_robot_ws/install/welder_description' for CMake module files
[11.794s] Level 1:colcon.colcon_core.environment:checking '/home/kol/Documents/Robots/ros_ws/six_dof_robot_ws/install/welder_description' for CMake config files
[11.799s] Level 1:colcon.colcon_core.environment:checking '/home/kol/Documents/Robots/ros_ws/six_dof_robot_ws/install/welder_description/lib'
[11.801s] Level 1:colcon.colcon_core.environment:checking '/home/kol/Documents/Robots/ros_ws/six_dof_robot_ws/install/welder_description/bin'
[11.802s] Level 1:colcon.colcon_core.environment:checking '/home/kol/Documents/Robots/ros_ws/six_dof_robot_ws/install/welder_description/lib/pkgconfig/welder_description.pc'
[11.804s] Level 1:colcon.colcon_core.environment:checking '/home/kol/Documents/Robots/ros_ws/six_dof_robot_ws/install/welder_description/lib/python3.10/site-packages'
[11.805s] Level 1:colcon.colcon_core.shell:create_environment_hook('welder_description', 'pythonpath')
[11.807s] INFO:colcon.colcon_core.shell:Creating environment hook '/home/kol/Documents/Robots/ros_ws/six_dof_robot_ws/install/welder_description/share/welder_description/hook/pythonpath.ps1'
[11.809s] INFO:colcon.colcon_core.shell:Creating environment descriptor '/home/kol/Documents/Robots/ros_ws/six_dof_robot_ws/install/welder_description/share/welder_description/hook/pythonpath.dsv'
[11.811s] INFO:colcon.colcon_core.shell:Creating environment hook '/home/kol/Documents/Robots/ros_ws/six_dof_robot_ws/install/welder_description/share/welder_description/hook/pythonpath.sh'
[11.815s] Level 1:colcon.colcon_core.environment:checking '/home/kol/Documents/Robots/ros_ws/six_dof_robot_ws/install/welder_description/bin'
[11.815s] Level 1:colcon.colcon_core.environment:create_environment_scripts_only(welder_description)
[11.818s] INFO:colcon.colcon_core.shell:Creating package script '/home/kol/Documents/Robots/ros_ws/six_dof_robot_ws/install/welder_description/share/welder_description/package.ps1'
[11.824s] INFO:colcon.colcon_core.shell:Creating package descriptor '/home/kol/Documents/Robots/ros_ws/six_dof_robot_ws/install/welder_description/share/welder_description/package.dsv'
[11.829s] INFO:colcon.colcon_core.shell:Creating package script '/home/kol/Documents/Robots/ros_ws/six_dof_robot_ws/install/welder_description/share/welder_description/package.sh'
[11.834s] INFO:colcon.colcon_core.shell:Creating package script '/home/kol/Documents/Robots/ros_ws/six_dof_robot_ws/install/welder_description/share/welder_description/package.bash'
[11.839s] INFO:colcon.colcon_core.shell:Creating package script '/home/kol/Documents/Robots/ros_ws/six_dof_robot_ws/install/welder_description/share/welder_description/package.zsh'
[11.845s] Level 1:colcon.colcon_core.environment:create_file_with_runtime_dependencies(/home/kol/Documents/Robots/ros_ws/six_dof_robot_ws/install/welder_description/share/colcon-core/packages/welder_description)
[11.848s] INFO:colcon.colcon_ros.task.ament_cmake.build:Building ROS package in '/home/kol/Documents/Robots/ros_ws/six_dof_robot_ws/src/welder_moveit_config' with build type 'ament_cmake'
[11.849s] INFO:colcon.colcon_cmake.task.cmake.build:Building CMake package in '/home/kol/Documents/Robots/ros_ws/six_dof_robot_ws/src/welder_moveit_config'
[11.851s] INFO:colcon.colcon_core.shell:Skip shell extension 'powershell' for command environment: Not usable outside of PowerShell
[11.852s] DEBUG:colcon.colcon_core.shell:Skip shell extension 'dsv' for command environment
[11.983s] DEBUG:colcon.colcon_core.event_handler.log_command:Invoking command in '/home/kol/Documents/Robots/ros_ws/six_dof_robot_ws/build/welder_moveit_config': AMENT_PREFIX_PATH=/home/kol/Documents/Robots/ros_ws/six_dof_robot_ws/install/welder_description:/home/kol/Documents/Robots/ros_ws/six_dof_robot_ws/install/welder_moveit_config:/home/kol/Documents/Robots/ros_ws/six_dof_robot_ws/install/welder_control:/home/kol/Documents/Robots/ros_ws/FiveDoFRobot/install/robotController:/home/kol/Documents/Robots/ros_ws/FiveDoFRobot/install/FiveDoF_moveit_config:/home/kol/Documents/Robots/ros_ws/FiveDoFRobot/install/FiveDoF_Moveit_config:/home/kol/Documents/Robots/ros_ws/FiveDoFRobot/install/FiveDoFBot_description:/opt/ros/humble CMAKE_PREFIX_PATH=${CMAKE_PREFIX_PATH}:/home/kol/Documents/Robots/ros_ws/six_dof_robot_ws/install/welder_description:/home/kol/Documents/Robots/ros_ws/six_dof_robot_ws/install/welder_control:/home/kol/Documents/Robots/ros_ws/FiveDoFRobot/install/robotController:/home/kol/Documents/Robots/ros_ws/FiveDoFRobot/install/FiveDoFBot_description:/opt/ros/humble /usr/bin/cmake --build /home/kol/Documents/Robots/ros_ws/six_dof_robot_ws/build/welder_moveit_config -- -j4 -l4
[12.118s] Level 1:colcon.colcon_core.shell:create_environment_hook('welder_control', 'pythonpath_develop')
[12.120s] DEBUG:colcon.colcon_core.event_handler.log_command:Invoked command in '/home/kol/Documents/Robots/ros_ws/six_dof_robot_ws/build/welder_control' returned '0': PYTHONPATH=/home/kol/Documents/Robots/ros_ws/six_dof_robot_ws/build/welder_control/prefix_override:/usr/lib/python3/dist-packages/colcon_core/task/python/colcon_distutils_commands:/home/kol/Documents/Robots/ros_ws/six_dof_robot_ws/install/welder_control/lib/python3.10/site-packages:${PYTHONPATH} /usr/bin/python3 -W ignore:setup.py install is deprecated setup.py develop --editable --build-directory /home/kol/Documents/Robots/ros_ws/six_dof_robot_ws/build/welder_control/build --no-deps symlink_data
[12.122s] INFO:colcon.colcon_core.shell:Creating environment hook '/home/kol/Documents/Robots/ros_ws/six_dof_robot_ws/build/welder_control/share/welder_control/hook/pythonpath_develop.ps1'
[12.128s] INFO:colcon.colcon_core.shell:Creating environment descriptor '/home/kol/Documents/Robots/ros_ws/six_dof_robot_ws/build/welder_control/share/welder_control/hook/pythonpath_develop.dsv'
[12.130s] INFO:colcon.colcon_core.shell:Creating environment hook '/home/kol/Documents/Robots/ros_ws/six_dof_robot_ws/build/welder_control/share/welder_control/hook/pythonpath_develop.sh'
[12.133s] Level 1:colcon.colcon_core.environment:checking '/home/kol/Documents/Robots/ros_ws/six_dof_robot_ws/install/welder_control' for CMake module files
[12.136s] Level 1:colcon.colcon_core.environment:checking '/home/kol/Documents/Robots/ros_ws/six_dof_robot_ws/install/welder_control' for CMake config files
[12.141s] Level 1:colcon.colcon_core.environment:checking '/home/kol/Documents/Robots/ros_ws/six_dof_robot_ws/install/welder_control/lib'
[12.142s] Level 1:colcon.colcon_core.environment:checking '/home/kol/Documents/Robots/ros_ws/six_dof_robot_ws/install/welder_control/bin'
[12.143s] Level 1:colcon.colcon_core.environment:checking '/home/kol/Documents/Robots/ros_ws/six_dof_robot_ws/install/welder_control/lib/pkgconfig/welder_control.pc'
[12.144s] Level 1:colcon.colcon_core.environment:checking '/home/kol/Documents/Robots/ros_ws/six_dof_robot_ws/install/welder_control/lib/python3.10/site-packages'
[12.145s] Level 1:colcon.colcon_core.shell:create_environment_hook('welder_control', 'pythonpath')
[12.147s] INFO:colcon.colcon_core.shell:Creating environment hook '/home/kol/Documents/Robots/ros_ws/six_dof_robot_ws/install/welder_control/share/welder_control/hook/pythonpath.ps1'
[12.149s] INFO:colcon.colcon_core.shell:Creating environment descriptor '/home/kol/Documents/Robots/ros_ws/six_dof_robot_ws/install/welder_control/share/welder_control/hook/pythonpath.dsv'
[12.151s] INFO:colcon.colcon_core.shell:Creating environment hook '/home/kol/Documents/Robots/ros_ws/six_dof_robot_ws/install/welder_control/share/welder_control/hook/pythonpath.sh'
[12.155s] Level 1:colcon.colcon_core.environment:checking '/home/kol/Documents/Robots/ros_ws/six_dof_robot_ws/install/welder_control/bin'
[12.156s] Level 1:colcon.colcon_core.environment:create_environment_scripts_only(welder_control)
[12.159s] INFO:colcon.colcon_core.shell:Creating package script '/home/kol/Documents/Robots/ros_ws/six_dof_robot_ws/install/welder_control/share/welder_control/package.ps1'
[12.165s] INFO:colcon.colcon_core.shell:Creating package descriptor '/home/kol/Documents/Robots/ros_ws/six_dof_robot_ws/install/welder_control/share/welder_control/package.dsv'
[12.171s] INFO:colcon.colcon_core.shell:Creating package script '/home/kol/Documents/Robots/ros_ws/six_dof_robot_ws/install/welder_control/share/welder_control/package.sh'
[12.177s] INFO:colcon.colcon_core.shell:Creating package script '/home/kol/Documents/Robots/ros_ws/six_dof_robot_ws/install/welder_control/share/welder_control/package.bash'
[12.181s] INFO:colcon.colcon_core.shell:Creating package script '/home/kol/Documents/Robots/ros_ws/six_dof_robot_ws/install/welder_control/share/welder_control/package.zsh'
[12.183s] Level 1:colcon.colcon_core.environment:create_file_with_runtime_dependencies(/home/kol/Documents/Robots/ros_ws/six_dof_robot_ws/install/welder_control/share/colcon-core/packages/welder_control)
[12.216s] DEBUG:colcon.colcon_core.event_handler.log_command:Invoked command in '/home/kol/Documents/Robots/ros_ws/six_dof_robot_ws/build/welder_moveit_config' returned '0': AMENT_PREFIX_PATH=/home/kol/Documents/Robots/ros_ws/six_dof_robot_ws/install/welder_description:/home/kol/Documents/Robots/ros_ws/six_dof_robot_ws/install/welder_moveit_config:/home/kol/Documents/Robots/ros_ws/six_dof_robot_ws/install/welder_control:/home/kol/Documents/Robots/ros_ws/FiveDoFRobot/install/robotController:/home/kol/Documents/Robots/ros_ws/FiveDoFRobot/install/FiveDoF_moveit_config:/home/kol/Documents/Robots/ros_ws/FiveDoFRobot/install/FiveDoF_Moveit_config:/home/kol/Documents/Robots/ros_ws/FiveDoFRobot/install/FiveDoFBot_description:/opt/ros/humble CMAKE_PREFIX_PATH=${CMAKE_PREFIX_PATH}:/home/kol/Documents/Robots/ros_ws/six_dof_robot_ws/install/welder_description:/home/kol/Documents/Robots/ros_ws/six_dof_robot_ws/install/welder_control:/home/kol/Documents/Robots/ros_ws/FiveDoFRobot/install/robotController:/home/kol/Documents/Robots/ros_ws/FiveDoFRobot/install/FiveDoFBot_description:/opt/ros/humble /usr/bin/cmake --build /home/kol/Documents/Robots/ros_ws/six_dof_robot_ws/build/welder_moveit_config -- -j4 -l4
[12.384s] DEBUG:colcon.colcon_core.event_handler.log_command:Invoking command in '/home/kol/Documents/Robots/ros_ws/six_dof_robot_ws/build/welder_moveit_config': AMENT_PREFIX_PATH=/home/kol/Documents/Robots/ros_ws/six_dof_robot_ws/install/welder_description:/home/kol/Documents/Robots/ros_ws/six_dof_robot_ws/install/welder_moveit_config:/home/kol/Documents/Robots/ros_ws/six_dof_robot_ws/install/welder_control:/home/kol/Documents/Robots/ros_ws/FiveDoFRobot/install/robotController:/home/kol/Documents/Robots/ros_ws/FiveDoFRobot/install/FiveDoF_moveit_config:/home/kol/Documents/Robots/ros_ws/FiveDoFRobot/install/FiveDoF_Moveit_config:/home/kol/Documents/Robots/ros_ws/FiveDoFRobot/install/FiveDoFBot_description:/opt/ros/humble CMAKE_PREFIX_PATH=${CMAKE_PREFIX_PATH}:/home/kol/Documents/Robots/ros_ws/six_dof_robot_ws/install/welder_description:/home/kol/Documents/Robots/ros_ws/six_dof_robot_ws/install/welder_control:/home/kol/Documents/Robots/ros_ws/FiveDoFRobot/install/robotController:/home/kol/Documents/Robots/ros_ws/FiveDoFRobot/install/FiveDoFBot_description:/opt/ros/humble /usr/bin/cmake --install /home/kol/Documents/Robots/ros_ws/six_dof_robot_ws/build/welder_moveit_config
[12.516s] Level 1:colcon.colcon_core.environment:create_environment_scripts_only(welder_moveit_config)
[12.518s] Level 1:colcon.colcon_core.environment:checking '/home/kol/Documents/Robots/ros_ws/six_dof_robot_ws/install/welder_moveit_config' for CMake module files
[12.521s] DEBUG:colcon.colcon_core.event_handler.log_command:Invoked command in '/home/kol/Documents/Robots/ros_ws/six_dof_robot_ws/build/welder_moveit_config' returned '0': AMENT_PREFIX_PATH=/home/kol/Documents/Robots/ros_ws/six_dof_robot_ws/install/welder_description:/home/kol/Documents/Robots/ros_ws/six_dof_robot_ws/install/welder_moveit_config:/home/kol/Documents/Robots/ros_ws/six_dof_robot_ws/install/welder_control:/home/kol/Documents/Robots/ros_ws/FiveDoFRobot/install/robotController:/home/kol/Documents/Robots/ros_ws/FiveDoFRobot/install/FiveDoF_moveit_config:/home/kol/Documents/Robots/ros_ws/FiveDoFRobot/install/FiveDoF_Moveit_config:/home/kol/Documents/Robots/ros_ws/FiveDoFRobot/install/FiveDoFBot_description:/opt/ros/humble CMAKE_PREFIX_PATH=${CMAKE_PREFIX_PATH}:/home/kol/Documents/Robots/ros_ws/six_dof_robot_ws/install/welder_description:/home/kol/Documents/Robots/ros_ws/six_dof_robot_ws/install/welder_control:/home/kol/Documents/Robots/ros_ws/FiveDoFRobot/install/robotController:/home/kol/Documents/Robots/ros_ws/FiveDoFRobot/install/FiveDoFBot_description:/opt/ros/humble /usr/bin/cmake --install /home/kol/Documents/Robots/ros_ws/six_dof_robot_ws/build/welder_moveit_config
[12.524s] Level 1:colcon.colcon_core.environment:checking '/home/kol/Documents/Robots/ros_ws/six_dof_robot_ws/install/welder_moveit_config' for CMake config files
[12.525s] Level 1:colcon.colcon_core.shell:create_environment_hook('welder_moveit_config', 'cmake_prefix_path')
[12.527s] INFO:colcon.colcon_core.shell:Creating environment hook '/home/kol/Documents/Robots/ros_ws/six_dof_robot_ws/install/welder_moveit_config/share/welder_moveit_config/hook/cmake_prefix_path.ps1'
[12.529s] INFO:colcon.colcon_core.shell:Creating environment descriptor '/home/kol/Documents/Robots/ros_ws/six_dof_robot_ws/install/welder_moveit_config/share/welder_moveit_config/hook/cmake_prefix_path.dsv'
[12.532s] INFO:colcon.colcon_core.shell:Creating environment hook '/home/kol/Documents/Robots/ros_ws/six_dof_robot_ws/install/welder_moveit_config/share/welder_moveit_config/hook/cmake_prefix_path.sh'
[12.537s] Level 1:colcon.colcon_core.environment:checking '/home/kol/Documents/Robots/ros_ws/six_dof_robot_ws/install/welder_moveit_config/bin'
[12.537s] Level 1:colcon.colcon_core.environment:checking '/home/kol/Documents/Robots/ros_ws/six_dof_robot_ws/install/welder_moveit_config/lib/pkgconfig/welder_moveit_config.pc'
[12.539s] Level 1:colcon.colcon_core.environment:checking '/home/kol/Documents/Robots/ros_ws/six_dof_robot_ws/install/welder_moveit_config/lib/python3.10/site-packages'
[12.540s] Level 1:colcon.colcon_core.environment:checking '/home/kol/Documents/Robots/ros_ws/six_dof_robot_ws/install/welder_moveit_config/bin'
[12.542s] INFO:colcon.colcon_core.shell:Creating package script '/home/kol/Documents/Robots/ros_ws/six_dof_robot_ws/install/welder_moveit_config/share/welder_moveit_config/package.ps1'
[12.545s] INFO:colcon.colcon_core.shell:Creating package descriptor '/home/kol/Documents/Robots/ros_ws/six_dof_robot_ws/install/welder_moveit_config/share/welder_moveit_config/package.dsv'
[12.547s] INFO:colcon.colcon_core.shell:Creating package script '/home/kol/Documents/Robots/ros_ws/six_dof_robot_ws/install/welder_moveit_config/share/welder_moveit_config/package.sh'
[12.551s] INFO:colcon.colcon_core.shell:Creating package script '/home/kol/Documents/Robots/ros_ws/six_dof_robot_ws/install/welder_moveit_config/share/welder_moveit_config/package.bash'
[12.552s] INFO:colcon.colcon_core.shell:Creating package script '/home/kol/Documents/Robots/ros_ws/six_dof_robot_ws/install/welder_moveit_config/share/welder_moveit_config/package.zsh'
[12.554s] Level 1:colcon.colcon_core.environment:create_file_with_runtime_dependencies(/home/kol/Documents/Robots/ros_ws/six_dof_robot_ws/install/welder_moveit_config/share/colcon-core/packages/welder_moveit_config)
[12.679s] Level 1:colcon.colcon_core.environment:create_environment_scripts_only(welder_moveit_config)
[12.681s] Level 1:colcon.colcon_core.environment:checking '/home/kol/Documents/Robots/ros_ws/six_dof_robot_ws/install/welder_moveit_config' for CMake module files
[12.685s] Level 1:colcon.colcon_core.environment:checking '/home/kol/Documents/Robots/ros_ws/six_dof_robot_ws/install/welder_moveit_config' for CMake config files
[12.686s] Level 1:colcon.colcon_core.shell:create_environment_hook('welder_moveit_config', 'cmake_prefix_path')
[12.688s] INFO:colcon.colcon_core.shell:Creating environment hook '/home/kol/Documents/Robots/ros_ws/six_dof_robot_ws/install/welder_moveit_config/share/welder_moveit_config/hook/cmake_prefix_path.ps1'
[12.690s] INFO:colcon.colcon_core.shell:Creating environment descriptor '/home/kol/Documents/Robots/ros_ws/six_dof_robot_ws/install/welder_moveit_config/share/welder_moveit_config/hook/cmake_prefix_path.dsv'
[12.692s] INFO:colcon.colcon_core.shell:Creating environment hook '/home/kol/Documents/Robots/ros_ws/six_dof_robot_ws/install/welder_moveit_config/share/welder_moveit_config/hook/cmake_prefix_path.sh'
[12.696s] Level 1:colcon.colcon_core.environment:checking '/home/kol/Documents/Robots/ros_ws/six_dof_robot_ws/install/welder_moveit_config/bin'
[12.697s] Level 1:colcon.colcon_core.environment:checking '/home/kol/Documents/Robots/ros_ws/six_dof_robot_ws/install/welder_moveit_config/lib/pkgconfig/welder_moveit_config.pc'
[12.699s] Level 1:colcon.colcon_core.environment:checking '/home/kol/Documents/Robots/ros_ws/six_dof_robot_ws/install/welder_moveit_config/lib/python3.10/site-packages'
[12.700s] Level 1:colcon.colcon_core.environment:checking '/home/kol/Documents/Robots/ros_ws/six_dof_robot_ws/install/welder_moveit_config/bin'
[12.704s] INFO:colcon.colcon_core.shell:Creating package script '/home/kol/Documents/Robots/ros_ws/six_dof_robot_ws/install/welder_moveit_config/share/welder_moveit_config/package.ps1'
[12.710s] INFO:colcon.colcon_core.shell:Creating package descriptor '/home/kol/Documents/Robots/ros_ws/six_dof_robot_ws/install/welder_moveit_config/share/welder_moveit_config/package.dsv'
[12.715s] INFO:colcon.colcon_core.shell:Creating package script '/home/kol/Documents/Robots/ros_ws/six_dof_robot_ws/install/welder_moveit_config/share/welder_moveit_config/package.sh'
[12.720s] INFO:colcon.colcon_core.shell:Creating package script '/home/kol/Documents/Robots/ros_ws/six_dof_robot_ws/install/welder_moveit_config/share/welder_moveit_config/package.bash'
[12.723s] INFO:colcon.colcon_core.shell:Creating package script '/home/kol/Documents/Robots/ros_ws/six_dof_robot_ws/install/welder_moveit_config/share/welder_moveit_config/package.zsh'
[12.726s] Level 1:colcon.colcon_core.environment:create_file_with_runtime_dependencies(/home/kol/Documents/Robots/ros_ws/six_dof_robot_ws/install/welder_moveit_config/share/colcon-core/packages/welder_moveit_config)
[12.730s] DEBUG:colcon.colcon_parallel_executor.executor.parallel:closing loop
[12.732s] DEBUG:colcon.colcon_parallel_executor.executor.parallel:loop closed
[12.733s] DEBUG:colcon.colcon_parallel_executor.executor.parallel:run_until_complete finished with '0'
[12.734s] DEBUG:colcon.colcon_core.event_reactor:joining thread
[12.768s] INFO:colcon.colcon_core.plugin_system:Skipping extension 'colcon_notification.desktop_notification.terminal_notifier': Not used on non-Darwin systems
[12.769s] INFO:colcon.colcon_core.plugin_system:Skipping extension 'colcon_notification.desktop_notification.win32': Not used on non-Windows systems
[12.769s] INFO:colcon.colcon_notification.desktop_notification:Sending desktop notification using 'notify2'
[12.826s] DEBUG:colcon.colcon_core.event_reactor:joined thread
[12.829s] INFO:colcon.colcon_core.shell:Creating prefix script '/home/kol/Documents/Robots/ros_ws/six_dof_robot_ws/install/local_setup.ps1'
[12.835s] INFO:colcon.colcon_core.shell:Creating prefix util module '/home/kol/Documents/Robots/ros_ws/six_dof_robot_ws/install/_local_setup_util_ps1.py'
[12.846s] INFO:colcon.colcon_core.shell:Creating prefix chain script '/home/kol/Documents/Robots/ros_ws/six_dof_robot_ws/install/setup.ps1'
[12.857s] INFO:colcon.colcon_core.shell:Creating prefix script '/home/kol/Documents/Robots/ros_ws/six_dof_robot_ws/install/local_setup.sh'
[12.861s] INFO:colcon.colcon_core.shell:Creating prefix util module '/home/kol/Documents/Robots/ros_ws/six_dof_robot_ws/install/_local_setup_util_sh.py'
[12.863s] INFO:colcon.colcon_core.shell:Creating prefix chain script '/home/kol/Documents/Robots/ros_ws/six_dof_robot_ws/install/setup.sh'
[12.869s] INFO:colcon.colcon_core.shell:Creating prefix script '/home/kol/Documents/Robots/ros_ws/six_dof_robot_ws/install/local_setup.bash'
[12.871s] INFO:colcon.colcon_core.shell:Creating prefix chain script '/home/kol/Documents/Robots/ros_ws/six_dof_robot_ws/install/setup.bash'
[12.880s] INFO:colcon.colcon_core.shell:Creating prefix script '/home/kol/Documents/Robots/ros_ws/six_dof_robot_ws/install/local_setup.zsh'
[12.884s] INFO:colcon.colcon_core.shell:Creating prefix chain script '/home/kol/Documents/Robots/ros_ws/six_dof_robot_ws/install/setup.zsh'
