[0.257s] DEBUG:colcon:Command line arguments: ['/usr/bin/colcon', 'list', '-p', '--base-paths', '/home/kol/Documents/Robots/learning/pub_sub_py']
[0.257s] DEBUG:colcon:Parsed command line arguments: Namespace(log_base=None, log_level=None, verb_name='list', build_base='build', ignore_user_meta=False, metas=['./colcon.meta'], base_paths=['/home/kol/Documents/Robots/learning/pub_sub_py'], packages_ignore=None, packages_ignore_regex=None, paths=None, packages_up_to=None, packages_up_to_regex=None, packages_above=None, packages_above_and_dependencies=None, packages_above_depth=None, packages_select_by_dep=None, packages_skip_by_dep=None, packages_skip_up_to=None, packages_select_build_failed=False, packages_skip_build_finished=False, packages_select_test_failures=False, packages_skip_test_passed=False, packages_select=None, packages_skip=None, packages_select_regex=None, packages_skip_regex=None, packages_start=None, packages_end=None, allow_overriding=[], topological_order=False, names_only=False, paths_only=True, topological_graph=False, topological_graph_dot=False, topological_graph_density=False, topological_graph_legend=False, topological_graph_dot_cluster=False, topological_graph_dot_include_skipped=False, mixin_files=None, mixin=None, verb_parser=<colcon_mixin.mixin.mixin_argument.MixinArgumentDecorator object at 0x782823868280>, verb_extension=<colcon_package_information.verb.list.ListVerb object at 0x7828239d1030>, main=<bound method ListVerb.main of <colcon_package_information.verb.list.ListVerb object at 0x7828239d1030>>, mixin_verb=('list',))
[0.816s] Level 1:colcon.colcon_core.package_discovery:discover_packages(colcon_meta) check parameters
[0.816s] Level 1:colcon.colcon_core.package_discovery:discover_packages(recursive) check parameters
[0.816s] Level 1:colcon.colcon_core.package_discovery:discover_packages(ignore) check parameters
[0.816s] Level 1:colcon.colcon_core.package_discovery:discover_packages(path) check parameters
[0.816s] Level 1:colcon.colcon_core.package_discovery:discover_packages(recursive) discover
[0.816s] INFO:colcon.colcon_core.package_discovery:Crawling recursively for packages in '/home/kol/Documents/Robots/learning/pub_sub_py'
[0.817s] Level 1:colcon.colcon_core.package_identification:_identify(/home/kol/Documents/Robots/learning/pub_sub_py) by extensions ['ignore', 'ignore_ament_install']
[0.817s] Level 1:colcon.colcon_core.package_identification:_identify(/home/kol/Documents/Robots/learning/pub_sub_py) by extension 'ignore'
[0.817s] Level 1:colcon.colcon_core.package_identification:_identify(/home/kol/Documents/Robots/learning/pub_sub_py) by extension 'ignore_ament_install'
[0.817s] Level 1:colcon.colcon_core.package_identification:_identify(/home/kol/Documents/Robots/learning/pub_sub_py) by extensions ['colcon_pkg']
[0.817s] Level 1:colcon.colcon_core.package_identification:_identify(/home/kol/Documents/Robots/learning/pub_sub_py) by extension 'colcon_pkg'
[0.817s] Level 1:colcon.colcon_core.package_identification:_identify(/home/kol/Documents/Robots/learning/pub_sub_py) by extensions ['colcon_meta']
[0.817s] Level 1:colcon.colcon_core.package_identification:_identify(/home/kol/Documents/Robots/learning/pub_sub_py) by extension 'colcon_meta'
[0.818s] Level 1:colcon.colcon_core.package_identification:_identify(/home/kol/Documents/Robots/learning/pub_sub_py) by extensions ['ros']
[0.818s] Level 1:colcon.colcon_core.package_identification:_identify(/home/kol/Documents/Robots/learning/pub_sub_py) by extension 'ros'
[0.844s] Level 1:colcon.colcon_core.package_identification:_identify(/home/kol/Documents/Robots/learning/pub_sub_py) by extensions ['cmake', 'python']
[0.845s] Level 1:colcon.colcon_core.package_identification:_identify(/home/kol/Documents/Robots/learning/pub_sub_py) by extension 'cmake'
[0.845s] Level 1:colcon.colcon_core.package_identification:_identify(/home/kol/Documents/Robots/learning/pub_sub_py) by extension 'python'
[0.845s] Level 1:colcon.colcon_core.package_identification:_identify(/home/kol/Documents/Robots/learning/pub_sub_py) by extensions ['python_setup_py']
[0.845s] Level 1:colcon.colcon_core.package_identification:_identify(/home/kol/Documents/Robots/learning/pub_sub_py) by extension 'python_setup_py'
[0.845s] Level 1:colcon.colcon_core.package_identification:_identify(/home/kol/Documents/Robots/learning/pub_sub_py/log) by extensions ['ignore', 'ignore_ament_install']
[0.845s] Level 1:colcon.colcon_core.package_identification:_identify(/home/kol/Documents/Robots/learning/pub_sub_py/log) by extension 'ignore'
[0.845s] Level 1:colcon.colcon_core.package_identification:_identify(/home/kol/Documents/Robots/learning/pub_sub_py/log) ignored
[0.847s] Level 1:colcon.colcon_core.package_identification:_identify(/home/kol/Documents/Robots/learning/pub_sub_py/src) by extensions ['ignore', 'ignore_ament_install']
[0.847s] Level 1:colcon.colcon_core.package_identification:_identify(/home/kol/Documents/Robots/learning/pub_sub_py/src) by extension 'ignore'
[0.847s] Level 1:colcon.colcon_core.package_identification:_identify(/home/kol/Documents/Robots/learning/pub_sub_py/src) by extension 'ignore_ament_install'
[0.847s] Level 1:colcon.colcon_core.package_identification:_identify(/home/kol/Documents/Robots/learning/pub_sub_py/src) by extensions ['colcon_pkg']
[0.847s] Level 1:colcon.colcon_core.package_identification:_identify(/home/kol/Documents/Robots/learning/pub_sub_py/src) by extension 'colcon_pkg'
[0.847s] Level 1:colcon.colcon_core.package_identification:_identify(/home/kol/Documents/Robots/learning/pub_sub_py/src) by extensions ['colcon_meta']
[0.847s] Level 1:colcon.colcon_core.package_identification:_identify(/home/kol/Documents/Robots/learning/pub_sub_py/src) by extension 'colcon_meta'
[0.848s] Level 1:colcon.colcon_core.package_identification:_identify(/home/kol/Documents/Robots/learning/pub_sub_py/src) by extensions ['ros']
[0.848s] Level 1:colcon.colcon_core.package_identification:_identify(/home/kol/Documents/Robots/learning/pub_sub_py/src) by extension 'ros'
[0.848s] Level 1:colcon.colcon_core.package_identification:_identify(/home/kol/Documents/Robots/learning/pub_sub_py/src) by extensions ['cmake', 'python']
[0.848s] Level 1:colcon.colcon_core.package_identification:_identify(/home/kol/Documents/Robots/learning/pub_sub_py/src) by extension 'cmake'
[0.848s] Level 1:colcon.colcon_core.package_identification:_identify(/home/kol/Documents/Robots/learning/pub_sub_py/src) by extension 'python'
[0.848s] Level 1:colcon.colcon_core.package_identification:_identify(/home/kol/Documents/Robots/learning/pub_sub_py/src) by extensions ['python_setup_py']
[0.848s] Level 1:colcon.colcon_core.package_identification:_identify(/home/kol/Documents/Robots/learning/pub_sub_py/src) by extension 'python_setup_py'
[0.848s] Level 1:colcon.colcon_core.package_identification:_identify(/home/kol/Documents/Robots/learning/pub_sub_py/src/pub_sub) by extensions ['ignore', 'ignore_ament_install']
[0.848s] Level 1:colcon.colcon_core.package_identification:_identify(/home/kol/Documents/Robots/learning/pub_sub_py/src/pub_sub) by extension 'ignore'
[0.849s] Level 1:colcon.colcon_core.package_identification:_identify(/home/kol/Documents/Robots/learning/pub_sub_py/src/pub_sub) by extension 'ignore_ament_install'
[0.849s] Level 1:colcon.colcon_core.package_identification:_identify(/home/kol/Documents/Robots/learning/pub_sub_py/src/pub_sub) by extensions ['colcon_pkg']
[0.849s] Level 1:colcon.colcon_core.package_identification:_identify(/home/kol/Documents/Robots/learning/pub_sub_py/src/pub_sub) by extension 'colcon_pkg'
[0.849s] Level 1:colcon.colcon_core.package_identification:_identify(/home/kol/Documents/Robots/learning/pub_sub_py/src/pub_sub) by extensions ['colcon_meta']
[0.849s] Level 1:colcon.colcon_core.package_identification:_identify(/home/kol/Documents/Robots/learning/pub_sub_py/src/pub_sub) by extension 'colcon_meta'
[0.849s] Level 1:colcon.colcon_core.package_identification:_identify(/home/kol/Documents/Robots/learning/pub_sub_py/src/pub_sub) by extensions ['ros']
[0.849s] Level 1:colcon.colcon_core.package_identification:_identify(/home/kol/Documents/Robots/learning/pub_sub_py/src/pub_sub) by extension 'ros'
[0.854s] DEBUG:colcon.colcon_core.package_identification:Package '/home/kol/Documents/Robots/learning/pub_sub_py/src/pub_sub' with type 'ros.ament_python' and name 'pub_sub'
[0.854s] Level 1:colcon.colcon_core.package_discovery:discover_packages(recursive) using defaults
