[0.356s] DEBUG:colcon:Command line arguments: ['/usr/bin/colcon', 'list', '-p', '--base-paths', '/home/kol/Documents/Robots/learning/cpp_pub_sub_2']
[0.356s] DEBUG:colcon:Parsed command line arguments: Namespace(log_base=None, log_level=None, verb_name='list', build_base='build', ignore_user_meta=False, metas=['./colcon.meta'], base_paths=['/home/kol/Documents/Robots/learning/cpp_pub_sub_2'], packages_ignore=None, packages_ignore_regex=None, paths=None, packages_up_to=None, packages_up_to_regex=None, packages_above=None, packages_above_and_dependencies=None, packages_above_depth=None, packages_select_by_dep=None, packages_skip_by_dep=None, packages_skip_up_to=None, packages_select_build_failed=False, packages_skip_build_finished=False, packages_select_test_failures=False, packages_skip_test_passed=False, packages_select=None, packages_skip=None, packages_select_regex=None, packages_skip_regex=None, packages_start=None, packages_end=None, allow_overriding=[], topological_order=False, names_only=False, paths_only=True, topological_graph=False, topological_graph_dot=False, topological_graph_density=False, topological_graph_legend=False, topological_graph_dot_cluster=False, topological_graph_dot_include_skipped=False, mixin_files=None, mixin=None, verb_parser=<colcon_mixin.mixin.mixin_argument.MixinArgumentDecorator object at 0x7b54d2a74850>, verb_extension=<colcon_package_information.verb.list.ListVerb object at 0x7b54d2be13c0>, main=<bound method ListVerb.main of <colcon_package_information.verb.list.ListVerb object at 0x7b54d2be13c0>>, mixin_verb=('list',))
[1.015s] Level 1:colcon.colcon_core.package_discovery:discover_packages(colcon_meta) check parameters
[1.015s] Level 1:colcon.colcon_core.package_discovery:discover_packages(recursive) check parameters
[1.015s] Level 1:colcon.colcon_core.package_discovery:discover_packages(ignore) check parameters
[1.015s] Level 1:colcon.colcon_core.package_discovery:discover_packages(path) check parameters
[1.015s] Level 1:colcon.colcon_core.package_discovery:discover_packages(recursive) discover
[1.015s] INFO:colcon.colcon_core.package_discovery:Crawling recursively for packages in '/home/kol/Documents/Robots/learning/cpp_pub_sub_2'
[1.015s] Level 1:colcon.colcon_core.package_identification:_identify(/home/kol/Documents/Robots/learning/cpp_pub_sub_2) by extensions ['ignore', 'ignore_ament_install']
[1.016s] Level 1:colcon.colcon_core.package_identification:_identify(/home/kol/Documents/Robots/learning/cpp_pub_sub_2) by extension 'ignore'
[1.016s] Level 1:colcon.colcon_core.package_identification:_identify(/home/kol/Documents/Robots/learning/cpp_pub_sub_2) by extension 'ignore_ament_install'
[1.016s] Level 1:colcon.colcon_core.package_identification:_identify(/home/kol/Documents/Robots/learning/cpp_pub_sub_2) by extensions ['colcon_pkg']
[1.016s] Level 1:colcon.colcon_core.package_identification:_identify(/home/kol/Documents/Robots/learning/cpp_pub_sub_2) by extension 'colcon_pkg'
[1.016s] Level 1:colcon.colcon_core.package_identification:_identify(/home/kol/Documents/Robots/learning/cpp_pub_sub_2) by extensions ['colcon_meta']
[1.016s] Level 1:colcon.colcon_core.package_identification:_identify(/home/kol/Documents/Robots/learning/cpp_pub_sub_2) by extension 'colcon_meta'
[1.016s] Level 1:colcon.colcon_core.package_identification:_identify(/home/kol/Documents/Robots/learning/cpp_pub_sub_2) by extensions ['ros']
[1.016s] Level 1:colcon.colcon_core.package_identification:_identify(/home/kol/Documents/Robots/learning/cpp_pub_sub_2) by extension 'ros'
[1.042s] Level 1:colcon.colcon_core.package_identification:_identify(/home/kol/Documents/Robots/learning/cpp_pub_sub_2) by extensions ['cmake', 'python']
[1.042s] Level 1:colcon.colcon_core.package_identification:_identify(/home/kol/Documents/Robots/learning/cpp_pub_sub_2) by extension 'cmake'
[1.042s] Level 1:colcon.colcon_core.package_identification:_identify(/home/kol/Documents/Robots/learning/cpp_pub_sub_2) by extension 'python'
[1.042s] Level 1:colcon.colcon_core.package_identification:_identify(/home/kol/Documents/Robots/learning/cpp_pub_sub_2) by extensions ['python_setup_py']
[1.042s] Level 1:colcon.colcon_core.package_identification:_identify(/home/kol/Documents/Robots/learning/cpp_pub_sub_2) by extension 'python_setup_py'
[1.043s] Level 1:colcon.colcon_core.package_identification:_identify(/home/kol/Documents/Robots/learning/cpp_pub_sub_2/log) by extensions ['ignore', 'ignore_ament_install']
[1.043s] Level 1:colcon.colcon_core.package_identification:_identify(/home/kol/Documents/Robots/learning/cpp_pub_sub_2/log) by extension 'ignore'
[1.043s] Level 1:colcon.colcon_core.package_identification:_identify(/home/kol/Documents/Robots/learning/cpp_pub_sub_2/log) ignored
[1.043s] Level 1:colcon.colcon_core.package_identification:_identify(/home/kol/Documents/Robots/learning/cpp_pub_sub_2/src) by extensions ['ignore', 'ignore_ament_install']
[1.043s] Level 1:colcon.colcon_core.package_identification:_identify(/home/kol/Documents/Robots/learning/cpp_pub_sub_2/src) by extension 'ignore'
[1.043s] Level 1:colcon.colcon_core.package_identification:_identify(/home/kol/Documents/Robots/learning/cpp_pub_sub_2/src) by extension 'ignore_ament_install'
[1.043s] Level 1:colcon.colcon_core.package_identification:_identify(/home/kol/Documents/Robots/learning/cpp_pub_sub_2/src) by extensions ['colcon_pkg']
[1.043s] Level 1:colcon.colcon_core.package_identification:_identify(/home/kol/Documents/Robots/learning/cpp_pub_sub_2/src) by extension 'colcon_pkg'
[1.044s] Level 1:colcon.colcon_core.package_identification:_identify(/home/kol/Documents/Robots/learning/cpp_pub_sub_2/src) by extensions ['colcon_meta']
[1.044s] Level 1:colcon.colcon_core.package_identification:_identify(/home/kol/Documents/Robots/learning/cpp_pub_sub_2/src) by extension 'colcon_meta'
[1.044s] Level 1:colcon.colcon_core.package_identification:_identify(/home/kol/Documents/Robots/learning/cpp_pub_sub_2/src) by extensions ['ros']
[1.044s] Level 1:colcon.colcon_core.package_identification:_identify(/home/kol/Documents/Robots/learning/cpp_pub_sub_2/src) by extension 'ros'
[1.044s] Level 1:colcon.colcon_core.package_identification:_identify(/home/kol/Documents/Robots/learning/cpp_pub_sub_2/src) by extensions ['cmake', 'python']
[1.044s] Level 1:colcon.colcon_core.package_identification:_identify(/home/kol/Documents/Robots/learning/cpp_pub_sub_2/src) by extension 'cmake'
[1.044s] Level 1:colcon.colcon_core.package_identification:_identify(/home/kol/Documents/Robots/learning/cpp_pub_sub_2/src) by extension 'python'
[1.044s] Level 1:colcon.colcon_core.package_identification:_identify(/home/kol/Documents/Robots/learning/cpp_pub_sub_2/src) by extensions ['python_setup_py']
[1.044s] Level 1:colcon.colcon_core.package_identification:_identify(/home/kol/Documents/Robots/learning/cpp_pub_sub_2/src) by extension 'python_setup_py'
[1.045s] Level 1:colcon.colcon_core.package_identification:_identify(/home/kol/Documents/Robots/learning/cpp_pub_sub_2/src/pub_sub) by extensions ['ignore', 'ignore_ament_install']
[1.045s] Level 1:colcon.colcon_core.package_identification:_identify(/home/kol/Documents/Robots/learning/cpp_pub_sub_2/src/pub_sub) by extension 'ignore'
[1.045s] Level 1:colcon.colcon_core.package_identification:_identify(/home/kol/Documents/Robots/learning/cpp_pub_sub_2/src/pub_sub) by extension 'ignore_ament_install'
[1.045s] Level 1:colcon.colcon_core.package_identification:_identify(/home/kol/Documents/Robots/learning/cpp_pub_sub_2/src/pub_sub) by extensions ['colcon_pkg']
[1.045s] Level 1:colcon.colcon_core.package_identification:_identify(/home/kol/Documents/Robots/learning/cpp_pub_sub_2/src/pub_sub) by extension 'colcon_pkg'
[1.045s] Level 1:colcon.colcon_core.package_identification:_identify(/home/kol/Documents/Robots/learning/cpp_pub_sub_2/src/pub_sub) by extensions ['colcon_meta']
[1.045s] Level 1:colcon.colcon_core.package_identification:_identify(/home/kol/Documents/Robots/learning/cpp_pub_sub_2/src/pub_sub) by extension 'colcon_meta'
[1.046s] Level 1:colcon.colcon_core.package_identification:_identify(/home/kol/Documents/Robots/learning/cpp_pub_sub_2/src/pub_sub) by extensions ['ros']
[1.046s] Level 1:colcon.colcon_core.package_identification:_identify(/home/kol/Documents/Robots/learning/cpp_pub_sub_2/src/pub_sub) by extension 'ros'
[1.052s] DEBUG:colcon.colcon_core.package_identification:Package '/home/kol/Documents/Robots/learning/cpp_pub_sub_2/src/pub_sub' with type 'ros.ament_cmake' and name 'pub_sub'
[1.052s] Level 1:colcon.colcon_core.package_discovery:discover_packages(recursive) using defaults
