[0.342s] DEBUG:colcon:Command line arguments: ['/usr/bin/colcon', 'build', '--symlink-install']
[0.343s] DEBUG:colcon:Parsed command line arguments: Namespace(log_base=None, log_level=None, verb_name='build', build_base='build', install_base='install', merge_install=False, symlink_install=True, test_result_base=None, continue_on_error=False, executor='parallel', parallel_workers=4, event_handlers=None, ignore_user_meta=False, metas=['./colcon.meta'], base_paths=['.'], packages_ignore=None, packages_ignore_regex=None, paths=None, packages_up_to=None, packages_up_to_regex=None, packages_above=None, packages_above_and_dependencies=None, packages_above_depth=None, packages_select_by_dep=None, packages_skip_by_dep=None, packages_skip_up_to=None, packages_select_build_failed=False, packages_skip_build_finished=False, packages_select_test_failures=False, packages_skip_test_passed=False, packages_select=None, packages_skip=None, packages_select_regex=None, packages_skip_regex=None, packages_start=None, packages_end=None, allow_overriding=[], cmake_args=None, cmake_target=None, cmake_target_skip_unavailable=False, cmake_clean_cache=False, cmake_clean_first=False, cmake_force_configure=False, ament_cmake_args=None, catkin_cmake_args=None, catkin_skip_building_tests=False, mixin_files=None, mixin=None, verb_parser=<colcon_mixin.mixin.mixin_argument.MixinArgumentDecorator object at 0x7b3552d2ee60>, verb_extension=<colcon_core.verb.build.BuildVerb object at 0x7b3552ee87f0>, main=<bound method BuildVerb.main of <colcon_core.verb.build.BuildVerb object at 0x7b3552ee87f0>>, mixin_verb=('build',))
[0.876s] Level 1:colcon.colcon_core.package_discovery:discover_packages(colcon_meta) check parameters
[0.877s] Level 1:colcon.colcon_core.package_discovery:discover_packages(recursive) check parameters
[0.877s] Level 1:colcon.colcon_core.package_discovery:discover_packages(ignore) check parameters
[0.877s] Level 1:colcon.colcon_core.package_discovery:discover_packages(path) check parameters
[0.877s] Level 1:colcon.colcon_core.package_discovery:discover_packages(colcon_meta) discover
[0.877s] Level 1:colcon.colcon_core.package_discovery:discover_packages(recursive) discover
[0.877s] INFO:colcon.colcon_core.package_discovery:Crawling recursively for packages in '/home/kol/Documents/Robotics/ros_ws/ThreeDoFRobot'
[0.878s] Level 1:colcon.colcon_core.package_identification:_identify(.) by extensions ['ignore', 'ignore_ament_install']
[0.878s] Level 1:colcon.colcon_core.package_identification:_identify(.) by extension 'ignore'
[0.878s] Level 1:colcon.colcon_core.package_identification:_identify(.) by extension 'ignore_ament_install'
[0.878s] Level 1:colcon.colcon_core.package_identification:_identify(.) by extensions ['colcon_pkg']
[0.878s] Level 1:colcon.colcon_core.package_identification:_identify(.) by extension 'colcon_pkg'
[0.878s] Level 1:colcon.colcon_core.package_identification:_identify(.) by extensions ['colcon_meta']
[0.878s] Level 1:colcon.colcon_core.package_identification:_identify(.) by extension 'colcon_meta'
[0.879s] Level 1:colcon.colcon_core.package_identification:_identify(.) by extensions ['ros']
[0.879s] Level 1:colcon.colcon_core.package_identification:_identify(.) by extension 'ros'
[0.907s] Level 1:colcon.colcon_core.package_identification:_identify(.) by extensions ['cmake', 'python']
[0.907s] Level 1:colcon.colcon_core.package_identification:_identify(.) by extension 'cmake'
[0.907s] Level 1:colcon.colcon_core.package_identification:_identify(.) by extension 'python'
[0.907s] Level 1:colcon.colcon_core.package_identification:_identify(.) by extensions ['python_setup_py']
[0.907s] Level 1:colcon.colcon_core.package_identification:_identify(.) by extension 'python_setup_py'
[0.908s] Level 1:colcon.colcon_core.package_identification:_identify(build) by extensions ['ignore', 'ignore_ament_install']
[0.908s] Level 1:colcon.colcon_core.package_identification:_identify(build) by extension 'ignore'
[0.908s] Level 1:colcon.colcon_core.package_identification:_identify(build) ignored
[0.909s] Level 1:colcon.colcon_core.package_identification:_identify(install) by extensions ['ignore', 'ignore_ament_install']
[0.909s] Level 1:colcon.colcon_core.package_identification:_identify(install) by extension 'ignore'
[0.909s] Level 1:colcon.colcon_core.package_identification:_identify(install) ignored
[0.910s] Level 1:colcon.colcon_core.package_identification:_identify(log) by extensions ['ignore', 'ignore_ament_install']
[0.910s] Level 1:colcon.colcon_core.package_identification:_identify(log) by extension 'ignore'
[0.910s] Level 1:colcon.colcon_core.package_identification:_identify(log) ignored
[0.910s] Level 1:colcon.colcon_core.package_identification:_identify(src) by extensions ['ignore', 'ignore_ament_install']
[0.911s] Level 1:colcon.colcon_core.package_identification:_identify(src) by extension 'ignore'
[0.911s] Level 1:colcon.colcon_core.package_identification:_identify(src) by extension 'ignore_ament_install'
[0.911s] Level 1:colcon.colcon_core.package_identification:_identify(src) by extensions ['colcon_pkg']
[0.911s] Level 1:colcon.colcon_core.package_identification:_identify(src) by extension 'colcon_pkg'
[0.912s] Level 1:colcon.colcon_core.package_identification:_identify(src) by extensions ['colcon_meta']
[0.912s] Level 1:colcon.colcon_core.package_identification:_identify(src) by extension 'colcon_meta'
[0.912s] Level 1:colcon.colcon_core.package_identification:_identify(src) by extensions ['ros']
[0.912s] Level 1:colcon.colcon_core.package_identification:_identify(src) by extension 'ros'
[0.912s] Level 1:colcon.colcon_core.package_identification:_identify(src) by extensions ['cmake', 'python']
[0.913s] Level 1:colcon.colcon_core.package_identification:_identify(src) by extension 'cmake'
[0.913s] Level 1:colcon.colcon_core.package_identification:_identify(src) by extension 'python'
[0.913s] Level 1:colcon.colcon_core.package_identification:_identify(src) by extensions ['python_setup_py']
[0.913s] Level 1:colcon.colcon_core.package_identification:_identify(src) by extension 'python_setup_py'
[0.913s] Level 1:colcon.colcon_core.package_identification:_identify(src/ThreeDoFArm_description) by extensions ['ignore', 'ignore_ament_install']
[0.914s] Level 1:colcon.colcon_core.package_identification:_identify(src/ThreeDoFArm_description) by extension 'ignore'
[0.914s] Level 1:colcon.colcon_core.package_identification:_identify(src/ThreeDoFArm_description) by extension 'ignore_ament_install'
[0.914s] Level 1:colcon.colcon_core.package_identification:_identify(src/ThreeDoFArm_description) by extensions ['colcon_pkg']
[0.914s] Level 1:colcon.colcon_core.package_identification:_identify(src/ThreeDoFArm_description) by extension 'colcon_pkg'
[0.915s] Level 1:colcon.colcon_core.package_identification:_identify(src/ThreeDoFArm_description) by extensions ['colcon_meta']
[0.915s] Level 1:colcon.colcon_core.package_identification:_identify(src/ThreeDoFArm_description) by extension 'colcon_meta'
[0.915s] Level 1:colcon.colcon_core.package_identification:_identify(src/ThreeDoFArm_description) by extensions ['ros']
[0.915s] Level 1:colcon.colcon_core.package_identification:_identify(src/ThreeDoFArm_description) by extension 'ros'
[0.922s] DEBUG:colcon.colcon_core.package_identification:Package 'src/ThreeDoFArm_description' with type 'ros.ament_python' and name 'ThreeDoFArm_description'
[0.923s] Level 1:colcon.colcon_core.package_identification:_identify(src/robotController) by extensions ['ignore', 'ignore_ament_install']
[0.923s] Level 1:colcon.colcon_core.package_identification:_identify(src/robotController) by extension 'ignore'
[0.923s] Level 1:colcon.colcon_core.package_identification:_identify(src/robotController) by extension 'ignore_ament_install'
[0.924s] Level 1:colcon.colcon_core.package_identification:_identify(src/robotController) by extensions ['colcon_pkg']
[0.924s] Level 1:colcon.colcon_core.package_identification:_identify(src/robotController) by extension 'colcon_pkg'
[0.924s] Level 1:colcon.colcon_core.package_identification:_identify(src/robotController) by extensions ['colcon_meta']
[0.924s] Level 1:colcon.colcon_core.package_identification:_identify(src/robotController) by extension 'colcon_meta'
[0.924s] Level 1:colcon.colcon_core.package_identification:_identify(src/robotController) by extensions ['ros']
[0.925s] Level 1:colcon.colcon_core.package_identification:_identify(src/robotController) by extension 'ros'
[0.927s] DEBUG:colcon.colcon_core.package_identification:Package 'src/robotController' with type 'ros.ament_python' and name 'robotController'
[0.927s] Level 1:colcon.colcon_core.package_discovery:discover_packages(recursive) using defaults
[0.927s] Level 1:colcon.colcon_core.package_discovery:discover_packages(ignore) discover
[0.927s] Level 1:colcon.colcon_core.package_discovery:discover_packages(ignore) using defaults
[0.927s] Level 1:colcon.colcon_core.package_discovery:discover_packages(path) discover
[0.927s] Level 1:colcon.colcon_core.package_discovery:discover_packages(path) using defaults
[0.991s] Level 1:colcon.colcon_core.package_discovery:discover_packages(prefix_path) check parameters
[0.991s] Level 1:colcon.colcon_core.package_discovery:discover_packages(prefix_path) discover
[1.000s] DEBUG:colcon.colcon_installed_package_information.package_discovery:Found 390 installed packages in /opt/ros/humble
[1.005s] Level 1:colcon.colcon_core.package_discovery:discover_packages(prefix_path) using defaults
[1.164s] Level 5:colcon.colcon_core.verb:set package 'ThreeDoFArm_description' build argument 'cmake_args' from command line to 'None'
[1.164s] Level 5:colcon.colcon_core.verb:set package 'ThreeDoFArm_description' build argument 'cmake_target' from command line to 'None'
[1.165s] Level 5:colcon.colcon_core.verb:set package 'ThreeDoFArm_description' build argument 'cmake_target_skip_unavailable' from command line to 'False'
[1.165s] Level 5:colcon.colcon_core.verb:set package 'ThreeDoFArm_description' build argument 'cmake_clean_cache' from command line to 'False'
[1.165s] Level 5:colcon.colcon_core.verb:set package 'ThreeDoFArm_description' build argument 'cmake_clean_first' from command line to 'False'
[1.165s] Level 5:colcon.colcon_core.verb:set package 'ThreeDoFArm_description' build argument 'cmake_force_configure' from command line to 'False'
[1.165s] Level 5:colcon.colcon_core.verb:set package 'ThreeDoFArm_description' build argument 'ament_cmake_args' from command line to 'None'
[1.165s] Level 5:colcon.colcon_core.verb:set package 'ThreeDoFArm_description' build argument 'catkin_cmake_args' from command line to 'None'
[1.165s] Level 5:colcon.colcon_core.verb:set package 'ThreeDoFArm_description' build argument 'catkin_skip_building_tests' from command line to 'False'
[1.165s] DEBUG:colcon.colcon_core.verb:Building package 'ThreeDoFArm_description' with the following arguments: {'ament_cmake_args': None, 'build_base': '/home/kol/Documents/Robotics/ros_ws/ThreeDoFRobot/build/ThreeDoFArm_description', 'catkin_cmake_args': None, 'catkin_skip_building_tests': False, 'cmake_args': None, 'cmake_clean_cache': False, 'cmake_clean_first': False, 'cmake_force_configure': False, 'cmake_target': None, 'cmake_target_skip_unavailable': False, 'install_base': '/home/kol/Documents/Robotics/ros_ws/ThreeDoFRobot/install/ThreeDoFArm_description', 'merge_install': False, 'path': '/home/kol/Documents/Robotics/ros_ws/ThreeDoFRobot/src/ThreeDoFArm_description', 'symlink_install': True, 'test_result_base': None}
[1.167s] Level 5:colcon.colcon_core.verb:set package 'robotController' build argument 'cmake_args' from command line to 'None'
[1.167s] Level 5:colcon.colcon_core.verb:set package 'robotController' build argument 'cmake_target' from command line to 'None'
[1.167s] Level 5:colcon.colcon_core.verb:set package 'robotController' build argument 'cmake_target_skip_unavailable' from command line to 'False'
[1.167s] Level 5:colcon.colcon_core.verb:set package 'robotController' build argument 'cmake_clean_cache' from command line to 'False'
[1.167s] Level 5:colcon.colcon_core.verb:set package 'robotController' build argument 'cmake_clean_first' from command line to 'False'
[1.167s] Level 5:colcon.colcon_core.verb:set package 'robotController' build argument 'cmake_force_configure' from command line to 'False'
[1.167s] Level 5:colcon.colcon_core.verb:set package 'robotController' build argument 'ament_cmake_args' from command line to 'None'
[1.167s] Level 5:colcon.colcon_core.verb:set package 'robotController' build argument 'catkin_cmake_args' from command line to 'None'
[1.167s] Level 5:colcon.colcon_core.verb:set package 'robotController' build argument 'catkin_skip_building_tests' from command line to 'False'
[1.168s] DEBUG:colcon.colcon_core.verb:Building package 'robotController' with the following arguments: {'ament_cmake_args': None, 'build_base': '/home/kol/Documents/Robotics/ros_ws/ThreeDoFRobot/build/robotController', 'catkin_cmake_args': None, 'catkin_skip_building_tests': False, 'cmake_args': None, 'cmake_clean_cache': False, 'cmake_clean_first': False, 'cmake_force_configure': False, 'cmake_target': None, 'cmake_target_skip_unavailable': False, 'install_base': '/home/kol/Documents/Robotics/ros_ws/ThreeDoFRobot/install/robotController', 'merge_install': False, 'path': '/home/kol/Documents/Robotics/ros_ws/ThreeDoFRobot/src/robotController', 'symlink_install': True, 'test_result_base': None}
[1.168s] INFO:colcon.colcon_core.executor:Executing jobs using 'parallel' executor
[1.170s] DEBUG:colcon.colcon_parallel_executor.executor.parallel:run_until_complete
[1.171s] INFO:colcon.colcon_ros.task.ament_python.build:Building ROS package in '/home/kol/Documents/Robotics/ros_ws/ThreeDoFRobot/src/ThreeDoFArm_description' with build type 'ament_python'
[1.171s] Level 1:colcon.colcon_core.shell:create_environment_hook('ThreeDoFArm_description', 'ament_prefix_path')
[1.177s] INFO:colcon.colcon_core.plugin_system:Skipping extension 'colcon_core.shell.bat': Not used on non-Windows systems
[1.178s] INFO:colcon.colcon_core.shell:Creating environment hook '/home/kol/Documents/Robotics/ros_ws/ThreeDoFRobot/install/ThreeDoFArm_description/share/ThreeDoFArm_description/hook/ament_prefix_path.ps1'
[1.180s] INFO:colcon.colcon_core.shell:Creating environment descriptor '/home/kol/Documents/Robotics/ros_ws/ThreeDoFRobot/install/ThreeDoFArm_description/share/ThreeDoFArm_description/hook/ament_prefix_path.dsv'
[1.181s] INFO:colcon.colcon_core.shell:Creating environment hook '/home/kol/Documents/Robotics/ros_ws/ThreeDoFRobot/install/ThreeDoFArm_description/share/ThreeDoFArm_description/hook/ament_prefix_path.sh'
[1.183s] INFO:colcon.colcon_core.shell:Skip shell extension 'powershell' for command environment: Not usable outside of PowerShell
[1.183s] DEBUG:colcon.colcon_core.shell:Skip shell extension 'dsv' for command environment
[1.192s] INFO:colcon.colcon_ros.task.ament_python.build:Building ROS package in '/home/kol/Documents/Robotics/ros_ws/ThreeDoFRobot/src/robotController' with build type 'ament_python'
[1.192s] Level 1:colcon.colcon_core.shell:create_environment_hook('robotController', 'ament_prefix_path')
[1.193s] INFO:colcon.colcon_core.shell:Creating environment hook '/home/kol/Documents/Robotics/ros_ws/ThreeDoFRobot/install/robotController/share/robotController/hook/ament_prefix_path.ps1'
[1.195s] INFO:colcon.colcon_core.shell:Creating environment descriptor '/home/kol/Documents/Robotics/ros_ws/ThreeDoFRobot/install/robotController/share/robotController/hook/ament_prefix_path.dsv'
[1.197s] INFO:colcon.colcon_core.shell:Creating environment hook '/home/kol/Documents/Robotics/ros_ws/ThreeDoFRobot/install/robotController/share/robotController/hook/ament_prefix_path.sh'
[1.198s] INFO:colcon.colcon_core.shell:Skip shell extension 'powershell' for command environment: Not usable outside of PowerShell
[1.199s] DEBUG:colcon.colcon_core.shell:Skip shell extension 'dsv' for command environment
[2.161s] INFO:colcon.colcon_core.task.python.build:Building Python package in '/home/kol/Documents/Robotics/ros_ws/ThreeDoFRobot/src/ThreeDoFArm_description'
[2.162s] INFO:colcon.colcon_core.shell:Skip shell extension 'powershell' for command environment: Not usable outside of PowerShell
[2.163s] DEBUG:colcon.colcon_core.shell:Skip shell extension 'dsv' for command environment
[3.320s] INFO:colcon.colcon_core.task.python.build:Building Python package in '/home/kol/Documents/Robotics/ros_ws/ThreeDoFRobot/src/robotController'
[3.321s] INFO:colcon.colcon_core.shell:Skip shell extension 'powershell' for command environment: Not usable outside of PowerShell
[3.322s] DEBUG:colcon.colcon_core.shell:Skip shell extension 'dsv' for command environment
[5.130s] DEBUG:colcon.colcon_core.event_handler.log_command:Invoking command in '/home/kol/Documents/Robotics/ros_ws/ThreeDoFRobot/build/ThreeDoFArm_description': PYTHONPATH=/home/kol/Documents/Robotics/ros_ws/ThreeDoFRobot/build/ThreeDoFArm_description/prefix_override:/usr/lib/python3/dist-packages/colcon_core/task/python/colcon_distutils_commands:/home/kol/Documents/Robotics/ros_ws/ThreeDoFRobot/install/ThreeDoFArm_description/lib/python3.10/site-packages:${PYTHONPATH} /usr/bin/python3 -W ignore:setup.py install is deprecated setup.py develop --editable --build-directory /home/kol/Documents/Robotics/ros_ws/ThreeDoFRobot/build/ThreeDoFArm_description/build --no-deps symlink_data
[5.149s] DEBUG:colcon.colcon_core.event_handler.log_command:Invoking command in '/home/kol/Documents/Robotics/ros_ws/ThreeDoFRobot/build/robotController': PYTHONPATH=/home/kol/Documents/Robotics/ros_ws/ThreeDoFRobot/build/robotController/prefix_override:/usr/lib/python3/dist-packages/colcon_core/task/python/colcon_distutils_commands:/home/kol/Documents/Robotics/ros_ws/ThreeDoFRobot/install/robotController/lib/python3.10/site-packages:${PYTHONPATH} /usr/bin/python3 -W ignore:setup.py install is deprecated setup.py develop --editable --build-directory /home/kol/Documents/Robotics/ros_ws/ThreeDoFRobot/build/robotController/build --no-deps symlink_data
[8.472s] Level 1:colcon.colcon_core.shell:create_environment_hook('robotController', 'pythonpath_develop')
[8.475s] INFO:colcon.colcon_core.shell:Creating environment hook '/home/kol/Documents/Robotics/ros_ws/ThreeDoFRobot/build/robotController/share/robotController/hook/pythonpath_develop.ps1'
[8.478s] INFO:colcon.colcon_core.shell:Creating environment descriptor '/home/kol/Documents/Robotics/ros_ws/ThreeDoFRobot/build/robotController/share/robotController/hook/pythonpath_develop.dsv'
[8.480s] INFO:colcon.colcon_core.shell:Creating environment hook '/home/kol/Documents/Robotics/ros_ws/ThreeDoFRobot/build/robotController/share/robotController/hook/pythonpath_develop.sh'
[8.486s] DEBUG:colcon.colcon_core.event_handler.log_command:Invoked command in '/home/kol/Documents/Robotics/ros_ws/ThreeDoFRobot/build/robotController' returned '0': PYTHONPATH=/home/kol/Documents/Robotics/ros_ws/ThreeDoFRobot/build/robotController/prefix_override:/usr/lib/python3/dist-packages/colcon_core/task/python/colcon_distutils_commands:/home/kol/Documents/Robotics/ros_ws/ThreeDoFRobot/install/robotController/lib/python3.10/site-packages:${PYTHONPATH} /usr/bin/python3 -W ignore:setup.py install is deprecated setup.py develop --editable --build-directory /home/kol/Documents/Robotics/ros_ws/ThreeDoFRobot/build/robotController/build --no-deps symlink_data
[8.498s] Level 1:colcon.colcon_core.environment:checking '/home/kol/Documents/Robotics/ros_ws/ThreeDoFRobot/install/robotController' for CMake module files
[8.500s] Level 1:colcon.colcon_core.environment:checking '/home/kol/Documents/Robotics/ros_ws/ThreeDoFRobot/install/robotController' for CMake config files
[8.502s] Level 1:colcon.colcon_core.environment:checking '/home/kol/Documents/Robotics/ros_ws/ThreeDoFRobot/install/robotController/lib'
[8.503s] Level 1:colcon.colcon_core.environment:checking '/home/kol/Documents/Robotics/ros_ws/ThreeDoFRobot/install/robotController/bin'
[8.503s] Level 1:colcon.colcon_core.environment:checking '/home/kol/Documents/Robotics/ros_ws/ThreeDoFRobot/install/robotController/lib/pkgconfig/robotController.pc'
[8.504s] Level 1:colcon.colcon_core.environment:checking '/home/kol/Documents/Robotics/ros_ws/ThreeDoFRobot/install/robotController/lib/python3.10/site-packages'
[8.505s] Level 1:colcon.colcon_core.shell:create_environment_hook('robotController', 'pythonpath')
[8.506s] INFO:colcon.colcon_core.shell:Creating environment hook '/home/kol/Documents/Robotics/ros_ws/ThreeDoFRobot/install/robotController/share/robotController/hook/pythonpath.ps1'
[8.507s] INFO:colcon.colcon_core.shell:Creating environment descriptor '/home/kol/Documents/Robotics/ros_ws/ThreeDoFRobot/install/robotController/share/robotController/hook/pythonpath.dsv'
[8.508s] INFO:colcon.colcon_core.shell:Creating environment hook '/home/kol/Documents/Robotics/ros_ws/ThreeDoFRobot/install/robotController/share/robotController/hook/pythonpath.sh'
[8.510s] Level 1:colcon.colcon_core.environment:checking '/home/kol/Documents/Robotics/ros_ws/ThreeDoFRobot/install/robotController/bin'
[8.511s] Level 1:colcon.colcon_core.environment:create_environment_scripts_only(robotController)
[8.512s] INFO:colcon.colcon_core.shell:Creating package script '/home/kol/Documents/Robotics/ros_ws/ThreeDoFRobot/install/robotController/share/robotController/package.ps1'
[8.519s] INFO:colcon.colcon_core.shell:Creating package descriptor '/home/kol/Documents/Robotics/ros_ws/ThreeDoFRobot/install/robotController/share/robotController/package.dsv'
[8.523s] INFO:colcon.colcon_core.shell:Creating package script '/home/kol/Documents/Robotics/ros_ws/ThreeDoFRobot/install/robotController/share/robotController/package.sh'
[8.528s] INFO:colcon.colcon_core.shell:Creating package script '/home/kol/Documents/Robotics/ros_ws/ThreeDoFRobot/install/robotController/share/robotController/package.bash'
[8.533s] INFO:colcon.colcon_core.shell:Creating package script '/home/kol/Documents/Robotics/ros_ws/ThreeDoFRobot/install/robotController/share/robotController/package.zsh'
[8.553s] Level 1:colcon.colcon_core.environment:create_file_with_runtime_dependencies(/home/kol/Documents/Robotics/ros_ws/ThreeDoFRobot/install/robotController/share/colcon-core/packages/robotController)
[8.605s] Level 1:colcon.colcon_core.shell:create_environment_hook('ThreeDoFArm_description', 'pythonpath_develop')
[8.607s] DEBUG:colcon.colcon_core.event_handler.log_command:Invoked command in '/home/kol/Documents/Robotics/ros_ws/ThreeDoFRobot/build/ThreeDoFArm_description' returned '0': PYTHONPATH=/home/kol/Documents/Robotics/ros_ws/ThreeDoFRobot/build/ThreeDoFArm_description/prefix_override:/usr/lib/python3/dist-packages/colcon_core/task/python/colcon_distutils_commands:/home/kol/Documents/Robotics/ros_ws/ThreeDoFRobot/install/ThreeDoFArm_description/lib/python3.10/site-packages:${PYTHONPATH} /usr/bin/python3 -W ignore:setup.py install is deprecated setup.py develop --editable --build-directory /home/kol/Documents/Robotics/ros_ws/ThreeDoFRobot/build/ThreeDoFArm_description/build --no-deps symlink_data
[8.609s] INFO:colcon.colcon_core.shell:Creating environment hook '/home/kol/Documents/Robotics/ros_ws/ThreeDoFRobot/build/ThreeDoFArm_description/share/ThreeDoFArm_description/hook/pythonpath_develop.ps1'
[8.613s] INFO:colcon.colcon_core.shell:Creating environment descriptor '/home/kol/Documents/Robotics/ros_ws/ThreeDoFRobot/build/ThreeDoFArm_description/share/ThreeDoFArm_description/hook/pythonpath_develop.dsv'
[8.615s] INFO:colcon.colcon_core.shell:Creating environment hook '/home/kol/Documents/Robotics/ros_ws/ThreeDoFRobot/build/ThreeDoFArm_description/share/ThreeDoFArm_description/hook/pythonpath_develop.sh'
[8.618s] Level 1:colcon.colcon_core.environment:checking '/home/kol/Documents/Robotics/ros_ws/ThreeDoFRobot/install/ThreeDoFArm_description' for CMake module files
[8.629s] Level 1:colcon.colcon_core.environment:checking '/home/kol/Documents/Robotics/ros_ws/ThreeDoFRobot/install/ThreeDoFArm_description' for CMake config files
[8.632s] Level 1:colcon.colcon_core.environment:checking '/home/kol/Documents/Robotics/ros_ws/ThreeDoFRobot/install/ThreeDoFArm_description/lib'
[8.633s] Level 1:colcon.colcon_core.environment:checking '/home/kol/Documents/Robotics/ros_ws/ThreeDoFRobot/install/ThreeDoFArm_description/bin'
[8.633s] Level 1:colcon.colcon_core.environment:checking '/home/kol/Documents/Robotics/ros_ws/ThreeDoFRobot/install/ThreeDoFArm_description/lib/pkgconfig/ThreeDoFArm_description.pc'
[8.635s] Level 1:colcon.colcon_core.environment:checking '/home/kol/Documents/Robotics/ros_ws/ThreeDoFRobot/install/ThreeDoFArm_description/lib/python3.10/site-packages'
[8.636s] Level 1:colcon.colcon_core.shell:create_environment_hook('ThreeDoFArm_description', 'pythonpath')
[8.647s] INFO:colcon.colcon_core.shell:Creating environment hook '/home/kol/Documents/Robotics/ros_ws/ThreeDoFRobot/install/ThreeDoFArm_description/share/ThreeDoFArm_description/hook/pythonpath.ps1'
[8.649s] INFO:colcon.colcon_core.shell:Creating environment descriptor '/home/kol/Documents/Robotics/ros_ws/ThreeDoFRobot/install/ThreeDoFArm_description/share/ThreeDoFArm_description/hook/pythonpath.dsv'
[8.651s] INFO:colcon.colcon_core.shell:Creating environment hook '/home/kol/Documents/Robotics/ros_ws/ThreeDoFRobot/install/ThreeDoFArm_description/share/ThreeDoFArm_description/hook/pythonpath.sh'
[8.656s] Level 1:colcon.colcon_core.environment:checking '/home/kol/Documents/Robotics/ros_ws/ThreeDoFRobot/install/ThreeDoFArm_description/bin'
[8.656s] Level 1:colcon.colcon_core.environment:create_environment_scripts_only(ThreeDoFArm_description)
[8.659s] INFO:colcon.colcon_core.shell:Creating package script '/home/kol/Documents/Robotics/ros_ws/ThreeDoFRobot/install/ThreeDoFArm_description/share/ThreeDoFArm_description/package.ps1'
[8.662s] INFO:colcon.colcon_core.shell:Creating package descriptor '/home/kol/Documents/Robotics/ros_ws/ThreeDoFRobot/install/ThreeDoFArm_description/share/ThreeDoFArm_description/package.dsv'
[8.665s] INFO:colcon.colcon_core.shell:Creating package script '/home/kol/Documents/Robotics/ros_ws/ThreeDoFRobot/install/ThreeDoFArm_description/share/ThreeDoFArm_description/package.sh'
[8.668s] INFO:colcon.colcon_core.shell:Creating package script '/home/kol/Documents/Robotics/ros_ws/ThreeDoFRobot/install/ThreeDoFArm_description/share/ThreeDoFArm_description/package.bash'
[8.670s] INFO:colcon.colcon_core.shell:Creating package script '/home/kol/Documents/Robotics/ros_ws/ThreeDoFRobot/install/ThreeDoFArm_description/share/ThreeDoFArm_description/package.zsh'
[8.678s] Level 1:colcon.colcon_core.environment:create_file_with_runtime_dependencies(/home/kol/Documents/Robotics/ros_ws/ThreeDoFRobot/install/ThreeDoFArm_description/share/colcon-core/packages/ThreeDoFArm_description)
[8.687s] DEBUG:colcon.colcon_parallel_executor.executor.parallel:closing loop
[8.689s] DEBUG:colcon.colcon_parallel_executor.executor.parallel:loop closed
[8.689s] DEBUG:colcon.colcon_parallel_executor.executor.parallel:run_until_complete finished with '0'
[8.689s] DEBUG:colcon.colcon_core.event_reactor:joining thread
[8.731s] INFO:colcon.colcon_core.plugin_system:Skipping extension 'colcon_notification.desktop_notification.terminal_notifier': Not used on non-Darwin systems
[8.731s] INFO:colcon.colcon_core.plugin_system:Skipping extension 'colcon_notification.desktop_notification.win32': Not used on non-Windows systems
[8.732s] INFO:colcon.colcon_notification.desktop_notification:Sending desktop notification using 'notify2'
[8.813s] DEBUG:colcon.colcon_core.event_reactor:joined thread
[8.815s] INFO:colcon.colcon_core.shell:Creating prefix script '/home/kol/Documents/Robotics/ros_ws/ThreeDoFRobot/install/local_setup.ps1'
[8.821s] INFO:colcon.colcon_core.shell:Creating prefix util module '/home/kol/Documents/Robotics/ros_ws/ThreeDoFRobot/install/_local_setup_util_ps1.py'
[8.835s] INFO:colcon.colcon_core.shell:Creating prefix chain script '/home/kol/Documents/Robotics/ros_ws/ThreeDoFRobot/install/setup.ps1'
[8.840s] INFO:colcon.colcon_core.shell:Creating prefix script '/home/kol/Documents/Robotics/ros_ws/ThreeDoFRobot/install/local_setup.sh'
[8.848s] INFO:colcon.colcon_core.shell:Creating prefix util module '/home/kol/Documents/Robotics/ros_ws/ThreeDoFRobot/install/_local_setup_util_sh.py'
[8.851s] INFO:colcon.colcon_core.shell:Creating prefix chain script '/home/kol/Documents/Robotics/ros_ws/ThreeDoFRobot/install/setup.sh'
[8.857s] INFO:colcon.colcon_core.shell:Creating prefix script '/home/kol/Documents/Robotics/ros_ws/ThreeDoFRobot/install/local_setup.bash'
[8.867s] INFO:colcon.colcon_core.shell:Creating prefix chain script '/home/kol/Documents/Robotics/ros_ws/ThreeDoFRobot/install/setup.bash'
[8.872s] INFO:colcon.colcon_core.shell:Creating prefix script '/home/kol/Documents/Robotics/ros_ws/ThreeDoFRobot/install/local_setup.zsh'
[8.875s] INFO:colcon.colcon_core.shell:Creating prefix chain script '/home/kol/Documents/Robotics/ros_ws/ThreeDoFRobot/install/setup.zsh'
