[0.365s] DEBUG:colcon:Command line arguments: ['/usr/bin/colcon', 'build', '--symlink-install']
[0.365s] DEBUG:colcon:Parsed command line arguments: Namespace(log_base=None, log_level=None, verb_name='build', build_base='build', install_base='install', merge_install=False, symlink_install=True, test_result_base=None, continue_on_error=False, executor='parallel', parallel_workers=4, event_handlers=None, ignore_user_meta=False, metas=['./colcon.meta'], base_paths=['.'], packages_ignore=None, packages_ignore_regex=None, paths=None, packages_up_to=None, packages_up_to_regex=None, packages_above=None, packages_above_and_dependencies=None, packages_above_depth=None, packages_select_by_dep=None, packages_skip_by_dep=None, packages_skip_up_to=None, packages_select_build_failed=False, packages_skip_build_finished=False, packages_select_test_failures=False, packages_skip_test_passed=False, packages_select=None, packages_skip=None, packages_select_regex=None, packages_skip_regex=None, packages_start=None, packages_end=None, allow_overriding=[], cmake_args=None, cmake_target=None, cmake_target_skip_unavailable=False, cmake_clean_cache=False, cmake_clean_first=False, cmake_force_configure=False, ament_cmake_args=None, catkin_cmake_args=None, catkin_skip_building_tests=False, mixin_files=None, mixin=None, verb_parser=<colcon_mixin.mixin.mixin_argument.MixinArgumentDecorator object at 0x7bb998faf160>, verb_extension=<colcon_core.verb.build.BuildVerb object at 0x7bb999164af0>, main=<bound method BuildVerb.main of <colcon_core.verb.build.BuildVerb object at 0x7bb999164af0>>, mixin_verb=('build',))
[0.893s] Level 1:colcon.colcon_core.package_discovery:discover_packages(colcon_meta) check parameters
[0.894s] Level 1:colcon.colcon_core.package_discovery:discover_packages(recursive) check parameters
[0.900s] Level 1:colcon.colcon_core.package_discovery:discover_packages(ignore) check parameters
[0.900s] Level 1:colcon.colcon_core.package_discovery:discover_packages(path) check parameters
[0.900s] Level 1:colcon.colcon_core.package_discovery:discover_packages(colcon_meta) discover
[0.901s] Level 1:colcon.colcon_core.package_discovery:discover_packages(recursive) discover
[0.901s] INFO:colcon.colcon_core.package_discovery:Crawling recursively for packages in '/home/kol/Documents/Robotics/ros_ws/three_dof_robot_ws'
[0.902s] Level 1:colcon.colcon_core.package_identification:_identify(.) by extensions ['ignore', 'ignore_ament_install']
[0.902s] Level 1:colcon.colcon_core.package_identification:_identify(.) by extension 'ignore'
[0.902s] Level 1:colcon.colcon_core.package_identification:_identify(.) by extension 'ignore_ament_install'
[0.903s] Level 1:colcon.colcon_core.package_identification:_identify(.) by extensions ['colcon_pkg']
[0.903s] Level 1:colcon.colcon_core.package_identification:_identify(.) by extension 'colcon_pkg'
[0.903s] Level 1:colcon.colcon_core.package_identification:_identify(.) by extensions ['colcon_meta']
[0.903s] Level 1:colcon.colcon_core.package_identification:_identify(.) by extension 'colcon_meta'
[0.904s] Level 1:colcon.colcon_core.package_identification:_identify(.) by extensions ['ros']
[0.904s] Level 1:colcon.colcon_core.package_identification:_identify(.) by extension 'ros'
[0.939s] Level 1:colcon.colcon_core.package_identification:_identify(.) by extensions ['cmake', 'python']
[0.939s] Level 1:colcon.colcon_core.package_identification:_identify(.) by extension 'cmake'
[0.940s] Level 1:colcon.colcon_core.package_identification:_identify(.) by extension 'python'
[0.940s] Level 1:colcon.colcon_core.package_identification:_identify(.) by extensions ['python_setup_py']
[0.940s] Level 1:colcon.colcon_core.package_identification:_identify(.) by extension 'python_setup_py'
[0.940s] Level 1:colcon.colcon_core.package_identification:_identify(build) by extensions ['ignore', 'ignore_ament_install']
[0.941s] Level 1:colcon.colcon_core.package_identification:_identify(build) by extension 'ignore'
[0.941s] Level 1:colcon.colcon_core.package_identification:_identify(build) ignored
[0.941s] Level 1:colcon.colcon_core.package_identification:_identify(install) by extensions ['ignore', 'ignore_ament_install']
[0.942s] Level 1:colcon.colcon_core.package_identification:_identify(install) by extension 'ignore'
[0.942s] Level 1:colcon.colcon_core.package_identification:_identify(install) ignored
[0.942s] Level 1:colcon.colcon_core.package_identification:_identify(log) by extensions ['ignore', 'ignore_ament_install']
[0.942s] Level 1:colcon.colcon_core.package_identification:_identify(log) by extension 'ignore'
[0.943s] Level 1:colcon.colcon_core.package_identification:_identify(log) ignored
[0.943s] Level 1:colcon.colcon_core.package_identification:_identify(src) by extensions ['ignore', 'ignore_ament_install']
[0.943s] Level 1:colcon.colcon_core.package_identification:_identify(src) by extension 'ignore'
[0.944s] Level 1:colcon.colcon_core.package_identification:_identify(src) by extension 'ignore_ament_install'
[0.944s] Level 1:colcon.colcon_core.package_identification:_identify(src) by extensions ['colcon_pkg']
[0.944s] Level 1:colcon.colcon_core.package_identification:_identify(src) by extension 'colcon_pkg'
[0.944s] Level 1:colcon.colcon_core.package_identification:_identify(src) by extensions ['colcon_meta']
[0.944s] Level 1:colcon.colcon_core.package_identification:_identify(src) by extension 'colcon_meta'
[0.945s] Level 1:colcon.colcon_core.package_identification:_identify(src) by extensions ['ros']
[0.945s] Level 1:colcon.colcon_core.package_identification:_identify(src) by extension 'ros'
[0.945s] Level 1:colcon.colcon_core.package_identification:_identify(src) by extensions ['cmake', 'python']
[0.945s] Level 1:colcon.colcon_core.package_identification:_identify(src) by extension 'cmake'
[0.946s] Level 1:colcon.colcon_core.package_identification:_identify(src) by extension 'python'
[0.946s] Level 1:colcon.colcon_core.package_identification:_identify(src) by extensions ['python_setup_py']
[0.946s] Level 1:colcon.colcon_core.package_identification:_identify(src) by extension 'python_setup_py'
[0.946s] Level 1:colcon.colcon_core.package_identification:_identify(src/welder_description) by extensions ['ignore', 'ignore_ament_install']
[0.947s] Level 1:colcon.colcon_core.package_identification:_identify(src/welder_description) by extension 'ignore'
[0.947s] Level 1:colcon.colcon_core.package_identification:_identify(src/welder_description) by extension 'ignore_ament_install'
[0.947s] Level 1:colcon.colcon_core.package_identification:_identify(src/welder_description) by extensions ['colcon_pkg']
[0.947s] Level 1:colcon.colcon_core.package_identification:_identify(src/welder_description) by extension 'colcon_pkg'
[0.947s] Level 1:colcon.colcon_core.package_identification:_identify(src/welder_description) by extensions ['colcon_meta']
[0.947s] Level 1:colcon.colcon_core.package_identification:_identify(src/welder_description) by extension 'colcon_meta'
[0.948s] Level 1:colcon.colcon_core.package_identification:_identify(src/welder_description) by extensions ['ros']
[0.948s] Level 1:colcon.colcon_core.package_identification:_identify(src/welder_description) by extension 'ros'
[0.957s] DEBUG:colcon.colcon_core.package_identification:Package 'src/welder_description' with type 'ros.ament_python' and name 'welder_description'
[0.957s] Level 1:colcon.colcon_core.package_discovery:discover_packages(recursive) using defaults
[0.957s] Level 1:colcon.colcon_core.package_discovery:discover_packages(ignore) discover
[0.957s] Level 1:colcon.colcon_core.package_discovery:discover_packages(ignore) using defaults
[0.957s] Level 1:colcon.colcon_core.package_discovery:discover_packages(path) discover
[0.957s] Level 1:colcon.colcon_core.package_discovery:discover_packages(path) using defaults
[1.019s] Level 1:colcon.colcon_core.package_discovery:discover_packages(prefix_path) check parameters
[1.020s] Level 1:colcon.colcon_core.package_discovery:discover_packages(prefix_path) discover
[1.024s] DEBUG:colcon.colcon_installed_package_information.package_discovery:Found 1 installed packages in /home/kol/Documents/Robotics/ros_ws/three_dof_robot_ws/install
[1.030s] DEBUG:colcon.colcon_installed_package_information.package_discovery:Found 390 installed packages in /opt/ros/humble
[1.035s] Level 1:colcon.colcon_core.package_discovery:discover_packages(prefix_path) using defaults
[1.210s] Level 5:colcon.colcon_core.verb:set package 'welder_description' build argument 'cmake_args' from command line to 'None'
[1.210s] Level 5:colcon.colcon_core.verb:set package 'welder_description' build argument 'cmake_target' from command line to 'None'
[1.210s] Level 5:colcon.colcon_core.verb:set package 'welder_description' build argument 'cmake_target_skip_unavailable' from command line to 'False'
[1.210s] Level 5:colcon.colcon_core.verb:set package 'welder_description' build argument 'cmake_clean_cache' from command line to 'False'
[1.210s] Level 5:colcon.colcon_core.verb:set package 'welder_description' build argument 'cmake_clean_first' from command line to 'False'
[1.210s] Level 5:colcon.colcon_core.verb:set package 'welder_description' build argument 'cmake_force_configure' from command line to 'False'
[1.210s] Level 5:colcon.colcon_core.verb:set package 'welder_description' build argument 'ament_cmake_args' from command line to 'None'
[1.210s] Level 5:colcon.colcon_core.verb:set package 'welder_description' build argument 'catkin_cmake_args' from command line to 'None'
[1.211s] Level 5:colcon.colcon_core.verb:set package 'welder_description' build argument 'catkin_skip_building_tests' from command line to 'False'
[1.211s] DEBUG:colcon.colcon_core.verb:Building package 'welder_description' with the following arguments: {'ament_cmake_args': None, 'build_base': '/home/kol/Documents/Robotics/ros_ws/three_dof_robot_ws/build/welder_description', 'catkin_cmake_args': None, 'catkin_skip_building_tests': False, 'cmake_args': None, 'cmake_clean_cache': False, 'cmake_clean_first': False, 'cmake_force_configure': False, 'cmake_target': None, 'cmake_target_skip_unavailable': False, 'install_base': '/home/kol/Documents/Robotics/ros_ws/three_dof_robot_ws/install/welder_description', 'merge_install': False, 'path': '/home/kol/Documents/Robotics/ros_ws/three_dof_robot_ws/src/welder_description', 'symlink_install': True, 'test_result_base': None}
[1.211s] INFO:colcon.colcon_core.executor:Executing jobs using 'parallel' executor
[1.213s] DEBUG:colcon.colcon_parallel_executor.executor.parallel:run_until_complete
[1.214s] INFO:colcon.colcon_ros.task.ament_python.build:Building ROS package in '/home/kol/Documents/Robotics/ros_ws/three_dof_robot_ws/src/welder_description' with build type 'ament_python'
[1.214s] Level 1:colcon.colcon_core.shell:create_environment_hook('welder_description', 'ament_prefix_path')
[1.220s] INFO:colcon.colcon_core.plugin_system:Skipping extension 'colcon_core.shell.bat': Not used on non-Windows systems
[1.221s] INFO:colcon.colcon_core.shell:Creating environment hook '/home/kol/Documents/Robotics/ros_ws/three_dof_robot_ws/install/welder_description/share/welder_description/hook/ament_prefix_path.ps1'
[1.222s] INFO:colcon.colcon_core.shell:Creating environment descriptor '/home/kol/Documents/Robotics/ros_ws/three_dof_robot_ws/install/welder_description/share/welder_description/hook/ament_prefix_path.dsv'
[1.223s] INFO:colcon.colcon_core.shell:Creating environment hook '/home/kol/Documents/Robotics/ros_ws/three_dof_robot_ws/install/welder_description/share/welder_description/hook/ament_prefix_path.sh'
[1.225s] INFO:colcon.colcon_core.shell:Skip shell extension 'powershell' for command environment: Not usable outside of PowerShell
[1.225s] DEBUG:colcon.colcon_core.shell:Skip shell extension 'dsv' for command environment
[2.206s] INFO:colcon.colcon_core.task.python.build:Building Python package in '/home/kol/Documents/Robotics/ros_ws/three_dof_robot_ws/src/welder_description'
[2.207s] INFO:colcon.colcon_core.shell:Skip shell extension 'powershell' for command environment: Not usable outside of PowerShell
[2.207s] DEBUG:colcon.colcon_core.shell:Skip shell extension 'dsv' for command environment
[3.882s] DEBUG:colcon.colcon_core.event_handler.log_command:Invoking command in '/home/kol/Documents/Robotics/ros_ws/three_dof_robot_ws/build/welder_description': PYTHONPATH=/home/kol/Documents/Robotics/ros_ws/three_dof_robot_ws/build/welder_description/prefix_override:/usr/lib/python3/dist-packages/colcon_core/task/python/colcon_distutils_commands:/home/kol/Documents/Robotics/ros_ws/three_dof_robot_ws/install/welder_description/lib/python3.10/site-packages:${PYTHONPATH} /usr/bin/python3 -W ignore:setup.py install is deprecated setup.py develop --editable --build-directory /home/kol/Documents/Robotics/ros_ws/three_dof_robot_ws/build/welder_description/build --no-deps symlink_data
[6.546s] Level 1:colcon.colcon_core.shell:create_environment_hook('welder_description', 'pythonpath_develop')
[6.548s] INFO:colcon.colcon_core.shell:Creating environment hook '/home/kol/Documents/Robotics/ros_ws/three_dof_robot_ws/build/welder_description/share/welder_description/hook/pythonpath_develop.ps1'
[6.550s] DEBUG:colcon.colcon_core.event_handler.log_command:Invoked command in '/home/kol/Documents/Robotics/ros_ws/three_dof_robot_ws/build/welder_description' returned '0': PYTHONPATH=/home/kol/Documents/Robotics/ros_ws/three_dof_robot_ws/build/welder_description/prefix_override:/usr/lib/python3/dist-packages/colcon_core/task/python/colcon_distutils_commands:/home/kol/Documents/Robotics/ros_ws/three_dof_robot_ws/install/welder_description/lib/python3.10/site-packages:${PYTHONPATH} /usr/bin/python3 -W ignore:setup.py install is deprecated setup.py develop --editable --build-directory /home/kol/Documents/Robotics/ros_ws/three_dof_robot_ws/build/welder_description/build --no-deps symlink_data
[6.552s] INFO:colcon.colcon_core.shell:Creating environment descriptor '/home/kol/Documents/Robotics/ros_ws/three_dof_robot_ws/build/welder_description/share/welder_description/hook/pythonpath_develop.dsv'
[6.554s] INFO:colcon.colcon_core.shell:Creating environment hook '/home/kol/Documents/Robotics/ros_ws/three_dof_robot_ws/build/welder_description/share/welder_description/hook/pythonpath_develop.sh'
[6.566s] Level 1:colcon.colcon_core.environment:checking '/home/kol/Documents/Robotics/ros_ws/three_dof_robot_ws/install/welder_description' for CMake module files
[6.569s] Level 1:colcon.colcon_core.environment:checking '/home/kol/Documents/Robotics/ros_ws/three_dof_robot_ws/install/welder_description' for CMake config files
[6.573s] Level 1:colcon.colcon_core.environment:checking '/home/kol/Documents/Robotics/ros_ws/three_dof_robot_ws/install/welder_description/lib'
[6.574s] Level 1:colcon.colcon_core.environment:checking '/home/kol/Documents/Robotics/ros_ws/three_dof_robot_ws/install/welder_description/bin'
[6.575s] Level 1:colcon.colcon_core.environment:checking '/home/kol/Documents/Robotics/ros_ws/three_dof_robot_ws/install/welder_description/lib/pkgconfig/welder_description.pc'
[6.576s] Level 1:colcon.colcon_core.environment:checking '/home/kol/Documents/Robotics/ros_ws/three_dof_robot_ws/install/welder_description/lib/python3.10/site-packages'
[6.577s] Level 1:colcon.colcon_core.shell:create_environment_hook('welder_description', 'pythonpath')
[6.579s] INFO:colcon.colcon_core.shell:Creating environment hook '/home/kol/Documents/Robotics/ros_ws/three_dof_robot_ws/install/welder_description/share/welder_description/hook/pythonpath.ps1'
[6.581s] INFO:colcon.colcon_core.shell:Creating environment descriptor '/home/kol/Documents/Robotics/ros_ws/three_dof_robot_ws/install/welder_description/share/welder_description/hook/pythonpath.dsv'
[6.583s] INFO:colcon.colcon_core.shell:Creating environment hook '/home/kol/Documents/Robotics/ros_ws/three_dof_robot_ws/install/welder_description/share/welder_description/hook/pythonpath.sh'
[6.587s] Level 1:colcon.colcon_core.environment:checking '/home/kol/Documents/Robotics/ros_ws/three_dof_robot_ws/install/welder_description/bin'
[6.587s] Level 1:colcon.colcon_core.environment:create_environment_scripts_only(welder_description)
[6.590s] INFO:colcon.colcon_core.shell:Creating package script '/home/kol/Documents/Robotics/ros_ws/three_dof_robot_ws/install/welder_description/share/welder_description/package.ps1'
[6.595s] INFO:colcon.colcon_core.shell:Creating package descriptor '/home/kol/Documents/Robotics/ros_ws/three_dof_robot_ws/install/welder_description/share/welder_description/package.dsv'
[6.598s] INFO:colcon.colcon_core.shell:Creating package script '/home/kol/Documents/Robotics/ros_ws/three_dof_robot_ws/install/welder_description/share/welder_description/package.sh'
[6.603s] INFO:colcon.colcon_core.shell:Creating package script '/home/kol/Documents/Robotics/ros_ws/three_dof_robot_ws/install/welder_description/share/welder_description/package.bash'
[6.607s] INFO:colcon.colcon_core.shell:Creating package script '/home/kol/Documents/Robotics/ros_ws/three_dof_robot_ws/install/welder_description/share/welder_description/package.zsh'
[6.610s] Level 1:colcon.colcon_core.environment:create_file_with_runtime_dependencies(/home/kol/Documents/Robotics/ros_ws/three_dof_robot_ws/install/welder_description/share/colcon-core/packages/welder_description)
[6.612s] DEBUG:colcon.colcon_parallel_executor.executor.parallel:closing loop
[6.614s] DEBUG:colcon.colcon_parallel_executor.executor.parallel:loop closed
[6.615s] DEBUG:colcon.colcon_parallel_executor.executor.parallel:run_until_complete finished with '0'
[6.616s] DEBUG:colcon.colcon_core.event_reactor:joining thread
[6.643s] INFO:colcon.colcon_core.plugin_system:Skipping extension 'colcon_notification.desktop_notification.terminal_notifier': Not used on non-Darwin systems
[6.644s] INFO:colcon.colcon_core.plugin_system:Skipping extension 'colcon_notification.desktop_notification.win32': Not used on non-Windows systems
[6.644s] INFO:colcon.colcon_notification.desktop_notification:Sending desktop notification using 'notify2'
[6.696s] DEBUG:colcon.colcon_core.event_reactor:joined thread
[6.698s] INFO:colcon.colcon_core.shell:Creating prefix script '/home/kol/Documents/Robotics/ros_ws/three_dof_robot_ws/install/local_setup.ps1'
[6.702s] INFO:colcon.colcon_core.shell:Creating prefix util module '/home/kol/Documents/Robotics/ros_ws/three_dof_robot_ws/install/_local_setup_util_ps1.py'
[6.709s] INFO:colcon.colcon_core.shell:Creating prefix chain script '/home/kol/Documents/Robotics/ros_ws/three_dof_robot_ws/install/setup.ps1'
[6.714s] INFO:colcon.colcon_core.shell:Creating prefix script '/home/kol/Documents/Robotics/ros_ws/three_dof_robot_ws/install/local_setup.sh'
[6.717s] INFO:colcon.colcon_core.shell:Creating prefix util module '/home/kol/Documents/Robotics/ros_ws/three_dof_robot_ws/install/_local_setup_util_sh.py'
[6.720s] INFO:colcon.colcon_core.shell:Creating prefix chain script '/home/kol/Documents/Robotics/ros_ws/three_dof_robot_ws/install/setup.sh'
[6.726s] INFO:colcon.colcon_core.shell:Creating prefix script '/home/kol/Documents/Robotics/ros_ws/three_dof_robot_ws/install/local_setup.bash'
[6.729s] INFO:colcon.colcon_core.shell:Creating prefix chain script '/home/kol/Documents/Robotics/ros_ws/three_dof_robot_ws/install/setup.bash'
[6.736s] INFO:colcon.colcon_core.shell:Creating prefix script '/home/kol/Documents/Robotics/ros_ws/three_dof_robot_ws/install/local_setup.zsh'
[6.739s] INFO:colcon.colcon_core.shell:Creating prefix chain script '/home/kol/Documents/Robotics/ros_ws/three_dof_robot_ws/install/setup.zsh'
