[0.383s] DEBUG:colcon:Command line arguments: ['/usr/bin/colcon', 'build', '--symlink-install']
[0.384s] DEBUG:colcon:Parsed command line arguments: Namespace(log_base=None, log_level=None, verb_name='build', build_base='build', install_base='install', merge_install=False, symlink_install=True, test_result_base=None, continue_on_error=False, executor='parallel', parallel_workers=4, event_handlers=None, ignore_user_meta=False, metas=['./colcon.meta'], base_paths=['.'], packages_ignore=None, packages_ignore_regex=None, paths=None, packages_up_to=None, packages_up_to_regex=None, packages_above=None, packages_above_and_dependencies=None, packages_above_depth=None, packages_select_by_dep=None, packages_skip_by_dep=None, packages_skip_up_to=None, packages_select_build_failed=False, packages_skip_build_finished=False, packages_select_test_failures=False, packages_skip_test_passed=False, packages_select=None, packages_skip=None, packages_select_regex=None, packages_skip_regex=None, packages_start=None, packages_end=None, allow_overriding=[], cmake_args=None, cmake_target=None, cmake_target_skip_unavailable=False, cmake_clean_cache=False, cmake_clean_first=False, cmake_force_configure=False, ament_cmake_args=None, catkin_cmake_args=None, catkin_skip_building_tests=False, verb_parser=<colcon_defaults.argument_parser.defaults.DefaultArgumentsDecorator object at 0x76fd006f8ca0>, verb_extension=<colcon_core.verb.build.BuildVerb object at 0x76fd00866560>, main=<bound method BuildVerb.main of <colcon_core.verb.build.BuildVerb object at 0x76fd00866560>>)
[0.921s] Level 1:colcon.colcon_core.package_discovery:discover_packages(colcon_meta) check parameters
[0.922s] Level 1:colcon.colcon_core.package_discovery:discover_packages(recursive) check parameters
[0.922s] Level 1:colcon.colcon_core.package_discovery:discover_packages(ignore) check parameters
[0.922s] Level 1:colcon.colcon_core.package_discovery:discover_packages(path) check parameters
[0.922s] Level 1:colcon.colcon_core.package_discovery:discover_packages(colcon_meta) discover
[0.922s] Level 1:colcon.colcon_core.package_discovery:discover_packages(recursive) discover
[0.922s] INFO:colcon.colcon_core.package_discovery:Crawling recursively for packages in '/home/kol/Documents/Robotics/ros_ws/four_wheel_cad_bot'
[0.923s] Level 1:colcon.colcon_core.package_identification:_identify(.) by extensions ['ignore', 'ignore_ament_install']
[0.923s] Level 1:colcon.colcon_core.package_identification:_identify(.) by extension 'ignore'
[0.923s] Level 1:colcon.colcon_core.package_identification:_identify(.) by extension 'ignore_ament_install'
[0.923s] Level 1:colcon.colcon_core.package_identification:_identify(.) by extensions ['colcon_pkg']
[0.923s] Level 1:colcon.colcon_core.package_identification:_identify(.) by extension 'colcon_pkg'
[0.923s] Level 1:colcon.colcon_core.package_identification:_identify(.) by extensions ['colcon_meta']
[0.924s] Level 1:colcon.colcon_core.package_identification:_identify(.) by extension 'colcon_meta'
[0.924s] Level 1:colcon.colcon_core.package_identification:_identify(.) by extensions ['ros']
[0.924s] Level 1:colcon.colcon_core.package_identification:_identify(.) by extension 'ros'
[0.956s] Level 1:colcon.colcon_core.package_identification:_identify(.) by extensions ['cmake', 'python']
[0.956s] Level 1:colcon.colcon_core.package_identification:_identify(.) by extension 'cmake'
[0.956s] Level 1:colcon.colcon_core.package_identification:_identify(.) by extension 'python'
[0.956s] Level 1:colcon.colcon_core.package_identification:_identify(.) by extensions ['python_setup_py']
[0.956s] Level 1:colcon.colcon_core.package_identification:_identify(.) by extension 'python_setup_py'
[0.957s] Level 1:colcon.colcon_core.package_identification:_identify(build) by extensions ['ignore', 'ignore_ament_install']
[0.957s] Level 1:colcon.colcon_core.package_identification:_identify(build) by extension 'ignore'
[0.957s] Level 1:colcon.colcon_core.package_identification:_identify(build) ignored
[0.958s] Level 1:colcon.colcon_core.package_identification:_identify(install) by extensions ['ignore', 'ignore_ament_install']
[0.958s] Level 1:colcon.colcon_core.package_identification:_identify(install) by extension 'ignore'
[0.958s] Level 1:colcon.colcon_core.package_identification:_identify(install) ignored
[0.958s] Level 1:colcon.colcon_core.package_identification:_identify(log) by extensions ['ignore', 'ignore_ament_install']
[0.959s] Level 1:colcon.colcon_core.package_identification:_identify(log) by extension 'ignore'
[0.959s] Level 1:colcon.colcon_core.package_identification:_identify(log) ignored
[0.959s] Level 1:colcon.colcon_core.package_identification:_identify(src) by extensions ['ignore', 'ignore_ament_install']
[0.959s] Level 1:colcon.colcon_core.package_identification:_identify(src) by extension 'ignore'
[0.959s] Level 1:colcon.colcon_core.package_identification:_identify(src) by extension 'ignore_ament_install'
[0.960s] Level 1:colcon.colcon_core.package_identification:_identify(src) by extensions ['colcon_pkg']
[0.960s] Level 1:colcon.colcon_core.package_identification:_identify(src) by extension 'colcon_pkg'
[0.960s] Level 1:colcon.colcon_core.package_identification:_identify(src) by extensions ['colcon_meta']
[0.960s] Level 1:colcon.colcon_core.package_identification:_identify(src) by extension 'colcon_meta'
[0.960s] Level 1:colcon.colcon_core.package_identification:_identify(src) by extensions ['ros']
[0.960s] Level 1:colcon.colcon_core.package_identification:_identify(src) by extension 'ros'
[0.960s] Level 1:colcon.colcon_core.package_identification:_identify(src) by extensions ['cmake', 'python']
[0.960s] Level 1:colcon.colcon_core.package_identification:_identify(src) by extension 'cmake'
[0.961s] Level 1:colcon.colcon_core.package_identification:_identify(src) by extension 'python'
[0.961s] Level 1:colcon.colcon_core.package_identification:_identify(src) by extensions ['python_setup_py']
[0.961s] Level 1:colcon.colcon_core.package_identification:_identify(src) by extension 'python_setup_py'
[0.961s] Level 1:colcon.colcon_core.package_identification:_identify(src/bot_control) by extensions ['ignore', 'ignore_ament_install']
[0.961s] Level 1:colcon.colcon_core.package_identification:_identify(src/bot_control) by extension 'ignore'
[0.962s] Level 1:colcon.colcon_core.package_identification:_identify(src/bot_control) by extension 'ignore_ament_install'
[0.962s] Level 1:colcon.colcon_core.package_identification:_identify(src/bot_control) by extensions ['colcon_pkg']
[0.962s] Level 1:colcon.colcon_core.package_identification:_identify(src/bot_control) by extension 'colcon_pkg'
[0.962s] Level 1:colcon.colcon_core.package_identification:_identify(src/bot_control) by extensions ['colcon_meta']
[0.962s] Level 1:colcon.colcon_core.package_identification:_identify(src/bot_control) by extension 'colcon_meta'
[0.962s] Level 1:colcon.colcon_core.package_identification:_identify(src/bot_control) by extensions ['ros']
[0.962s] Level 1:colcon.colcon_core.package_identification:_identify(src/bot_control) by extension 'ros'
[0.970s] DEBUG:colcon.colcon_core.package_identification:Package 'src/bot_control' with type 'ros.ament_python' and name 'bot_control'
[0.970s] Level 1:colcon.colcon_core.package_identification:_identify(src/four_wheel_bot_description) by extensions ['ignore', 'ignore_ament_install']
[0.971s] Level 1:colcon.colcon_core.package_identification:_identify(src/four_wheel_bot_description) by extension 'ignore'
[0.971s] Level 1:colcon.colcon_core.package_identification:_identify(src/four_wheel_bot_description) by extension 'ignore_ament_install'
[0.971s] Level 1:colcon.colcon_core.package_identification:_identify(src/four_wheel_bot_description) by extensions ['colcon_pkg']
[0.971s] Level 1:colcon.colcon_core.package_identification:_identify(src/four_wheel_bot_description) by extension 'colcon_pkg'
[0.972s] Level 1:colcon.colcon_core.package_identification:_identify(src/four_wheel_bot_description) by extensions ['colcon_meta']
[0.972s] Level 1:colcon.colcon_core.package_identification:_identify(src/four_wheel_bot_description) by extension 'colcon_meta'
[0.972s] Level 1:colcon.colcon_core.package_identification:_identify(src/four_wheel_bot_description) by extensions ['ros']
[0.972s] Level 1:colcon.colcon_core.package_identification:_identify(src/four_wheel_bot_description) by extension 'ros'
[0.975s] DEBUG:colcon.colcon_core.package_identification:Package 'src/four_wheel_bot_description' with type 'ros.ament_python' and name 'four_wheel_bot_description'
[0.975s] Level 1:colcon.colcon_core.package_discovery:discover_packages(recursive) using defaults
[0.975s] Level 1:colcon.colcon_core.package_discovery:discover_packages(ignore) discover
[0.975s] Level 1:colcon.colcon_core.package_discovery:discover_packages(ignore) using defaults
[0.975s] Level 1:colcon.colcon_core.package_discovery:discover_packages(path) discover
[0.975s] Level 1:colcon.colcon_core.package_discovery:discover_packages(path) using defaults
[1.041s] Level 1:colcon.colcon_core.package_discovery:discover_packages(prefix_path) check parameters
[1.041s] Level 1:colcon.colcon_core.package_discovery:discover_packages(prefix_path) discover
[1.046s] DEBUG:colcon.colcon_installed_package_information.package_discovery:Found 1 installed packages in /home/kol/Documents/Robotics/ros_ws/four_wheel_cad_bot/install
[1.051s] DEBUG:colcon.colcon_installed_package_information.package_discovery:Found 357 installed packages in /opt/ros/humble
[1.056s] Level 1:colcon.colcon_core.package_discovery:discover_packages(prefix_path) using defaults
[1.227s] Level 5:colcon.colcon_core.verb:set package 'bot_control' build argument 'cmake_args' from command line to 'None'
[1.227s] Level 5:colcon.colcon_core.verb:set package 'bot_control' build argument 'cmake_target' from command line to 'None'
[1.227s] Level 5:colcon.colcon_core.verb:set package 'bot_control' build argument 'cmake_target_skip_unavailable' from command line to 'False'
[1.228s] Level 5:colcon.colcon_core.verb:set package 'bot_control' build argument 'cmake_clean_cache' from command line to 'False'
[1.228s] Level 5:colcon.colcon_core.verb:set package 'bot_control' build argument 'cmake_clean_first' from command line to 'False'
[1.228s] Level 5:colcon.colcon_core.verb:set package 'bot_control' build argument 'cmake_force_configure' from command line to 'False'
[1.228s] Level 5:colcon.colcon_core.verb:set package 'bot_control' build argument 'ament_cmake_args' from command line to 'None'
[1.228s] Level 5:colcon.colcon_core.verb:set package 'bot_control' build argument 'catkin_cmake_args' from command line to 'None'
[1.228s] Level 5:colcon.colcon_core.verb:set package 'bot_control' build argument 'catkin_skip_building_tests' from command line to 'False'
[1.228s] DEBUG:colcon.colcon_core.verb:Building package 'bot_control' with the following arguments: {'ament_cmake_args': None, 'build_base': '/home/kol/Documents/Robotics/ros_ws/four_wheel_cad_bot/build/bot_control', 'catkin_cmake_args': None, 'catkin_skip_building_tests': False, 'cmake_args': None, 'cmake_clean_cache': False, 'cmake_clean_first': False, 'cmake_force_configure': False, 'cmake_target': None, 'cmake_target_skip_unavailable': False, 'install_base': '/home/kol/Documents/Robotics/ros_ws/four_wheel_cad_bot/install/bot_control', 'merge_install': False, 'path': '/home/kol/Documents/Robotics/ros_ws/four_wheel_cad_bot/src/bot_control', 'symlink_install': True, 'test_result_base': None}
[1.229s] Level 5:colcon.colcon_core.verb:set package 'four_wheel_bot_description' build argument 'cmake_args' from command line to 'None'
[1.229s] Level 5:colcon.colcon_core.verb:set package 'four_wheel_bot_description' build argument 'cmake_target' from command line to 'None'
[1.229s] Level 5:colcon.colcon_core.verb:set package 'four_wheel_bot_description' build argument 'cmake_target_skip_unavailable' from command line to 'False'
[1.229s] Level 5:colcon.colcon_core.verb:set package 'four_wheel_bot_description' build argument 'cmake_clean_cache' from command line to 'False'
[1.230s] Level 5:colcon.colcon_core.verb:set package 'four_wheel_bot_description' build argument 'cmake_clean_first' from command line to 'False'
[1.230s] Level 5:colcon.colcon_core.verb:set package 'four_wheel_bot_description' build argument 'cmake_force_configure' from command line to 'False'
[1.230s] Level 5:colcon.colcon_core.verb:set package 'four_wheel_bot_description' build argument 'ament_cmake_args' from command line to 'None'
[1.230s] Level 5:colcon.colcon_core.verb:set package 'four_wheel_bot_description' build argument 'catkin_cmake_args' from command line to 'None'
[1.230s] Level 5:colcon.colcon_core.verb:set package 'four_wheel_bot_description' build argument 'catkin_skip_building_tests' from command line to 'False'
[1.230s] DEBUG:colcon.colcon_core.verb:Building package 'four_wheel_bot_description' with the following arguments: {'ament_cmake_args': None, 'build_base': '/home/kol/Documents/Robotics/ros_ws/four_wheel_cad_bot/build/four_wheel_bot_description', 'catkin_cmake_args': None, 'catkin_skip_building_tests': False, 'cmake_args': None, 'cmake_clean_cache': False, 'cmake_clean_first': False, 'cmake_force_configure': False, 'cmake_target': None, 'cmake_target_skip_unavailable': False, 'install_base': '/home/kol/Documents/Robotics/ros_ws/four_wheel_cad_bot/install/four_wheel_bot_description', 'merge_install': False, 'path': '/home/kol/Documents/Robotics/ros_ws/four_wheel_cad_bot/src/four_wheel_bot_description', 'symlink_install': True, 'test_result_base': None}
[1.230s] INFO:colcon.colcon_core.executor:Executing jobs using 'parallel' executor
[1.233s] DEBUG:colcon.colcon_parallel_executor.executor.parallel:run_until_complete
[1.233s] INFO:colcon.colcon_ros.task.ament_python.build:Building ROS package in '/home/kol/Documents/Robotics/ros_ws/four_wheel_cad_bot/src/bot_control' with build type 'ament_python'
[1.233s] Level 1:colcon.colcon_core.shell:create_environment_hook('bot_control', 'ament_prefix_path')
[1.241s] INFO:colcon.colcon_core.plugin_system:Skipping extension 'colcon_core.shell.bat': Not used on non-Windows systems
[1.242s] INFO:colcon.colcon_core.shell:Creating environment hook '/home/kol/Documents/Robotics/ros_ws/four_wheel_cad_bot/install/bot_control/share/bot_control/hook/ament_prefix_path.ps1'
[1.244s] INFO:colcon.colcon_core.shell:Creating environment descriptor '/home/kol/Documents/Robotics/ros_ws/four_wheel_cad_bot/install/bot_control/share/bot_control/hook/ament_prefix_path.dsv'
[1.246s] INFO:colcon.colcon_core.shell:Creating environment hook '/home/kol/Documents/Robotics/ros_ws/four_wheel_cad_bot/install/bot_control/share/bot_control/hook/ament_prefix_path.sh'
[1.249s] INFO:colcon.colcon_core.shell:Skip shell extension 'powershell' for command environment: Not usable outside of PowerShell
[1.249s] DEBUG:colcon.colcon_core.shell:Skip shell extension 'dsv' for command environment
[1.265s] INFO:colcon.colcon_ros.task.ament_python.build:Building ROS package in '/home/kol/Documents/Robotics/ros_ws/four_wheel_cad_bot/src/four_wheel_bot_description' with build type 'ament_python'
[1.267s] Level 1:colcon.colcon_core.shell:create_environment_hook('four_wheel_bot_description', 'ament_prefix_path')
[1.268s] INFO:colcon.colcon_core.shell:Creating environment hook '/home/kol/Documents/Robotics/ros_ws/four_wheel_cad_bot/install/four_wheel_bot_description/share/four_wheel_bot_description/hook/ament_prefix_path.ps1'
[1.270s] INFO:colcon.colcon_core.shell:Creating environment descriptor '/home/kol/Documents/Robotics/ros_ws/four_wheel_cad_bot/install/four_wheel_bot_description/share/four_wheel_bot_description/hook/ament_prefix_path.dsv'
[1.272s] INFO:colcon.colcon_core.shell:Creating environment hook '/home/kol/Documents/Robotics/ros_ws/four_wheel_cad_bot/install/four_wheel_bot_description/share/four_wheel_bot_description/hook/ament_prefix_path.sh'
[1.276s] INFO:colcon.colcon_core.shell:Skip shell extension 'powershell' for command environment: Not usable outside of PowerShell
[1.276s] DEBUG:colcon.colcon_core.shell:Skip shell extension 'dsv' for command environment
[2.720s] INFO:colcon.colcon_core.task.python.build:Building Python package in '/home/kol/Documents/Robotics/ros_ws/four_wheel_cad_bot/src/bot_control'
[2.721s] INFO:colcon.colcon_core.shell:Skip shell extension 'powershell' for command environment: Not usable outside of PowerShell
[2.721s] DEBUG:colcon.colcon_core.shell:Skip shell extension 'dsv' for command environment
[4.205s] INFO:colcon.colcon_core.task.python.build:Building Python package in '/home/kol/Documents/Robotics/ros_ws/four_wheel_cad_bot/src/four_wheel_bot_description'
[4.207s] INFO:colcon.colcon_core.shell:Skip shell extension 'powershell' for command environment: Not usable outside of PowerShell
[4.207s] DEBUG:colcon.colcon_core.shell:Skip shell extension 'dsv' for command environment
[6.230s] DEBUG:colcon.colcon_core.event_handler.log_command:Invoking command in '/home/kol/Documents/Robotics/ros_ws/four_wheel_cad_bot/build/bot_control': PYTHONPATH=/home/kol/Documents/Robotics/ros_ws/four_wheel_cad_bot/build/bot_control/prefix_override:/usr/lib/python3/dist-packages/colcon_core/task/python/colcon_distutils_commands:/home/kol/Documents/Robotics/ros_ws/four_wheel_cad_bot/install/bot_control/lib/python3.10/site-packages:${PYTHONPATH} /usr/bin/python3 -W ignore:setup.py install is deprecated setup.py develop --editable --build-directory /home/kol/Documents/Robotics/ros_ws/four_wheel_cad_bot/build/bot_control/build --no-deps symlink_data
[6.292s] DEBUG:colcon.colcon_core.event_handler.log_command:Invoking command in '/home/kol/Documents/Robotics/ros_ws/four_wheel_cad_bot/build/four_wheel_bot_description': PYTHONPATH=/home/kol/Documents/Robotics/ros_ws/four_wheel_cad_bot/build/four_wheel_bot_description/prefix_override:/usr/lib/python3/dist-packages/colcon_core/task/python/colcon_distutils_commands:/home/kol/Documents/Robotics/ros_ws/four_wheel_cad_bot/install/four_wheel_bot_description/lib/python3.10/site-packages:${PYTHONPATH} /usr/bin/python3 -W ignore:setup.py install is deprecated setup.py develop --editable --build-directory /home/kol/Documents/Robotics/ros_ws/four_wheel_cad_bot/build/four_wheel_bot_description/build --no-deps symlink_data
[8.925s] Level 1:colcon.colcon_core.shell:create_environment_hook('bot_control', 'pythonpath_develop')
[8.927s] INFO:colcon.colcon_core.shell:Creating environment hook '/home/kol/Documents/Robotics/ros_ws/four_wheel_cad_bot/build/bot_control/share/bot_control/hook/pythonpath_develop.ps1'
[8.929s] DEBUG:colcon.colcon_core.event_handler.log_command:Invoked command in '/home/kol/Documents/Robotics/ros_ws/four_wheel_cad_bot/build/bot_control' returned '0': PYTHONPATH=/home/kol/Documents/Robotics/ros_ws/four_wheel_cad_bot/build/bot_control/prefix_override:/usr/lib/python3/dist-packages/colcon_core/task/python/colcon_distutils_commands:/home/kol/Documents/Robotics/ros_ws/four_wheel_cad_bot/install/bot_control/lib/python3.10/site-packages:${PYTHONPATH} /usr/bin/python3 -W ignore:setup.py install is deprecated setup.py develop --editable --build-directory /home/kol/Documents/Robotics/ros_ws/four_wheel_cad_bot/build/bot_control/build --no-deps symlink_data
[8.932s] INFO:colcon.colcon_core.shell:Creating environment descriptor '/home/kol/Documents/Robotics/ros_ws/four_wheel_cad_bot/build/bot_control/share/bot_control/hook/pythonpath_develop.dsv'
[8.934s] INFO:colcon.colcon_core.shell:Creating environment hook '/home/kol/Documents/Robotics/ros_ws/four_wheel_cad_bot/build/bot_control/share/bot_control/hook/pythonpath_develop.sh'
[8.948s] Level 1:colcon.colcon_core.environment:checking '/home/kol/Documents/Robotics/ros_ws/four_wheel_cad_bot/install/bot_control' for CMake module files
[8.950s] Level 1:colcon.colcon_core.environment:checking '/home/kol/Documents/Robotics/ros_ws/four_wheel_cad_bot/install/bot_control' for CMake config files
[8.953s] Level 1:colcon.colcon_core.environment:checking '/home/kol/Documents/Robotics/ros_ws/four_wheel_cad_bot/install/bot_control/lib'
[8.954s] Level 1:colcon.colcon_core.environment:checking '/home/kol/Documents/Robotics/ros_ws/four_wheel_cad_bot/install/bot_control/bin'
[8.955s] Level 1:colcon.colcon_core.environment:checking '/home/kol/Documents/Robotics/ros_ws/four_wheel_cad_bot/install/bot_control/lib/pkgconfig/bot_control.pc'
[8.956s] Level 1:colcon.colcon_core.environment:checking '/home/kol/Documents/Robotics/ros_ws/four_wheel_cad_bot/install/bot_control/lib/python3.10/site-packages'
[8.956s] Level 1:colcon.colcon_core.shell:create_environment_hook('bot_control', 'pythonpath')
[8.957s] INFO:colcon.colcon_core.shell:Creating environment hook '/home/kol/Documents/Robotics/ros_ws/four_wheel_cad_bot/install/bot_control/share/bot_control/hook/pythonpath.ps1'
[8.959s] INFO:colcon.colcon_core.shell:Creating environment descriptor '/home/kol/Documents/Robotics/ros_ws/four_wheel_cad_bot/install/bot_control/share/bot_control/hook/pythonpath.dsv'
[8.960s] INFO:colcon.colcon_core.shell:Creating environment hook '/home/kol/Documents/Robotics/ros_ws/four_wheel_cad_bot/install/bot_control/share/bot_control/hook/pythonpath.sh'
[8.963s] Level 1:colcon.colcon_core.environment:checking '/home/kol/Documents/Robotics/ros_ws/four_wheel_cad_bot/install/bot_control/bin'
[8.964s] Level 1:colcon.colcon_core.environment:create_environment_scripts_only(bot_control)
[8.968s] INFO:colcon.colcon_core.shell:Creating package script '/home/kol/Documents/Robotics/ros_ws/four_wheel_cad_bot/install/bot_control/share/bot_control/package.ps1'
[8.975s] INFO:colcon.colcon_core.shell:Creating package descriptor '/home/kol/Documents/Robotics/ros_ws/four_wheel_cad_bot/install/bot_control/share/bot_control/package.dsv'
[8.979s] INFO:colcon.colcon_core.shell:Creating package script '/home/kol/Documents/Robotics/ros_ws/four_wheel_cad_bot/install/bot_control/share/bot_control/package.sh'
[8.984s] INFO:colcon.colcon_core.shell:Creating package script '/home/kol/Documents/Robotics/ros_ws/four_wheel_cad_bot/install/bot_control/share/bot_control/package.bash'
[8.987s] INFO:colcon.colcon_core.shell:Creating package script '/home/kol/Documents/Robotics/ros_ws/four_wheel_cad_bot/install/bot_control/share/bot_control/package.zsh'
[8.991s] Level 1:colcon.colcon_core.environment:create_file_with_runtime_dependencies(/home/kol/Documents/Robotics/ros_ws/four_wheel_cad_bot/install/bot_control/share/colcon-core/packages/bot_control)
[8.996s] Level 1:colcon.colcon_core.shell:create_environment_hook('four_wheel_bot_description', 'pythonpath_develop')
[8.997s] INFO:colcon.colcon_core.shell:Creating environment hook '/home/kol/Documents/Robotics/ros_ws/four_wheel_cad_bot/build/four_wheel_bot_description/share/four_wheel_bot_description/hook/pythonpath_develop.ps1'
[9.000s] DEBUG:colcon.colcon_core.event_handler.log_command:Invoked command in '/home/kol/Documents/Robotics/ros_ws/four_wheel_cad_bot/build/four_wheel_bot_description' returned '0': PYTHONPATH=/home/kol/Documents/Robotics/ros_ws/four_wheel_cad_bot/build/four_wheel_bot_description/prefix_override:/usr/lib/python3/dist-packages/colcon_core/task/python/colcon_distutils_commands:/home/kol/Documents/Robotics/ros_ws/four_wheel_cad_bot/install/four_wheel_bot_description/lib/python3.10/site-packages:${PYTHONPATH} /usr/bin/python3 -W ignore:setup.py install is deprecated setup.py develop --editable --build-directory /home/kol/Documents/Robotics/ros_ws/four_wheel_cad_bot/build/four_wheel_bot_description/build --no-deps symlink_data
[9.002s] INFO:colcon.colcon_core.shell:Creating environment descriptor '/home/kol/Documents/Robotics/ros_ws/four_wheel_cad_bot/build/four_wheel_bot_description/share/four_wheel_bot_description/hook/pythonpath_develop.dsv'
[9.004s] INFO:colcon.colcon_core.shell:Creating environment hook '/home/kol/Documents/Robotics/ros_ws/four_wheel_cad_bot/build/four_wheel_bot_description/share/four_wheel_bot_description/hook/pythonpath_develop.sh'
[9.006s] Level 1:colcon.colcon_core.environment:checking '/home/kol/Documents/Robotics/ros_ws/four_wheel_cad_bot/install/four_wheel_bot_description' for CMake module files
[9.009s] Level 1:colcon.colcon_core.environment:checking '/home/kol/Documents/Robotics/ros_ws/four_wheel_cad_bot/install/four_wheel_bot_description' for CMake config files
[9.014s] Level 1:colcon.colcon_core.environment:checking '/home/kol/Documents/Robotics/ros_ws/four_wheel_cad_bot/install/four_wheel_bot_description/lib'
[9.015s] Level 1:colcon.colcon_core.environment:checking '/home/kol/Documents/Robotics/ros_ws/four_wheel_cad_bot/install/four_wheel_bot_description/bin'
[9.015s] Level 1:colcon.colcon_core.environment:checking '/home/kol/Documents/Robotics/ros_ws/four_wheel_cad_bot/install/four_wheel_bot_description/lib/pkgconfig/four_wheel_bot_description.pc'
[9.017s] Level 1:colcon.colcon_core.environment:checking '/home/kol/Documents/Robotics/ros_ws/four_wheel_cad_bot/install/four_wheel_bot_description/lib/python3.10/site-packages'
[9.018s] Level 1:colcon.colcon_core.shell:create_environment_hook('four_wheel_bot_description', 'pythonpath')
[9.019s] INFO:colcon.colcon_core.shell:Creating environment hook '/home/kol/Documents/Robotics/ros_ws/four_wheel_cad_bot/install/four_wheel_bot_description/share/four_wheel_bot_description/hook/pythonpath.ps1'
[9.021s] INFO:colcon.colcon_core.shell:Creating environment descriptor '/home/kol/Documents/Robotics/ros_ws/four_wheel_cad_bot/install/four_wheel_bot_description/share/four_wheel_bot_description/hook/pythonpath.dsv'
[9.023s] INFO:colcon.colcon_core.shell:Creating environment hook '/home/kol/Documents/Robotics/ros_ws/four_wheel_cad_bot/install/four_wheel_bot_description/share/four_wheel_bot_description/hook/pythonpath.sh'
[9.026s] Level 1:colcon.colcon_core.environment:checking '/home/kol/Documents/Robotics/ros_ws/four_wheel_cad_bot/install/four_wheel_bot_description/bin'
[9.027s] Level 1:colcon.colcon_core.environment:create_environment_scripts_only(four_wheel_bot_description)
[9.029s] INFO:colcon.colcon_core.shell:Creating package script '/home/kol/Documents/Robotics/ros_ws/four_wheel_cad_bot/install/four_wheel_bot_description/share/four_wheel_bot_description/package.ps1'
[9.033s] INFO:colcon.colcon_core.shell:Creating package descriptor '/home/kol/Documents/Robotics/ros_ws/four_wheel_cad_bot/install/four_wheel_bot_description/share/four_wheel_bot_description/package.dsv'
[9.038s] INFO:colcon.colcon_core.shell:Creating package script '/home/kol/Documents/Robotics/ros_ws/four_wheel_cad_bot/install/four_wheel_bot_description/share/four_wheel_bot_description/package.sh'
[9.041s] INFO:colcon.colcon_core.shell:Creating package script '/home/kol/Documents/Robotics/ros_ws/four_wheel_cad_bot/install/four_wheel_bot_description/share/four_wheel_bot_description/package.bash'
[9.043s] INFO:colcon.colcon_core.shell:Creating package script '/home/kol/Documents/Robotics/ros_ws/four_wheel_cad_bot/install/four_wheel_bot_description/share/four_wheel_bot_description/package.zsh'
[9.044s] Level 1:colcon.colcon_core.environment:create_file_with_runtime_dependencies(/home/kol/Documents/Robotics/ros_ws/four_wheel_cad_bot/install/four_wheel_bot_description/share/colcon-core/packages/four_wheel_bot_description)
[9.046s] DEBUG:colcon.colcon_parallel_executor.executor.parallel:closing loop
[9.048s] DEBUG:colcon.colcon_parallel_executor.executor.parallel:loop closed
[9.049s] DEBUG:colcon.colcon_parallel_executor.executor.parallel:run_until_complete finished with '0'
[9.049s] DEBUG:colcon.colcon_core.event_reactor:joining thread
[9.074s] INFO:colcon.colcon_core.plugin_system:Skipping extension 'colcon_notification.desktop_notification.terminal_notifier': Not used on non-Darwin systems
[9.074s] INFO:colcon.colcon_core.plugin_system:Skipping extension 'colcon_notification.desktop_notification.win32': Not used on non-Windows systems
[9.075s] INFO:colcon.colcon_notification.desktop_notification:Sending desktop notification using 'notify2'
[9.123s] DEBUG:colcon.colcon_core.event_reactor:joined thread
[9.124s] INFO:colcon.colcon_core.shell:Creating prefix script '/home/kol/Documents/Robotics/ros_ws/four_wheel_cad_bot/install/local_setup.ps1'
[9.129s] INFO:colcon.colcon_core.shell:Creating prefix util module '/home/kol/Documents/Robotics/ros_ws/four_wheel_cad_bot/install/_local_setup_util_ps1.py'
[9.136s] INFO:colcon.colcon_core.shell:Creating prefix chain script '/home/kol/Documents/Robotics/ros_ws/four_wheel_cad_bot/install/setup.ps1'
[9.141s] INFO:colcon.colcon_core.shell:Creating prefix script '/home/kol/Documents/Robotics/ros_ws/four_wheel_cad_bot/install/local_setup.sh'
[9.144s] INFO:colcon.colcon_core.shell:Creating prefix util module '/home/kol/Documents/Robotics/ros_ws/four_wheel_cad_bot/install/_local_setup_util_sh.py'
[9.147s] INFO:colcon.colcon_core.shell:Creating prefix chain script '/home/kol/Documents/Robotics/ros_ws/four_wheel_cad_bot/install/setup.sh'
[9.151s] INFO:colcon.colcon_core.shell:Creating prefix script '/home/kol/Documents/Robotics/ros_ws/four_wheel_cad_bot/install/local_setup.bash'
[9.154s] INFO:colcon.colcon_core.shell:Creating prefix chain script '/home/kol/Documents/Robotics/ros_ws/four_wheel_cad_bot/install/setup.bash'
[9.158s] INFO:colcon.colcon_core.shell:Creating prefix script '/home/kol/Documents/Robotics/ros_ws/four_wheel_cad_bot/install/local_setup.zsh'
[9.160s] INFO:colcon.colcon_core.shell:Creating prefix chain script '/home/kol/Documents/Robotics/ros_ws/four_wheel_cad_bot/install/setup.zsh'
