[0.442s] DEBUG:colcon:Command line arguments: ['/usr/bin/colcon', 'build', '--symlink-install']
[0.442s] DEBUG:colcon:Parsed command line arguments: Namespace(log_base=None, log_level=None, verb_name='build', build_base='build', install_base='install', merge_install=False, symlink_install=True, test_result_base=None, continue_on_error=False, executor='parallel', parallel_workers=4, event_handlers=None, ignore_user_meta=False, metas=['./colcon.meta'], base_paths=['.'], packages_ignore=None, packages_ignore_regex=None, paths=None, packages_up_to=None, packages_up_to_regex=None, packages_above=None, packages_above_and_dependencies=None, packages_above_depth=None, packages_select_by_dep=None, packages_skip_by_dep=None, packages_skip_up_to=None, packages_select_build_failed=False, packages_skip_build_finished=False, packages_select_test_failures=False, packages_skip_test_passed=False, packages_select=None, packages_skip=None, packages_select_regex=None, packages_skip_regex=None, packages_start=None, packages_end=None, allow_overriding=[], cmake_args=None, cmake_target=None, cmake_target_skip_unavailable=False, cmake_clean_cache=False, cmake_clean_first=False, cmake_force_configure=False, ament_cmake_args=None, catkin_cmake_args=None, catkin_skip_building_tests=False, mixin_files=None, mixin=None, verb_parser=<colcon_mixin.mixin.mixin_argument.MixinArgumentDecorator object at 0x7737f2b27370>, verb_extension=<colcon_core.verb.build.BuildVerb object at 0x7737f2cd4d90>, main=<bound method BuildVerb.main of <colcon_core.verb.build.BuildVerb object at 0x7737f2cd4d90>>, mixin_verb=('build',))
[1.018s] Level 1:colcon.colcon_core.package_discovery:discover_packages(colcon_meta) check parameters
[1.018s] Level 1:colcon.colcon_core.package_discovery:discover_packages(recursive) check parameters
[1.019s] Level 1:colcon.colcon_core.package_discovery:discover_packages(ignore) check parameters
[1.019s] Level 1:colcon.colcon_core.package_discovery:discover_packages(path) check parameters
[1.019s] Level 1:colcon.colcon_core.package_discovery:discover_packages(colcon_meta) discover
[1.019s] Level 1:colcon.colcon_core.package_discovery:discover_packages(recursive) discover
[1.019s] INFO:colcon.colcon_core.package_discovery:Crawling recursively for packages in '/home/kol/Documents/Robots/ros_ws/six_dof_robot_ws'
[1.019s] Level 1:colcon.colcon_core.package_identification:_identify(.) by extensions ['ignore', 'ignore_ament_install']
[1.020s] Level 1:colcon.colcon_core.package_identification:_identify(.) by extension 'ignore'
[1.020s] Level 1:colcon.colcon_core.package_identification:_identify(.) by extension 'ignore_ament_install'
[1.020s] Level 1:colcon.colcon_core.package_identification:_identify(.) by extensions ['colcon_pkg']
[1.020s] Level 1:colcon.colcon_core.package_identification:_identify(.) by extension 'colcon_pkg'
[1.020s] Level 1:colcon.colcon_core.package_identification:_identify(.) by extensions ['colcon_meta']
[1.020s] Level 1:colcon.colcon_core.package_identification:_identify(.) by extension 'colcon_meta'
[1.020s] Level 1:colcon.colcon_core.package_identification:_identify(.) by extensions ['ros']
[1.021s] Level 1:colcon.colcon_core.package_identification:_identify(.) by extension 'ros'
[1.051s] Level 1:colcon.colcon_core.package_identification:_identify(.) by extensions ['cmake', 'python']
[1.051s] Level 1:colcon.colcon_core.package_identification:_identify(.) by extension 'cmake'
[1.051s] Level 1:colcon.colcon_core.package_identification:_identify(.) by extension 'python'
[1.051s] Level 1:colcon.colcon_core.package_identification:_identify(.) by extensions ['python_setup_py']
[1.051s] Level 1:colcon.colcon_core.package_identification:_identify(.) by extension 'python_setup_py'
[1.052s] Level 1:colcon.colcon_core.package_identification:_identify(build) by extensions ['ignore', 'ignore_ament_install']
[1.052s] Level 1:colcon.colcon_core.package_identification:_identify(build) by extension 'ignore'
[1.052s] Level 1:colcon.colcon_core.package_identification:_identify(build) ignored
[1.052s] Level 1:colcon.colcon_core.package_identification:_identify(install) by extensions ['ignore', 'ignore_ament_install']
[1.053s] Level 1:colcon.colcon_core.package_identification:_identify(install) by extension 'ignore'
[1.053s] Level 1:colcon.colcon_core.package_identification:_identify(install) ignored
[1.053s] Level 1:colcon.colcon_core.package_identification:_identify(log) by extensions ['ignore', 'ignore_ament_install']
[1.053s] Level 1:colcon.colcon_core.package_identification:_identify(log) by extension 'ignore'
[1.053s] Level 1:colcon.colcon_core.package_identification:_identify(log) ignored
[1.054s] Level 1:colcon.colcon_core.package_identification:_identify(src) by extensions ['ignore', 'ignore_ament_install']
[1.054s] Level 1:colcon.colcon_core.package_identification:_identify(src) by extension 'ignore'
[1.054s] Level 1:colcon.colcon_core.package_identification:_identify(src) by extension 'ignore_ament_install'
[1.054s] Level 1:colcon.colcon_core.package_identification:_identify(src) by extensions ['colcon_pkg']
[1.054s] Level 1:colcon.colcon_core.package_identification:_identify(src) by extension 'colcon_pkg'
[1.054s] Level 1:colcon.colcon_core.package_identification:_identify(src) by extensions ['colcon_meta']
[1.055s] Level 1:colcon.colcon_core.package_identification:_identify(src) by extension 'colcon_meta'
[1.055s] Level 1:colcon.colcon_core.package_identification:_identify(src) by extensions ['ros']
[1.055s] Level 1:colcon.colcon_core.package_identification:_identify(src) by extension 'ros'
[1.055s] Level 1:colcon.colcon_core.package_identification:_identify(src) by extensions ['cmake', 'python']
[1.055s] Level 1:colcon.colcon_core.package_identification:_identify(src) by extension 'cmake'
[1.055s] Level 1:colcon.colcon_core.package_identification:_identify(src) by extension 'python'
[1.055s] Level 1:colcon.colcon_core.package_identification:_identify(src) by extensions ['python_setup_py']
[1.055s] Level 1:colcon.colcon_core.package_identification:_identify(src) by extension 'python_setup_py'
[1.056s] Level 1:colcon.colcon_core.package_identification:_identify(src/welder_control) by extensions ['ignore', 'ignore_ament_install']
[1.056s] Level 1:colcon.colcon_core.package_identification:_identify(src/welder_control) by extension 'ignore'
[1.056s] Level 1:colcon.colcon_core.package_identification:_identify(src/welder_control) by extension 'ignore_ament_install'
[1.056s] Level 1:colcon.colcon_core.package_identification:_identify(src/welder_control) by extensions ['colcon_pkg']
[1.056s] Level 1:colcon.colcon_core.package_identification:_identify(src/welder_control) by extension 'colcon_pkg'
[1.056s] Level 1:colcon.colcon_core.package_identification:_identify(src/welder_control) by extensions ['colcon_meta']
[1.057s] Level 1:colcon.colcon_core.package_identification:_identify(src/welder_control) by extension 'colcon_meta'
[1.057s] Level 1:colcon.colcon_core.package_identification:_identify(src/welder_control) by extensions ['ros']
[1.057s] Level 1:colcon.colcon_core.package_identification:_identify(src/welder_control) by extension 'ros'
[1.066s] DEBUG:colcon.colcon_core.package_identification:Package 'src/welder_control' with type 'ros.ament_python' and name 'welder_control'
[1.066s] Level 1:colcon.colcon_core.package_identification:_identify(src/welder_description) by extensions ['ignore', 'ignore_ament_install']
[1.066s] Level 1:colcon.colcon_core.package_identification:_identify(src/welder_description) by extension 'ignore'
[1.066s] Level 1:colcon.colcon_core.package_identification:_identify(src/welder_description) by extension 'ignore_ament_install'
[1.067s] Level 1:colcon.colcon_core.package_identification:_identify(src/welder_description) by extensions ['colcon_pkg']
[1.067s] Level 1:colcon.colcon_core.package_identification:_identify(src/welder_description) by extension 'colcon_pkg'
[1.067s] Level 1:colcon.colcon_core.package_identification:_identify(src/welder_description) by extensions ['colcon_meta']
[1.067s] Level 1:colcon.colcon_core.package_identification:_identify(src/welder_description) by extension 'colcon_meta'
[1.067s] Level 1:colcon.colcon_core.package_identification:_identify(src/welder_description) by extensions ['ros']
[1.067s] Level 1:colcon.colcon_core.package_identification:_identify(src/welder_description) by extension 'ros'
[1.070s] DEBUG:colcon.colcon_core.package_identification:Package 'src/welder_description' with type 'ros.ament_python' and name 'welder_description'
[1.070s] Level 1:colcon.colcon_core.package_identification:_identify(src/welder_moveit_config) by extensions ['ignore', 'ignore_ament_install']
[1.071s] Level 1:colcon.colcon_core.package_identification:_identify(src/welder_moveit_config) by extension 'ignore'
[1.071s] Level 1:colcon.colcon_core.package_identification:_identify(src/welder_moveit_config) by extension 'ignore_ament_install'
[1.071s] Level 1:colcon.colcon_core.package_identification:_identify(src/welder_moveit_config) by extensions ['colcon_pkg']
[1.071s] Level 1:colcon.colcon_core.package_identification:_identify(src/welder_moveit_config) by extension 'colcon_pkg'
[1.071s] Level 1:colcon.colcon_core.package_identification:_identify(src/welder_moveit_config) by extensions ['colcon_meta']
[1.071s] Level 1:colcon.colcon_core.package_identification:_identify(src/welder_moveit_config) by extension 'colcon_meta'
[1.071s] Level 1:colcon.colcon_core.package_identification:_identify(src/welder_moveit_config) by extensions ['ros']
[1.071s] Level 1:colcon.colcon_core.package_identification:_identify(src/welder_moveit_config) by extension 'ros'
[1.074s] DEBUG:colcon.colcon_core.package_identification:Package 'src/welder_moveit_config' with type 'ros.ament_cmake' and name 'welder_moveit_config'
[1.074s] Level 1:colcon.colcon_core.package_discovery:discover_packages(recursive) using defaults
[1.074s] Level 1:colcon.colcon_core.package_discovery:discover_packages(ignore) discover
[1.075s] Level 1:colcon.colcon_core.package_discovery:discover_packages(ignore) using defaults
[1.075s] Level 1:colcon.colcon_core.package_discovery:discover_packages(path) discover
[1.075s] Level 1:colcon.colcon_core.package_discovery:discover_packages(path) using defaults
[1.132s] Level 1:colcon.colcon_core.package_discovery:discover_packages(prefix_path) check parameters
[1.132s] Level 1:colcon.colcon_core.package_discovery:discover_packages(prefix_path) discover
[1.137s] DEBUG:colcon.colcon_installed_package_information.package_discovery:Found 2 installed packages in /home/kol/Documents/Robots/ros_ws/six_dof_robot_ws/install
[1.142s] DEBUG:colcon.colcon_installed_package_information.package_discovery:Found 398 installed packages in /opt/ros/humble
[1.147s] Level 1:colcon.colcon_core.package_discovery:discover_packages(prefix_path) using defaults
[1.319s] Level 5:colcon.colcon_core.verb:set package 'welder_control' build argument 'cmake_args' from command line to 'None'
[1.319s] Level 5:colcon.colcon_core.verb:set package 'welder_control' build argument 'cmake_target' from command line to 'None'
[1.319s] Level 5:colcon.colcon_core.verb:set package 'welder_control' build argument 'cmake_target_skip_unavailable' from command line to 'False'
[1.319s] Level 5:colcon.colcon_core.verb:set package 'welder_control' build argument 'cmake_clean_cache' from command line to 'False'
[1.320s] Level 5:colcon.colcon_core.verb:set package 'welder_control' build argument 'cmake_clean_first' from command line to 'False'
[1.320s] Level 5:colcon.colcon_core.verb:set package 'welder_control' build argument 'cmake_force_configure' from command line to 'False'
[1.320s] Level 5:colcon.colcon_core.verb:set package 'welder_control' build argument 'ament_cmake_args' from command line to 'None'
[1.320s] Level 5:colcon.colcon_core.verb:set package 'welder_control' build argument 'catkin_cmake_args' from command line to 'None'
[1.320s] Level 5:colcon.colcon_core.verb:set package 'welder_control' build argument 'catkin_skip_building_tests' from command line to 'False'
[1.320s] DEBUG:colcon.colcon_core.verb:Building package 'welder_control' with the following arguments: {'ament_cmake_args': None, 'build_base': '/home/kol/Documents/Robots/ros_ws/six_dof_robot_ws/build/welder_control', 'catkin_cmake_args': None, 'catkin_skip_building_tests': False, 'cmake_args': None, 'cmake_clean_cache': False, 'cmake_clean_first': False, 'cmake_force_configure': False, 'cmake_target': None, 'cmake_target_skip_unavailable': False, 'install_base': '/home/kol/Documents/Robots/ros_ws/six_dof_robot_ws/install/welder_control', 'merge_install': False, 'path': '/home/kol/Documents/Robots/ros_ws/six_dof_robot_ws/src/welder_control', 'symlink_install': True, 'test_result_base': None}
[1.321s] Level 5:colcon.colcon_core.verb:set package 'welder_description' build argument 'cmake_args' from command line to 'None'
[1.321s] Level 5:colcon.colcon_core.verb:set package 'welder_description' build argument 'cmake_target' from command line to 'None'
[1.321s] Level 5:colcon.colcon_core.verb:set package 'welder_description' build argument 'cmake_target_skip_unavailable' from command line to 'False'
[1.321s] Level 5:colcon.colcon_core.verb:set package 'welder_description' build argument 'cmake_clean_cache' from command line to 'False'
[1.321s] Level 5:colcon.colcon_core.verb:set package 'welder_description' build argument 'cmake_clean_first' from command line to 'False'
[1.321s] Level 5:colcon.colcon_core.verb:set package 'welder_description' build argument 'cmake_force_configure' from command line to 'False'
[1.322s] Level 5:colcon.colcon_core.verb:set package 'welder_description' build argument 'ament_cmake_args' from command line to 'None'
[1.322s] Level 5:colcon.colcon_core.verb:set package 'welder_description' build argument 'catkin_cmake_args' from command line to 'None'
[1.322s] Level 5:colcon.colcon_core.verb:set package 'welder_description' build argument 'catkin_skip_building_tests' from command line to 'False'
[1.322s] DEBUG:colcon.colcon_core.verb:Building package 'welder_description' with the following arguments: {'ament_cmake_args': None, 'build_base': '/home/kol/Documents/Robots/ros_ws/six_dof_robot_ws/build/welder_description', 'catkin_cmake_args': None, 'catkin_skip_building_tests': False, 'cmake_args': None, 'cmake_clean_cache': False, 'cmake_clean_first': False, 'cmake_force_configure': False, 'cmake_target': None, 'cmake_target_skip_unavailable': False, 'install_base': '/home/kol/Documents/Robots/ros_ws/six_dof_robot_ws/install/welder_description', 'merge_install': False, 'path': '/home/kol/Documents/Robots/ros_ws/six_dof_robot_ws/src/welder_description', 'symlink_install': True, 'test_result_base': None}
[1.323s] Level 5:colcon.colcon_core.verb:set package 'welder_moveit_config' build argument 'cmake_args' from command line to 'None'
[1.323s] Level 5:colcon.colcon_core.verb:set package 'welder_moveit_config' build argument 'cmake_target' from command line to 'None'
[1.323s] Level 5:colcon.colcon_core.verb:set package 'welder_moveit_config' build argument 'cmake_target_skip_unavailable' from command line to 'False'
[1.323s] Level 5:colcon.colcon_core.verb:set package 'welder_moveit_config' build argument 'cmake_clean_cache' from command line to 'False'
[1.323s] Level 5:colcon.colcon_core.verb:set package 'welder_moveit_config' build argument 'cmake_clean_first' from command line to 'False'
[1.323s] Level 5:colcon.colcon_core.verb:set package 'welder_moveit_config' build argument 'cmake_force_configure' from command line to 'False'
[1.323s] Level 5:colcon.colcon_core.verb:set package 'welder_moveit_config' build argument 'ament_cmake_args' from command line to 'None'
[1.323s] Level 5:colcon.colcon_core.verb:set package 'welder_moveit_config' build argument 'catkin_cmake_args' from command line to 'None'
[1.323s] Level 5:colcon.colcon_core.verb:set package 'welder_moveit_config' build argument 'catkin_skip_building_tests' from command line to 'False'
[1.324s] DEBUG:colcon.colcon_core.verb:Building package 'welder_moveit_config' with the following arguments: {'ament_cmake_args': None, 'build_base': '/home/kol/Documents/Robots/ros_ws/six_dof_robot_ws/build/welder_moveit_config', 'catkin_cmake_args': None, 'catkin_skip_building_tests': False, 'cmake_args': None, 'cmake_clean_cache': False, 'cmake_clean_first': False, 'cmake_force_configure': False, 'cmake_target': None, 'cmake_target_skip_unavailable': False, 'install_base': '/home/kol/Documents/Robots/ros_ws/six_dof_robot_ws/install/welder_moveit_config', 'merge_install': False, 'path': '/home/kol/Documents/Robots/ros_ws/six_dof_robot_ws/src/welder_moveit_config', 'symlink_install': True, 'test_result_base': None}
[1.324s] INFO:colcon.colcon_core.executor:Executing jobs using 'parallel' executor
[1.326s] DEBUG:colcon.colcon_parallel_executor.executor.parallel:run_until_complete
[1.327s] INFO:colcon.colcon_ros.task.ament_python.build:Building ROS package in '/home/kol/Documents/Robots/ros_ws/six_dof_robot_ws/src/welder_description' with build type 'ament_python'
[1.327s] Level 1:colcon.colcon_core.shell:create_environment_hook('welder_description', 'ament_prefix_path')
[1.333s] INFO:colcon.colcon_core.plugin_system:Skipping extension 'colcon_core.shell.bat': Not used on non-Windows systems
[1.333s] INFO:colcon.colcon_core.shell:Creating environment hook '/home/kol/Documents/Robots/ros_ws/six_dof_robot_ws/install/welder_description/share/welder_description/hook/ament_prefix_path.ps1'
[1.335s] INFO:colcon.colcon_core.shell:Creating environment descriptor '/home/kol/Documents/Robots/ros_ws/six_dof_robot_ws/install/welder_description/share/welder_description/hook/ament_prefix_path.dsv'
[1.336s] INFO:colcon.colcon_core.shell:Creating environment hook '/home/kol/Documents/Robots/ros_ws/six_dof_robot_ws/install/welder_description/share/welder_description/hook/ament_prefix_path.sh'
[1.338s] INFO:colcon.colcon_core.shell:Skip shell extension 'powershell' for command environment: Not usable outside of PowerShell
[1.338s] DEBUG:colcon.colcon_core.shell:Skip shell extension 'dsv' for command environment
[1.348s] INFO:colcon.colcon_ros.task.ament_python.build:Building ROS package in '/home/kol/Documents/Robots/ros_ws/six_dof_robot_ws/src/welder_control' with build type 'ament_python'
[1.349s] Level 1:colcon.colcon_core.shell:create_environment_hook('welder_control', 'ament_prefix_path')
[1.350s] INFO:colcon.colcon_core.shell:Creating environment hook '/home/kol/Documents/Robots/ros_ws/six_dof_robot_ws/install/welder_control/share/welder_control/hook/ament_prefix_path.ps1'
[1.351s] INFO:colcon.colcon_core.shell:Creating environment descriptor '/home/kol/Documents/Robots/ros_ws/six_dof_robot_ws/install/welder_control/share/welder_control/hook/ament_prefix_path.dsv'
[1.352s] INFO:colcon.colcon_core.shell:Creating environment hook '/home/kol/Documents/Robots/ros_ws/six_dof_robot_ws/install/welder_control/share/welder_control/hook/ament_prefix_path.sh'
[1.354s] INFO:colcon.colcon_core.shell:Skip shell extension 'powershell' for command environment: Not usable outside of PowerShell
[1.354s] DEBUG:colcon.colcon_core.shell:Skip shell extension 'dsv' for command environment
[2.330s] INFO:colcon.colcon_core.task.python.build:Building Python package in '/home/kol/Documents/Robots/ros_ws/six_dof_robot_ws/src/welder_description'
[2.332s] INFO:colcon.colcon_core.shell:Skip shell extension 'powershell' for command environment: Not usable outside of PowerShell
[2.332s] DEBUG:colcon.colcon_core.shell:Skip shell extension 'dsv' for command environment
[3.434s] INFO:colcon.colcon_core.task.python.build:Building Python package in '/home/kol/Documents/Robots/ros_ws/six_dof_robot_ws/src/welder_control'
[3.435s] INFO:colcon.colcon_core.shell:Skip shell extension 'powershell' for command environment: Not usable outside of PowerShell
[3.435s] DEBUG:colcon.colcon_core.shell:Skip shell extension 'dsv' for command environment
[5.098s] DEBUG:colcon.colcon_core.event_handler.log_command:Invoking command in '/home/kol/Documents/Robots/ros_ws/six_dof_robot_ws/build/welder_description': PYTHONPATH=/home/kol/Documents/Robots/ros_ws/six_dof_robot_ws/build/welder_description/prefix_override:/usr/lib/python3/dist-packages/colcon_core/task/python/colcon_distutils_commands:/home/kol/Documents/Robots/ros_ws/six_dof_robot_ws/install/welder_description/lib/python3.10/site-packages:${PYTHONPATH} /usr/bin/python3 -W ignore:setup.py install is deprecated setup.py develop --editable --build-directory /home/kol/Documents/Robots/ros_ws/six_dof_robot_ws/build/welder_description/build --no-deps symlink_data
[5.214s] DEBUG:colcon.colcon_core.event_handler.log_command:Invoking command in '/home/kol/Documents/Robots/ros_ws/six_dof_robot_ws/build/welder_control': PYTHONPATH=/home/kol/Documents/Robots/ros_ws/six_dof_robot_ws/build/welder_control/prefix_override:/usr/lib/python3/dist-packages/colcon_core/task/python/colcon_distutils_commands:/home/kol/Documents/Robots/ros_ws/six_dof_robot_ws/install/welder_control/lib/python3.10/site-packages:${PYTHONPATH} /usr/bin/python3 -W ignore:setup.py install is deprecated setup.py develop --editable --build-directory /home/kol/Documents/Robots/ros_ws/six_dof_robot_ws/build/welder_control/build --no-deps symlink_data
[7.724s] Level 1:colcon.colcon_core.shell:create_environment_hook('welder_description', 'pythonpath_develop')
[7.726s] INFO:colcon.colcon_core.shell:Creating environment hook '/home/kol/Documents/Robots/ros_ws/six_dof_robot_ws/build/welder_description/share/welder_description/hook/pythonpath_develop.ps1'
[7.728s] DEBUG:colcon.colcon_core.event_handler.log_command:Invoked command in '/home/kol/Documents/Robots/ros_ws/six_dof_robot_ws/build/welder_description' returned '0': PYTHONPATH=/home/kol/Documents/Robots/ros_ws/six_dof_robot_ws/build/welder_description/prefix_override:/usr/lib/python3/dist-packages/colcon_core/task/python/colcon_distutils_commands:/home/kol/Documents/Robots/ros_ws/six_dof_robot_ws/install/welder_description/lib/python3.10/site-packages:${PYTHONPATH} /usr/bin/python3 -W ignore:setup.py install is deprecated setup.py develop --editable --build-directory /home/kol/Documents/Robots/ros_ws/six_dof_robot_ws/build/welder_description/build --no-deps symlink_data
[7.730s] INFO:colcon.colcon_core.shell:Creating environment descriptor '/home/kol/Documents/Robots/ros_ws/six_dof_robot_ws/build/welder_description/share/welder_description/hook/pythonpath_develop.dsv'
[7.732s] INFO:colcon.colcon_core.shell:Creating environment hook '/home/kol/Documents/Robots/ros_ws/six_dof_robot_ws/build/welder_description/share/welder_description/hook/pythonpath_develop.sh'
[7.748s] Level 1:colcon.colcon_core.environment:checking '/home/kol/Documents/Robots/ros_ws/six_dof_robot_ws/install/welder_description' for CMake module files
[7.751s] Level 1:colcon.colcon_core.environment:checking '/home/kol/Documents/Robots/ros_ws/six_dof_robot_ws/install/welder_description' for CMake config files
[7.756s] Level 1:colcon.colcon_core.environment:checking '/home/kol/Documents/Robots/ros_ws/six_dof_robot_ws/install/welder_description/lib'
[7.757s] Level 1:colcon.colcon_core.environment:checking '/home/kol/Documents/Robots/ros_ws/six_dof_robot_ws/install/welder_description/bin'
[7.758s] Level 1:colcon.colcon_core.environment:checking '/home/kol/Documents/Robots/ros_ws/six_dof_robot_ws/install/welder_description/lib/pkgconfig/welder_description.pc'
[7.759s] Level 1:colcon.colcon_core.environment:checking '/home/kol/Documents/Robots/ros_ws/six_dof_robot_ws/install/welder_description/lib/python3.10/site-packages'
[7.759s] Level 1:colcon.colcon_core.shell:create_environment_hook('welder_description', 'pythonpath')
[7.760s] INFO:colcon.colcon_core.shell:Creating environment hook '/home/kol/Documents/Robots/ros_ws/six_dof_robot_ws/install/welder_description/share/welder_description/hook/pythonpath.ps1'
[7.762s] INFO:colcon.colcon_core.shell:Creating environment descriptor '/home/kol/Documents/Robots/ros_ws/six_dof_robot_ws/install/welder_description/share/welder_description/hook/pythonpath.dsv'
[7.764s] INFO:colcon.colcon_core.shell:Creating environment hook '/home/kol/Documents/Robots/ros_ws/six_dof_robot_ws/install/welder_description/share/welder_description/hook/pythonpath.sh'
[7.766s] Level 1:colcon.colcon_core.environment:checking '/home/kol/Documents/Robots/ros_ws/six_dof_robot_ws/install/welder_description/bin'
[7.767s] Level 1:colcon.colcon_core.environment:create_environment_scripts_only(welder_description)
[7.769s] INFO:colcon.colcon_core.shell:Creating package script '/home/kol/Documents/Robots/ros_ws/six_dof_robot_ws/install/welder_description/share/welder_description/package.ps1'
[7.774s] INFO:colcon.colcon_core.shell:Creating package descriptor '/home/kol/Documents/Robots/ros_ws/six_dof_robot_ws/install/welder_description/share/welder_description/package.dsv'
[7.777s] INFO:colcon.colcon_core.shell:Creating package script '/home/kol/Documents/Robots/ros_ws/six_dof_robot_ws/install/welder_description/share/welder_description/package.sh'
[7.781s] INFO:colcon.colcon_core.shell:Creating package script '/home/kol/Documents/Robots/ros_ws/six_dof_robot_ws/install/welder_description/share/welder_description/package.bash'
[7.784s] INFO:colcon.colcon_core.shell:Creating package script '/home/kol/Documents/Robots/ros_ws/six_dof_robot_ws/install/welder_description/share/welder_description/package.zsh'
[7.790s] Level 1:colcon.colcon_core.environment:create_file_with_runtime_dependencies(/home/kol/Documents/Robots/ros_ws/six_dof_robot_ws/install/welder_description/share/colcon-core/packages/welder_description)
[7.792s] INFO:colcon.colcon_ros.task.ament_cmake.build:Building ROS package in '/home/kol/Documents/Robots/ros_ws/six_dof_robot_ws/src/welder_moveit_config' with build type 'ament_cmake'
[7.794s] INFO:colcon.colcon_cmake.task.cmake.build:Building CMake package in '/home/kol/Documents/Robots/ros_ws/six_dof_robot_ws/src/welder_moveit_config'
[7.795s] INFO:colcon.colcon_core.shell:Skip shell extension 'powershell' for command environment: Not usable outside of PowerShell
[7.796s] DEBUG:colcon.colcon_core.shell:Skip shell extension 'dsv' for command environment
[7.820s] Level 1:colcon.colcon_core.shell:create_environment_hook('welder_control', 'pythonpath_develop')
[7.823s] INFO:colcon.colcon_core.shell:Creating environment hook '/home/kol/Documents/Robots/ros_ws/six_dof_robot_ws/build/welder_control/share/welder_control/hook/pythonpath_develop.ps1'
[7.824s] DEBUG:colcon.colcon_core.event_handler.log_command:Invoked command in '/home/kol/Documents/Robots/ros_ws/six_dof_robot_ws/build/welder_control' returned '0': PYTHONPATH=/home/kol/Documents/Robots/ros_ws/six_dof_robot_ws/build/welder_control/prefix_override:/usr/lib/python3/dist-packages/colcon_core/task/python/colcon_distutils_commands:/home/kol/Documents/Robots/ros_ws/six_dof_robot_ws/install/welder_control/lib/python3.10/site-packages:${PYTHONPATH} /usr/bin/python3 -W ignore:setup.py install is deprecated setup.py develop --editable --build-directory /home/kol/Documents/Robots/ros_ws/six_dof_robot_ws/build/welder_control/build --no-deps symlink_data
[7.827s] INFO:colcon.colcon_core.shell:Creating environment descriptor '/home/kol/Documents/Robots/ros_ws/six_dof_robot_ws/build/welder_control/share/welder_control/hook/pythonpath_develop.dsv'
[7.829s] INFO:colcon.colcon_core.shell:Creating environment hook '/home/kol/Documents/Robots/ros_ws/six_dof_robot_ws/build/welder_control/share/welder_control/hook/pythonpath_develop.sh'
[7.832s] Level 1:colcon.colcon_core.environment:checking '/home/kol/Documents/Robots/ros_ws/six_dof_robot_ws/install/welder_control' for CMake module files
[7.835s] Level 1:colcon.colcon_core.environment:checking '/home/kol/Documents/Robots/ros_ws/six_dof_robot_ws/install/welder_control' for CMake config files
[7.838s] Level 1:colcon.colcon_core.environment:checking '/home/kol/Documents/Robots/ros_ws/six_dof_robot_ws/install/welder_control/lib'
[7.838s] Level 1:colcon.colcon_core.environment:checking '/home/kol/Documents/Robots/ros_ws/six_dof_robot_ws/install/welder_control/bin'
[7.839s] Level 1:colcon.colcon_core.environment:checking '/home/kol/Documents/Robots/ros_ws/six_dof_robot_ws/install/welder_control/lib/pkgconfig/welder_control.pc'
[7.840s] Level 1:colcon.colcon_core.environment:checking '/home/kol/Documents/Robots/ros_ws/six_dof_robot_ws/install/welder_control/lib/python3.10/site-packages'
[7.840s] Level 1:colcon.colcon_core.shell:create_environment_hook('welder_control', 'pythonpath')
[7.841s] INFO:colcon.colcon_core.shell:Creating environment hook '/home/kol/Documents/Robots/ros_ws/six_dof_robot_ws/install/welder_control/share/welder_control/hook/pythonpath.ps1'
[7.843s] INFO:colcon.colcon_core.shell:Creating environment descriptor '/home/kol/Documents/Robots/ros_ws/six_dof_robot_ws/install/welder_control/share/welder_control/hook/pythonpath.dsv'
[7.844s] INFO:colcon.colcon_core.shell:Creating environment hook '/home/kol/Documents/Robots/ros_ws/six_dof_robot_ws/install/welder_control/share/welder_control/hook/pythonpath.sh'
[7.846s] Level 1:colcon.colcon_core.environment:checking '/home/kol/Documents/Robots/ros_ws/six_dof_robot_ws/install/welder_control/bin'
[7.847s] Level 1:colcon.colcon_core.environment:create_environment_scripts_only(welder_control)
[7.848s] INFO:colcon.colcon_core.shell:Creating package script '/home/kol/Documents/Robots/ros_ws/six_dof_robot_ws/install/welder_control/share/welder_control/package.ps1'
[7.851s] INFO:colcon.colcon_core.shell:Creating package descriptor '/home/kol/Documents/Robots/ros_ws/six_dof_robot_ws/install/welder_control/share/welder_control/package.dsv'
[7.854s] INFO:colcon.colcon_core.shell:Creating package script '/home/kol/Documents/Robots/ros_ws/six_dof_robot_ws/install/welder_control/share/welder_control/package.sh'
[7.856s] INFO:colcon.colcon_core.shell:Creating package script '/home/kol/Documents/Robots/ros_ws/six_dof_robot_ws/install/welder_control/share/welder_control/package.bash'
[7.857s] INFO:colcon.colcon_core.shell:Creating package script '/home/kol/Documents/Robots/ros_ws/six_dof_robot_ws/install/welder_control/share/welder_control/package.zsh'
[7.858s] Level 1:colcon.colcon_core.environment:create_file_with_runtime_dependencies(/home/kol/Documents/Robots/ros_ws/six_dof_robot_ws/install/welder_control/share/colcon-core/packages/welder_control)
[7.875s] DEBUG:colcon.colcon_core.event_handler.log_command:Invoking command in '/home/kol/Documents/Robots/ros_ws/six_dof_robot_ws/build/welder_moveit_config': CMAKE_PREFIX_PATH=/home/kol/Documents/Robots/ros_ws/six_dof_robot_ws/install/welder_description:/home/kol/Documents/Robots/ros_ws/six_dof_robot_ws/install/welder_control:/opt/ros/humble /usr/bin/cmake /home/kol/Documents/Robots/ros_ws/six_dof_robot_ws/src/welder_moveit_config -DAMENT_CMAKE_SYMLINK_INSTALL=1 -DCMAKE_INSTALL_PREFIX=/home/kol/Documents/Robots/ros_ws/six_dof_robot_ws/install/welder_moveit_config
[10.863s] DEBUG:colcon.colcon_core.event_handler.log_command:Invoked command in '/home/kol/Documents/Robots/ros_ws/six_dof_robot_ws/build/welder_moveit_config' returned '0': CMAKE_PREFIX_PATH=/home/kol/Documents/Robots/ros_ws/six_dof_robot_ws/install/welder_description:/home/kol/Documents/Robots/ros_ws/six_dof_robot_ws/install/welder_control:/opt/ros/humble /usr/bin/cmake /home/kol/Documents/Robots/ros_ws/six_dof_robot_ws/src/welder_moveit_config -DAMENT_CMAKE_SYMLINK_INSTALL=1 -DCMAKE_INSTALL_PREFIX=/home/kol/Documents/Robots/ros_ws/six_dof_robot_ws/install/welder_moveit_config
[10.873s] DEBUG:colcon.colcon_core.event_handler.log_command:Invoking command in '/home/kol/Documents/Robots/ros_ws/six_dof_robot_ws/build/welder_moveit_config': CMAKE_PREFIX_PATH=/home/kol/Documents/Robots/ros_ws/six_dof_robot_ws/install/welder_description:/home/kol/Documents/Robots/ros_ws/six_dof_robot_ws/install/welder_control:/opt/ros/humble /usr/bin/cmake --build /home/kol/Documents/Robots/ros_ws/six_dof_robot_ws/build/welder_moveit_config -- -j4 -l4
[11.030s] DEBUG:colcon.colcon_core.event_handler.log_command:Invoked command in '/home/kol/Documents/Robots/ros_ws/six_dof_robot_ws/build/welder_moveit_config' returned '0': CMAKE_PREFIX_PATH=/home/kol/Documents/Robots/ros_ws/six_dof_robot_ws/install/welder_description:/home/kol/Documents/Robots/ros_ws/six_dof_robot_ws/install/welder_control:/opt/ros/humble /usr/bin/cmake --build /home/kol/Documents/Robots/ros_ws/six_dof_robot_ws/build/welder_moveit_config -- -j4 -l4
[11.170s] DEBUG:colcon.colcon_core.event_handler.log_command:Invoking command in '/home/kol/Documents/Robots/ros_ws/six_dof_robot_ws/build/welder_moveit_config': CMAKE_PREFIX_PATH=/home/kol/Documents/Robots/ros_ws/six_dof_robot_ws/install/welder_description:/home/kol/Documents/Robots/ros_ws/six_dof_robot_ws/install/welder_control:/opt/ros/humble /usr/bin/cmake --install /home/kol/Documents/Robots/ros_ws/six_dof_robot_ws/build/welder_moveit_config
[12.480s] Level 1:colcon.colcon_core.environment:create_environment_scripts_only(welder_moveit_config)
[12.481s] Level 1:colcon.colcon_core.environment:checking '/home/kol/Documents/Robots/ros_ws/six_dof_robot_ws/install/welder_moveit_config' for CMake module files
[12.483s] DEBUG:colcon.colcon_core.event_handler.log_command:Invoked command in '/home/kol/Documents/Robots/ros_ws/six_dof_robot_ws/build/welder_moveit_config' returned '0': CMAKE_PREFIX_PATH=/home/kol/Documents/Robots/ros_ws/six_dof_robot_ws/install/welder_description:/home/kol/Documents/Robots/ros_ws/six_dof_robot_ws/install/welder_control:/opt/ros/humble /usr/bin/cmake --install /home/kol/Documents/Robots/ros_ws/six_dof_robot_ws/build/welder_moveit_config
[12.485s] Level 1:colcon.colcon_core.environment:checking '/home/kol/Documents/Robots/ros_ws/six_dof_robot_ws/install/welder_moveit_config' for CMake config files
[12.486s] Level 1:colcon.colcon_core.shell:create_environment_hook('welder_moveit_config', 'cmake_prefix_path')
[12.487s] INFO:colcon.colcon_core.shell:Creating environment hook '/home/kol/Documents/Robots/ros_ws/six_dof_robot_ws/install/welder_moveit_config/share/welder_moveit_config/hook/cmake_prefix_path.ps1'
[12.488s] INFO:colcon.colcon_core.shell:Creating environment descriptor '/home/kol/Documents/Robots/ros_ws/six_dof_robot_ws/install/welder_moveit_config/share/welder_moveit_config/hook/cmake_prefix_path.dsv'
[12.489s] INFO:colcon.colcon_core.shell:Creating environment hook '/home/kol/Documents/Robots/ros_ws/six_dof_robot_ws/install/welder_moveit_config/share/welder_moveit_config/hook/cmake_prefix_path.sh'
[12.491s] Level 1:colcon.colcon_core.environment:checking '/home/kol/Documents/Robots/ros_ws/six_dof_robot_ws/install/welder_moveit_config/bin'
[12.492s] Level 1:colcon.colcon_core.environment:checking '/home/kol/Documents/Robots/ros_ws/six_dof_robot_ws/install/welder_moveit_config/lib/pkgconfig/welder_moveit_config.pc'
[12.493s] Level 1:colcon.colcon_core.environment:checking '/home/kol/Documents/Robots/ros_ws/six_dof_robot_ws/install/welder_moveit_config/lib/python3.10/site-packages'
[12.494s] Level 1:colcon.colcon_core.environment:checking '/home/kol/Documents/Robots/ros_ws/six_dof_robot_ws/install/welder_moveit_config/bin'
[12.495s] INFO:colcon.colcon_core.shell:Creating package script '/home/kol/Documents/Robots/ros_ws/six_dof_robot_ws/install/welder_moveit_config/share/welder_moveit_config/package.ps1'
[12.496s] INFO:colcon.colcon_core.shell:Creating package descriptor '/home/kol/Documents/Robots/ros_ws/six_dof_robot_ws/install/welder_moveit_config/share/welder_moveit_config/package.dsv'
[12.498s] INFO:colcon.colcon_core.shell:Creating package script '/home/kol/Documents/Robots/ros_ws/six_dof_robot_ws/install/welder_moveit_config/share/welder_moveit_config/package.sh'
[12.500s] INFO:colcon.colcon_core.shell:Creating package script '/home/kol/Documents/Robots/ros_ws/six_dof_robot_ws/install/welder_moveit_config/share/welder_moveit_config/package.bash'
[12.501s] INFO:colcon.colcon_core.shell:Creating package script '/home/kol/Documents/Robots/ros_ws/six_dof_robot_ws/install/welder_moveit_config/share/welder_moveit_config/package.zsh'
[12.502s] Level 1:colcon.colcon_core.environment:create_file_with_runtime_dependencies(/home/kol/Documents/Robots/ros_ws/six_dof_robot_ws/install/welder_moveit_config/share/colcon-core/packages/welder_moveit_config)
[12.595s] Level 1:colcon.colcon_core.environment:create_environment_scripts_only(welder_moveit_config)
[12.596s] Level 1:colcon.colcon_core.environment:checking '/home/kol/Documents/Robots/ros_ws/six_dof_robot_ws/install/welder_moveit_config' for CMake module files
[12.599s] Level 1:colcon.colcon_core.environment:checking '/home/kol/Documents/Robots/ros_ws/six_dof_robot_ws/install/welder_moveit_config' for CMake config files
[12.600s] Level 1:colcon.colcon_core.shell:create_environment_hook('welder_moveit_config', 'cmake_prefix_path')
[12.601s] INFO:colcon.colcon_core.shell:Creating environment hook '/home/kol/Documents/Robots/ros_ws/six_dof_robot_ws/install/welder_moveit_config/share/welder_moveit_config/hook/cmake_prefix_path.ps1'
[12.603s] INFO:colcon.colcon_core.shell:Creating environment descriptor '/home/kol/Documents/Robots/ros_ws/six_dof_robot_ws/install/welder_moveit_config/share/welder_moveit_config/hook/cmake_prefix_path.dsv'
[12.604s] INFO:colcon.colcon_core.shell:Creating environment hook '/home/kol/Documents/Robots/ros_ws/six_dof_robot_ws/install/welder_moveit_config/share/welder_moveit_config/hook/cmake_prefix_path.sh'
[12.606s] Level 1:colcon.colcon_core.environment:checking '/home/kol/Documents/Robots/ros_ws/six_dof_robot_ws/install/welder_moveit_config/bin'
[12.606s] Level 1:colcon.colcon_core.environment:checking '/home/kol/Documents/Robots/ros_ws/six_dof_robot_ws/install/welder_moveit_config/lib/pkgconfig/welder_moveit_config.pc'
[12.607s] Level 1:colcon.colcon_core.environment:checking '/home/kol/Documents/Robots/ros_ws/six_dof_robot_ws/install/welder_moveit_config/lib/python3.10/site-packages'
[12.608s] Level 1:colcon.colcon_core.environment:checking '/home/kol/Documents/Robots/ros_ws/six_dof_robot_ws/install/welder_moveit_config/bin'
[12.610s] INFO:colcon.colcon_core.shell:Creating package script '/home/kol/Documents/Robots/ros_ws/six_dof_robot_ws/install/welder_moveit_config/share/welder_moveit_config/package.ps1'
[12.612s] INFO:colcon.colcon_core.shell:Creating package descriptor '/home/kol/Documents/Robots/ros_ws/six_dof_robot_ws/install/welder_moveit_config/share/welder_moveit_config/package.dsv'
[12.615s] INFO:colcon.colcon_core.shell:Creating package script '/home/kol/Documents/Robots/ros_ws/six_dof_robot_ws/install/welder_moveit_config/share/welder_moveit_config/package.sh'
[12.616s] INFO:colcon.colcon_core.shell:Creating package script '/home/kol/Documents/Robots/ros_ws/six_dof_robot_ws/install/welder_moveit_config/share/welder_moveit_config/package.bash'
[12.618s] INFO:colcon.colcon_core.shell:Creating package script '/home/kol/Documents/Robots/ros_ws/six_dof_robot_ws/install/welder_moveit_config/share/welder_moveit_config/package.zsh'
[12.619s] Level 1:colcon.colcon_core.environment:create_file_with_runtime_dependencies(/home/kol/Documents/Robots/ros_ws/six_dof_robot_ws/install/welder_moveit_config/share/colcon-core/packages/welder_moveit_config)
[12.620s] DEBUG:colcon.colcon_parallel_executor.executor.parallel:closing loop
[12.622s] DEBUG:colcon.colcon_parallel_executor.executor.parallel:loop closed
[12.622s] DEBUG:colcon.colcon_parallel_executor.executor.parallel:run_until_complete finished with '0'
[12.623s] DEBUG:colcon.colcon_core.event_reactor:joining thread
[12.644s] INFO:colcon.colcon_core.plugin_system:Skipping extension 'colcon_notification.desktop_notification.terminal_notifier': Not used on non-Darwin systems
[12.644s] INFO:colcon.colcon_core.plugin_system:Skipping extension 'colcon_notification.desktop_notification.win32': Not used on non-Windows systems
[12.644s] INFO:colcon.colcon_notification.desktop_notification:Sending desktop notification using 'notify2'
[12.702s] DEBUG:colcon.colcon_core.event_reactor:joined thread
[12.703s] INFO:colcon.colcon_core.shell:Creating prefix script '/home/kol/Documents/Robots/ros_ws/six_dof_robot_ws/install/local_setup.ps1'
[12.706s] INFO:colcon.colcon_core.shell:Creating prefix util module '/home/kol/Documents/Robots/ros_ws/six_dof_robot_ws/install/_local_setup_util_ps1.py'
[12.714s] INFO:colcon.colcon_core.shell:Creating prefix chain script '/home/kol/Documents/Robots/ros_ws/six_dof_robot_ws/install/setup.ps1'
[12.718s] INFO:colcon.colcon_core.shell:Creating prefix script '/home/kol/Documents/Robots/ros_ws/six_dof_robot_ws/install/local_setup.sh'
[12.721s] INFO:colcon.colcon_core.shell:Creating prefix util module '/home/kol/Documents/Robots/ros_ws/six_dof_robot_ws/install/_local_setup_util_sh.py'
[12.723s] INFO:colcon.colcon_core.shell:Creating prefix chain script '/home/kol/Documents/Robots/ros_ws/six_dof_robot_ws/install/setup.sh'
[12.728s] INFO:colcon.colcon_core.shell:Creating prefix script '/home/kol/Documents/Robots/ros_ws/six_dof_robot_ws/install/local_setup.bash'
[12.730s] INFO:colcon.colcon_core.shell:Creating prefix chain script '/home/kol/Documents/Robots/ros_ws/six_dof_robot_ws/install/setup.bash'
[12.734s] INFO:colcon.colcon_core.shell:Creating prefix script '/home/kol/Documents/Robots/ros_ws/six_dof_robot_ws/install/local_setup.zsh'
[12.737s] INFO:colcon.colcon_core.shell:Creating prefix chain script '/home/kol/Documents/Robots/ros_ws/six_dof_robot_ws/install/setup.zsh'
