running develop
running egg_info
creating gripper_2_description.egg-info
writing gripper_2_description.egg-info/PKG-INFO
writing dependency_links to gripper_2_description.egg-info/dependency_links.txt
writing entry points to gripper_2_description.egg-info/entry_points.txt
writing requirements to gripper_2_description.egg-info/requires.txt
writing top-level names to gripper_2_description.egg-info/top_level.txt
writing manifest file 'gripper_2_description.egg-info/SOURCES.txt'
reading manifest file 'gripper_2_description.egg-info/SOURCES.txt'
writing manifest file 'gripper_2_description.egg-info/SOURCES.txt'
running build_ext
Creating /home/kol/Documents/Robots/ros_ws/Gripper/install/gripper_2_description/lib/python3.10/site-packages/gripper-2-description.egg-link (link to .)

Installed /home/kol/Documents/Robots/ros_ws/Gripper/build/gripper_2_description
running symlink_data
creating /home/kol/Documents/Robots/ros_ws/Gripper/install/gripper_2_description/share/ament_index
creating /home/kol/Documents/Robots/ros_ws/Gripper/install/gripper_2_description/share/ament_index/resource_index
creating /home/kol/Documents/Robots/ros_ws/Gripper/install/gripper_2_description/share/ament_index/resource_index/packages
symbolically linking /home/kol/Documents/Robots/ros_ws/Gripper/build/gripper_2_description/resource/gripper_2_description -> /home/kol/Documents/Robots/ros_ws/Gripper/install/gripper_2_description/share/ament_index/resource_index/packages
symbolically linking /home/kol/Documents/Robots/ros_ws/Gripper/build/gripper_2_description/package.xml -> /home/kol/Documents/Robots/ros_ws/Gripper/install/gripper_2_description/share/gripper_2_description
creating /home/kol/Documents/Robots/ros_ws/Gripper/install/gripper_2_description/share/gripper_2_description/launch
symbolically linking /home/kol/Documents/Robots/ros_ws/Gripper/build/gripper_2_description/launch/gazebo.launch.py -> /home/kol/Documents/Robots/ros_ws/Gripper/install/gripper_2_description/share/gripper_2_description/launch
symbolically linking /home/kol/Documents/Robots/ros_ws/Gripper/build/gripper_2_description/launch/display.launch.py -> /home/kol/Documents/Robots/ros_ws/Gripper/install/gripper_2_description/share/gripper_2_description/launch
creating /home/kol/Documents/Robots/ros_ws/Gripper/install/gripper_2_description/share/gripper_2_description/urdf
symbolically linking /home/kol/Documents/Robots/ros_ws/Gripper/build/gripper_2_description/urdf/gripper_2.gazebo -> /home/kol/Documents/Robots/ros_ws/Gripper/install/gripper_2_description/share/gripper_2_description/urdf
symbolically linking /home/kol/Documents/Robots/ros_ws/Gripper/build/gripper_2_description/urdf/materials.xacro -> /home/kol/Documents/Robots/ros_ws/Gripper/install/gripper_2_description/share/gripper_2_description/urdf
symbolically linking /home/kol/Documents/Robots/ros_ws/Gripper/build/gripper_2_description/urdf/gripper_2.xacro -> /home/kol/Documents/Robots/ros_ws/Gripper/install/gripper_2_description/share/gripper_2_description/urdf
symbolically linking /home/kol/Documents/Robots/ros_ws/Gripper/build/gripper_2_description/urdf/gripper_2.trans -> /home/kol/Documents/Robots/ros_ws/Gripper/install/gripper_2_description/share/gripper_2_description/urdf
creating /home/kol/Documents/Robots/ros_ws/Gripper/install/gripper_2_description/share/gripper_2_description/meshes
symbolically linking /home/kol/Documents/Robots/ros_ws/Gripper/build/gripper_2_description/meshes/Component2_1.stl -> /home/kol/Documents/Robots/ros_ws/Gripper/install/gripper_2_description/share/gripper_2_description/meshes
symbolically linking /home/kol/Documents/Robots/ros_ws/Gripper/build/gripper_2_description/meshes/base_link.stl -> /home/kol/Documents/Robots/ros_ws/Gripper/install/gripper_2_description/share/gripper_2_description/meshes
symbolically linking /home/kol/Documents/Robots/ros_ws/Gripper/build/gripper_2_description/meshes/Spur_Gear__24_teeth___1__1.stl -> /home/kol/Documents/Robots/ros_ws/Gripper/install/gripper_2_description/share/gripper_2_description/meshes
symbolically linking /home/kol/Documents/Robots/ros_ws/Gripper/build/gripper_2_description/meshes/Component1_Mirror__1.stl -> /home/kol/Documents/Robots/ros_ws/Gripper/install/gripper_2_description/share/gripper_2_description/meshes
symbolically linking /home/kol/Documents/Robots/ros_ws/Gripper/build/gripper_2_description/meshes/Component1_1.stl -> /home/kol/Documents/Robots/ros_ws/Gripper/install/gripper_2_description/share/gripper_2_description/meshes
symbolically linking /home/kol/Documents/Robots/ros_ws/Gripper/build/gripper_2_description/meshes/Spur_Gear__24_teeth__1.stl -> /home/kol/Documents/Robots/ros_ws/Gripper/install/gripper_2_description/share/gripper_2_description/meshes
symbolically linking /home/kol/Documents/Robots/ros_ws/Gripper/build/gripper_2_description/meshes/Component2_Mirror__1.stl -> /home/kol/Documents/Robots/ros_ws/Gripper/install/gripper_2_description/share/gripper_2_description/meshes
creating /home/kol/Documents/Robots/ros_ws/Gripper/install/gripper_2_description/share/gripper_2_description/config
symbolically linking /home/kol/Documents/Robots/ros_ws/Gripper/build/gripper_2_description/config/display.rviz -> /home/kol/Documents/Robots/ros_ws/Gripper/install/gripper_2_description/share/gripper_2_description/config
