[2.311s] DEBUG:colcon:Command line arguments: ['/usr/bin/colcon', 'list', '-p', '--base-paths', '/home/kol/Documents/Robotics/ros_ws/ThreeDoFRobot']
[2.312s] DEBUG:colcon:Parsed command line arguments: Namespace(log_base=None, log_level=None, verb_name='list', build_base='build', ignore_user_meta=False, metas=['./colcon.meta'], base_paths=['/home/kol/Documents/Robotics/ros_ws/ThreeDoFRobot'], packages_ignore=None, packages_ignore_regex=None, paths=None, packages_up_to=None, packages_up_to_regex=None, packages_above=None, packages_above_and_dependencies=None, packages_above_depth=None, packages_select_by_dep=None, packages_skip_by_dep=None, packages_skip_up_to=None, packages_select_build_failed=False, packages_skip_build_finished=False, packages_select_test_failures=False, packages_skip_test_passed=False, packages_select=None, packages_skip=None, packages_select_regex=None, packages_skip_regex=None, packages_start=None, packages_end=None, allow_overriding=[], topological_order=False, names_only=False, paths_only=True, topological_graph=False, topological_graph_dot=False, topological_graph_density=False, topological_graph_legend=False, topological_graph_dot_cluster=False, topological_graph_dot_include_skipped=False, mixin_files=None, mixin=None, verb_parser=<colcon_mixin.mixin.mixin_argument.MixinArgumentDecorator object at 0x728f6041fcd0>, verb_extension=<colcon_package_information.verb.list.ListVerb object at 0x728f605d0af0>, main=<bound method ListVerb.main of <colcon_package_information.verb.list.ListVerb object at 0x728f605d0af0>>, mixin_verb=('list',))
[5.699s] Level 1:colcon.colcon_core.package_discovery:discover_packages(colcon_meta) check parameters
[5.699s] Level 1:colcon.colcon_core.package_discovery:discover_packages(recursive) check parameters
[5.699s] Level 1:colcon.colcon_core.package_discovery:discover_packages(ignore) check parameters
[5.700s] Level 1:colcon.colcon_core.package_discovery:discover_packages(path) check parameters
[5.700s] Level 1:colcon.colcon_core.package_discovery:discover_packages(recursive) discover
[5.700s] INFO:colcon.colcon_core.package_discovery:Crawling recursively for packages in '/home/kol/Documents/Robotics/ros_ws/ThreeDoFRobot'
[5.701s] Level 1:colcon.colcon_core.package_identification:_identify(/home/kol/Documents/Robotics/ros_ws/ThreeDoFRobot) by extensions ['ignore', 'ignore_ament_install']
[5.701s] Level 1:colcon.colcon_core.package_identification:_identify(/home/kol/Documents/Robotics/ros_ws/ThreeDoFRobot) by extension 'ignore'
[5.702s] Level 1:colcon.colcon_core.package_identification:_identify(/home/kol/Documents/Robotics/ros_ws/ThreeDoFRobot) by extension 'ignore_ament_install'
[5.702s] Level 1:colcon.colcon_core.package_identification:_identify(/home/kol/Documents/Robotics/ros_ws/ThreeDoFRobot) by extensions ['colcon_pkg']
[5.702s] Level 1:colcon.colcon_core.package_identification:_identify(/home/kol/Documents/Robotics/ros_ws/ThreeDoFRobot) by extension 'colcon_pkg'
[5.702s] Level 1:colcon.colcon_core.package_identification:_identify(/home/kol/Documents/Robotics/ros_ws/ThreeDoFRobot) by extensions ['colcon_meta']
[5.703s] Level 1:colcon.colcon_core.package_identification:_identify(/home/kol/Documents/Robotics/ros_ws/ThreeDoFRobot) by extension 'colcon_meta'
[5.703s] Level 1:colcon.colcon_core.package_identification:_identify(/home/kol/Documents/Robotics/ros_ws/ThreeDoFRobot) by extensions ['ros']
[5.703s] Level 1:colcon.colcon_core.package_identification:_identify(/home/kol/Documents/Robotics/ros_ws/ThreeDoFRobot) by extension 'ros'
[5.767s] Level 1:colcon.colcon_core.package_identification:_identify(/home/kol/Documents/Robotics/ros_ws/ThreeDoFRobot) by extensions ['cmake', 'python']
[5.768s] Level 1:colcon.colcon_core.package_identification:_identify(/home/kol/Documents/Robotics/ros_ws/ThreeDoFRobot) by extension 'cmake'
[5.768s] Level 1:colcon.colcon_core.package_identification:_identify(/home/kol/Documents/Robotics/ros_ws/ThreeDoFRobot) by extension 'python'
[5.768s] Level 1:colcon.colcon_core.package_identification:_identify(/home/kol/Documents/Robotics/ros_ws/ThreeDoFRobot) by extensions ['python_setup_py']
[5.769s] Level 1:colcon.colcon_core.package_identification:_identify(/home/kol/Documents/Robotics/ros_ws/ThreeDoFRobot) by extension 'python_setup_py'
[5.769s] Level 1:colcon.colcon_core.package_identification:_identify(/home/kol/Documents/Robotics/ros_ws/ThreeDoFRobot/log) by extensions ['ignore', 'ignore_ament_install']
[5.770s] Level 1:colcon.colcon_core.package_identification:_identify(/home/kol/Documents/Robotics/ros_ws/ThreeDoFRobot/log) by extension 'ignore'
[5.770s] Level 1:colcon.colcon_core.package_identification:_identify(/home/kol/Documents/Robotics/ros_ws/ThreeDoFRobot/log) ignored
[5.771s] Level 1:colcon.colcon_core.package_identification:_identify(/home/kol/Documents/Robotics/ros_ws/ThreeDoFRobot/src) by extensions ['ignore', 'ignore_ament_install']
[5.771s] Level 1:colcon.colcon_core.package_identification:_identify(/home/kol/Documents/Robotics/ros_ws/ThreeDoFRobot/src) by extension 'ignore'
[5.772s] Level 1:colcon.colcon_core.package_identification:_identify(/home/kol/Documents/Robotics/ros_ws/ThreeDoFRobot/src) by extension 'ignore_ament_install'
[5.772s] Level 1:colcon.colcon_core.package_identification:_identify(/home/kol/Documents/Robotics/ros_ws/ThreeDoFRobot/src) by extensions ['colcon_pkg']
[5.773s] Level 1:colcon.colcon_core.package_identification:_identify(/home/kol/Documents/Robotics/ros_ws/ThreeDoFRobot/src) by extension 'colcon_pkg'
[5.773s] Level 1:colcon.colcon_core.package_identification:_identify(/home/kol/Documents/Robotics/ros_ws/ThreeDoFRobot/src) by extensions ['colcon_meta']
[5.773s] Level 1:colcon.colcon_core.package_identification:_identify(/home/kol/Documents/Robotics/ros_ws/ThreeDoFRobot/src) by extension 'colcon_meta'
[5.774s] Level 1:colcon.colcon_core.package_identification:_identify(/home/kol/Documents/Robotics/ros_ws/ThreeDoFRobot/src) by extensions ['ros']
[5.774s] Level 1:colcon.colcon_core.package_identification:_identify(/home/kol/Documents/Robotics/ros_ws/ThreeDoFRobot/src) by extension 'ros'
[5.774s] Level 1:colcon.colcon_core.package_identification:_identify(/home/kol/Documents/Robotics/ros_ws/ThreeDoFRobot/src) by extensions ['cmake', 'python']
[5.775s] Level 1:colcon.colcon_core.package_identification:_identify(/home/kol/Documents/Robotics/ros_ws/ThreeDoFRobot/src) by extension 'cmake'
[5.775s] Level 1:colcon.colcon_core.package_identification:_identify(/home/kol/Documents/Robotics/ros_ws/ThreeDoFRobot/src) by extension 'python'
[5.775s] Level 1:colcon.colcon_core.package_identification:_identify(/home/kol/Documents/Robotics/ros_ws/ThreeDoFRobot/src) by extensions ['python_setup_py']
[5.775s] Level 1:colcon.colcon_core.package_identification:_identify(/home/kol/Documents/Robotics/ros_ws/ThreeDoFRobot/src) by extension 'python_setup_py'
[5.776s] Level 1:colcon.colcon_core.package_identification:_identify(/home/kol/Documents/Robotics/ros_ws/ThreeDoFRobot/src/ThreeDoFArm_description) by extensions ['ignore', 'ignore_ament_install']
[5.777s] Level 1:colcon.colcon_core.package_identification:_identify(/home/kol/Documents/Robotics/ros_ws/ThreeDoFRobot/src/ThreeDoFArm_description) by extension 'ignore'
[5.777s] Level 1:colcon.colcon_core.package_identification:_identify(/home/kol/Documents/Robotics/ros_ws/ThreeDoFRobot/src/ThreeDoFArm_description) by extension 'ignore_ament_install'
[5.777s] Level 1:colcon.colcon_core.package_identification:_identify(/home/kol/Documents/Robotics/ros_ws/ThreeDoFRobot/src/ThreeDoFArm_description) by extensions ['colcon_pkg']
[5.778s] Level 1:colcon.colcon_core.package_identification:_identify(/home/kol/Documents/Robotics/ros_ws/ThreeDoFRobot/src/ThreeDoFArm_description) by extension 'colcon_pkg'
[5.778s] Level 1:colcon.colcon_core.package_identification:_identify(/home/kol/Documents/Robotics/ros_ws/ThreeDoFRobot/src/ThreeDoFArm_description) by extensions ['colcon_meta']
[5.778s] Level 1:colcon.colcon_core.package_identification:_identify(/home/kol/Documents/Robotics/ros_ws/ThreeDoFRobot/src/ThreeDoFArm_description) by extension 'colcon_meta'
[5.779s] Level 1:colcon.colcon_core.package_identification:_identify(/home/kol/Documents/Robotics/ros_ws/ThreeDoFRobot/src/ThreeDoFArm_description) by extensions ['ros']
[5.779s] Level 1:colcon.colcon_core.package_identification:_identify(/home/kol/Documents/Robotics/ros_ws/ThreeDoFRobot/src/ThreeDoFArm_description) by extension 'ros'
[5.795s] DEBUG:colcon.colcon_core.package_identification:Package '/home/kol/Documents/Robotics/ros_ws/ThreeDoFRobot/src/ThreeDoFArm_description' with type 'ros.ament_python' and name 'ThreeDoFArm_description'
[5.796s] Level 1:colcon.colcon_core.package_identification:_identify(/home/kol/Documents/Robotics/ros_ws/ThreeDoFRobot/src/robotController) by extensions ['ignore', 'ignore_ament_install']
[5.796s] Level 1:colcon.colcon_core.package_identification:_identify(/home/kol/Documents/Robotics/ros_ws/ThreeDoFRobot/src/robotController) by extension 'ignore'
[5.796s] Level 1:colcon.colcon_core.package_identification:_identify(/home/kol/Documents/Robotics/ros_ws/ThreeDoFRobot/src/robotController) by extension 'ignore_ament_install'
[5.797s] Level 1:colcon.colcon_core.package_identification:_identify(/home/kol/Documents/Robotics/ros_ws/ThreeDoFRobot/src/robotController) by extensions ['colcon_pkg']
[5.797s] Level 1:colcon.colcon_core.package_identification:_identify(/home/kol/Documents/Robotics/ros_ws/ThreeDoFRobot/src/robotController) by extension 'colcon_pkg'
[5.797s] Level 1:colcon.colcon_core.package_identification:_identify(/home/kol/Documents/Robotics/ros_ws/ThreeDoFRobot/src/robotController) by extensions ['colcon_meta']
[5.797s] Level 1:colcon.colcon_core.package_identification:_identify(/home/kol/Documents/Robotics/ros_ws/ThreeDoFRobot/src/robotController) by extension 'colcon_meta'
[5.798s] Level 1:colcon.colcon_core.package_identification:_identify(/home/kol/Documents/Robotics/ros_ws/ThreeDoFRobot/src/robotController) by extensions ['ros']
[5.798s] Level 1:colcon.colcon_core.package_identification:_identify(/home/kol/Documents/Robotics/ros_ws/ThreeDoFRobot/src/robotController) by extension 'ros'
[5.802s] DEBUG:colcon.colcon_core.package_identification:Package '/home/kol/Documents/Robotics/ros_ws/ThreeDoFRobot/src/robotController' with type 'ros.ament_python' and name 'robotController'
[5.802s] Level 1:colcon.colcon_core.package_discovery:discover_packages(recursive) using defaults
