[3.557s] Invoking command in '/home/kol/Documents/Robots/ros_ws/six_dof_robot_ws/build/welder_control': PYTHONPATH=/home/kol/Documents/Robots/ros_ws/six_dof_robot_ws/build/welder_control/prefix_override:/usr/lib/python3/dist-packages/colcon_core/task/python/colcon_distutils_commands:/home/kol/Documents/Robots/ros_ws/six_dof_robot_ws/install/welder_control/lib/python3.10/site-packages:${PYTHONPATH} /usr/bin/python3 -W ignore:setup.py install is deprecated setup.py develop --editable --build-directory /home/kol/Documents/Robots/ros_ws/six_dof_robot_ws/build/welder_control/build --no-deps symlink_data
[4.837s] running develop
[5.747s] running egg_info
[5.748s] creating welder_control.egg-info
[5.749s] writing welder_control.egg-info/PKG-INFO
[5.750s] writing dependency_links to welder_control.egg-info/dependency_links.txt
[5.751s] writing entry points to welder_control.egg-info/entry_points.txt
[5.752s] writing requirements to welder_control.egg-info/requires.txt
[5.752s] writing top-level names to welder_control.egg-info/top_level.txt
[5.753s] writing manifest file 'welder_control.egg-info/SOURCES.txt'
[5.762s] reading manifest file 'welder_control.egg-info/SOURCES.txt'
[5.766s] writing manifest file 'welder_control.egg-info/SOURCES.txt'
[5.772s] running build_ext
[5.772s] Creating /home/kol/Documents/Robots/ros_ws/six_dof_robot_ws/install/welder_control/lib/python3.10/site-packages/welder-control.egg-link (link to .)
[5.776s] Installing welder_cont script to /home/kol/Documents/Robots/ros_ws/six_dof_robot_ws/install/welder_control/lib/welder_control
[5.777s] 
[5.779s] Installed /home/kol/Documents/Robots/ros_ws/six_dof_robot_ws/build/welder_control
[5.780s] running symlink_data
[5.780s] creating /home/kol/Documents/Robots/ros_ws/six_dof_robot_ws/install/welder_control/share/ament_index
[5.781s] creating /home/kol/Documents/Robots/ros_ws/six_dof_robot_ws/install/welder_control/share/ament_index/resource_index
[5.782s] creating /home/kol/Documents/Robots/ros_ws/six_dof_robot_ws/install/welder_control/share/ament_index/resource_index/packages
[5.782s] symbolically linking /home/kol/Documents/Robots/ros_ws/six_dof_robot_ws/build/welder_control/resource/welder_control -> /home/kol/Documents/Robots/ros_ws/six_dof_robot_ws/install/welder_control/share/ament_index/resource_index/packages
[5.783s] symbolically linking /home/kol/Documents/Robots/ros_ws/six_dof_robot_ws/build/welder_control/package.xml -> /home/kol/Documents/Robots/ros_ws/six_dof_robot_ws/install/welder_control/share/welder_control
[5.925s] Invoked command in '/home/kol/Documents/Robots/ros_ws/six_dof_robot_ws/build/welder_control' returned '0': PYTHONPATH=/home/kol/Documents/Robots/ros_ws/six_dof_robot_ws/build/welder_control/prefix_override:/usr/lib/python3/dist-packages/colcon_core/task/python/colcon_distutils_commands:/home/kol/Documents/Robots/ros_ws/six_dof_robot_ws/install/welder_control/lib/python3.10/site-packages:${PYTHONPATH} /usr/bin/python3 -W ignore:setup.py install is deprecated setup.py develop --editable --build-directory /home/kol/Documents/Robots/ros_ws/six_dof_robot_ws/build/welder_control/build --no-deps symlink_data
