[0.009s] Invoking command in '/home/kol/Documents/Robots/learning/pub_sub_cpp/build/pub_sub': CMAKE_PREFIX_PATH=/home/kol/Documents/Robots/learning/pub_sub_py/install/pub_sub:/opt/ros/humble /usr/bin/cmake /home/kol/Documents/Robots/learning/pub_sub_cpp/src/pub_sub -DCMAKE_INSTALL_PREFIX=/home/kol/Documents/Robots/learning/pub_sub_cpp/install/pub_sub
[0.061s] -- The C compiler identification is GNU 11.4.0
[0.116s] -- The CXX compiler identification is GNU 11.4.0
[0.123s] -- Detecting C compiler ABI info
[0.187s] -- Detecting C compiler ABI info - done
[0.194s] -- Check for working C compiler: /usr/bin/cc - skipped
[0.194s] -- Detecting C compile features
[0.195s] -- Detecting C compile features - done
[0.197s] -- Detecting CXX compiler ABI info
[0.270s] -- Detecting CXX compiler ABI info - done
[0.278s] -- Check for working CXX compiler: /usr/bin/c++ - skipped
[0.278s] -- Detecting CXX compile features
[0.279s] -- Detecting CXX compile features - done
[0.281s] -- Found ament_cmake: 1.3.10 (/opt/ros/humble/share/ament_cmake/cmake)
[0.432s] -- Found Python3: /usr/bin/python3 (found version "3.10.12") found components: Interpreter 
[0.522s] -- Found rclcpp: 16.0.10 (/opt/ros/humble/share/rclcpp/cmake)
[0.566s] -- Found rosidl_generator_c: 3.1.5 (/opt/ros/humble/share/rosidl_generator_c/cmake)
[0.571s] -- Found rosidl_adapter: 3.1.5 (/opt/ros/humble/share/rosidl_adapter/cmake)
[0.579s] -- Found rosidl_generator_cpp: 3.1.5 (/opt/ros/humble/share/rosidl_generator_cpp/cmake)
[0.592s] -- Using all available rosidl_typesupport_c: rosidl_typesupport_fastrtps_c;rosidl_typesupport_introspection_c
[0.609s] -- Using all available rosidl_typesupport_cpp: rosidl_typesupport_fastrtps_cpp;rosidl_typesupport_introspection_cpp
[0.659s] -- Found rmw_implementation_cmake: 6.1.2 (/opt/ros/humble/share/rmw_implementation_cmake/cmake)
[0.662s] -- Found rmw_fastrtps_cpp: 6.2.7 (/opt/ros/humble/share/rmw_fastrtps_cpp/cmake)
[0.746s] -- Found OpenSSL: /usr/lib/x86_64-linux-gnu/libcrypto.so (found version "3.0.2")  
[0.771s] -- Found FastRTPS: /opt/ros/humble/include  
[0.810s] -- Using RMW implementation 'rmw_fastrtps_cpp' as default
[0.819s] -- Looking for pthread.h
[0.886s] -- Looking for pthread.h - found
[0.886s] -- Performing Test CMAKE_HAVE_LIBC_PTHREAD
[0.955s] -- Performing Test CMAKE_HAVE_LIBC_PTHREAD - Success
[0.956s] -- Found Threads: TRUE  
[1.011s] -- Found turtlesim: 1.4.2 (/opt/ros/humble/share/turtlesim/cmake)
[1.055s] -- Found geometry_msgs: 4.2.4 (/opt/ros/humble/share/geometry_msgs/cmake)
[1.068s] [31mCMake Error at /opt/ros/humble/share/ament_cmake_target_dependencies/cmake/ament_target_dependencies.cmake:77 (message):
[1.068s]   ament_target_dependencies() the passed package name 'rclpp' was not found
[1.069s]   before
[1.069s] Call Stack (most recent call first):
[1.069s]   CMakeLists.txt:22 (ament_target_dependencies)
[1.069s] 
[1.069s] [0m
[1.069s] -- Configuring incomplete, errors occurred!
[1.069s] See also "/home/kol/Documents/Robots/learning/pub_sub_cpp/build/pub_sub/CMakeFiles/CMakeOutput.log".
[1.077s] Invoked command in '/home/kol/Documents/Robots/learning/pub_sub_cpp/build/pub_sub' returned '1': CMAKE_PREFIX_PATH=/home/kol/Documents/Robots/learning/pub_sub_py/install/pub_sub:/opt/ros/humble /usr/bin/cmake /home/kol/Documents/Robots/learning/pub_sub_cpp/src/pub_sub -DCMAKE_INSTALL_PREFIX=/home/kol/Documents/Robots/learning/pub_sub_cpp/install/pub_sub
