[0.122s] DEBUG:colcon:Command line arguments: ['/usr/bin/colcon', 'build', '--symlink-install']
[0.122s] DEBUG:colcon:Parsed command line arguments: Namespace(log_base=None, log_level=None, verb_name='build', build_base='build', install_base='install', merge_install=False, symlink_install=True, test_result_base=None, continue_on_error=False, executor='parallel', parallel_workers=4, event_handlers=None, ignore_user_meta=False, metas=['./colcon.meta'], base_paths=['.'], packages_ignore=None, packages_ignore_regex=None, paths=None, packages_up_to=None, packages_up_to_regex=None, packages_above=None, packages_above_and_dependencies=None, packages_above_depth=None, packages_select_by_dep=None, packages_skip_by_dep=None, packages_skip_up_to=None, packages_select_build_failed=False, packages_skip_build_finished=False, packages_select_test_failures=False, packages_skip_test_passed=False, packages_select=None, packages_skip=None, packages_select_regex=None, packages_skip_regex=None, packages_start=None, packages_end=None, allow_overriding=[], cmake_args=None, cmake_target=None, cmake_target_skip_unavailable=False, cmake_clean_cache=False, cmake_clean_first=False, cmake_force_configure=False, ament_cmake_args=None, catkin_cmake_args=None, catkin_skip_building_tests=False, mixin_files=None, mixin=None, verb_parser=<colcon_mixin.mixin.mixin_argument.MixinArgumentDecorator object at 0x7096fac0b730>, verb_extension=<colcon_core.verb.build.BuildVerb object at 0x7096fad77bb0>, main=<bound method BuildVerb.main of <colcon_core.verb.build.BuildVerb object at 0x7096fad77bb0>>, mixin_verb=('build',))
[0.336s] Level 1:colcon.colcon_core.package_discovery:discover_packages(colcon_meta) check parameters
[0.336s] Level 1:colcon.colcon_core.package_discovery:discover_packages(recursive) check parameters
[0.336s] Level 1:colcon.colcon_core.package_discovery:discover_packages(ignore) check parameters
[0.336s] Level 1:colcon.colcon_core.package_discovery:discover_packages(path) check parameters
[0.336s] Level 1:colcon.colcon_core.package_discovery:discover_packages(colcon_meta) discover
[0.336s] Level 1:colcon.colcon_core.package_discovery:discover_packages(recursive) discover
[0.336s] INFO:colcon.colcon_core.package_discovery:Crawling recursively for packages in '/home/kol/Documents/Robots/learning/joystick'
[0.336s] Level 1:colcon.colcon_core.package_identification:_identify(.) by extensions ['ignore', 'ignore_ament_install']
[0.337s] Level 1:colcon.colcon_core.package_identification:_identify(.) by extension 'ignore'
[0.337s] Level 1:colcon.colcon_core.package_identification:_identify(.) by extension 'ignore_ament_install'
[0.337s] Level 1:colcon.colcon_core.package_identification:_identify(.) by extensions ['colcon_pkg']
[0.337s] Level 1:colcon.colcon_core.package_identification:_identify(.) by extension 'colcon_pkg'
[0.337s] Level 1:colcon.colcon_core.package_identification:_identify(.) by extensions ['colcon_meta']
[0.337s] Level 1:colcon.colcon_core.package_identification:_identify(.) by extension 'colcon_meta'
[0.337s] Level 1:colcon.colcon_core.package_identification:_identify(.) by extensions ['ros']
[0.337s] Level 1:colcon.colcon_core.package_identification:_identify(.) by extension 'ros'
[0.356s] Level 1:colcon.colcon_core.package_identification:_identify(.) by extensions ['cmake', 'python']
[0.356s] Level 1:colcon.colcon_core.package_identification:_identify(.) by extension 'cmake'
[0.356s] Level 1:colcon.colcon_core.package_identification:_identify(.) by extension 'python'
[0.356s] Level 1:colcon.colcon_core.package_identification:_identify(.) by extensions ['python_setup_py']
[0.356s] Level 1:colcon.colcon_core.package_identification:_identify(.) by extension 'python_setup_py'
[0.356s] Level 1:colcon.colcon_core.package_identification:_identify(build) by extensions ['ignore', 'ignore_ament_install']
[0.356s] Level 1:colcon.colcon_core.package_identification:_identify(build) by extension 'ignore'
[0.356s] Level 1:colcon.colcon_core.package_identification:_identify(build) ignored
[0.357s] Level 1:colcon.colcon_core.package_identification:_identify(install) by extensions ['ignore', 'ignore_ament_install']
[0.357s] Level 1:colcon.colcon_core.package_identification:_identify(install) by extension 'ignore'
[0.357s] Level 1:colcon.colcon_core.package_identification:_identify(install) ignored
[0.357s] Level 1:colcon.colcon_core.package_identification:_identify(log) by extensions ['ignore', 'ignore_ament_install']
[0.357s] Level 1:colcon.colcon_core.package_identification:_identify(log) by extension 'ignore'
[0.357s] Level 1:colcon.colcon_core.package_identification:_identify(log) ignored
[0.357s] Level 1:colcon.colcon_core.package_identification:_identify(src) by extensions ['ignore', 'ignore_ament_install']
[0.357s] Level 1:colcon.colcon_core.package_identification:_identify(src) by extension 'ignore'
[0.357s] Level 1:colcon.colcon_core.package_identification:_identify(src) by extension 'ignore_ament_install'
[0.357s] Level 1:colcon.colcon_core.package_identification:_identify(src) by extensions ['colcon_pkg']
[0.357s] Level 1:colcon.colcon_core.package_identification:_identify(src) by extension 'colcon_pkg'
[0.357s] Level 1:colcon.colcon_core.package_identification:_identify(src) by extensions ['colcon_meta']
[0.357s] Level 1:colcon.colcon_core.package_identification:_identify(src) by extension 'colcon_meta'
[0.357s] Level 1:colcon.colcon_core.package_identification:_identify(src) by extensions ['ros']
[0.357s] Level 1:colcon.colcon_core.package_identification:_identify(src) by extension 'ros'
[0.357s] Level 1:colcon.colcon_core.package_identification:_identify(src) by extensions ['cmake', 'python']
[0.357s] Level 1:colcon.colcon_core.package_identification:_identify(src) by extension 'cmake'
[0.357s] Level 1:colcon.colcon_core.package_identification:_identify(src) by extension 'python'
[0.358s] Level 1:colcon.colcon_core.package_identification:_identify(src) by extensions ['python_setup_py']
[0.358s] Level 1:colcon.colcon_core.package_identification:_identify(src) by extension 'python_setup_py'
[0.358s] Level 1:colcon.colcon_core.package_identification:_identify(src/turtle_bringup) by extensions ['ignore', 'ignore_ament_install']
[0.358s] Level 1:colcon.colcon_core.package_identification:_identify(src/turtle_bringup) by extension 'ignore'
[0.358s] Level 1:colcon.colcon_core.package_identification:_identify(src/turtle_bringup) by extension 'ignore_ament_install'
[0.358s] Level 1:colcon.colcon_core.package_identification:_identify(src/turtle_bringup) by extensions ['colcon_pkg']
[0.358s] Level 1:colcon.colcon_core.package_identification:_identify(src/turtle_bringup) by extension 'colcon_pkg'
[0.358s] Level 1:colcon.colcon_core.package_identification:_identify(src/turtle_bringup) by extensions ['colcon_meta']
[0.358s] Level 1:colcon.colcon_core.package_identification:_identify(src/turtle_bringup) by extension 'colcon_meta'
[0.358s] Level 1:colcon.colcon_core.package_identification:_identify(src/turtle_bringup) by extensions ['ros']
[0.358s] Level 1:colcon.colcon_core.package_identification:_identify(src/turtle_bringup) by extension 'ros'
[0.360s] DEBUG:colcon.colcon_core.package_identification:Package 'src/turtle_bringup' with type 'ros.ament_cmake' and name 'turtle_bringup'
[0.360s] Level 1:colcon.colcon_core.package_identification:_identify(src/turtle_joystic) by extensions ['ignore', 'ignore_ament_install']
[0.361s] Level 1:colcon.colcon_core.package_identification:_identify(src/turtle_joystic) by extension 'ignore'
[0.361s] Level 1:colcon.colcon_core.package_identification:_identify(src/turtle_joystic) by extension 'ignore_ament_install'
[0.361s] Level 1:colcon.colcon_core.package_identification:_identify(src/turtle_joystic) by extensions ['colcon_pkg']
[0.361s] Level 1:colcon.colcon_core.package_identification:_identify(src/turtle_joystic) by extension 'colcon_pkg'
[0.361s] Level 1:colcon.colcon_core.package_identification:_identify(src/turtle_joystic) by extensions ['colcon_meta']
[0.361s] Level 1:colcon.colcon_core.package_identification:_identify(src/turtle_joystic) by extension 'colcon_meta'
[0.361s] Level 1:colcon.colcon_core.package_identification:_identify(src/turtle_joystic) by extensions ['ros']
[0.361s] Level 1:colcon.colcon_core.package_identification:_identify(src/turtle_joystic) by extension 'ros'
[0.361s] DEBUG:colcon.colcon_core.package_identification:Package 'src/turtle_joystic' with type 'ros.ament_python' and name 'turtle_joystic'
[0.361s] Level 1:colcon.colcon_core.package_discovery:discover_packages(recursive) using defaults
[0.361s] Level 1:colcon.colcon_core.package_discovery:discover_packages(ignore) discover
[0.361s] Level 1:colcon.colcon_core.package_discovery:discover_packages(ignore) using defaults
[0.362s] Level 1:colcon.colcon_core.package_discovery:discover_packages(path) discover
[0.362s] Level 1:colcon.colcon_core.package_discovery:discover_packages(path) using defaults
[0.381s] Level 1:colcon.colcon_core.package_discovery:discover_packages(prefix_path) check parameters
[0.381s] Level 1:colcon.colcon_core.package_discovery:discover_packages(prefix_path) discover
[0.383s] DEBUG:colcon.colcon_installed_package_information.package_discovery:Found 2 installed packages in /home/kol/Documents/Robots/learning/joystick/install
[0.384s] DEBUG:colcon.colcon_installed_package_information.package_discovery:Found 398 installed packages in /opt/ros/humble
[0.387s] Level 1:colcon.colcon_core.package_discovery:discover_packages(prefix_path) using defaults
[0.438s] Level 5:colcon.colcon_core.verb:set package 'turtle_joystic' build argument 'cmake_args' from command line to 'None'
[0.439s] Level 5:colcon.colcon_core.verb:set package 'turtle_joystic' build argument 'cmake_target' from command line to 'None'
[0.439s] Level 5:colcon.colcon_core.verb:set package 'turtle_joystic' build argument 'cmake_target_skip_unavailable' from command line to 'False'
[0.439s] Level 5:colcon.colcon_core.verb:set package 'turtle_joystic' build argument 'cmake_clean_cache' from command line to 'False'
[0.439s] Level 5:colcon.colcon_core.verb:set package 'turtle_joystic' build argument 'cmake_clean_first' from command line to 'False'
[0.439s] Level 5:colcon.colcon_core.verb:set package 'turtle_joystic' build argument 'cmake_force_configure' from command line to 'False'
[0.439s] Level 5:colcon.colcon_core.verb:set package 'turtle_joystic' build argument 'ament_cmake_args' from command line to 'None'
[0.439s] Level 5:colcon.colcon_core.verb:set package 'turtle_joystic' build argument 'catkin_cmake_args' from command line to 'None'
[0.439s] Level 5:colcon.colcon_core.verb:set package 'turtle_joystic' build argument 'catkin_skip_building_tests' from command line to 'False'
[0.439s] DEBUG:colcon.colcon_core.verb:Building package 'turtle_joystic' with the following arguments: {'ament_cmake_args': None, 'build_base': '/home/kol/Documents/Robots/learning/joystick/build/turtle_joystic', 'catkin_cmake_args': None, 'catkin_skip_building_tests': False, 'cmake_args': None, 'cmake_clean_cache': False, 'cmake_clean_first': False, 'cmake_force_configure': False, 'cmake_target': None, 'cmake_target_skip_unavailable': False, 'install_base': '/home/kol/Documents/Robots/learning/joystick/install/turtle_joystic', 'merge_install': False, 'path': '/home/kol/Documents/Robots/learning/joystick/src/turtle_joystic', 'symlink_install': True, 'test_result_base': None}
[0.439s] Level 5:colcon.colcon_core.verb:set package 'turtle_bringup' build argument 'cmake_args' from command line to 'None'
[0.439s] Level 5:colcon.colcon_core.verb:set package 'turtle_bringup' build argument 'cmake_target' from command line to 'None'
[0.439s] Level 5:colcon.colcon_core.verb:set package 'turtle_bringup' build argument 'cmake_target_skip_unavailable' from command line to 'False'
[0.439s] Level 5:colcon.colcon_core.verb:set package 'turtle_bringup' build argument 'cmake_clean_cache' from command line to 'False'
[0.439s] Level 5:colcon.colcon_core.verb:set package 'turtle_bringup' build argument 'cmake_clean_first' from command line to 'False'
[0.439s] Level 5:colcon.colcon_core.verb:set package 'turtle_bringup' build argument 'cmake_force_configure' from command line to 'False'
[0.439s] Level 5:colcon.colcon_core.verb:set package 'turtle_bringup' build argument 'ament_cmake_args' from command line to 'None'
[0.439s] Level 5:colcon.colcon_core.verb:set package 'turtle_bringup' build argument 'catkin_cmake_args' from command line to 'None'
[0.439s] Level 5:colcon.colcon_core.verb:set package 'turtle_bringup' build argument 'catkin_skip_building_tests' from command line to 'False'
[0.439s] DEBUG:colcon.colcon_core.verb:Building package 'turtle_bringup' with the following arguments: {'ament_cmake_args': None, 'build_base': '/home/kol/Documents/Robots/learning/joystick/build/turtle_bringup', 'catkin_cmake_args': None, 'catkin_skip_building_tests': False, 'cmake_args': None, 'cmake_clean_cache': False, 'cmake_clean_first': False, 'cmake_force_configure': False, 'cmake_target': None, 'cmake_target_skip_unavailable': False, 'install_base': '/home/kol/Documents/Robots/learning/joystick/install/turtle_bringup', 'merge_install': False, 'path': '/home/kol/Documents/Robots/learning/joystick/src/turtle_bringup', 'symlink_install': True, 'test_result_base': None}
[0.440s] INFO:colcon.colcon_core.executor:Executing jobs using 'parallel' executor
[0.441s] DEBUG:colcon.colcon_parallel_executor.executor.parallel:run_until_complete
[0.441s] INFO:colcon.colcon_ros.task.ament_python.build:Building ROS package in '/home/kol/Documents/Robots/learning/joystick/src/turtle_joystic' with build type 'ament_python'
[0.441s] Level 1:colcon.colcon_core.shell:create_environment_hook('turtle_joystic', 'ament_prefix_path')
[0.443s] INFO:colcon.colcon_core.plugin_system:Skipping extension 'colcon_core.shell.bat': Not used on non-Windows systems
[0.443s] INFO:colcon.colcon_core.shell:Creating environment hook '/home/kol/Documents/Robots/learning/joystick/install/turtle_joystic/share/turtle_joystic/hook/ament_prefix_path.ps1'
[0.444s] INFO:colcon.colcon_core.shell:Creating environment descriptor '/home/kol/Documents/Robots/learning/joystick/install/turtle_joystic/share/turtle_joystic/hook/ament_prefix_path.dsv'
[0.445s] INFO:colcon.colcon_core.shell:Creating environment hook '/home/kol/Documents/Robots/learning/joystick/install/turtle_joystic/share/turtle_joystic/hook/ament_prefix_path.sh'
[0.446s] INFO:colcon.colcon_core.shell:Skip shell extension 'powershell' for command environment: Not usable outside of PowerShell
[0.446s] DEBUG:colcon.colcon_core.shell:Skip shell extension 'dsv' for command environment
[0.751s] INFO:colcon.colcon_core.task.python.build:Building Python package in '/home/kol/Documents/Robots/learning/joystick/src/turtle_joystic'
[0.751s] INFO:colcon.colcon_core.shell:Skip shell extension 'powershell' for command environment: Not usable outside of PowerShell
[0.751s] DEBUG:colcon.colcon_core.shell:Skip shell extension 'dsv' for command environment
[1.159s] DEBUG:colcon.colcon_core.event_handler.log_command:Invoking command in '/home/kol/Documents/Robots/learning/joystick/build/turtle_joystic': PYTHONPATH=/home/kol/Documents/Robots/learning/joystick/build/turtle_joystic/prefix_override:/usr/lib/python3/dist-packages/colcon_core/task/python/colcon_distutils_commands:/home/kol/Documents/Robots/learning/joystick/install/turtle_joystic/lib/python3.10/site-packages:${PYTHONPATH} /usr/bin/python3 -W ignore:setup.py install is deprecated setup.py develop --editable --build-directory /home/kol/Documents/Robots/learning/joystick/build/turtle_joystic/build --no-deps symlink_data
[1.706s] Level 1:colcon.colcon_core.shell:create_environment_hook('turtle_joystic', 'pythonpath_develop')
[1.706s] INFO:colcon.colcon_core.shell:Creating environment hook '/home/kol/Documents/Robots/learning/joystick/build/turtle_joystic/share/turtle_joystic/hook/pythonpath_develop.ps1'
[1.707s] DEBUG:colcon.colcon_core.event_handler.log_command:Invoked command in '/home/kol/Documents/Robots/learning/joystick/build/turtle_joystic' returned '0': PYTHONPATH=/home/kol/Documents/Robots/learning/joystick/build/turtle_joystic/prefix_override:/usr/lib/python3/dist-packages/colcon_core/task/python/colcon_distutils_commands:/home/kol/Documents/Robots/learning/joystick/install/turtle_joystic/lib/python3.10/site-packages:${PYTHONPATH} /usr/bin/python3 -W ignore:setup.py install is deprecated setup.py develop --editable --build-directory /home/kol/Documents/Robots/learning/joystick/build/turtle_joystic/build --no-deps symlink_data
[1.707s] INFO:colcon.colcon_core.shell:Creating environment descriptor '/home/kol/Documents/Robots/learning/joystick/build/turtle_joystic/share/turtle_joystic/hook/pythonpath_develop.dsv'
[1.708s] INFO:colcon.colcon_core.shell:Creating environment hook '/home/kol/Documents/Robots/learning/joystick/build/turtle_joystic/share/turtle_joystic/hook/pythonpath_develop.sh'
[1.710s] Level 1:colcon.colcon_core.environment:checking '/home/kol/Documents/Robots/learning/joystick/install/turtle_joystic' for CMake module files
[1.711s] Level 1:colcon.colcon_core.environment:checking '/home/kol/Documents/Robots/learning/joystick/install/turtle_joystic' for CMake config files
[1.711s] Level 1:colcon.colcon_core.environment:checking '/home/kol/Documents/Robots/learning/joystick/install/turtle_joystic/lib'
[1.711s] Level 1:colcon.colcon_core.environment:checking '/home/kol/Documents/Robots/learning/joystick/install/turtle_joystic/bin'
[1.712s] Level 1:colcon.colcon_core.environment:checking '/home/kol/Documents/Robots/learning/joystick/install/turtle_joystic/lib/pkgconfig/turtle_joystic.pc'
[1.712s] Level 1:colcon.colcon_core.environment:checking '/home/kol/Documents/Robots/learning/joystick/install/turtle_joystic/lib/python3.10/site-packages'
[1.712s] Level 1:colcon.colcon_core.shell:create_environment_hook('turtle_joystic', 'pythonpath')
[1.712s] INFO:colcon.colcon_core.shell:Creating environment hook '/home/kol/Documents/Robots/learning/joystick/install/turtle_joystic/share/turtle_joystic/hook/pythonpath.ps1'
[1.713s] INFO:colcon.colcon_core.shell:Creating environment descriptor '/home/kol/Documents/Robots/learning/joystick/install/turtle_joystic/share/turtle_joystic/hook/pythonpath.dsv'
[1.713s] INFO:colcon.colcon_core.shell:Creating environment hook '/home/kol/Documents/Robots/learning/joystick/install/turtle_joystic/share/turtle_joystic/hook/pythonpath.sh'
[1.714s] Level 1:colcon.colcon_core.environment:checking '/home/kol/Documents/Robots/learning/joystick/install/turtle_joystic/bin'
[1.714s] Level 1:colcon.colcon_core.environment:create_environment_scripts_only(turtle_joystic)
[1.715s] INFO:colcon.colcon_core.shell:Creating package script '/home/kol/Documents/Robots/learning/joystick/install/turtle_joystic/share/turtle_joystic/package.ps1'
[1.716s] INFO:colcon.colcon_core.shell:Creating package descriptor '/home/kol/Documents/Robots/learning/joystick/install/turtle_joystic/share/turtle_joystic/package.dsv'
[1.716s] INFO:colcon.colcon_core.shell:Creating package script '/home/kol/Documents/Robots/learning/joystick/install/turtle_joystic/share/turtle_joystic/package.sh'
[1.717s] INFO:colcon.colcon_core.shell:Creating package script '/home/kol/Documents/Robots/learning/joystick/install/turtle_joystic/share/turtle_joystic/package.bash'
[1.718s] INFO:colcon.colcon_core.shell:Creating package script '/home/kol/Documents/Robots/learning/joystick/install/turtle_joystic/share/turtle_joystic/package.zsh'
[1.719s] Level 1:colcon.colcon_core.environment:create_file_with_runtime_dependencies(/home/kol/Documents/Robots/learning/joystick/install/turtle_joystic/share/colcon-core/packages/turtle_joystic)
[1.719s] INFO:colcon.colcon_ros.task.ament_cmake.build:Building ROS package in '/home/kol/Documents/Robots/learning/joystick/src/turtle_bringup' with build type 'ament_cmake'
[1.719s] INFO:colcon.colcon_cmake.task.cmake.build:Building CMake package in '/home/kol/Documents/Robots/learning/joystick/src/turtle_bringup'
[1.719s] INFO:colcon.colcon_core.shell:Skip shell extension 'powershell' for command environment: Not usable outside of PowerShell
[1.719s] DEBUG:colcon.colcon_core.shell:Skip shell extension 'dsv' for command environment
[1.730s] DEBUG:colcon.colcon_core.event_handler.log_command:Invoking command in '/home/kol/Documents/Robots/learning/joystick/build/turtle_bringup': AMENT_PREFIX_PATH=/home/kol/Documents/Robots/learning/joystick/install/turtle_joystic:/home/kol/Documents/Robots/learning/joystick/install/turtle_bringup:/opt/ros/humble CMAKE_PREFIX_PATH=${CMAKE_PREFIX_PATH}:/home/kol/Documents/Robots/learning/joystick/install/turtle_joystic:/opt/ros/humble /usr/bin/cmake --build /home/kol/Documents/Robots/learning/joystick/build/turtle_bringup -- -j4 -l4
[1.765s] DEBUG:colcon.colcon_core.event_handler.log_command:Invoked command in '/home/kol/Documents/Robots/learning/joystick/build/turtle_bringup' returned '0': AMENT_PREFIX_PATH=/home/kol/Documents/Robots/learning/joystick/install/turtle_joystic:/home/kol/Documents/Robots/learning/joystick/install/turtle_bringup:/opt/ros/humble CMAKE_PREFIX_PATH=${CMAKE_PREFIX_PATH}:/home/kol/Documents/Robots/learning/joystick/install/turtle_joystic:/opt/ros/humble /usr/bin/cmake --build /home/kol/Documents/Robots/learning/joystick/build/turtle_bringup -- -j4 -l4
[1.792s] DEBUG:colcon.colcon_core.event_handler.log_command:Invoking command in '/home/kol/Documents/Robots/learning/joystick/build/turtle_bringup': AMENT_PREFIX_PATH=/home/kol/Documents/Robots/learning/joystick/install/turtle_joystic:/home/kol/Documents/Robots/learning/joystick/install/turtle_bringup:/opt/ros/humble CMAKE_PREFIX_PATH=${CMAKE_PREFIX_PATH}:/home/kol/Documents/Robots/learning/joystick/install/turtle_joystic:/opt/ros/humble /usr/bin/cmake --install /home/kol/Documents/Robots/learning/joystick/build/turtle_bringup
[1.813s] Level 1:colcon.colcon_core.environment:create_environment_scripts_only(turtle_bringup)
[1.814s] Level 1:colcon.colcon_core.environment:checking '/home/kol/Documents/Robots/learning/joystick/install/turtle_bringup' for CMake module files
[1.815s] DEBUG:colcon.colcon_core.event_handler.log_command:Invoked command in '/home/kol/Documents/Robots/learning/joystick/build/turtle_bringup' returned '0': AMENT_PREFIX_PATH=/home/kol/Documents/Robots/learning/joystick/install/turtle_joystic:/home/kol/Documents/Robots/learning/joystick/install/turtle_bringup:/opt/ros/humble CMAKE_PREFIX_PATH=${CMAKE_PREFIX_PATH}:/home/kol/Documents/Robots/learning/joystick/install/turtle_joystic:/opt/ros/humble /usr/bin/cmake --install /home/kol/Documents/Robots/learning/joystick/build/turtle_bringup
[1.815s] Level 1:colcon.colcon_core.environment:checking '/home/kol/Documents/Robots/learning/joystick/install/turtle_bringup' for CMake config files
[1.815s] Level 1:colcon.colcon_core.shell:create_environment_hook('turtle_bringup', 'cmake_prefix_path')
[1.816s] INFO:colcon.colcon_core.shell:Creating environment hook '/home/kol/Documents/Robots/learning/joystick/install/turtle_bringup/share/turtle_bringup/hook/cmake_prefix_path.ps1'
[1.816s] INFO:colcon.colcon_core.shell:Creating environment descriptor '/home/kol/Documents/Robots/learning/joystick/install/turtle_bringup/share/turtle_bringup/hook/cmake_prefix_path.dsv'
[1.816s] INFO:colcon.colcon_core.shell:Creating environment hook '/home/kol/Documents/Robots/learning/joystick/install/turtle_bringup/share/turtle_bringup/hook/cmake_prefix_path.sh'
[1.817s] Level 1:colcon.colcon_core.environment:checking '/home/kol/Documents/Robots/learning/joystick/install/turtle_bringup/bin'
[1.817s] Level 1:colcon.colcon_core.environment:checking '/home/kol/Documents/Robots/learning/joystick/install/turtle_bringup/lib/pkgconfig/turtle_bringup.pc'
[1.817s] Level 1:colcon.colcon_core.environment:checking '/home/kol/Documents/Robots/learning/joystick/install/turtle_bringup/lib/python3.10/site-packages'
[1.817s] Level 1:colcon.colcon_core.environment:checking '/home/kol/Documents/Robots/learning/joystick/install/turtle_bringup/bin'
[1.818s] INFO:colcon.colcon_core.shell:Creating package script '/home/kol/Documents/Robots/learning/joystick/install/turtle_bringup/share/turtle_bringup/package.ps1'
[1.818s] INFO:colcon.colcon_core.shell:Creating package descriptor '/home/kol/Documents/Robots/learning/joystick/install/turtle_bringup/share/turtle_bringup/package.dsv'
[1.818s] INFO:colcon.colcon_core.shell:Creating package script '/home/kol/Documents/Robots/learning/joystick/install/turtle_bringup/share/turtle_bringup/package.sh'
[1.819s] INFO:colcon.colcon_core.shell:Creating package script '/home/kol/Documents/Robots/learning/joystick/install/turtle_bringup/share/turtle_bringup/package.bash'
[1.819s] INFO:colcon.colcon_core.shell:Creating package script '/home/kol/Documents/Robots/learning/joystick/install/turtle_bringup/share/turtle_bringup/package.zsh'
[1.820s] Level 1:colcon.colcon_core.environment:create_file_with_runtime_dependencies(/home/kol/Documents/Robots/learning/joystick/install/turtle_bringup/share/colcon-core/packages/turtle_bringup)
[1.839s] Level 1:colcon.colcon_core.environment:create_environment_scripts_only(turtle_bringup)
[1.839s] Level 1:colcon.colcon_core.environment:checking '/home/kol/Documents/Robots/learning/joystick/install/turtle_bringup' for CMake module files
[1.840s] Level 1:colcon.colcon_core.environment:checking '/home/kol/Documents/Robots/learning/joystick/install/turtle_bringup' for CMake config files
[1.840s] Level 1:colcon.colcon_core.shell:create_environment_hook('turtle_bringup', 'cmake_prefix_path')
[1.840s] INFO:colcon.colcon_core.shell:Creating environment hook '/home/kol/Documents/Robots/learning/joystick/install/turtle_bringup/share/turtle_bringup/hook/cmake_prefix_path.ps1'
[1.841s] INFO:colcon.colcon_core.shell:Creating environment descriptor '/home/kol/Documents/Robots/learning/joystick/install/turtle_bringup/share/turtle_bringup/hook/cmake_prefix_path.dsv'
[1.841s] INFO:colcon.colcon_core.shell:Creating environment hook '/home/kol/Documents/Robots/learning/joystick/install/turtle_bringup/share/turtle_bringup/hook/cmake_prefix_path.sh'
[1.842s] Level 1:colcon.colcon_core.environment:checking '/home/kol/Documents/Robots/learning/joystick/install/turtle_bringup/bin'
[1.842s] Level 1:colcon.colcon_core.environment:checking '/home/kol/Documents/Robots/learning/joystick/install/turtle_bringup/lib/pkgconfig/turtle_bringup.pc'
[1.842s] Level 1:colcon.colcon_core.environment:checking '/home/kol/Documents/Robots/learning/joystick/install/turtle_bringup/lib/python3.10/site-packages'
[1.842s] Level 1:colcon.colcon_core.environment:checking '/home/kol/Documents/Robots/learning/joystick/install/turtle_bringup/bin'
[1.842s] INFO:colcon.colcon_core.shell:Creating package script '/home/kol/Documents/Robots/learning/joystick/install/turtle_bringup/share/turtle_bringup/package.ps1'
[1.843s] INFO:colcon.colcon_core.shell:Creating package descriptor '/home/kol/Documents/Robots/learning/joystick/install/turtle_bringup/share/turtle_bringup/package.dsv'
[1.843s] INFO:colcon.colcon_core.shell:Creating package script '/home/kol/Documents/Robots/learning/joystick/install/turtle_bringup/share/turtle_bringup/package.sh'
[1.844s] INFO:colcon.colcon_core.shell:Creating package script '/home/kol/Documents/Robots/learning/joystick/install/turtle_bringup/share/turtle_bringup/package.bash'
[1.845s] INFO:colcon.colcon_core.shell:Creating package script '/home/kol/Documents/Robots/learning/joystick/install/turtle_bringup/share/turtle_bringup/package.zsh'
[1.845s] Level 1:colcon.colcon_core.environment:create_file_with_runtime_dependencies(/home/kol/Documents/Robots/learning/joystick/install/turtle_bringup/share/colcon-core/packages/turtle_bringup)
[1.845s] DEBUG:colcon.colcon_parallel_executor.executor.parallel:closing loop
[1.846s] DEBUG:colcon.colcon_parallel_executor.executor.parallel:loop closed
[1.846s] DEBUG:colcon.colcon_parallel_executor.executor.parallel:run_until_complete finished with '0'
[1.846s] DEBUG:colcon.colcon_core.event_reactor:joining thread
[1.851s] INFO:colcon.colcon_core.plugin_system:Skipping extension 'colcon_notification.desktop_notification.terminal_notifier': Not used on non-Darwin systems
[1.851s] INFO:colcon.colcon_core.plugin_system:Skipping extension 'colcon_notification.desktop_notification.win32': Not used on non-Windows systems
[1.851s] INFO:colcon.colcon_notification.desktop_notification:Sending desktop notification using 'notify2'
[1.861s] DEBUG:colcon.colcon_core.event_reactor:joined thread
[1.862s] INFO:colcon.colcon_core.shell:Creating prefix script '/home/kol/Documents/Robots/learning/joystick/install/local_setup.ps1'
[1.863s] INFO:colcon.colcon_core.shell:Creating prefix util module '/home/kol/Documents/Robots/learning/joystick/install/_local_setup_util_ps1.py'
[1.864s] INFO:colcon.colcon_core.shell:Creating prefix chain script '/home/kol/Documents/Robots/learning/joystick/install/setup.ps1'
[1.865s] INFO:colcon.colcon_core.shell:Creating prefix script '/home/kol/Documents/Robots/learning/joystick/install/local_setup.sh'
[1.865s] INFO:colcon.colcon_core.shell:Creating prefix util module '/home/kol/Documents/Robots/learning/joystick/install/_local_setup_util_sh.py'
[1.866s] INFO:colcon.colcon_core.shell:Creating prefix chain script '/home/kol/Documents/Robots/learning/joystick/install/setup.sh'
[1.867s] INFO:colcon.colcon_core.shell:Creating prefix script '/home/kol/Documents/Robots/learning/joystick/install/local_setup.bash'
[1.867s] INFO:colcon.colcon_core.shell:Creating prefix chain script '/home/kol/Documents/Robots/learning/joystick/install/setup.bash'
[1.868s] INFO:colcon.colcon_core.shell:Creating prefix script '/home/kol/Documents/Robots/learning/joystick/install/local_setup.zsh'
[1.869s] INFO:colcon.colcon_core.shell:Creating prefix chain script '/home/kol/Documents/Robots/learning/joystick/install/setup.zsh'
