[1.490s] DEBUG:colcon:Command line arguments: ['/usr/bin/colcon', 'list', '-p', '--base-paths', '/home/kol/Documents/Robots/ros_ws/six_dof_robot_ws']
[1.490s] DEBUG:colcon:Parsed command line arguments: Namespace(log_base=None, log_level=None, verb_name='list', build_base='build', ignore_user_meta=False, metas=['./colcon.meta'], base_paths=['/home/kol/Documents/Robots/ros_ws/six_dof_robot_ws'], packages_ignore=None, packages_ignore_regex=None, paths=None, packages_up_to=None, packages_up_to_regex=None, packages_above=None, packages_above_and_dependencies=None, packages_above_depth=None, packages_select_by_dep=None, packages_skip_by_dep=None, packages_skip_up_to=None, packages_select_build_failed=False, packages_skip_build_finished=False, packages_select_test_failures=False, packages_skip_test_passed=False, packages_select=None, packages_skip=None, packages_select_regex=None, packages_skip_regex=None, packages_start=None, packages_end=None, allow_overriding=[], topological_order=False, names_only=False, paths_only=True, topological_graph=False, topological_graph_dot=False, topological_graph_density=False, topological_graph_legend=False, topological_graph_dot_cluster=False, topological_graph_dot_include_skipped=False, mixin_files=None, mixin=None, verb_parser=<colcon_mixin.mixin.mixin_argument.MixinArgumentDecorator object at 0x7204140e04f0>, verb_extension=<colcon_package_information.verb.list.ListVerb object at 0x720414255210>, main=<bound method ListVerb.main of <colcon_package_information.verb.list.ListVerb object at 0x720414255210>>, mixin_verb=('list',))
[5.480s] Level 1:colcon.colcon_core.package_discovery:discover_packages(colcon_meta) check parameters
[5.481s] Level 1:colcon.colcon_core.package_discovery:discover_packages(recursive) check parameters
[5.513s] Level 1:colcon.colcon_core.package_discovery:discover_packages(ignore) check parameters
[5.514s] Level 1:colcon.colcon_core.package_discovery:discover_packages(path) check parameters
[5.514s] Level 1:colcon.colcon_core.package_discovery:discover_packages(recursive) discover
[5.514s] INFO:colcon.colcon_core.package_discovery:Crawling recursively for packages in '/home/kol/Documents/Robots/ros_ws/six_dof_robot_ws'
[5.515s] Level 1:colcon.colcon_core.package_identification:_identify(/home/kol/Documents/Robots/ros_ws/six_dof_robot_ws) by extensions ['ignore', 'ignore_ament_install']
[5.516s] Level 1:colcon.colcon_core.package_identification:_identify(/home/kol/Documents/Robots/ros_ws/six_dof_robot_ws) by extension 'ignore'
[5.516s] Level 1:colcon.colcon_core.package_identification:_identify(/home/kol/Documents/Robots/ros_ws/six_dof_robot_ws) by extension 'ignore_ament_install'
[5.516s] Level 1:colcon.colcon_core.package_identification:_identify(/home/kol/Documents/Robots/ros_ws/six_dof_robot_ws) by extensions ['colcon_pkg']
[5.517s] Level 1:colcon.colcon_core.package_identification:_identify(/home/kol/Documents/Robots/ros_ws/six_dof_robot_ws) by extension 'colcon_pkg'
[5.565s] Level 1:colcon.colcon_core.package_identification:_identify(/home/kol/Documents/Robots/ros_ws/six_dof_robot_ws) by extensions ['colcon_meta']
[5.566s] Level 1:colcon.colcon_core.package_identification:_identify(/home/kol/Documents/Robots/ros_ws/six_dof_robot_ws) by extension 'colcon_meta'
[5.566s] Level 1:colcon.colcon_core.package_identification:_identify(/home/kol/Documents/Robots/ros_ws/six_dof_robot_ws) by extensions ['ros']
[5.566s] Level 1:colcon.colcon_core.package_identification:_identify(/home/kol/Documents/Robots/ros_ws/six_dof_robot_ws) by extension 'ros'
[5.738s] Level 1:colcon.colcon_core.package_identification:_identify(/home/kol/Documents/Robots/ros_ws/six_dof_robot_ws) by extensions ['cmake', 'python']
[5.738s] Level 1:colcon.colcon_core.package_identification:_identify(/home/kol/Documents/Robots/ros_ws/six_dof_robot_ws) by extension 'cmake'
[5.739s] Level 1:colcon.colcon_core.package_identification:_identify(/home/kol/Documents/Robots/ros_ws/six_dof_robot_ws) by extension 'python'
[5.739s] Level 1:colcon.colcon_core.package_identification:_identify(/home/kol/Documents/Robots/ros_ws/six_dof_robot_ws) by extensions ['python_setup_py']
[5.739s] Level 1:colcon.colcon_core.package_identification:_identify(/home/kol/Documents/Robots/ros_ws/six_dof_robot_ws) by extension 'python_setup_py'
[5.740s] Level 1:colcon.colcon_core.package_identification:_identify(/home/kol/Documents/Robots/ros_ws/six_dof_robot_ws/build) by extensions ['ignore', 'ignore_ament_install']
[5.740s] Level 1:colcon.colcon_core.package_identification:_identify(/home/kol/Documents/Robots/ros_ws/six_dof_robot_ws/build) by extension 'ignore'
[5.741s] Level 1:colcon.colcon_core.package_identification:_identify(/home/kol/Documents/Robots/ros_ws/six_dof_robot_ws/build) ignored
[5.742s] Level 1:colcon.colcon_core.package_identification:_identify(/home/kol/Documents/Robots/ros_ws/six_dof_robot_ws/install) by extensions ['ignore', 'ignore_ament_install']
[5.742s] Level 1:colcon.colcon_core.package_identification:_identify(/home/kol/Documents/Robots/ros_ws/six_dof_robot_ws/install) by extension 'ignore'
[5.742s] Level 1:colcon.colcon_core.package_identification:_identify(/home/kol/Documents/Robots/ros_ws/six_dof_robot_ws/install) ignored
[5.743s] Level 1:colcon.colcon_core.package_identification:_identify(/home/kol/Documents/Robots/ros_ws/six_dof_robot_ws/log) by extensions ['ignore', 'ignore_ament_install']
[5.744s] Level 1:colcon.colcon_core.package_identification:_identify(/home/kol/Documents/Robots/ros_ws/six_dof_robot_ws/log) by extension 'ignore'
[5.744s] Level 1:colcon.colcon_core.package_identification:_identify(/home/kol/Documents/Robots/ros_ws/six_dof_robot_ws/log) ignored
[5.744s] Level 1:colcon.colcon_core.package_identification:_identify(/home/kol/Documents/Robots/ros_ws/six_dof_robot_ws/src) by extensions ['ignore', 'ignore_ament_install']
[5.745s] Level 1:colcon.colcon_core.package_identification:_identify(/home/kol/Documents/Robots/ros_ws/six_dof_robot_ws/src) by extension 'ignore'
[5.745s] Level 1:colcon.colcon_core.package_identification:_identify(/home/kol/Documents/Robots/ros_ws/six_dof_robot_ws/src) by extension 'ignore_ament_install'
[5.746s] Level 1:colcon.colcon_core.package_identification:_identify(/home/kol/Documents/Robots/ros_ws/six_dof_robot_ws/src) by extensions ['colcon_pkg']
[5.746s] Level 1:colcon.colcon_core.package_identification:_identify(/home/kol/Documents/Robots/ros_ws/six_dof_robot_ws/src) by extension 'colcon_pkg'
[5.746s] Level 1:colcon.colcon_core.package_identification:_identify(/home/kol/Documents/Robots/ros_ws/six_dof_robot_ws/src) by extensions ['colcon_meta']
[5.746s] Level 1:colcon.colcon_core.package_identification:_identify(/home/kol/Documents/Robots/ros_ws/six_dof_robot_ws/src) by extension 'colcon_meta'
[5.754s] Level 1:colcon.colcon_core.package_identification:_identify(/home/kol/Documents/Robots/ros_ws/six_dof_robot_ws/src) by extensions ['ros']
[5.761s] Level 1:colcon.colcon_core.package_identification:_identify(/home/kol/Documents/Robots/ros_ws/six_dof_robot_ws/src) by extension 'ros'
[5.762s] Level 1:colcon.colcon_core.package_identification:_identify(/home/kol/Documents/Robots/ros_ws/six_dof_robot_ws/src) by extensions ['cmake', 'python']
[5.763s] Level 1:colcon.colcon_core.package_identification:_identify(/home/kol/Documents/Robots/ros_ws/six_dof_robot_ws/src) by extension 'cmake'
[5.763s] Level 1:colcon.colcon_core.package_identification:_identify(/home/kol/Documents/Robots/ros_ws/six_dof_robot_ws/src) by extension 'python'
[5.764s] Level 1:colcon.colcon_core.package_identification:_identify(/home/kol/Documents/Robots/ros_ws/six_dof_robot_ws/src) by extensions ['python_setup_py']
[5.764s] Level 1:colcon.colcon_core.package_identification:_identify(/home/kol/Documents/Robots/ros_ws/six_dof_robot_ws/src) by extension 'python_setup_py'
[5.765s] Level 1:colcon.colcon_core.package_identification:_identify(/home/kol/Documents/Robots/ros_ws/six_dof_robot_ws/src/welder_control) by extensions ['ignore', 'ignore_ament_install']
[5.765s] Level 1:colcon.colcon_core.package_identification:_identify(/home/kol/Documents/Robots/ros_ws/six_dof_robot_ws/src/welder_control) by extension 'ignore'
[5.766s] Level 1:colcon.colcon_core.package_identification:_identify(/home/kol/Documents/Robots/ros_ws/six_dof_robot_ws/src/welder_control) by extension 'ignore_ament_install'
[5.766s] Level 1:colcon.colcon_core.package_identification:_identify(/home/kol/Documents/Robots/ros_ws/six_dof_robot_ws/src/welder_control) by extensions ['colcon_pkg']
[5.766s] Level 1:colcon.colcon_core.package_identification:_identify(/home/kol/Documents/Robots/ros_ws/six_dof_robot_ws/src/welder_control) by extension 'colcon_pkg'
[5.766s] Level 1:colcon.colcon_core.package_identification:_identify(/home/kol/Documents/Robots/ros_ws/six_dof_robot_ws/src/welder_control) by extensions ['colcon_meta']
[5.766s] Level 1:colcon.colcon_core.package_identification:_identify(/home/kol/Documents/Robots/ros_ws/six_dof_robot_ws/src/welder_control) by extension 'colcon_meta'
[5.767s] Level 1:colcon.colcon_core.package_identification:_identify(/home/kol/Documents/Robots/ros_ws/six_dof_robot_ws/src/welder_control) by extensions ['ros']
[5.767s] Level 1:colcon.colcon_core.package_identification:_identify(/home/kol/Documents/Robots/ros_ws/six_dof_robot_ws/src/welder_control) by extension 'ros'
[5.794s] DEBUG:colcon.colcon_core.package_identification:Package '/home/kol/Documents/Robots/ros_ws/six_dof_robot_ws/src/welder_control' with type 'ros.ament_python' and name 'welder_control'
[5.795s] Level 1:colcon.colcon_core.package_identification:_identify(/home/kol/Documents/Robots/ros_ws/six_dof_robot_ws/src/welder_description) by extensions ['ignore', 'ignore_ament_install']
[5.796s] Level 1:colcon.colcon_core.package_identification:_identify(/home/kol/Documents/Robots/ros_ws/six_dof_robot_ws/src/welder_description) by extension 'ignore'
[5.796s] Level 1:colcon.colcon_core.package_identification:_identify(/home/kol/Documents/Robots/ros_ws/six_dof_robot_ws/src/welder_description) by extension 'ignore_ament_install'
[5.798s] Level 1:colcon.colcon_core.package_identification:_identify(/home/kol/Documents/Robots/ros_ws/six_dof_robot_ws/src/welder_description) by extensions ['colcon_pkg']
[5.798s] Level 1:colcon.colcon_core.package_identification:_identify(/home/kol/Documents/Robots/ros_ws/six_dof_robot_ws/src/welder_description) by extension 'colcon_pkg'
[5.798s] Level 1:colcon.colcon_core.package_identification:_identify(/home/kol/Documents/Robots/ros_ws/six_dof_robot_ws/src/welder_description) by extensions ['colcon_meta']
[5.798s] Level 1:colcon.colcon_core.package_identification:_identify(/home/kol/Documents/Robots/ros_ws/six_dof_robot_ws/src/welder_description) by extension 'colcon_meta'
[5.805s] Level 1:colcon.colcon_core.package_identification:_identify(/home/kol/Documents/Robots/ros_ws/six_dof_robot_ws/src/welder_description) by extensions ['ros']
[5.806s] Level 1:colcon.colcon_core.package_identification:_identify(/home/kol/Documents/Robots/ros_ws/six_dof_robot_ws/src/welder_description) by extension 'ros'
[5.811s] DEBUG:colcon.colcon_core.package_identification:Package '/home/kol/Documents/Robots/ros_ws/six_dof_robot_ws/src/welder_description' with type 'ros.ament_python' and name 'welder_description'
[5.812s] Level 1:colcon.colcon_core.package_identification:_identify(/home/kol/Documents/Robots/ros_ws/six_dof_robot_ws/src/welder_moveit_config) by extensions ['ignore', 'ignore_ament_install']
[5.812s] Level 1:colcon.colcon_core.package_identification:_identify(/home/kol/Documents/Robots/ros_ws/six_dof_robot_ws/src/welder_moveit_config) by extension 'ignore'
[5.813s] Level 1:colcon.colcon_core.package_identification:_identify(/home/kol/Documents/Robots/ros_ws/six_dof_robot_ws/src/welder_moveit_config) by extension 'ignore_ament_install'
[5.822s] Level 1:colcon.colcon_core.package_identification:_identify(/home/kol/Documents/Robots/ros_ws/six_dof_robot_ws/src/welder_moveit_config) by extensions ['colcon_pkg']
[5.822s] Level 1:colcon.colcon_core.package_identification:_identify(/home/kol/Documents/Robots/ros_ws/six_dof_robot_ws/src/welder_moveit_config) by extension 'colcon_pkg'
[5.823s] Level 1:colcon.colcon_core.package_identification:_identify(/home/kol/Documents/Robots/ros_ws/six_dof_robot_ws/src/welder_moveit_config) by extensions ['colcon_meta']
[5.823s] Level 1:colcon.colcon_core.package_identification:_identify(/home/kol/Documents/Robots/ros_ws/six_dof_robot_ws/src/welder_moveit_config) by extension 'colcon_meta'
[5.823s] Level 1:colcon.colcon_core.package_identification:_identify(/home/kol/Documents/Robots/ros_ws/six_dof_robot_ws/src/welder_moveit_config) by extensions ['ros']
[5.823s] Level 1:colcon.colcon_core.package_identification:_identify(/home/kol/Documents/Robots/ros_ws/six_dof_robot_ws/src/welder_moveit_config) by extension 'ros'
[5.837s] DEBUG:colcon.colcon_core.package_identification:Package '/home/kol/Documents/Robots/ros_ws/six_dof_robot_ws/src/welder_moveit_config' with type 'ros.ament_cmake' and name 'welder_moveit_config'
[5.837s] Level 1:colcon.colcon_core.package_discovery:discover_packages(recursive) using defaults
