[4.262s] Invoking command in '/home/kol/Documents/Robotics/ros_ws/six_dof_robot_ws/build/welder_control': PYTHONPATH=/home/kol/Documents/Robotics/ros_ws/six_dof_robot_ws/build/welder_control/prefix_override:/usr/lib/python3/dist-packages/colcon_core/task/python/colcon_distutils_commands:/home/kol/Documents/Robotics/ros_ws/six_dof_robot_ws/install/welder_control/lib/python3.10/site-packages:${PYTHONPATH} /usr/bin/python3 -W ignore:setup.py install is deprecated setup.py develop --editable --build-directory /home/kol/Documents/Robotics/ros_ws/six_dof_robot_ws/build/welder_control/build --no-deps symlink_data
[5.645s] running develop
[6.609s] running egg_info
[6.609s] creating welder_control.egg-info
[6.610s] writing welder_control.egg-info/PKG-INFO
[6.610s] writing dependency_links to welder_control.egg-info/dependency_links.txt
[6.614s] writing entry points to welder_control.egg-info/entry_points.txt
[6.616s] writing requirements to welder_control.egg-info/requires.txt
[6.617s] writing top-level names to welder_control.egg-info/top_level.txt
[6.618s] writing manifest file 'welder_control.egg-info/SOURCES.txt'
[6.622s] reading manifest file 'welder_control.egg-info/SOURCES.txt'
[6.623s] writing manifest file 'welder_control.egg-info/SOURCES.txt'
[6.628s] running build_ext
[6.629s] Creating /home/kol/Documents/Robotics/ros_ws/six_dof_robot_ws/install/welder_control/lib/python3.10/site-packages/welder-control.egg-link (link to .)
[6.632s] Installing welder_cont script to /home/kol/Documents/Robotics/ros_ws/six_dof_robot_ws/install/welder_control/lib/welder_control
[6.634s] 
[6.635s] Installed /home/kol/Documents/Robotics/ros_ws/six_dof_robot_ws/build/welder_control
[6.636s] running symlink_data
[6.637s] creating /home/kol/Documents/Robotics/ros_ws/six_dof_robot_ws/install/welder_control/share/ament_index
[6.637s] creating /home/kol/Documents/Robotics/ros_ws/six_dof_robot_ws/install/welder_control/share/ament_index/resource_index
[6.638s] creating /home/kol/Documents/Robotics/ros_ws/six_dof_robot_ws/install/welder_control/share/ament_index/resource_index/packages
[6.638s] symbolically linking /home/kol/Documents/Robotics/ros_ws/six_dof_robot_ws/build/welder_control/resource/welder_control -> /home/kol/Documents/Robotics/ros_ws/six_dof_robot_ws/install/welder_control/share/ament_index/resource_index/packages
[6.639s] symbolically linking /home/kol/Documents/Robotics/ros_ws/six_dof_robot_ws/build/welder_control/package.xml -> /home/kol/Documents/Robotics/ros_ws/six_dof_robot_ws/install/welder_control/share/welder_control
[6.761s] Invoked command in '/home/kol/Documents/Robotics/ros_ws/six_dof_robot_ws/build/welder_control' returned '0': PYTHONPATH=/home/kol/Documents/Robotics/ros_ws/six_dof_robot_ws/build/welder_control/prefix_override:/usr/lib/python3/dist-packages/colcon_core/task/python/colcon_distutils_commands:/home/kol/Documents/Robotics/ros_ws/six_dof_robot_ws/install/welder_control/lib/python3.10/site-packages:${PYTHONPATH} /usr/bin/python3 -W ignore:setup.py install is deprecated setup.py develop --editable --build-directory /home/kol/Documents/Robotics/ros_ws/six_dof_robot_ws/build/welder_control/build --no-deps symlink_data
