[0.879s] DEBUG:colcon:Command line arguments: ['/usr/bin/colcon', 'list', '-p', '--base-paths', '/home/kol/Documents/Robots/ros_ws/ackerman']
[0.880s] DEBUG:colcon:Parsed command line arguments: Namespace(log_base=None, log_level=None, verb_name='list', build_base='build', ignore_user_meta=False, metas=['./colcon.meta'], base_paths=['/home/kol/Documents/Robots/ros_ws/ackerman'], packages_ignore=None, packages_ignore_regex=None, paths=None, packages_up_to=None, packages_up_to_regex=None, packages_above=None, packages_above_and_dependencies=None, packages_above_depth=None, packages_select_by_dep=None, packages_skip_by_dep=None, packages_skip_up_to=None, packages_select_build_failed=False, packages_skip_build_finished=False, packages_select_test_failures=False, packages_skip_test_passed=False, packages_select=None, packages_skip=None, packages_select_regex=None, packages_skip_regex=None, packages_start=None, packages_end=None, allow_overriding=[], topological_order=False, names_only=False, paths_only=True, topological_graph=False, topological_graph_dot=False, topological_graph_density=False, topological_graph_legend=False, topological_graph_dot_cluster=False, topological_graph_dot_include_skipped=False, mixin_files=None, mixin=None, verb_parser=<colcon_mixin.mixin.mixin_argument.MixinArgumentDecorator object at 0x7d3f68984070>, verb_extension=<colcon_package_information.verb.list.ListVerb object at 0x7d3f68aecd30>, main=<bound method ListVerb.main of <colcon_package_information.verb.list.ListVerb object at 0x7d3f68aecd30>>, mixin_verb=('list',))
[3.347s] Level 1:colcon.colcon_core.package_discovery:discover_packages(colcon_meta) check parameters
[3.348s] Level 1:colcon.colcon_core.package_discovery:discover_packages(recursive) check parameters
[3.348s] Level 1:colcon.colcon_core.package_discovery:discover_packages(ignore) check parameters
[3.348s] Level 1:colcon.colcon_core.package_discovery:discover_packages(path) check parameters
[3.349s] Level 1:colcon.colcon_core.package_discovery:discover_packages(recursive) discover
[3.349s] INFO:colcon.colcon_core.package_discovery:Crawling recursively for packages in '/home/kol/Documents/Robots/ros_ws/ackerman'
[3.350s] Level 1:colcon.colcon_core.package_identification:_identify(/home/kol/Documents/Robots/ros_ws/ackerman) by extensions ['ignore', 'ignore_ament_install']
[3.350s] Level 1:colcon.colcon_core.package_identification:_identify(/home/kol/Documents/Robots/ros_ws/ackerman) by extension 'ignore'
[3.351s] Level 1:colcon.colcon_core.package_identification:_identify(/home/kol/Documents/Robots/ros_ws/ackerman) by extension 'ignore_ament_install'
[3.351s] Level 1:colcon.colcon_core.package_identification:_identify(/home/kol/Documents/Robots/ros_ws/ackerman) by extensions ['colcon_pkg']
[3.351s] Level 1:colcon.colcon_core.package_identification:_identify(/home/kol/Documents/Robots/ros_ws/ackerman) by extension 'colcon_pkg'
[3.352s] Level 1:colcon.colcon_core.package_identification:_identify(/home/kol/Documents/Robots/ros_ws/ackerman) by extensions ['colcon_meta']
[3.352s] Level 1:colcon.colcon_core.package_identification:_identify(/home/kol/Documents/Robots/ros_ws/ackerman) by extension 'colcon_meta'
[3.352s] Level 1:colcon.colcon_core.package_identification:_identify(/home/kol/Documents/Robots/ros_ws/ackerman) by extensions ['ros']
[3.353s] Level 1:colcon.colcon_core.package_identification:_identify(/home/kol/Documents/Robots/ros_ws/ackerman) by extension 'ros'
[3.490s] Level 1:colcon.colcon_core.package_identification:_identify(/home/kol/Documents/Robots/ros_ws/ackerman) by extensions ['cmake', 'python']
[3.490s] Level 1:colcon.colcon_core.package_identification:_identify(/home/kol/Documents/Robots/ros_ws/ackerman) by extension 'cmake'
[3.491s] Level 1:colcon.colcon_core.package_identification:_identify(/home/kol/Documents/Robots/ros_ws/ackerman) by extension 'python'
[3.491s] Level 1:colcon.colcon_core.package_identification:_identify(/home/kol/Documents/Robots/ros_ws/ackerman) by extensions ['python_setup_py']
[3.491s] Level 1:colcon.colcon_core.package_identification:_identify(/home/kol/Documents/Robots/ros_ws/ackerman) by extension 'python_setup_py'
[3.492s] Level 1:colcon.colcon_core.package_identification:_identify(/home/kol/Documents/Robots/ros_ws/ackerman/log) by extensions ['ignore', 'ignore_ament_install']
[3.493s] Level 1:colcon.colcon_core.package_identification:_identify(/home/kol/Documents/Robots/ros_ws/ackerman/log) by extension 'ignore'
[3.493s] Level 1:colcon.colcon_core.package_identification:_identify(/home/kol/Documents/Robots/ros_ws/ackerman/log) ignored
[3.502s] Level 1:colcon.colcon_core.package_identification:_identify(/home/kol/Documents/Robots/ros_ws/ackerman/src) by extensions ['ignore', 'ignore_ament_install']
[3.503s] Level 1:colcon.colcon_core.package_identification:_identify(/home/kol/Documents/Robots/ros_ws/ackerman/src) by extension 'ignore'
[3.504s] Level 1:colcon.colcon_core.package_identification:_identify(/home/kol/Documents/Robots/ros_ws/ackerman/src) by extension 'ignore_ament_install'
[3.504s] Level 1:colcon.colcon_core.package_identification:_identify(/home/kol/Documents/Robots/ros_ws/ackerman/src) by extensions ['colcon_pkg']
[3.504s] Level 1:colcon.colcon_core.package_identification:_identify(/home/kol/Documents/Robots/ros_ws/ackerman/src) by extension 'colcon_pkg'
[3.505s] Level 1:colcon.colcon_core.package_identification:_identify(/home/kol/Documents/Robots/ros_ws/ackerman/src) by extensions ['colcon_meta']
[3.505s] Level 1:colcon.colcon_core.package_identification:_identify(/home/kol/Documents/Robots/ros_ws/ackerman/src) by extension 'colcon_meta'
[3.505s] Level 1:colcon.colcon_core.package_identification:_identify(/home/kol/Documents/Robots/ros_ws/ackerman/src) by extensions ['ros']
[3.506s] Level 1:colcon.colcon_core.package_identification:_identify(/home/kol/Documents/Robots/ros_ws/ackerman/src) by extension 'ros'
[3.506s] Level 1:colcon.colcon_core.package_identification:_identify(/home/kol/Documents/Robots/ros_ws/ackerman/src) by extensions ['cmake', 'python']
[3.506s] Level 1:colcon.colcon_core.package_identification:_identify(/home/kol/Documents/Robots/ros_ws/ackerman/src) by extension 'cmake'
[3.507s] Level 1:colcon.colcon_core.package_identification:_identify(/home/kol/Documents/Robots/ros_ws/ackerman/src) by extension 'python'
[3.507s] Level 1:colcon.colcon_core.package_identification:_identify(/home/kol/Documents/Robots/ros_ws/ackerman/src) by extensions ['python_setup_py']
[3.507s] Level 1:colcon.colcon_core.package_identification:_identify(/home/kol/Documents/Robots/ros_ws/ackerman/src) by extension 'python_setup_py'
[3.508s] Level 1:colcon.colcon_core.package_identification:_identify(/home/kol/Documents/Robots/ros_ws/ackerman/src/Ackerman_description) by extensions ['ignore', 'ignore_ament_install']
[3.509s] Level 1:colcon.colcon_core.package_identification:_identify(/home/kol/Documents/Robots/ros_ws/ackerman/src/Ackerman_description) by extension 'ignore'
[3.509s] Level 1:colcon.colcon_core.package_identification:_identify(/home/kol/Documents/Robots/ros_ws/ackerman/src/Ackerman_description) by extension 'ignore_ament_install'
[3.509s] Level 1:colcon.colcon_core.package_identification:_identify(/home/kol/Documents/Robots/ros_ws/ackerman/src/Ackerman_description) by extensions ['colcon_pkg']
[3.516s] Level 1:colcon.colcon_core.package_identification:_identify(/home/kol/Documents/Robots/ros_ws/ackerman/src/Ackerman_description) by extension 'colcon_pkg'
[3.518s] Level 1:colcon.colcon_core.package_identification:_identify(/home/kol/Documents/Robots/ros_ws/ackerman/src/Ackerman_description) by extensions ['colcon_meta']
[3.518s] Level 1:colcon.colcon_core.package_identification:_identify(/home/kol/Documents/Robots/ros_ws/ackerman/src/Ackerman_description) by extension 'colcon_meta'
[3.519s] Level 1:colcon.colcon_core.package_identification:_identify(/home/kol/Documents/Robots/ros_ws/ackerman/src/Ackerman_description) by extensions ['ros']
[3.519s] Level 1:colcon.colcon_core.package_identification:_identify(/home/kol/Documents/Robots/ros_ws/ackerman/src/Ackerman_description) by extension 'ros'
[3.553s] DEBUG:colcon.colcon_core.package_identification:Package '/home/kol/Documents/Robots/ros_ws/ackerman/src/Ackerman_description' with type 'ros.ament_python' and name 'Ackerman_description'
[3.554s] Level 1:colcon.colcon_core.package_discovery:discover_packages(recursive) using defaults
