[0.116s] DEBUG:colcon:Command line arguments: ['/usr/bin/colcon', 'build', '--symlink-install']
[0.116s] DEBUG:colcon:Parsed command line arguments: Namespace(log_base=None, log_level=None, verb_name='build', build_base='build', install_base='install', merge_install=False, symlink_install=True, test_result_base=None, continue_on_error=False, executor='parallel', parallel_workers=4, event_handlers=None, ignore_user_meta=False, metas=['./colcon.meta'], base_paths=['.'], packages_ignore=None, packages_ignore_regex=None, paths=None, packages_up_to=None, packages_up_to_regex=None, packages_above=None, packages_above_and_dependencies=None, packages_above_depth=None, packages_select_by_dep=None, packages_skip_by_dep=None, packages_skip_up_to=None, packages_select_build_failed=False, packages_skip_build_finished=False, packages_select_test_failures=False, packages_skip_test_passed=False, packages_select=None, packages_skip=None, packages_select_regex=None, packages_skip_regex=None, packages_start=None, packages_end=None, allow_overriding=[], cmake_args=None, cmake_target=None, cmake_target_skip_unavailable=False, cmake_clean_cache=False, cmake_clean_first=False, cmake_force_configure=False, ament_cmake_args=None, catkin_cmake_args=None, catkin_skip_building_tests=False, mixin_files=None, mixin=None, verb_parser=<colcon_mixin.mixin.mixin_argument.MixinArgumentDecorator object at 0x797fccd3f730>, verb_extension=<colcon_core.verb.build.BuildVerb object at 0x797fcceabbb0>, main=<bound method BuildVerb.main of <colcon_core.verb.build.BuildVerb object at 0x797fcceabbb0>>, mixin_verb=('build',))
[0.312s] Level 1:colcon.colcon_core.package_discovery:discover_packages(colcon_meta) check parameters
[0.312s] Level 1:colcon.colcon_core.package_discovery:discover_packages(recursive) check parameters
[0.312s] Level 1:colcon.colcon_core.package_discovery:discover_packages(ignore) check parameters
[0.312s] Level 1:colcon.colcon_core.package_discovery:discover_packages(path) check parameters
[0.312s] Level 1:colcon.colcon_core.package_discovery:discover_packages(colcon_meta) discover
[0.312s] Level 1:colcon.colcon_core.package_discovery:discover_packages(recursive) discover
[0.312s] INFO:colcon.colcon_core.package_discovery:Crawling recursively for packages in '/home/kol/Documents/Robots/learning/joystick'
[0.312s] Level 1:colcon.colcon_core.package_identification:_identify(.) by extensions ['ignore', 'ignore_ament_install']
[0.313s] Level 1:colcon.colcon_core.package_identification:_identify(.) by extension 'ignore'
[0.313s] Level 1:colcon.colcon_core.package_identification:_identify(.) by extension 'ignore_ament_install'
[0.313s] Level 1:colcon.colcon_core.package_identification:_identify(.) by extensions ['colcon_pkg']
[0.313s] Level 1:colcon.colcon_core.package_identification:_identify(.) by extension 'colcon_pkg'
[0.313s] Level 1:colcon.colcon_core.package_identification:_identify(.) by extensions ['colcon_meta']
[0.313s] Level 1:colcon.colcon_core.package_identification:_identify(.) by extension 'colcon_meta'
[0.313s] Level 1:colcon.colcon_core.package_identification:_identify(.) by extensions ['ros']
[0.313s] Level 1:colcon.colcon_core.package_identification:_identify(.) by extension 'ros'
[0.331s] Level 1:colcon.colcon_core.package_identification:_identify(.) by extensions ['cmake', 'python']
[0.331s] Level 1:colcon.colcon_core.package_identification:_identify(.) by extension 'cmake'
[0.331s] Level 1:colcon.colcon_core.package_identification:_identify(.) by extension 'python'
[0.332s] Level 1:colcon.colcon_core.package_identification:_identify(.) by extensions ['python_setup_py']
[0.332s] Level 1:colcon.colcon_core.package_identification:_identify(.) by extension 'python_setup_py'
[0.332s] Level 1:colcon.colcon_core.package_identification:_identify(build) by extensions ['ignore', 'ignore_ament_install']
[0.332s] Level 1:colcon.colcon_core.package_identification:_identify(build) by extension 'ignore'
[0.332s] Level 1:colcon.colcon_core.package_identification:_identify(build) ignored
[0.332s] Level 1:colcon.colcon_core.package_identification:_identify(install) by extensions ['ignore', 'ignore_ament_install']
[0.332s] Level 1:colcon.colcon_core.package_identification:_identify(install) by extension 'ignore'
[0.332s] Level 1:colcon.colcon_core.package_identification:_identify(install) ignored
[0.332s] Level 1:colcon.colcon_core.package_identification:_identify(log) by extensions ['ignore', 'ignore_ament_install']
[0.332s] Level 1:colcon.colcon_core.package_identification:_identify(log) by extension 'ignore'
[0.332s] Level 1:colcon.colcon_core.package_identification:_identify(log) ignored
[0.332s] Level 1:colcon.colcon_core.package_identification:_identify(src) by extensions ['ignore', 'ignore_ament_install']
[0.333s] Level 1:colcon.colcon_core.package_identification:_identify(src) by extension 'ignore'
[0.333s] Level 1:colcon.colcon_core.package_identification:_identify(src) by extension 'ignore_ament_install'
[0.333s] Level 1:colcon.colcon_core.package_identification:_identify(src) by extensions ['colcon_pkg']
[0.333s] Level 1:colcon.colcon_core.package_identification:_identify(src) by extension 'colcon_pkg'
[0.333s] Level 1:colcon.colcon_core.package_identification:_identify(src) by extensions ['colcon_meta']
[0.333s] Level 1:colcon.colcon_core.package_identification:_identify(src) by extension 'colcon_meta'
[0.333s] Level 1:colcon.colcon_core.package_identification:_identify(src) by extensions ['ros']
[0.333s] Level 1:colcon.colcon_core.package_identification:_identify(src) by extension 'ros'
[0.333s] Level 1:colcon.colcon_core.package_identification:_identify(src) by extensions ['cmake', 'python']
[0.333s] Level 1:colcon.colcon_core.package_identification:_identify(src) by extension 'cmake'
[0.333s] Level 1:colcon.colcon_core.package_identification:_identify(src) by extension 'python'
[0.333s] Level 1:colcon.colcon_core.package_identification:_identify(src) by extensions ['python_setup_py']
[0.333s] Level 1:colcon.colcon_core.package_identification:_identify(src) by extension 'python_setup_py'
[0.333s] Level 1:colcon.colcon_core.package_identification:_identify(src/turtle_joystic) by extensions ['ignore', 'ignore_ament_install']
[0.334s] Level 1:colcon.colcon_core.package_identification:_identify(src/turtle_joystic) by extension 'ignore'
[0.334s] Level 1:colcon.colcon_core.package_identification:_identify(src/turtle_joystic) by extension 'ignore_ament_install'
[0.334s] Level 1:colcon.colcon_core.package_identification:_identify(src/turtle_joystic) by extensions ['colcon_pkg']
[0.334s] Level 1:colcon.colcon_core.package_identification:_identify(src/turtle_joystic) by extension 'colcon_pkg'
[0.334s] Level 1:colcon.colcon_core.package_identification:_identify(src/turtle_joystic) by extensions ['colcon_meta']
[0.334s] Level 1:colcon.colcon_core.package_identification:_identify(src/turtle_joystic) by extension 'colcon_meta'
[0.334s] Level 1:colcon.colcon_core.package_identification:_identify(src/turtle_joystic) by extensions ['ros']
[0.334s] Level 1:colcon.colcon_core.package_identification:_identify(src/turtle_joystic) by extension 'ros'
[0.336s] DEBUG:colcon.colcon_core.package_identification:Package 'src/turtle_joystic' with type 'ros.ament_python' and name 'turtle_joystic'
[0.336s] Level 1:colcon.colcon_core.package_discovery:discover_packages(recursive) using defaults
[0.336s] Level 1:colcon.colcon_core.package_discovery:discover_packages(ignore) discover
[0.336s] Level 1:colcon.colcon_core.package_discovery:discover_packages(ignore) using defaults
[0.336s] Level 1:colcon.colcon_core.package_discovery:discover_packages(path) discover
[0.336s] Level 1:colcon.colcon_core.package_discovery:discover_packages(path) using defaults
[0.355s] Level 1:colcon.colcon_core.package_discovery:discover_packages(prefix_path) check parameters
[0.355s] Level 1:colcon.colcon_core.package_discovery:discover_packages(prefix_path) discover
[0.356s] DEBUG:colcon.colcon_installed_package_information.package_discovery:Found 1 installed packages in /home/kol/Documents/Robots/learning/joystick/install
[0.358s] DEBUG:colcon.colcon_installed_package_information.package_discovery:Found 398 installed packages in /opt/ros/humble
[0.361s] Level 1:colcon.colcon_core.package_discovery:discover_packages(prefix_path) using defaults
[0.409s] Level 5:colcon.colcon_core.verb:set package 'turtle_joystic' build argument 'cmake_args' from command line to 'None'
[0.410s] Level 5:colcon.colcon_core.verb:set package 'turtle_joystic' build argument 'cmake_target' from command line to 'None'
[0.410s] Level 5:colcon.colcon_core.verb:set package 'turtle_joystic' build argument 'cmake_target_skip_unavailable' from command line to 'False'
[0.410s] Level 5:colcon.colcon_core.verb:set package 'turtle_joystic' build argument 'cmake_clean_cache' from command line to 'False'
[0.410s] Level 5:colcon.colcon_core.verb:set package 'turtle_joystic' build argument 'cmake_clean_first' from command line to 'False'
[0.410s] Level 5:colcon.colcon_core.verb:set package 'turtle_joystic' build argument 'cmake_force_configure' from command line to 'False'
[0.410s] Level 5:colcon.colcon_core.verb:set package 'turtle_joystic' build argument 'ament_cmake_args' from command line to 'None'
[0.410s] Level 5:colcon.colcon_core.verb:set package 'turtle_joystic' build argument 'catkin_cmake_args' from command line to 'None'
[0.410s] Level 5:colcon.colcon_core.verb:set package 'turtle_joystic' build argument 'catkin_skip_building_tests' from command line to 'False'
[0.410s] DEBUG:colcon.colcon_core.verb:Building package 'turtle_joystic' with the following arguments: {'ament_cmake_args': None, 'build_base': '/home/kol/Documents/Robots/learning/joystick/build/turtle_joystic', 'catkin_cmake_args': None, 'catkin_skip_building_tests': False, 'cmake_args': None, 'cmake_clean_cache': False, 'cmake_clean_first': False, 'cmake_force_configure': False, 'cmake_target': None, 'cmake_target_skip_unavailable': False, 'install_base': '/home/kol/Documents/Robots/learning/joystick/install/turtle_joystic', 'merge_install': False, 'path': '/home/kol/Documents/Robots/learning/joystick/src/turtle_joystic', 'symlink_install': True, 'test_result_base': None}
[0.410s] INFO:colcon.colcon_core.executor:Executing jobs using 'parallel' executor
[0.411s] DEBUG:colcon.colcon_parallel_executor.executor.parallel:run_until_complete
[0.411s] INFO:colcon.colcon_ros.task.ament_python.build:Building ROS package in '/home/kol/Documents/Robots/learning/joystick/src/turtle_joystic' with build type 'ament_python'
[0.412s] Level 1:colcon.colcon_core.shell:create_environment_hook('turtle_joystic', 'ament_prefix_path')
[0.414s] INFO:colcon.colcon_core.plugin_system:Skipping extension 'colcon_core.shell.bat': Not used on non-Windows systems
[0.414s] INFO:colcon.colcon_core.shell:Creating environment hook '/home/kol/Documents/Robots/learning/joystick/install/turtle_joystic/share/turtle_joystic/hook/ament_prefix_path.ps1'
[0.414s] INFO:colcon.colcon_core.shell:Creating environment descriptor '/home/kol/Documents/Robots/learning/joystick/install/turtle_joystic/share/turtle_joystic/hook/ament_prefix_path.dsv'
[0.415s] INFO:colcon.colcon_core.shell:Creating environment hook '/home/kol/Documents/Robots/learning/joystick/install/turtle_joystic/share/turtle_joystic/hook/ament_prefix_path.sh'
[0.415s] INFO:colcon.colcon_core.shell:Skip shell extension 'powershell' for command environment: Not usable outside of PowerShell
[0.415s] DEBUG:colcon.colcon_core.shell:Skip shell extension 'dsv' for command environment
[0.701s] INFO:colcon.colcon_core.task.python.build:Building Python package in '/home/kol/Documents/Robots/learning/joystick/src/turtle_joystic'
[0.701s] INFO:colcon.colcon_core.shell:Skip shell extension 'powershell' for command environment: Not usable outside of PowerShell
[0.701s] DEBUG:colcon.colcon_core.shell:Skip shell extension 'dsv' for command environment
[1.090s] DEBUG:colcon.colcon_core.event_handler.log_command:Invoking command in '/home/kol/Documents/Robots/learning/joystick/build/turtle_joystic': PYTHONPATH=/home/kol/Documents/Robots/learning/joystick/build/turtle_joystic/prefix_override:/usr/lib/python3/dist-packages/colcon_core/task/python/colcon_distutils_commands:/home/kol/Documents/Robots/learning/joystick/install/turtle_joystic/lib/python3.10/site-packages:${PYTHONPATH} /usr/bin/python3 -W ignore:setup.py install is deprecated setup.py develop --editable --build-directory /home/kol/Documents/Robots/learning/joystick/build/turtle_joystic/build --no-deps symlink_data
[1.618s] Level 1:colcon.colcon_core.shell:create_environment_hook('turtle_joystic', 'pythonpath_develop')
[1.618s] INFO:colcon.colcon_core.shell:Creating environment hook '/home/kol/Documents/Robots/learning/joystick/build/turtle_joystic/share/turtle_joystic/hook/pythonpath_develop.ps1'
[1.619s] DEBUG:colcon.colcon_core.event_handler.log_command:Invoked command in '/home/kol/Documents/Robots/learning/joystick/build/turtle_joystic' returned '0': PYTHONPATH=/home/kol/Documents/Robots/learning/joystick/build/turtle_joystic/prefix_override:/usr/lib/python3/dist-packages/colcon_core/task/python/colcon_distutils_commands:/home/kol/Documents/Robots/learning/joystick/install/turtle_joystic/lib/python3.10/site-packages:${PYTHONPATH} /usr/bin/python3 -W ignore:setup.py install is deprecated setup.py develop --editable --build-directory /home/kol/Documents/Robots/learning/joystick/build/turtle_joystic/build --no-deps symlink_data
[1.619s] INFO:colcon.colcon_core.shell:Creating environment descriptor '/home/kol/Documents/Robots/learning/joystick/build/turtle_joystic/share/turtle_joystic/hook/pythonpath_develop.dsv'
[1.620s] INFO:colcon.colcon_core.shell:Creating environment hook '/home/kol/Documents/Robots/learning/joystick/build/turtle_joystic/share/turtle_joystic/hook/pythonpath_develop.sh'
[1.622s] Level 1:colcon.colcon_core.environment:checking '/home/kol/Documents/Robots/learning/joystick/install/turtle_joystic' for CMake module files
[1.622s] Level 1:colcon.colcon_core.environment:checking '/home/kol/Documents/Robots/learning/joystick/install/turtle_joystic' for CMake config files
[1.623s] Level 1:colcon.colcon_core.environment:checking '/home/kol/Documents/Robots/learning/joystick/install/turtle_joystic/lib'
[1.623s] Level 1:colcon.colcon_core.environment:checking '/home/kol/Documents/Robots/learning/joystick/install/turtle_joystic/bin'
[1.623s] Level 1:colcon.colcon_core.environment:checking '/home/kol/Documents/Robots/learning/joystick/install/turtle_joystic/lib/pkgconfig/turtle_joystic.pc'
[1.623s] Level 1:colcon.colcon_core.environment:checking '/home/kol/Documents/Robots/learning/joystick/install/turtle_joystic/lib/python3.10/site-packages'
[1.623s] Level 1:colcon.colcon_core.shell:create_environment_hook('turtle_joystic', 'pythonpath')
[1.623s] INFO:colcon.colcon_core.shell:Creating environment hook '/home/kol/Documents/Robots/learning/joystick/install/turtle_joystic/share/turtle_joystic/hook/pythonpath.ps1'
[1.624s] INFO:colcon.colcon_core.shell:Creating environment descriptor '/home/kol/Documents/Robots/learning/joystick/install/turtle_joystic/share/turtle_joystic/hook/pythonpath.dsv'
[1.624s] INFO:colcon.colcon_core.shell:Creating environment hook '/home/kol/Documents/Robots/learning/joystick/install/turtle_joystic/share/turtle_joystic/hook/pythonpath.sh'
[1.625s] Level 1:colcon.colcon_core.environment:checking '/home/kol/Documents/Robots/learning/joystick/install/turtle_joystic/bin'
[1.625s] Level 1:colcon.colcon_core.environment:create_environment_scripts_only(turtle_joystic)
[1.625s] INFO:colcon.colcon_core.shell:Creating package script '/home/kol/Documents/Robots/learning/joystick/install/turtle_joystic/share/turtle_joystic/package.ps1'
[1.626s] INFO:colcon.colcon_core.shell:Creating package descriptor '/home/kol/Documents/Robots/learning/joystick/install/turtle_joystic/share/turtle_joystic/package.dsv'
[1.626s] INFO:colcon.colcon_core.shell:Creating package script '/home/kol/Documents/Robots/learning/joystick/install/turtle_joystic/share/turtle_joystic/package.sh'
[1.627s] INFO:colcon.colcon_core.shell:Creating package script '/home/kol/Documents/Robots/learning/joystick/install/turtle_joystic/share/turtle_joystic/package.bash'
[1.628s] INFO:colcon.colcon_core.shell:Creating package script '/home/kol/Documents/Robots/learning/joystick/install/turtle_joystic/share/turtle_joystic/package.zsh'
[1.628s] Level 1:colcon.colcon_core.environment:create_file_with_runtime_dependencies(/home/kol/Documents/Robots/learning/joystick/install/turtle_joystic/share/colcon-core/packages/turtle_joystic)
[1.628s] DEBUG:colcon.colcon_parallel_executor.executor.parallel:closing loop
[1.629s] DEBUG:colcon.colcon_parallel_executor.executor.parallel:loop closed
[1.629s] DEBUG:colcon.colcon_parallel_executor.executor.parallel:run_until_complete finished with '0'
[1.629s] DEBUG:colcon.colcon_core.event_reactor:joining thread
[1.633s] INFO:colcon.colcon_core.plugin_system:Skipping extension 'colcon_notification.desktop_notification.terminal_notifier': Not used on non-Darwin systems
[1.633s] INFO:colcon.colcon_core.plugin_system:Skipping extension 'colcon_notification.desktop_notification.win32': Not used on non-Windows systems
[1.633s] INFO:colcon.colcon_notification.desktop_notification:Sending desktop notification using 'notify2'
[1.645s] DEBUG:colcon.colcon_core.event_reactor:joined thread
[1.645s] INFO:colcon.colcon_core.shell:Creating prefix script '/home/kol/Documents/Robots/learning/joystick/install/local_setup.ps1'
[1.646s] INFO:colcon.colcon_core.shell:Creating prefix util module '/home/kol/Documents/Robots/learning/joystick/install/_local_setup_util_ps1.py'
[1.647s] INFO:colcon.colcon_core.shell:Creating prefix chain script '/home/kol/Documents/Robots/learning/joystick/install/setup.ps1'
[1.649s] INFO:colcon.colcon_core.shell:Creating prefix script '/home/kol/Documents/Robots/learning/joystick/install/local_setup.sh'
[1.650s] INFO:colcon.colcon_core.shell:Creating prefix util module '/home/kol/Documents/Robots/learning/joystick/install/_local_setup_util_sh.py'
[1.650s] INFO:colcon.colcon_core.shell:Creating prefix chain script '/home/kol/Documents/Robots/learning/joystick/install/setup.sh'
[1.652s] INFO:colcon.colcon_core.shell:Creating prefix script '/home/kol/Documents/Robots/learning/joystick/install/local_setup.bash'
[1.653s] INFO:colcon.colcon_core.shell:Creating prefix chain script '/home/kol/Documents/Robots/learning/joystick/install/setup.bash'
[1.654s] INFO:colcon.colcon_core.shell:Creating prefix script '/home/kol/Documents/Robots/learning/joystick/install/local_setup.zsh'
[1.655s] INFO:colcon.colcon_core.shell:Creating prefix chain script '/home/kol/Documents/Robots/learning/joystick/install/setup.zsh'
