running develop
running egg_info
creating ThreeDoFArm_description.egg-info
writing ThreeDoFArm_description.egg-info/PKG-INFO
writing dependency_links to ThreeDoFArm_description.egg-info/dependency_links.txt
writing entry points to ThreeDoFArm_description.egg-info/entry_points.txt
writing requirements to ThreeDoFArm_description.egg-info/requires.txt
writing top-level names to ThreeDoFArm_description.egg-info/top_level.txt
writing manifest file 'ThreeDoFArm_description.egg-info/SOURCES.txt'
reading manifest file 'ThreeDoFArm_description.egg-info/SOURCES.txt'
writing manifest file 'ThreeDoFArm_description.egg-info/SOURCES.txt'
running build_ext
Creating /home/kol/Documents/Robotics/ros_ws/ThreeDoFRobot/install/ThreeDoFArm_description/lib/python3.10/site-packages/ThreeDoFArm-description.egg-link (link to .)

Installed /home/kol/Documents/Robotics/ros_ws/ThreeDoFRobot/build/ThreeDoFArm_description
running symlink_data
creating /home/kol/Documents/Robotics/ros_ws/ThreeDoFRobot/install/ThreeDoFArm_description/share/ament_index
creating /home/kol/Documents/Robotics/ros_ws/ThreeDoFRobot/install/ThreeDoFArm_description/share/ament_index/resource_index
creating /home/kol/Documents/Robotics/ros_ws/ThreeDoFRobot/install/ThreeDoFArm_description/share/ament_index/resource_index/packages
symbolically linking /home/kol/Documents/Robotics/ros_ws/ThreeDoFRobot/build/ThreeDoFArm_description/resource/ThreeDoFArm_description -> /home/kol/Documents/Robotics/ros_ws/ThreeDoFRobot/install/ThreeDoFArm_description/share/ament_index/resource_index/packages
symbolically linking /home/kol/Documents/Robotics/ros_ws/ThreeDoFRobot/build/ThreeDoFArm_description/package.xml -> /home/kol/Documents/Robotics/ros_ws/ThreeDoFRobot/install/ThreeDoFArm_description/share/ThreeDoFArm_description
creating /home/kol/Documents/Robotics/ros_ws/ThreeDoFRobot/install/ThreeDoFArm_description/share/ThreeDoFArm_description/launch
symbolically linking /home/kol/Documents/Robotics/ros_ws/ThreeDoFRobot/build/ThreeDoFArm_description/launch/gazebo.launch.py -> /home/kol/Documents/Robotics/ros_ws/ThreeDoFRobot/install/ThreeDoFArm_description/share/ThreeDoFArm_description/launch
symbolically linking /home/kol/Documents/Robotics/ros_ws/ThreeDoFRobot/build/ThreeDoFArm_description/launch/display.launch.py -> /home/kol/Documents/Robotics/ros_ws/ThreeDoFRobot/install/ThreeDoFArm_description/share/ThreeDoFArm_description/launch
creating /home/kol/Documents/Robotics/ros_ws/ThreeDoFRobot/install/ThreeDoFArm_description/share/ThreeDoFArm_description/urdf
symbolically linking /home/kol/Documents/Robotics/ros_ws/ThreeDoFRobot/build/ThreeDoFArm_description/urdf/ThreeDoFArm.gazebo -> /home/kol/Documents/Robotics/ros_ws/ThreeDoFRobot/install/ThreeDoFArm_description/share/ThreeDoFArm_description/urdf
symbolically linking /home/kol/Documents/Robotics/ros_ws/ThreeDoFRobot/build/ThreeDoFArm_description/urdf/ThreeDoFArm.xacro -> /home/kol/Documents/Robotics/ros_ws/ThreeDoFRobot/install/ThreeDoFArm_description/share/ThreeDoFArm_description/urdf
symbolically linking /home/kol/Documents/Robotics/ros_ws/ThreeDoFRobot/build/ThreeDoFArm_description/urdf/ThreeDoFArm.trans -> /home/kol/Documents/Robotics/ros_ws/ThreeDoFRobot/install/ThreeDoFArm_description/share/ThreeDoFArm_description/urdf
symbolically linking /home/kol/Documents/Robotics/ros_ws/ThreeDoFRobot/build/ThreeDoFArm_description/urdf/materials.xacro -> /home/kol/Documents/Robotics/ros_ws/ThreeDoFRobot/install/ThreeDoFArm_description/share/ThreeDoFArm_description/urdf
symbolically linking /home/kol/Documents/Robotics/ros_ws/ThreeDoFRobot/build/ThreeDoFArm_description/urdf/ros2_control.xacro -> /home/kol/Documents/Robotics/ros_ws/ThreeDoFRobot/install/ThreeDoFArm_description/share/ThreeDoFArm_description/urdf
creating /home/kol/Documents/Robotics/ros_ws/ThreeDoFRobot/install/ThreeDoFArm_description/share/ThreeDoFArm_description/meshes
symbolically linking /home/kol/Documents/Robotics/ros_ws/ThreeDoFRobot/build/ThreeDoFArm_description/meshes/base_link.stl -> /home/kol/Documents/Robotics/ros_ws/ThreeDoFRobot/install/ThreeDoFArm_description/share/ThreeDoFArm_description/meshes
symbolically linking /home/kol/Documents/Robotics/ros_ws/ThreeDoFRobot/build/ThreeDoFArm_description/meshes/link1_1.stl -> /home/kol/Documents/Robotics/ros_ws/ThreeDoFRobot/install/ThreeDoFArm_description/share/ThreeDoFArm_description/meshes
symbolically linking /home/kol/Documents/Robotics/ros_ws/ThreeDoFRobot/build/ThreeDoFArm_description/meshes/link3_1.stl -> /home/kol/Documents/Robotics/ros_ws/ThreeDoFRobot/install/ThreeDoFArm_description/share/ThreeDoFArm_description/meshes
symbolically linking /home/kol/Documents/Robotics/ros_ws/ThreeDoFRobot/build/ThreeDoFArm_description/meshes/link2_1.stl -> /home/kol/Documents/Robotics/ros_ws/ThreeDoFRobot/install/ThreeDoFArm_description/share/ThreeDoFArm_description/meshes
creating /home/kol/Documents/Robotics/ros_ws/ThreeDoFRobot/install/ThreeDoFArm_description/share/ThreeDoFArm_description/config
symbolically linking /home/kol/Documents/Robotics/ros_ws/ThreeDoFRobot/build/ThreeDoFArm_description/config/display.rviz -> /home/kol/Documents/Robotics/ros_ws/ThreeDoFRobot/install/ThreeDoFArm_description/share/ThreeDoFArm_description/config
symbolically linking /home/kol/Documents/Robotics/ros_ws/ThreeDoFRobot/build/ThreeDoFArm_description/config/my_controllers.yaml -> /home/kol/Documents/Robotics/ros_ws/ThreeDoFRobot/install/ThreeDoFArm_description/share/ThreeDoFArm_description/config
