[3.956s] Invoking command in '/home/kol/Documents/Robotics/ros_ws/ThreeDoFRobot/build/ThreeDoFArm_description': PYTHONPATH=/home/kol/Documents/Robotics/ros_ws/ThreeDoFRobot/build/ThreeDoFArm_description/prefix_override:/usr/lib/python3/dist-packages/colcon_core/task/python/colcon_distutils_commands:/home/kol/Documents/Robotics/ros_ws/ThreeDoFRobot/install/ThreeDoFArm_description/lib/python3.10/site-packages:${PYTHONPATH} /usr/bin/python3 -W ignore:setup.py install is deprecated setup.py develop --editable --build-directory /home/kol/Documents/Robotics/ros_ws/ThreeDoFRobot/build/ThreeDoFArm_description/build --no-deps symlink_data
[6.205s] running develop
[7.246s] running egg_info
[7.247s] creating ThreeDoFArm_description.egg-info
[7.247s] writing ThreeDoFArm_description.egg-info/PKG-INFO
[7.248s] writing dependency_links to ThreeDoFArm_description.egg-info/dependency_links.txt
[7.249s] writing entry points to ThreeDoFArm_description.egg-info/entry_points.txt
[7.249s] writing requirements to ThreeDoFArm_description.egg-info/requires.txt
[7.250s] writing top-level names to ThreeDoFArm_description.egg-info/top_level.txt
[7.251s] writing manifest file 'ThreeDoFArm_description.egg-info/SOURCES.txt'
[7.258s] reading manifest file 'ThreeDoFArm_description.egg-info/SOURCES.txt'
[7.267s] writing manifest file 'ThreeDoFArm_description.egg-info/SOURCES.txt'
[7.271s] running build_ext
[7.273s] Creating /home/kol/Documents/Robotics/ros_ws/ThreeDoFRobot/install/ThreeDoFArm_description/lib/python3.10/site-packages/ThreeDoFArm-description.egg-link (link to .)
[7.277s] 
[7.278s] Installed /home/kol/Documents/Robotics/ros_ws/ThreeDoFRobot/build/ThreeDoFArm_description
[7.279s] running symlink_data
[7.280s] creating /home/kol/Documents/Robotics/ros_ws/ThreeDoFRobot/install/ThreeDoFArm_description/share/ament_index
[7.281s] creating /home/kol/Documents/Robotics/ros_ws/ThreeDoFRobot/install/ThreeDoFArm_description/share/ament_index/resource_index
[7.282s] creating /home/kol/Documents/Robotics/ros_ws/ThreeDoFRobot/install/ThreeDoFArm_description/share/ament_index/resource_index/packages
[7.283s] symbolically linking /home/kol/Documents/Robotics/ros_ws/ThreeDoFRobot/build/ThreeDoFArm_description/resource/ThreeDoFArm_description -> /home/kol/Documents/Robotics/ros_ws/ThreeDoFRobot/install/ThreeDoFArm_description/share/ament_index/resource_index/packages
[7.284s] symbolically linking /home/kol/Documents/Robotics/ros_ws/ThreeDoFRobot/build/ThreeDoFArm_description/package.xml -> /home/kol/Documents/Robotics/ros_ws/ThreeDoFRobot/install/ThreeDoFArm_description/share/ThreeDoFArm_description
[7.285s] creating /home/kol/Documents/Robotics/ros_ws/ThreeDoFRobot/install/ThreeDoFArm_description/share/ThreeDoFArm_description/launch
[7.286s] symbolically linking /home/kol/Documents/Robotics/ros_ws/ThreeDoFRobot/build/ThreeDoFArm_description/launch/gazebo.launch.py -> /home/kol/Documents/Robotics/ros_ws/ThreeDoFRobot/install/ThreeDoFArm_description/share/ThreeDoFArm_description/launch
[7.287s] symbolically linking /home/kol/Documents/Robotics/ros_ws/ThreeDoFRobot/build/ThreeDoFArm_description/launch/display.launch.py -> /home/kol/Documents/Robotics/ros_ws/ThreeDoFRobot/install/ThreeDoFArm_description/share/ThreeDoFArm_description/launch
[7.288s] creating /home/kol/Documents/Robotics/ros_ws/ThreeDoFRobot/install/ThreeDoFArm_description/share/ThreeDoFArm_description/urdf
[7.288s] symbolically linking /home/kol/Documents/Robotics/ros_ws/ThreeDoFRobot/build/ThreeDoFArm_description/urdf/ThreeDoFArm.gazebo -> /home/kol/Documents/Robotics/ros_ws/ThreeDoFRobot/install/ThreeDoFArm_description/share/ThreeDoFArm_description/urdf
[7.289s] symbolically linking /home/kol/Documents/Robotics/ros_ws/ThreeDoFRobot/build/ThreeDoFArm_description/urdf/ThreeDoFArm.xacro -> /home/kol/Documents/Robotics/ros_ws/ThreeDoFRobot/install/ThreeDoFArm_description/share/ThreeDoFArm_description/urdf
[7.290s] symbolically linking /home/kol/Documents/Robotics/ros_ws/ThreeDoFRobot/build/ThreeDoFArm_description/urdf/ThreeDoFArm.trans -> /home/kol/Documents/Robotics/ros_ws/ThreeDoFRobot/install/ThreeDoFArm_description/share/ThreeDoFArm_description/urdf
[7.290s] symbolically linking /home/kol/Documents/Robotics/ros_ws/ThreeDoFRobot/build/ThreeDoFArm_description/urdf/materials.xacro -> /home/kol/Documents/Robotics/ros_ws/ThreeDoFRobot/install/ThreeDoFArm_description/share/ThreeDoFArm_description/urdf
[7.291s] symbolically linking /home/kol/Documents/Robotics/ros_ws/ThreeDoFRobot/build/ThreeDoFArm_description/urdf/ros2_control.xacro -> /home/kol/Documents/Robotics/ros_ws/ThreeDoFRobot/install/ThreeDoFArm_description/share/ThreeDoFArm_description/urdf
[7.292s] creating /home/kol/Documents/Robotics/ros_ws/ThreeDoFRobot/install/ThreeDoFArm_description/share/ThreeDoFArm_description/meshes
[7.292s] symbolically linking /home/kol/Documents/Robotics/ros_ws/ThreeDoFRobot/build/ThreeDoFArm_description/meshes/base_link.stl -> /home/kol/Documents/Robotics/ros_ws/ThreeDoFRobot/install/ThreeDoFArm_description/share/ThreeDoFArm_description/meshes
[7.293s] symbolically linking /home/kol/Documents/Robotics/ros_ws/ThreeDoFRobot/build/ThreeDoFArm_description/meshes/link1_1.stl -> /home/kol/Documents/Robotics/ros_ws/ThreeDoFRobot/install/ThreeDoFArm_description/share/ThreeDoFArm_description/meshes
[7.294s] symbolically linking /home/kol/Documents/Robotics/ros_ws/ThreeDoFRobot/build/ThreeDoFArm_description/meshes/link3_1.stl -> /home/kol/Documents/Robotics/ros_ws/ThreeDoFRobot/install/ThreeDoFArm_description/share/ThreeDoFArm_description/meshes
[7.294s] symbolically linking /home/kol/Documents/Robotics/ros_ws/ThreeDoFRobot/build/ThreeDoFArm_description/meshes/link2_1.stl -> /home/kol/Documents/Robotics/ros_ws/ThreeDoFRobot/install/ThreeDoFArm_description/share/ThreeDoFArm_description/meshes
[7.295s] creating /home/kol/Documents/Robotics/ros_ws/ThreeDoFRobot/install/ThreeDoFArm_description/share/ThreeDoFArm_description/config
[7.297s] symbolically linking /home/kol/Documents/Robotics/ros_ws/ThreeDoFRobot/build/ThreeDoFArm_description/config/display.rviz -> /home/kol/Documents/Robotics/ros_ws/ThreeDoFRobot/install/ThreeDoFArm_description/share/ThreeDoFArm_description/config
[7.311s] symbolically linking /home/kol/Documents/Robotics/ros_ws/ThreeDoFRobot/build/ThreeDoFArm_description/config/my_controllers.yaml -> /home/kol/Documents/Robotics/ros_ws/ThreeDoFRobot/install/ThreeDoFArm_description/share/ThreeDoFArm_description/config
[7.433s] Invoked command in '/home/kol/Documents/Robotics/ros_ws/ThreeDoFRobot/build/ThreeDoFArm_description' returned '0': PYTHONPATH=/home/kol/Documents/Robotics/ros_ws/ThreeDoFRobot/build/ThreeDoFArm_description/prefix_override:/usr/lib/python3/dist-packages/colcon_core/task/python/colcon_distutils_commands:/home/kol/Documents/Robotics/ros_ws/ThreeDoFRobot/install/ThreeDoFArm_description/lib/python3.10/site-packages:${PYTHONPATH} /usr/bin/python3 -W ignore:setup.py install is deprecated setup.py develop --editable --build-directory /home/kol/Documents/Robotics/ros_ws/ThreeDoFRobot/build/ThreeDoFArm_description/build --no-deps symlink_data
