[1.595s] DEBUG:colcon:Command line arguments: ['/usr/bin/colcon', 'list', '-p', '--base-paths', '/home/kol/Documents/Robotics/ros_ws/three_dof_robot_ws']
[1.596s] DEBUG:colcon:Parsed command line arguments: Namespace(log_base=None, log_level=None, verb_name='list', build_base='build', ignore_user_meta=False, metas=['./colcon.meta'], base_paths=['/home/kol/Documents/Robotics/ros_ws/three_dof_robot_ws'], packages_ignore=None, packages_ignore_regex=None, paths=None, packages_up_to=None, packages_up_to_regex=None, packages_above=None, packages_above_and_dependencies=None, packages_above_depth=None, packages_select_by_dep=None, packages_skip_by_dep=None, packages_skip_up_to=None, packages_select_build_failed=False, packages_skip_build_finished=False, packages_select_test_failures=False, packages_skip_test_passed=False, packages_select=None, packages_skip=None, packages_select_regex=None, packages_skip_regex=None, packages_start=None, packages_end=None, allow_overriding=[], topological_order=False, names_only=False, paths_only=True, topological_graph=False, topological_graph_dot=False, topological_graph_density=False, topological_graph_legend=False, topological_graph_dot_cluster=False, topological_graph_dot_include_skipped=False, mixin_files=None, mixin=None, verb_parser=<colcon_mixin.mixin.mixin_argument.MixinArgumentDecorator object at 0x72317ee37b20>, verb_extension=<colcon_package_information.verb.list.ListVerb object at 0x72317efe8940>, main=<bound method ListVerb.main of <colcon_package_information.verb.list.ListVerb object at 0x72317efe8940>>, mixin_verb=('list',))
[3.367s] Level 1:colcon.colcon_core.package_discovery:discover_packages(colcon_meta) check parameters
[3.368s] Level 1:colcon.colcon_core.package_discovery:discover_packages(recursive) check parameters
[3.368s] Level 1:colcon.colcon_core.package_discovery:discover_packages(ignore) check parameters
[3.368s] Level 1:colcon.colcon_core.package_discovery:discover_packages(path) check parameters
[3.369s] Level 1:colcon.colcon_core.package_discovery:discover_packages(recursive) discover
[3.369s] INFO:colcon.colcon_core.package_discovery:Crawling recursively for packages in '/home/kol/Documents/Robotics/ros_ws/three_dof_robot_ws'
[3.370s] Level 1:colcon.colcon_core.package_identification:_identify(/home/kol/Documents/Robotics/ros_ws/three_dof_robot_ws) by extensions ['ignore', 'ignore_ament_install']
[3.371s] Level 1:colcon.colcon_core.package_identification:_identify(/home/kol/Documents/Robotics/ros_ws/three_dof_robot_ws) by extension 'ignore'
[3.371s] Level 1:colcon.colcon_core.package_identification:_identify(/home/kol/Documents/Robotics/ros_ws/three_dof_robot_ws) by extension 'ignore_ament_install'
[3.371s] Level 1:colcon.colcon_core.package_identification:_identify(/home/kol/Documents/Robotics/ros_ws/three_dof_robot_ws) by extensions ['colcon_pkg']
[3.372s] Level 1:colcon.colcon_core.package_identification:_identify(/home/kol/Documents/Robotics/ros_ws/three_dof_robot_ws) by extension 'colcon_pkg'
[3.372s] Level 1:colcon.colcon_core.package_identification:_identify(/home/kol/Documents/Robotics/ros_ws/three_dof_robot_ws) by extensions ['colcon_meta']
[3.372s] Level 1:colcon.colcon_core.package_identification:_identify(/home/kol/Documents/Robotics/ros_ws/three_dof_robot_ws) by extension 'colcon_meta'
[3.373s] Level 1:colcon.colcon_core.package_identification:_identify(/home/kol/Documents/Robotics/ros_ws/three_dof_robot_ws) by extensions ['ros']
[3.373s] Level 1:colcon.colcon_core.package_identification:_identify(/home/kol/Documents/Robotics/ros_ws/three_dof_robot_ws) by extension 'ros'
[3.450s] Level 1:colcon.colcon_core.package_identification:_identify(/home/kol/Documents/Robotics/ros_ws/three_dof_robot_ws) by extensions ['cmake', 'python']
[3.450s] Level 1:colcon.colcon_core.package_identification:_identify(/home/kol/Documents/Robotics/ros_ws/three_dof_robot_ws) by extension 'cmake'
[3.451s] Level 1:colcon.colcon_core.package_identification:_identify(/home/kol/Documents/Robotics/ros_ws/three_dof_robot_ws) by extension 'python'
[3.451s] Level 1:colcon.colcon_core.package_identification:_identify(/home/kol/Documents/Robotics/ros_ws/three_dof_robot_ws) by extensions ['python_setup_py']
[3.452s] Level 1:colcon.colcon_core.package_identification:_identify(/home/kol/Documents/Robotics/ros_ws/three_dof_robot_ws) by extension 'python_setup_py'
[3.453s] Level 1:colcon.colcon_core.package_identification:_identify(/home/kol/Documents/Robotics/ros_ws/three_dof_robot_ws/log) by extensions ['ignore', 'ignore_ament_install']
[3.453s] Level 1:colcon.colcon_core.package_identification:_identify(/home/kol/Documents/Robotics/ros_ws/three_dof_robot_ws/log) by extension 'ignore'
[3.453s] Level 1:colcon.colcon_core.package_identification:_identify(/home/kol/Documents/Robotics/ros_ws/three_dof_robot_ws/log) ignored
[3.454s] Level 1:colcon.colcon_core.package_identification:_identify(/home/kol/Documents/Robotics/ros_ws/three_dof_robot_ws/src) by extensions ['ignore', 'ignore_ament_install']
[3.455s] Level 1:colcon.colcon_core.package_identification:_identify(/home/kol/Documents/Robotics/ros_ws/three_dof_robot_ws/src) by extension 'ignore'
[3.455s] Level 1:colcon.colcon_core.package_identification:_identify(/home/kol/Documents/Robotics/ros_ws/three_dof_robot_ws/src) by extension 'ignore_ament_install'
[3.456s] Level 1:colcon.colcon_core.package_identification:_identify(/home/kol/Documents/Robotics/ros_ws/three_dof_robot_ws/src) by extensions ['colcon_pkg']
[3.456s] Level 1:colcon.colcon_core.package_identification:_identify(/home/kol/Documents/Robotics/ros_ws/three_dof_robot_ws/src) by extension 'colcon_pkg'
[3.456s] Level 1:colcon.colcon_core.package_identification:_identify(/home/kol/Documents/Robotics/ros_ws/three_dof_robot_ws/src) by extensions ['colcon_meta']
[3.457s] Level 1:colcon.colcon_core.package_identification:_identify(/home/kol/Documents/Robotics/ros_ws/three_dof_robot_ws/src) by extension 'colcon_meta'
[3.457s] Level 1:colcon.colcon_core.package_identification:_identify(/home/kol/Documents/Robotics/ros_ws/three_dof_robot_ws/src) by extensions ['ros']
[3.457s] Level 1:colcon.colcon_core.package_identification:_identify(/home/kol/Documents/Robotics/ros_ws/three_dof_robot_ws/src) by extension 'ros'
[3.458s] Level 1:colcon.colcon_core.package_identification:_identify(/home/kol/Documents/Robotics/ros_ws/three_dof_robot_ws/src) by extensions ['cmake', 'python']
[3.458s] Level 1:colcon.colcon_core.package_identification:_identify(/home/kol/Documents/Robotics/ros_ws/three_dof_robot_ws/src) by extension 'cmake'
[3.459s] Level 1:colcon.colcon_core.package_identification:_identify(/home/kol/Documents/Robotics/ros_ws/three_dof_robot_ws/src) by extension 'python'
[3.459s] Level 1:colcon.colcon_core.package_identification:_identify(/home/kol/Documents/Robotics/ros_ws/three_dof_robot_ws/src) by extensions ['python_setup_py']
[3.459s] Level 1:colcon.colcon_core.package_identification:_identify(/home/kol/Documents/Robotics/ros_ws/three_dof_robot_ws/src) by extension 'python_setup_py'
[3.460s] Level 1:colcon.colcon_core.package_identification:_identify(/home/kol/Documents/Robotics/ros_ws/three_dof_robot_ws/src/welder_description) by extensions ['ignore', 'ignore_ament_install']
[3.461s] Level 1:colcon.colcon_core.package_identification:_identify(/home/kol/Documents/Robotics/ros_ws/three_dof_robot_ws/src/welder_description) by extension 'ignore'
[3.461s] Level 1:colcon.colcon_core.package_identification:_identify(/home/kol/Documents/Robotics/ros_ws/three_dof_robot_ws/src/welder_description) by extension 'ignore_ament_install'
[3.462s] Level 1:colcon.colcon_core.package_identification:_identify(/home/kol/Documents/Robotics/ros_ws/three_dof_robot_ws/src/welder_description) by extensions ['colcon_pkg']
[3.462s] Level 1:colcon.colcon_core.package_identification:_identify(/home/kol/Documents/Robotics/ros_ws/three_dof_robot_ws/src/welder_description) by extension 'colcon_pkg'
[3.462s] Level 1:colcon.colcon_core.package_identification:_identify(/home/kol/Documents/Robotics/ros_ws/three_dof_robot_ws/src/welder_description) by extensions ['colcon_meta']
[3.463s] Level 1:colcon.colcon_core.package_identification:_identify(/home/kol/Documents/Robotics/ros_ws/three_dof_robot_ws/src/welder_description) by extension 'colcon_meta'
[3.463s] Level 1:colcon.colcon_core.package_identification:_identify(/home/kol/Documents/Robotics/ros_ws/three_dof_robot_ws/src/welder_description) by extensions ['ros']
[3.464s] Level 1:colcon.colcon_core.package_identification:_identify(/home/kol/Documents/Robotics/ros_ws/three_dof_robot_ws/src/welder_description) by extension 'ros'
[3.482s] DEBUG:colcon.colcon_core.package_identification:Package '/home/kol/Documents/Robotics/ros_ws/three_dof_robot_ws/src/welder_description' with type 'ros.ament_python' and name 'welder_description'
[3.482s] Level 1:colcon.colcon_core.package_discovery:discover_packages(recursive) using defaults
