[0.739s] DEBUG:colcon:Command line arguments: ['/usr/bin/colcon', 'list', '-p', '--base-paths', '/home/kol/Documents/Robotics/ros_ws/FiveDoFRobot']
[0.739s] DEBUG:colcon:Parsed command line arguments: Namespace(log_base=None, log_level=None, verb_name='list', build_base='build', ignore_user_meta=False, metas=['./colcon.meta'], base_paths=['/home/kol/Documents/Robotics/ros_ws/FiveDoFRobot'], packages_ignore=None, packages_ignore_regex=None, paths=None, packages_up_to=None, packages_up_to_regex=None, packages_above=None, packages_above_and_dependencies=None, packages_above_depth=None, packages_select_by_dep=None, packages_skip_by_dep=None, packages_skip_up_to=None, packages_select_build_failed=False, packages_skip_build_finished=False, packages_select_test_failures=False, packages_skip_test_passed=False, packages_select=None, packages_skip=None, packages_select_regex=None, packages_skip_regex=None, packages_start=None, packages_end=None, allow_overriding=[], topological_order=False, names_only=False, paths_only=True, topological_graph=False, topological_graph_dot=False, topological_graph_density=False, topological_graph_legend=False, topological_graph_dot_cluster=False, topological_graph_dot_include_skipped=False, mixin_files=None, mixin=None, verb_parser=<colcon_mixin.mixin.mixin_argument.MixinArgumentDecorator object at 0x744ecc178310>, verb_extension=<colcon_package_information.verb.list.ListVerb object at 0x744ecc2e8fd0>, main=<bound method ListVerb.main of <colcon_package_information.verb.list.ListVerb object at 0x744ecc2e8fd0>>, mixin_verb=('list',))
[3.141s] Level 1:colcon.colcon_core.package_discovery:discover_packages(colcon_meta) check parameters
[3.142s] Level 1:colcon.colcon_core.package_discovery:discover_packages(recursive) check parameters
[3.142s] Level 1:colcon.colcon_core.package_discovery:discover_packages(ignore) check parameters
[3.142s] Level 1:colcon.colcon_core.package_discovery:discover_packages(path) check parameters
[3.143s] Level 1:colcon.colcon_core.package_discovery:discover_packages(recursive) discover
[3.143s] INFO:colcon.colcon_core.package_discovery:Crawling recursively for packages in '/home/kol/Documents/Robotics/ros_ws/FiveDoFRobot'
[3.144s] Level 1:colcon.colcon_core.package_identification:_identify(/home/kol/Documents/Robotics/ros_ws/FiveDoFRobot) by extensions ['ignore', 'ignore_ament_install']
[3.145s] Level 1:colcon.colcon_core.package_identification:_identify(/home/kol/Documents/Robotics/ros_ws/FiveDoFRobot) by extension 'ignore'
[3.145s] Level 1:colcon.colcon_core.package_identification:_identify(/home/kol/Documents/Robotics/ros_ws/FiveDoFRobot) by extension 'ignore_ament_install'
[3.145s] Level 1:colcon.colcon_core.package_identification:_identify(/home/kol/Documents/Robotics/ros_ws/FiveDoFRobot) by extensions ['colcon_pkg']
[3.146s] Level 1:colcon.colcon_core.package_identification:_identify(/home/kol/Documents/Robotics/ros_ws/FiveDoFRobot) by extension 'colcon_pkg'
[3.146s] Level 1:colcon.colcon_core.package_identification:_identify(/home/kol/Documents/Robotics/ros_ws/FiveDoFRobot) by extensions ['colcon_meta']
[3.146s] Level 1:colcon.colcon_core.package_identification:_identify(/home/kol/Documents/Robotics/ros_ws/FiveDoFRobot) by extension 'colcon_meta'
[3.147s] Level 1:colcon.colcon_core.package_identification:_identify(/home/kol/Documents/Robotics/ros_ws/FiveDoFRobot) by extensions ['ros']
[3.147s] Level 1:colcon.colcon_core.package_identification:_identify(/home/kol/Documents/Robotics/ros_ws/FiveDoFRobot) by extension 'ros'
[3.216s] Level 1:colcon.colcon_core.package_identification:_identify(/home/kol/Documents/Robotics/ros_ws/FiveDoFRobot) by extensions ['cmake', 'python']
[3.217s] Level 1:colcon.colcon_core.package_identification:_identify(/home/kol/Documents/Robotics/ros_ws/FiveDoFRobot) by extension 'cmake'
[3.217s] Level 1:colcon.colcon_core.package_identification:_identify(/home/kol/Documents/Robotics/ros_ws/FiveDoFRobot) by extension 'python'
[3.217s] Level 1:colcon.colcon_core.package_identification:_identify(/home/kol/Documents/Robotics/ros_ws/FiveDoFRobot) by extensions ['python_setup_py']
[3.217s] Level 1:colcon.colcon_core.package_identification:_identify(/home/kol/Documents/Robotics/ros_ws/FiveDoFRobot) by extension 'python_setup_py'
[3.219s] Level 1:colcon.colcon_core.package_identification:_identify(/home/kol/Documents/Robotics/ros_ws/FiveDoFRobot/build) by extensions ['ignore', 'ignore_ament_install']
[3.219s] Level 1:colcon.colcon_core.package_identification:_identify(/home/kol/Documents/Robotics/ros_ws/FiveDoFRobot/build) by extension 'ignore'
[3.219s] Level 1:colcon.colcon_core.package_identification:_identify(/home/kol/Documents/Robotics/ros_ws/FiveDoFRobot/build) ignored
[3.220s] Level 1:colcon.colcon_core.package_identification:_identify(/home/kol/Documents/Robotics/ros_ws/FiveDoFRobot/install) by extensions ['ignore', 'ignore_ament_install']
[3.221s] Level 1:colcon.colcon_core.package_identification:_identify(/home/kol/Documents/Robotics/ros_ws/FiveDoFRobot/install) by extension 'ignore'
[3.221s] Level 1:colcon.colcon_core.package_identification:_identify(/home/kol/Documents/Robotics/ros_ws/FiveDoFRobot/install) ignored
[3.222s] Level 1:colcon.colcon_core.package_identification:_identify(/home/kol/Documents/Robotics/ros_ws/FiveDoFRobot/log) by extensions ['ignore', 'ignore_ament_install']
[3.222s] Level 1:colcon.colcon_core.package_identification:_identify(/home/kol/Documents/Robotics/ros_ws/FiveDoFRobot/log) by extension 'ignore'
[3.223s] Level 1:colcon.colcon_core.package_identification:_identify(/home/kol/Documents/Robotics/ros_ws/FiveDoFRobot/log) ignored
[3.223s] Level 1:colcon.colcon_core.package_identification:_identify(/home/kol/Documents/Robotics/ros_ws/FiveDoFRobot/src) by extensions ['ignore', 'ignore_ament_install']
[3.224s] Level 1:colcon.colcon_core.package_identification:_identify(/home/kol/Documents/Robotics/ros_ws/FiveDoFRobot/src) by extension 'ignore'
[3.224s] Level 1:colcon.colcon_core.package_identification:_identify(/home/kol/Documents/Robotics/ros_ws/FiveDoFRobot/src) by extension 'ignore_ament_install'
[3.225s] Level 1:colcon.colcon_core.package_identification:_identify(/home/kol/Documents/Robotics/ros_ws/FiveDoFRobot/src) by extensions ['colcon_pkg']
[3.225s] Level 1:colcon.colcon_core.package_identification:_identify(/home/kol/Documents/Robotics/ros_ws/FiveDoFRobot/src) by extension 'colcon_pkg'
[3.225s] Level 1:colcon.colcon_core.package_identification:_identify(/home/kol/Documents/Robotics/ros_ws/FiveDoFRobot/src) by extensions ['colcon_meta']
[3.226s] Level 1:colcon.colcon_core.package_identification:_identify(/home/kol/Documents/Robotics/ros_ws/FiveDoFRobot/src) by extension 'colcon_meta'
[3.226s] Level 1:colcon.colcon_core.package_identification:_identify(/home/kol/Documents/Robotics/ros_ws/FiveDoFRobot/src) by extensions ['ros']
[3.227s] Level 1:colcon.colcon_core.package_identification:_identify(/home/kol/Documents/Robotics/ros_ws/FiveDoFRobot/src) by extension 'ros'
[3.227s] Level 1:colcon.colcon_core.package_identification:_identify(/home/kol/Documents/Robotics/ros_ws/FiveDoFRobot/src) by extensions ['cmake', 'python']
[3.227s] Level 1:colcon.colcon_core.package_identification:_identify(/home/kol/Documents/Robotics/ros_ws/FiveDoFRobot/src) by extension 'cmake'
[3.228s] Level 1:colcon.colcon_core.package_identification:_identify(/home/kol/Documents/Robotics/ros_ws/FiveDoFRobot/src) by extension 'python'
[3.228s] Level 1:colcon.colcon_core.package_identification:_identify(/home/kol/Documents/Robotics/ros_ws/FiveDoFRobot/src) by extensions ['python_setup_py']
[3.228s] Level 1:colcon.colcon_core.package_identification:_identify(/home/kol/Documents/Robotics/ros_ws/FiveDoFRobot/src) by extension 'python_setup_py'
[3.229s] Level 1:colcon.colcon_core.package_identification:_identify(/home/kol/Documents/Robotics/ros_ws/FiveDoFRobot/src/FiveDoFBot_description) by extensions ['ignore', 'ignore_ament_install']
[3.230s] Level 1:colcon.colcon_core.package_identification:_identify(/home/kol/Documents/Robotics/ros_ws/FiveDoFRobot/src/FiveDoFBot_description) by extension 'ignore'
[3.230s] Level 1:colcon.colcon_core.package_identification:_identify(/home/kol/Documents/Robotics/ros_ws/FiveDoFRobot/src/FiveDoFBot_description) by extension 'ignore_ament_install'
[3.230s] Level 1:colcon.colcon_core.package_identification:_identify(/home/kol/Documents/Robotics/ros_ws/FiveDoFRobot/src/FiveDoFBot_description) by extensions ['colcon_pkg']
[3.231s] Level 1:colcon.colcon_core.package_identification:_identify(/home/kol/Documents/Robotics/ros_ws/FiveDoFRobot/src/FiveDoFBot_description) by extension 'colcon_pkg'
[3.231s] Level 1:colcon.colcon_core.package_identification:_identify(/home/kol/Documents/Robotics/ros_ws/FiveDoFRobot/src/FiveDoFBot_description) by extensions ['colcon_meta']
[3.231s] Level 1:colcon.colcon_core.package_identification:_identify(/home/kol/Documents/Robotics/ros_ws/FiveDoFRobot/src/FiveDoFBot_description) by extension 'colcon_meta'
[3.232s] Level 1:colcon.colcon_core.package_identification:_identify(/home/kol/Documents/Robotics/ros_ws/FiveDoFRobot/src/FiveDoFBot_description) by extensions ['ros']
[3.232s] Level 1:colcon.colcon_core.package_identification:_identify(/home/kol/Documents/Robotics/ros_ws/FiveDoFRobot/src/FiveDoFBot_description) by extension 'ros'
[3.249s] DEBUG:colcon.colcon_core.package_identification:Package '/home/kol/Documents/Robotics/ros_ws/FiveDoFRobot/src/FiveDoFBot_description' with type 'ros.ament_python' and name 'FiveDoFBot_description'
[3.250s] Level 1:colcon.colcon_core.package_identification:_identify(/home/kol/Documents/Robotics/ros_ws/FiveDoFRobot/src/robotController) by extensions ['ignore', 'ignore_ament_install']
[3.251s] Level 1:colcon.colcon_core.package_identification:_identify(/home/kol/Documents/Robotics/ros_ws/FiveDoFRobot/src/robotController) by extension 'ignore'
[3.251s] Level 1:colcon.colcon_core.package_identification:_identify(/home/kol/Documents/Robotics/ros_ws/FiveDoFRobot/src/robotController) by extension 'ignore_ament_install'
[3.252s] Level 1:colcon.colcon_core.package_identification:_identify(/home/kol/Documents/Robotics/ros_ws/FiveDoFRobot/src/robotController) by extensions ['colcon_pkg']
[3.252s] Level 1:colcon.colcon_core.package_identification:_identify(/home/kol/Documents/Robotics/ros_ws/FiveDoFRobot/src/robotController) by extension 'colcon_pkg'
[3.252s] Level 1:colcon.colcon_core.package_identification:_identify(/home/kol/Documents/Robotics/ros_ws/FiveDoFRobot/src/robotController) by extensions ['colcon_meta']
[3.252s] Level 1:colcon.colcon_core.package_identification:_identify(/home/kol/Documents/Robotics/ros_ws/FiveDoFRobot/src/robotController) by extension 'colcon_meta'
[3.253s] Level 1:colcon.colcon_core.package_identification:_identify(/home/kol/Documents/Robotics/ros_ws/FiveDoFRobot/src/robotController) by extensions ['ros']
[3.253s] Level 1:colcon.colcon_core.package_identification:_identify(/home/kol/Documents/Robotics/ros_ws/FiveDoFRobot/src/robotController) by extension 'ros'
[3.258s] DEBUG:colcon.colcon_core.package_identification:Package '/home/kol/Documents/Robotics/ros_ws/FiveDoFRobot/src/robotController' with type 'ros.ament_python' and name 'robotController'
[3.258s] Level 1:colcon.colcon_core.package_discovery:discover_packages(recursive) using defaults
