[0.749s] DEBUG:colcon:Command line arguments: ['/usr/bin/colcon', 'list', '-p', '--base-paths', '/home/kol/Documents/Robots/ros_ws/four_wheel_cad_bot']
[0.749s] DEBUG:colcon:Parsed command line arguments: Namespace(log_base=None, log_level=None, verb_name='list', build_base='build', ignore_user_meta=False, metas=['./colcon.meta'], base_paths=['/home/kol/Documents/Robots/ros_ws/four_wheel_cad_bot'], packages_ignore=None, packages_ignore_regex=None, paths=None, packages_up_to=None, packages_up_to_regex=None, packages_above=None, packages_above_and_dependencies=None, packages_above_depth=None, packages_select_by_dep=None, packages_skip_by_dep=None, packages_skip_up_to=None, packages_select_build_failed=False, packages_skip_build_finished=False, packages_select_test_failures=False, packages_skip_test_passed=False, packages_select=None, packages_skip=None, packages_select_regex=None, packages_skip_regex=None, packages_start=None, packages_end=None, allow_overriding=[], topological_order=False, names_only=False, paths_only=True, topological_graph=False, topological_graph_dot=False, topological_graph_density=False, topological_graph_legend=False, topological_graph_dot_cluster=False, topological_graph_dot_include_skipped=False, mixin_files=None, mixin=None, verb_parser=<colcon_mixin.mixin.mixin_argument.MixinArgumentDecorator object at 0x7baf8ca1cbe0>, verb_extension=<colcon_package_information.verb.list.ListVerb object at 0x7baf8cb88670>, main=<bound method ListVerb.main of <colcon_package_information.verb.list.ListVerb object at 0x7baf8cb88670>>, mixin_verb=('list',))
[2.188s] Level 1:colcon.colcon_core.package_discovery:discover_packages(colcon_meta) check parameters
[2.188s] Level 1:colcon.colcon_core.package_discovery:discover_packages(recursive) check parameters
[2.188s] Level 1:colcon.colcon_core.package_discovery:discover_packages(ignore) check parameters
[2.188s] Level 1:colcon.colcon_core.package_discovery:discover_packages(path) check parameters
[2.189s] Level 1:colcon.colcon_core.package_discovery:discover_packages(recursive) discover
[2.189s] INFO:colcon.colcon_core.package_discovery:Crawling recursively for packages in '/home/kol/Documents/Robots/ros_ws/four_wheel_cad_bot'
[2.190s] Level 1:colcon.colcon_core.package_identification:_identify(/home/kol/Documents/Robots/ros_ws/four_wheel_cad_bot) by extensions ['ignore', 'ignore_ament_install']
[2.190s] Level 1:colcon.colcon_core.package_identification:_identify(/home/kol/Documents/Robots/ros_ws/four_wheel_cad_bot) by extension 'ignore'
[2.191s] Level 1:colcon.colcon_core.package_identification:_identify(/home/kol/Documents/Robots/ros_ws/four_wheel_cad_bot) by extension 'ignore_ament_install'
[2.191s] Level 1:colcon.colcon_core.package_identification:_identify(/home/kol/Documents/Robots/ros_ws/four_wheel_cad_bot) by extensions ['colcon_pkg']
[2.191s] Level 1:colcon.colcon_core.package_identification:_identify(/home/kol/Documents/Robots/ros_ws/four_wheel_cad_bot) by extension 'colcon_pkg'
[2.191s] Level 1:colcon.colcon_core.package_identification:_identify(/home/kol/Documents/Robots/ros_ws/four_wheel_cad_bot) by extensions ['colcon_meta']
[2.192s] Level 1:colcon.colcon_core.package_identification:_identify(/home/kol/Documents/Robots/ros_ws/four_wheel_cad_bot) by extension 'colcon_meta'
[2.192s] Level 1:colcon.colcon_core.package_identification:_identify(/home/kol/Documents/Robots/ros_ws/four_wheel_cad_bot) by extensions ['ros']
[2.192s] Level 1:colcon.colcon_core.package_identification:_identify(/home/kol/Documents/Robots/ros_ws/four_wheel_cad_bot) by extension 'ros'
[2.255s] Level 1:colcon.colcon_core.package_identification:_identify(/home/kol/Documents/Robots/ros_ws/four_wheel_cad_bot) by extensions ['cmake', 'python']
[2.255s] Level 1:colcon.colcon_core.package_identification:_identify(/home/kol/Documents/Robots/ros_ws/four_wheel_cad_bot) by extension 'cmake'
[2.256s] Level 1:colcon.colcon_core.package_identification:_identify(/home/kol/Documents/Robots/ros_ws/four_wheel_cad_bot) by extension 'python'
[2.256s] Level 1:colcon.colcon_core.package_identification:_identify(/home/kol/Documents/Robots/ros_ws/four_wheel_cad_bot) by extensions ['python_setup_py']
[2.256s] Level 1:colcon.colcon_core.package_identification:_identify(/home/kol/Documents/Robots/ros_ws/four_wheel_cad_bot) by extension 'python_setup_py'
[2.257s] Level 1:colcon.colcon_core.package_identification:_identify(/home/kol/Documents/Robots/ros_ws/four_wheel_cad_bot/build) by extensions ['ignore', 'ignore_ament_install']
[2.258s] Level 1:colcon.colcon_core.package_identification:_identify(/home/kol/Documents/Robots/ros_ws/four_wheel_cad_bot/build) by extension 'ignore'
[2.258s] Level 1:colcon.colcon_core.package_identification:_identify(/home/kol/Documents/Robots/ros_ws/four_wheel_cad_bot/build) ignored
[2.259s] Level 1:colcon.colcon_core.package_identification:_identify(/home/kol/Documents/Robots/ros_ws/four_wheel_cad_bot/install) by extensions ['ignore', 'ignore_ament_install']
[2.259s] Level 1:colcon.colcon_core.package_identification:_identify(/home/kol/Documents/Robots/ros_ws/four_wheel_cad_bot/install) by extension 'ignore'
[2.260s] Level 1:colcon.colcon_core.package_identification:_identify(/home/kol/Documents/Robots/ros_ws/four_wheel_cad_bot/install) ignored
[2.260s] Level 1:colcon.colcon_core.package_identification:_identify(/home/kol/Documents/Robots/ros_ws/four_wheel_cad_bot/log) by extensions ['ignore', 'ignore_ament_install']
[2.261s] Level 1:colcon.colcon_core.package_identification:_identify(/home/kol/Documents/Robots/ros_ws/four_wheel_cad_bot/log) by extension 'ignore'
[2.261s] Level 1:colcon.colcon_core.package_identification:_identify(/home/kol/Documents/Robots/ros_ws/four_wheel_cad_bot/log) ignored
[2.262s] Level 1:colcon.colcon_core.package_identification:_identify(/home/kol/Documents/Robots/ros_ws/four_wheel_cad_bot/src) by extensions ['ignore', 'ignore_ament_install']
[2.262s] Level 1:colcon.colcon_core.package_identification:_identify(/home/kol/Documents/Robots/ros_ws/four_wheel_cad_bot/src) by extension 'ignore'
[2.262s] Level 1:colcon.colcon_core.package_identification:_identify(/home/kol/Documents/Robots/ros_ws/four_wheel_cad_bot/src) by extension 'ignore_ament_install'
[2.263s] Level 1:colcon.colcon_core.package_identification:_identify(/home/kol/Documents/Robots/ros_ws/four_wheel_cad_bot/src) by extensions ['colcon_pkg']
[2.263s] Level 1:colcon.colcon_core.package_identification:_identify(/home/kol/Documents/Robots/ros_ws/four_wheel_cad_bot/src) by extension 'colcon_pkg'
[2.264s] Level 1:colcon.colcon_core.package_identification:_identify(/home/kol/Documents/Robots/ros_ws/four_wheel_cad_bot/src) by extensions ['colcon_meta']
[2.264s] Level 1:colcon.colcon_core.package_identification:_identify(/home/kol/Documents/Robots/ros_ws/four_wheel_cad_bot/src) by extension 'colcon_meta'
[2.264s] Level 1:colcon.colcon_core.package_identification:_identify(/home/kol/Documents/Robots/ros_ws/four_wheel_cad_bot/src) by extensions ['ros']
[2.264s] Level 1:colcon.colcon_core.package_identification:_identify(/home/kol/Documents/Robots/ros_ws/four_wheel_cad_bot/src) by extension 'ros'
[2.265s] Level 1:colcon.colcon_core.package_identification:_identify(/home/kol/Documents/Robots/ros_ws/four_wheel_cad_bot/src) by extensions ['cmake', 'python']
[2.265s] Level 1:colcon.colcon_core.package_identification:_identify(/home/kol/Documents/Robots/ros_ws/four_wheel_cad_bot/src) by extension 'cmake'
[2.265s] Level 1:colcon.colcon_core.package_identification:_identify(/home/kol/Documents/Robots/ros_ws/four_wheel_cad_bot/src) by extension 'python'
[2.266s] Level 1:colcon.colcon_core.package_identification:_identify(/home/kol/Documents/Robots/ros_ws/four_wheel_cad_bot/src) by extensions ['python_setup_py']
[2.266s] Level 1:colcon.colcon_core.package_identification:_identify(/home/kol/Documents/Robots/ros_ws/four_wheel_cad_bot/src) by extension 'python_setup_py'
[2.267s] Level 1:colcon.colcon_core.package_identification:_identify(/home/kol/Documents/Robots/ros_ws/four_wheel_cad_bot/src/bot_control) by extensions ['ignore', 'ignore_ament_install']
[2.267s] Level 1:colcon.colcon_core.package_identification:_identify(/home/kol/Documents/Robots/ros_ws/four_wheel_cad_bot/src/bot_control) by extension 'ignore'
[2.268s] Level 1:colcon.colcon_core.package_identification:_identify(/home/kol/Documents/Robots/ros_ws/four_wheel_cad_bot/src/bot_control) by extension 'ignore_ament_install'
[2.268s] Level 1:colcon.colcon_core.package_identification:_identify(/home/kol/Documents/Robots/ros_ws/four_wheel_cad_bot/src/bot_control) by extensions ['colcon_pkg']
[2.268s] Level 1:colcon.colcon_core.package_identification:_identify(/home/kol/Documents/Robots/ros_ws/four_wheel_cad_bot/src/bot_control) by extension 'colcon_pkg'
[2.269s] Level 1:colcon.colcon_core.package_identification:_identify(/home/kol/Documents/Robots/ros_ws/four_wheel_cad_bot/src/bot_control) by extensions ['colcon_meta']
[2.269s] Level 1:colcon.colcon_core.package_identification:_identify(/home/kol/Documents/Robots/ros_ws/four_wheel_cad_bot/src/bot_control) by extension 'colcon_meta'
[2.269s] Level 1:colcon.colcon_core.package_identification:_identify(/home/kol/Documents/Robots/ros_ws/four_wheel_cad_bot/src/bot_control) by extensions ['ros']
[2.269s] Level 1:colcon.colcon_core.package_identification:_identify(/home/kol/Documents/Robots/ros_ws/four_wheel_cad_bot/src/bot_control) by extension 'ros'
[2.283s] DEBUG:colcon.colcon_core.package_identification:Package '/home/kol/Documents/Robots/ros_ws/four_wheel_cad_bot/src/bot_control' with type 'ros.ament_python' and name 'bot_control'
[2.284s] Level 1:colcon.colcon_core.package_identification:_identify(/home/kol/Documents/Robots/ros_ws/four_wheel_cad_bot/src/four_wheel_bot_description) by extensions ['ignore', 'ignore_ament_install']
[2.285s] Level 1:colcon.colcon_core.package_identification:_identify(/home/kol/Documents/Robots/ros_ws/four_wheel_cad_bot/src/four_wheel_bot_description) by extension 'ignore'
[2.285s] Level 1:colcon.colcon_core.package_identification:_identify(/home/kol/Documents/Robots/ros_ws/four_wheel_cad_bot/src/four_wheel_bot_description) by extension 'ignore_ament_install'
[2.286s] Level 1:colcon.colcon_core.package_identification:_identify(/home/kol/Documents/Robots/ros_ws/four_wheel_cad_bot/src/four_wheel_bot_description) by extensions ['colcon_pkg']
[2.286s] Level 1:colcon.colcon_core.package_identification:_identify(/home/kol/Documents/Robots/ros_ws/four_wheel_cad_bot/src/four_wheel_bot_description) by extension 'colcon_pkg'
[2.286s] Level 1:colcon.colcon_core.package_identification:_identify(/home/kol/Documents/Robots/ros_ws/four_wheel_cad_bot/src/four_wheel_bot_description) by extensions ['colcon_meta']
[2.286s] Level 1:colcon.colcon_core.package_identification:_identify(/home/kol/Documents/Robots/ros_ws/four_wheel_cad_bot/src/four_wheel_bot_description) by extension 'colcon_meta'
[2.287s] Level 1:colcon.colcon_core.package_identification:_identify(/home/kol/Documents/Robots/ros_ws/four_wheel_cad_bot/src/four_wheel_bot_description) by extensions ['ros']
[2.287s] Level 1:colcon.colcon_core.package_identification:_identify(/home/kol/Documents/Robots/ros_ws/four_wheel_cad_bot/src/four_wheel_bot_description) by extension 'ros'
[2.293s] DEBUG:colcon.colcon_core.package_identification:Package '/home/kol/Documents/Robots/ros_ws/four_wheel_cad_bot/src/four_wheel_bot_description' with type 'ros.ament_python' and name 'four_wheel_bot_description'
[2.293s] Level 1:colcon.colcon_core.package_discovery:discover_packages(recursive) using defaults
